     1                                 %line 1+1 /home/se170/VirtualBox-4.3.28/src/VBox/VMM/VMMR0/VMMR0JmpA-amd64.asm
     2                                 
     3                                 
     4                                 
     5                                 
     6                                 
     7                                 
     8                                 
     9                                 
    10                                 
    11                                 
    12                                 
    13                                 
    14                                 
    15                                 
    16                                 
    17                                 
    18                                 
    19                                 
    20                                 
    21                                 
    22                                 %line 1+1 /home/se170/VirtualBox-4.3.28/include/VBox/asmdefs.mac
    23                                 
    24                                 
    25                                 
    26                                 
    27                                 
    28                                 
    29                                 
    30                                 
    31                                 
    32                                 
    33                                 
    34                                 
    35                                 
    36                                 
    37                                 
    38                                 
    39                                 
    40                                 
    41                                 
    42                                 
    43                                 
    44                                 
    45                                 
    46                                 
    47                                 
    48                                 %line 28+1 /home/se170/VirtualBox-4.3.28/include/VBox/asmdefs.mac
    49                                 
    50                                 
    51                                 
    52                                 
    53                                 %line 37+1 /home/se170/VirtualBox-4.3.28/include/VBox/asmdefs.mac
    54                                 
    55                                 %line 1+1 /home/se170/VirtualBox-4.3.28/include/iprt/asmdefs.mac
    56                                 
    57                                 
    58                                 
    59                                 
    60                                 
    61                                 
    62                                 
    63                                 
    64                                 
    65                                 
    66                                 
    67                                 
    68                                 
    69                                 
    70                                 
    71                                 
    72                                 
    73                                 
    74                                 
    75                                 
    76                                 
    77                                 
    78                                 
    79                                 
    80                                 
    81                                 %line 28+1 /home/se170/VirtualBox-4.3.28/include/iprt/asmdefs.mac
    82                                 
    83                                 
    84                                 
    85                                 
    86                                 
    87                                 
    88                                 %line 35+1 /home/se170/VirtualBox-4.3.28/include/iprt/asmdefs.mac
    89                                 
    90                                 %line 37+1 /home/se170/VirtualBox-4.3.28/include/iprt/asmdefs.mac
    91                                 
    92                                 %line 39+1 /home/se170/VirtualBox-4.3.28/include/iprt/asmdefs.mac
    93                                 
    94                                 %line 41+1 /home/se170/VirtualBox-4.3.28/include/iprt/asmdefs.mac
    95                                 
    96                                 %line 43+1 /home/se170/VirtualBox-4.3.28/include/iprt/asmdefs.mac
    97                                 
    98                                 %line 45+1 /home/se170/VirtualBox-4.3.28/include/iprt/asmdefs.mac
    99                                 
   100                                 %line 47+1 /home/se170/VirtualBox-4.3.28/include/iprt/asmdefs.mac
   101                                 
   102                                 %line 49+1 /home/se170/VirtualBox-4.3.28/include/iprt/asmdefs.mac
   103                                 
   104                                 %line 51+1 /home/se170/VirtualBox-4.3.28/include/iprt/asmdefs.mac
   105                                 
   106                                 %line 53+1 /home/se170/VirtualBox-4.3.28/include/iprt/asmdefs.mac
   107                                 
   108                                 %line 55+1 /home/se170/VirtualBox-4.3.28/include/iprt/asmdefs.mac
   109                                 
   110                                 %line 57+1 /home/se170/VirtualBox-4.3.28/include/iprt/asmdefs.mac
   111                                 
   112                                 %line 59+1 /home/se170/VirtualBox-4.3.28/include/iprt/asmdefs.mac
   113                                 
   114                                 %line 61+1 /home/se170/VirtualBox-4.3.28/include/iprt/asmdefs.mac
   115                                 
   116                                 %line 63+1 /home/se170/VirtualBox-4.3.28/include/iprt/asmdefs.mac
   117                                 
   118                                 %line 65+1 /home/se170/VirtualBox-4.3.28/include/iprt/asmdefs.mac
   119                                 
   120                                 %line 67+1 /home/se170/VirtualBox-4.3.28/include/iprt/asmdefs.mac
   121                                 
   122                                 
   123                                 
   124                                 
   125                                 
   126                                 %line 73+1 /home/se170/VirtualBox-4.3.28/include/iprt/asmdefs.mac
   127                                 
   128                                 
   129                                 
   130                                 %line 77+1 /home/se170/VirtualBox-4.3.28/include/iprt/asmdefs.mac
   131                                 
   132                                 
   133                                 %line 84+1 /home/se170/VirtualBox-4.3.28/include/iprt/asmdefs.mac
   134                                 
   135                                 
   136                                 
   137                                 %line 92+1 /home/se170/VirtualBox-4.3.28/include/iprt/asmdefs.mac
   138                                 
   139                                 
   140                                 
   141                                 %line 100+1 /home/se170/VirtualBox-4.3.28/include/iprt/asmdefs.mac
   142                                 
   143                                 
   144                                 
   145                                 %line 108+1 /home/se170/VirtualBox-4.3.28/include/iprt/asmdefs.mac
   146                                 
   147                                 
   148                                 
   149                                 %line 116+1 /home/se170/VirtualBox-4.3.28/include/iprt/asmdefs.mac
   150                                 
   151                                 
   152                                 
   153                                 
   154                                 %line 121+1 /home/se170/VirtualBox-4.3.28/include/iprt/asmdefs.mac
   155                                 
   156                                 
   157                                 
   158                                 %line 125+1 /home/se170/VirtualBox-4.3.28/include/iprt/asmdefs.mac
   159                                 
   160                                 
   161                                 
   162                                 %line 129+1 /home/se170/VirtualBox-4.3.28/include/iprt/asmdefs.mac
   163                                 
   164                                 
   165                                 
   166                                 
   167                                 
   168                                 %line 137+1 /home/se170/VirtualBox-4.3.28/include/iprt/asmdefs.mac
   169                                 
   170                                 
   171                                 
   172                                 
   173                                 %line 157+1 /home/se170/VirtualBox-4.3.28/include/iprt/asmdefs.mac
   174                                 
   175                                 
   176                                 
   177                                 %line 165+1 /home/se170/VirtualBox-4.3.28/include/iprt/asmdefs.mac
   178                                 
   179                                 
   180                                 
   181                                 %line 177+1 /home/se170/VirtualBox-4.3.28/include/iprt/asmdefs.mac
   182                                 
   183                                 
   184                                 
   185                                 
   186                                 %line 188+1 /home/se170/VirtualBox-4.3.28/include/iprt/asmdefs.mac
   187                                 
   188                                 
   189                                 
   190                                 %line 211+1 /home/se170/VirtualBox-4.3.28/include/iprt/asmdefs.mac
   191                                 
   192                                 
   193                                 
   194                                 
   195                                 
   196                                 %line 222+1 /home/se170/VirtualBox-4.3.28/include/iprt/asmdefs.mac
   197                                 
   198                                 
   199                                 
   200                                 %line 236+1 /home/se170/VirtualBox-4.3.28/include/iprt/asmdefs.mac
   201                                 
   202                                 
   203                                 
   204                                 %line 249+1 /home/se170/VirtualBox-4.3.28/include/iprt/asmdefs.mac
   205                                 
   206                                 
   207                                 
   208                                 %line 263+1 /home/se170/VirtualBox-4.3.28/include/iprt/asmdefs.mac
   209                                 
   210                                 
   211                                 
   212                                 %line 274+1 /home/se170/VirtualBox-4.3.28/include/iprt/asmdefs.mac
   213                                 
   214                                 
   215                                 
   216                                 %line 288+1 /home/se170/VirtualBox-4.3.28/include/iprt/asmdefs.mac
   217                                 
   218                                 
   219                                 
   220                                 %line 302+1 /home/se170/VirtualBox-4.3.28/include/iprt/asmdefs.mac
   221                                 
   222                                 
   223                                 
   224                                 
   225                                 
   226                                 
   227                                 
   228                                 
   229                                 %line 356+1 /home/se170/VirtualBox-4.3.28/include/iprt/asmdefs.mac
   230                                 
   231                                 %line 363+1 /home/se170/VirtualBox-4.3.28/include/iprt/asmdefs.mac
   232                                 
   233                                 
   234                                 
   235                                 
   236                                 %line 376+1 /home/se170/VirtualBox-4.3.28/include/iprt/asmdefs.mac
   237                                 
   238                                 
   239                                 
   240                                 
   241                                 
   242                                 
   243                                 
   244                                 %line 396+1 /home/se170/VirtualBox-4.3.28/include/iprt/asmdefs.mac
   245                                 
   246                                 
   247                                 
   248                                 %line 408+1 /home/se170/VirtualBox-4.3.28/include/iprt/asmdefs.mac
   249                                 
   250                                 
   251                                 
   252                                 %line 420+1 /home/se170/VirtualBox-4.3.28/include/iprt/asmdefs.mac
   253                                 
   254                                 
   255                                 
   256                                 
   257                                 
   258                                 %line 432+1 /home/se170/VirtualBox-4.3.28/include/iprt/asmdefs.mac
   259                                 
   260                                 
   261                                 
   262                                 %line 442+1 /home/se170/VirtualBox-4.3.28/include/iprt/asmdefs.mac
   263                                 
   264                                 
   265                                 
   266                                 %line 452+1 /home/se170/VirtualBox-4.3.28/include/iprt/asmdefs.mac
   267                                 
   268                                 
   269                                 
   270                                 %line 462+1 /home/se170/VirtualBox-4.3.28/include/iprt/asmdefs.mac
   271                                 
   272                                 
   273                                 
   274                                 %line 472+1 /home/se170/VirtualBox-4.3.28/include/iprt/asmdefs.mac
   275                                 
   276                                 
   277                                 
   278                                 
   279                                 
   280                                 %line 482+1 /home/se170/VirtualBox-4.3.28/include/iprt/asmdefs.mac
   281                                 
   282                                 
   283                                 
   284                                 
   285                                 %line 491+1 /home/se170/VirtualBox-4.3.28/include/iprt/asmdefs.mac
   286                                 
   287                                 
   288                                 
   289                                 %line 499+1 /home/se170/VirtualBox-4.3.28/include/iprt/asmdefs.mac
   290                                 
   291                                 
   292                                 
   293                                 %line 507+1 /home/se170/VirtualBox-4.3.28/include/iprt/asmdefs.mac
   294                                 
   295                                 
   296                                 
   297                                 
   298                                 
   299                                 %line 517+1 /home/se170/VirtualBox-4.3.28/include/iprt/asmdefs.mac
   300                                 
   301                                 
   302                                 
   303                                 
   304                                 %line 526+1 /home/se170/VirtualBox-4.3.28/include/iprt/asmdefs.mac
   305                                 
   306                                 
   307                                 
   308                                 %line 534+1 /home/se170/VirtualBox-4.3.28/include/iprt/asmdefs.mac
   309                                 
   310                                 
   311                                 
   312                                 %line 542+1 /home/se170/VirtualBox-4.3.28/include/iprt/asmdefs.mac
   313                                 
   314                                 
   315                                 
   316                                 
   317                                 
   318                                 %line 552+1 /home/se170/VirtualBox-4.3.28/include/iprt/asmdefs.mac
   319                                 
   320                                 
   321                                 
   322                                 
   323                                 %line 561+1 /home/se170/VirtualBox-4.3.28/include/iprt/asmdefs.mac
   324                                 
   325                                 
   326                                 
   327                                 %line 569+1 /home/se170/VirtualBox-4.3.28/include/iprt/asmdefs.mac
   328                                 
   329                                 
   330                                 
   331                                 %line 577+1 /home/se170/VirtualBox-4.3.28/include/iprt/asmdefs.mac
   332                                 
   333                                 
   334                                 
   335                                 
   336                                 
   337                                 %line 587+1 /home/se170/VirtualBox-4.3.28/include/iprt/asmdefs.mac
   338                                 
   339                                 
   340                                 
   341                                 
   342                                 %line 596+1 /home/se170/VirtualBox-4.3.28/include/iprt/asmdefs.mac
   343                                 
   344                                 %line 599+1 /home/se170/VirtualBox-4.3.28/include/iprt/asmdefs.mac
   345                                 
   346                                 
   347                                 
   348                                 %line 607+1 /home/se170/VirtualBox-4.3.28/include/iprt/asmdefs.mac
   349                                 
   350                                 
   351                                 
   352                                 %line 615+1 /home/se170/VirtualBox-4.3.28/include/iprt/asmdefs.mac
   353                                 
   354                                 
   355                                 
   356                                 
   357                                 %line 620+1 /home/se170/VirtualBox-4.3.28/include/iprt/asmdefs.mac
   358                                 
   359                                 
   360                                 
   361                                 
   362                                 %line 625+1 /home/se170/VirtualBox-4.3.28/include/iprt/asmdefs.mac
   363                                 
   364                                 
   365                                 
   366                                 %line 629+1 /home/se170/VirtualBox-4.3.28/include/iprt/asmdefs.mac
   367                                 
   368                                 
   369                                 
   370                                 %line 633+1 /home/se170/VirtualBox-4.3.28/include/iprt/asmdefs.mac
   371                                 
   372                                 
   373                                 
   374                                 
   375                                 
   376                                 
   377                                 
   378                                 
   379                                 
   380                                 
   381                                 
   382                                 
   383                                 
   384                                 
   385                                 
   386                                 %line 666+1 /home/se170/VirtualBox-4.3.28/include/iprt/asmdefs.mac
   387                                 
   388                                 
   389                                 
   390                                 
   391                                 
   392                                 %line 672+1 /home/se170/VirtualBox-4.3.28/include/iprt/asmdefs.mac
   393                                 
   394                                 
   395                                 
   396                                 
   397                                 %line 677+1 /home/se170/VirtualBox-4.3.28/include/iprt/asmdefs.mac
   398                                 
   399                                 
   400                                 
   401                                 %line 681+1 /home/se170/VirtualBox-4.3.28/include/iprt/asmdefs.mac
   402                                 
   403                                 
   404                                 
   405                                 %line 685+1 /home/se170/VirtualBox-4.3.28/include/iprt/asmdefs.mac
   406                                 
   407                                 
   408                                 
   409                                 
   410                                 
   411                                 %line 691+1 /home/se170/VirtualBox-4.3.28/include/iprt/asmdefs.mac
   412                                 
   413                                 
   414                                 
   415                                 
   416                                 %line 696+1 /home/se170/VirtualBox-4.3.28/include/iprt/asmdefs.mac
   417                                 
   418                                 
   419                                 
   420                                 %line 700+1 /home/se170/VirtualBox-4.3.28/include/iprt/asmdefs.mac
   421                                 
   422                                 
   423                                 
   424                                 %line 704+1 /home/se170/VirtualBox-4.3.28/include/iprt/asmdefs.mac
   425                                 
   426                                 
   427                                 
   428                                 
   429                                 
   430                                 
   431                                 
   432                                 
   433                                 %line 721+1 /home/se170/VirtualBox-4.3.28/include/iprt/asmdefs.mac
   434                                 
   435                                 
   436                                 
   437                                 
   438                                 
   439                                 
   440                                 
   441                                 
   442                                 
   443                                 
   444                                 
   445                                 
   446                                 
   447                                 
   448                                 %line 738+1 /home/se170/VirtualBox-4.3.28/include/iprt/asmdefs.mac
   449                                 
   450                                 %line 752+1 /home/se170/VirtualBox-4.3.28/include/iprt/asmdefs.mac
   451                                 
   452                                 
   453                                 
   454                                 
   455                                 
   456                                 
   457                                 
   458                                 
   459                                 
   460                                 
   461                                 
   462                                 
   463                                 
   464                                 %line 770+1 /home/se170/VirtualBox-4.3.28/include/iprt/asmdefs.mac
   465                                 
   466                                 
   467                                 
   468                                 
   469                                 
   470                                 
   471                                 
   472                                 %line 791+1 /home/se170/VirtualBox-4.3.28/include/iprt/asmdefs.mac
   473                                 
   474                                 %line 797+1 /home/se170/VirtualBox-4.3.28/include/iprt/asmdefs.mac
   475                                 
   476                                 
   477                                 
   478                                 
   479                                 
   480                                 
   481                                 
   482                                 
   483                                 
   484                                 
   485                                 
   486                                 
   487                                 
   488                                 
   489                                 
   490                                 
   491                                 
   492                                 
   493                                 
   494                                 
   495                                 
   496                                 
   497                                 
   498                                 
   499                                 
   500                                 
   501                                 
   502                                 
   503                                 
   504                                 
   505                                 
   506                                 
   507                                 
   508                                 %line 853+1 /home/se170/VirtualBox-4.3.28/include/iprt/asmdefs.mac
   509                                 
   510                                 
   511                                 
   512                                 
   513                                 
   514                                 
   515                                 
   516                                 
   517                                 
   518                                 
   519                                 %line 873+1 /home/se170/VirtualBox-4.3.28/include/iprt/asmdefs.mac
   520                                 
   521                                 
   522                                 
   523                                 %line 886+1 /home/se170/VirtualBox-4.3.28/include/iprt/asmdefs.mac
   524                                 
   525                                 %line 39+1 /home/se170/VirtualBox-4.3.28/include/VBox/asmdefs.mac
   526                                 
   527                                 
   528                                 
   529                                 
   530                                 %line 51+1 /home/se170/VirtualBox-4.3.28/include/VBox/asmdefs.mac
   531                                 
   532                                 
   533                                 %line 66+1 /home/se170/VirtualBox-4.3.28/include/VBox/asmdefs.mac
   534                                 
   535                                 
   536                                 
   537                                 
   538                                 
   539                                 
   540                                 
   541                                 %line 116+1 /home/se170/VirtualBox-4.3.28/include/VBox/asmdefs.mac
   542                                 
   543                                 
   544                                 
   545                                 
   546                                 
   547                                 
   548                                 %line 159+1 /home/se170/VirtualBox-4.3.28/include/VBox/asmdefs.mac
   549                                 
   550                                 %line 195+1 /home/se170/VirtualBox-4.3.28/include/VBox/asmdefs.mac
   551                                 
   552                                 %line 203+1 /home/se170/VirtualBox-4.3.28/include/VBox/asmdefs.mac
   553                                 
   554                                 
   555                                 
   556                                 
   557                                 %line 232+1 /home/se170/VirtualBox-4.3.28/include/VBox/asmdefs.mac
   558                                 
   559                                 
   560                                 
   561                                 
   562                                 
   563                                 %line 260+1 /home/se170/VirtualBox-4.3.28/include/VBox/asmdefs.mac
   564                                 
   565                                 %line 284+1 /home/se170/VirtualBox-4.3.28/include/VBox/asmdefs.mac
   566                                 
   567                                 %line 292+1 /home/se170/VirtualBox-4.3.28/include/VBox/asmdefs.mac
   568                                 
   569                                 
   570                                 
   571                                 
   572                                 %line 331+1 /home/se170/VirtualBox-4.3.28/include/VBox/asmdefs.mac
   573                                 
   574                                 
   575                                 
   576                                 
   577                                 
   578                                 %line 369+1 /home/se170/VirtualBox-4.3.28/include/VBox/asmdefs.mac
   579                                 
   580                                 %line 403+1 /home/se170/VirtualBox-4.3.28/include/VBox/asmdefs.mac
   581                                 
   582                                 %line 411+1 /home/se170/VirtualBox-4.3.28/include/VBox/asmdefs.mac
   583                                 
   584                                 
   585                                 
   586                                 
   587                                 
   588                                 %line 453+1 /home/se170/VirtualBox-4.3.28/include/VBox/asmdefs.mac
   589                                 
   590                                 
   591                                 
   592                                 
   593                                 
   594                                 %line 494+1 /home/se170/VirtualBox-4.3.28/include/VBox/asmdefs.mac
   595                                 
   596                                 %line 531+1 /home/se170/VirtualBox-4.3.28/include/VBox/asmdefs.mac
   597                                 
   598                                 %line 539+1 /home/se170/VirtualBox-4.3.28/include/VBox/asmdefs.mac
   599                                 
   600                                 
   601                                 
   602                                 
   603                                 %line 579+1 /home/se170/VirtualBox-4.3.28/include/VBox/asmdefs.mac
   604                                 
   605                                 
   606                                 
   607                                 
   608                                 
   609                                 %line 621+1 /home/se170/VirtualBox-4.3.28/include/VBox/asmdefs.mac
   610                                 
   611                                 %line 659+1 /home/se170/VirtualBox-4.3.28/include/VBox/asmdefs.mac
   612                                 
   613                                 %line 667+1 /home/se170/VirtualBox-4.3.28/include/VBox/asmdefs.mac
   614                                 
   615                                 
   616                                 
   617                                 
   618                                 
   619                                 
   620                                 %line 701+1 /home/se170/VirtualBox-4.3.28/include/VBox/asmdefs.mac
   621                                 
   622                                 %line 730+1 /home/se170/VirtualBox-4.3.28/include/VBox/asmdefs.mac
   623                                 
   624                                 %line 738+1 /home/se170/VirtualBox-4.3.28/include/VBox/asmdefs.mac
   625                                 
   626                                 
   627                                 
   628                                 
   629                                 
   630                                 %line 756+1 /home/se170/VirtualBox-4.3.28/include/VBox/asmdefs.mac
   631                                 
   632                                 
   633                                 
   634                                 
   635                                 
   636                                 %line 773+1 /home/se170/VirtualBox-4.3.28/include/VBox/asmdefs.mac
   637                                 
   638                                 %line 775+1 /home/se170/VirtualBox-4.3.28/include/VBox/asmdefs.mac
   639                                 
   640                                 %line 1+1 /home/se170/VirtualBox-4.3.28/src/VBox/VMM/include/VMMInternal.mac
   641                                 
   642                                 
   643                                 
   644                                 
   645                                 
   646                                 
   647                                 
   648                                 
   649                                 
   650                                 
   651                                 
   652                                 
   653                                 
   654                                 
   655                                 
   656                                 
   657                                 
   658                                 %line 1+1 /home/se170/VirtualBox-4.3.28/include/VBox/asmdefs.mac
   659                                 
   660                                 
   661                                 
   662                                 
   663                                 
   664                                 
   665                                 
   666                                 
   667                                 
   668                                 
   669                                 
   670                                 
   671                                 
   672                                 
   673                                 
   674                                 
   675                                 
   676                                 
   677                                 
   678                                 
   679                                 
   680                                 
   681                                 
   682                                 
   683                                 
   684                                 %line 775+1 /home/se170/VirtualBox-4.3.28/include/VBox/asmdefs.mac
   685                                 
   686                                 %line 1+1 /home/se170/VirtualBox-4.3.28/include/VBox/sup.mac
   687                                 
   688                                 
   689                                 
   690                                 
   691                                 
   692                                 
   693                                 
   694                                 
   695                                 
   696                                 
   697                                 
   698                                 
   699                                 
   700                                 
   701                                 
   702                                 
   703                                 
   704                                 
   705                                 
   706                                 
   707                                 
   708                                 
   709                                 
   710                                 
   711                                 
   712                                 
   713                                 %line 29+1 /home/se170/VirtualBox-4.3.28/include/VBox/sup.mac
   714                                 
   715                                 [absolute 0]
   716                                 %line 30+0 /home/se170/VirtualBox-4.3.28/include/VBox/sup.mac
   717                                 SUPGIPCPU:
   718                                 %line 31+1 /home/se170/VirtualBox-4.3.28/include/VBox/sup.mac
   719                                  .u32TransactionId resd 1
   720                                  .u32UpdateIntervalTSC resd 1
   721                                  .u64NanoTS resq 1
   722                                  .u64TSC resq 1
   723                                  .u64CpuHz resq 1
   724                                  .cErrors resd 1
   725                                  .iTSCHistoryHead resd 1
   726                                  .au32TSCHistory resd 8
   727                                  .u32PrevUpdateIntervalNS resd 1
   728                                  .au32Reserved resd (5+5)
   729                                  .enmState resd 1
   730                                  .idCpu resd 1
   731                                  .iCpuSet resw 1
   732                                  .idApic resw 1
   733                                 SUPGIPCPU_size:
   734                                 %line 45+0 /home/se170/VirtualBox-4.3.28/include/VBox/sup.mac
   735                                 [section .text]
   736                                 %line 46+1 /home/se170/VirtualBox-4.3.28/include/VBox/sup.mac
   737                                 
   738                                 %line 48+1 /home/se170/VirtualBox-4.3.28/include/VBox/sup.mac
   739                                 [absolute 0]
   740                                 %line 48+0 /home/se170/VirtualBox-4.3.28/include/VBox/sup.mac
   741                                 SUPGLOBALINFOPAGE:
   742                                 %line 49+1 /home/se170/VirtualBox-4.3.28/include/VBox/sup.mac
   743                                  .u32Magic resd 1
   744                                  .u32Version resd 1
   745                                  .u32Mode resd 1
   746                                  .cCpus resw 1
   747                                  .cPages resw 1
   748                                  .u32UpdateHz resd 1
   749                                  .u32UpdateIntervalNS resd 1
   750                                  .u64NanoTSLastUpdateHz resq 1
   751                                  .OnlineCpuSet resq 4
   752                                  .PresentCpuSet resq 4
   753                                  .PossibleCpuSet resq 4
   754                                  .cOnlineCpus resw 1
   755                                  .cPresentCpus resw 1
   756                                  .cPossibleCpus resw 1
   757                                  .u16Padding0 resw 1
   758                                  .idCpuMax resd 1
   759                                  .au32Padding1 resd 29
   760                                  .aiCpuFromApicId resw 256
   761                                  .aiCpuFromCpuSetIdx resw 256
   762                                  .aCPUs resb SUPGIPCPU_size
   763                                 SUPGLOBALINFOPAGE_size:
   764                                 %line 69+0 /home/se170/VirtualBox-4.3.28/include/VBox/sup.mac
   765                                 [section .text]
   766                                 %line 70+1 /home/se170/VirtualBox-4.3.28/include/VBox/sup.mac
   767                                 
   768                                 [absolute 0]
   769                                 %line 71+0 /home/se170/VirtualBox-4.3.28/include/VBox/sup.mac
   770                                 SUPDRVTRACERUSRCTX32:
   771                                 %line 72+1 /home/se170/VirtualBox-4.3.28/include/VBox/sup.mac
   772                                  .idProbe resd 1
   773                                  .cBits resb 1
   774                                  .abReserved resb 3
   775                                  .u.X86.uVtgProbeLoc resd 1
   776                                  .u.X86.aArgs resd 20
   777                                  .u.X86.eip resd 1
   778                                  .u.X86.eflags resd 1
   779                                  .u.X86.eax resd 1
   780                                  .u.X86.ecx resd 1
   781                                  .u.X86.edx resd 1
   782                                  .u.X86.ebx resd 1
   783                                  .u.X86.esp resd 1
   784                                  .u.X86.ebp resd 1
   785                                  .u.X86.esi resd 1
   786                                  .u.X86.edi resd 1
   787                                  .u.X86.cs resw 1
   788                                  .u.X86.ss resw 1
   789                                  .u.X86.ds resw 1
   790                                  .u.X86.es resw 1
   791                                  .u.X86.fs resw 1
   792                                  .u.X86.gs resw 1
   793                                 SUPDRVTRACERUSRCTX32_size:
   794                                 %line 93+0 /home/se170/VirtualBox-4.3.28/include/VBox/sup.mac
   795                                 [section .text]
   796                                 %line 94+1 /home/se170/VirtualBox-4.3.28/include/VBox/sup.mac
   797                                 
   798                                 [absolute 0]
   799                                 %line 95+0 /home/se170/VirtualBox-4.3.28/include/VBox/sup.mac
   800                                 SUPDRVTRACERUSRCTX64:
   801                                 %line 96+1 /home/se170/VirtualBox-4.3.28/include/VBox/sup.mac
   802                                  .idProbe resd 1
   803                                  .cBits resb 1
   804                                  .abReserved resb 3
   805                                  .u.Amd64.uVtgProbeLoc resq 1
   806                                  .u.Amd64.aArgs resq 10
   807                                  .u.Amd64.rip resq 1
   808                                  .u.Amd64.rflags resq 1
   809                                  .u.Amd64.rax resq 1
   810                                  .u.Amd64.rcx resq 1
   811                                  .u.Amd64.rdx resq 1
   812                                  .u.Amd64.rbx resq 1
   813                                  .u.Amd64.rsp resq 1
   814                                  .u.Amd64.rbp resq 1
   815                                  .u.Amd64.rsi resq 1
   816                                  .u.Amd64.rdi resq 1
   817                                  .u.Amd64.r8 resq 1
   818                                  .u.Amd64.r9 resq 1
   819                                  .u.Amd64.r10 resq 1
   820                                  .u.Amd64.r11 resq 1
   821                                  .u.Amd64.r12 resq 1
   822                                  .u.Amd64.r13 resq 1
   823                                  .u.Amd64.r14 resq 1
   824                                  .u.Amd64.r15 resq 1
   825                                 SUPDRVTRACERUSRCTX64_size:
   826                                 %line 119+0 /home/se170/VirtualBox-4.3.28/include/VBox/sup.mac
   827                                 [section .text]
   828                                 %line 120+1 /home/se170/VirtualBox-4.3.28/include/VBox/sup.mac
   829                                 
   830                                 
   831                                 %line 123+1 /home/se170/VirtualBox-4.3.28/include/VBox/sup.mac
   832                                 
   833                                 %line 20+1 /home/se170/VirtualBox-4.3.28/src/VBox/VMM/include/VMMInternal.mac
   834                                 
   835                                 
   836                                 
   837                                 
   838                                 %line 31+1 /home/se170/VirtualBox-4.3.28/src/VBox/VMM/include/VMMInternal.mac
   839                                 
   840                                 
   841                                 [absolute 0]
   842                                 %line 33+0 /home/se170/VirtualBox-4.3.28/src/VBox/VMM/include/VMMInternal.mac
   843                                 VMMR0JMPBUF:
   844                                 %line 54+1 /home/se170/VirtualBox-4.3.28/src/VBox/VMM/include/VMMInternal.mac
   845                                 
   846                                  .rbx resq 1
   847                                 %line 60+1 /home/se170/VirtualBox-4.3.28/src/VBox/VMM/include/VMMInternal.mac
   848                                  .rbp resq 1
   849                                  .r12 resq 1
   850                                  .r13 resq 1
   851                                  .r14 resq 1
   852                                  .r15 resq 1
   853                                  .rsp resq 1
   854                                  .rip resq 1
   855                                 %line 79+1 /home/se170/VirtualBox-4.3.28/src/VBox/VMM/include/VMMInternal.mac
   856                                  .rflags resq 1
   857                                 
   858                                 
   859                                  .fInRing3Call resd 1
   860                                  .cbSavedStack resd 1
   861                                  .pvSavedStack resq 1
   862                                  .SpCheck resq 1
   863                                  .SpResume resq 1
   864                                  .SavedEsp resq 1
   865                                  .SavedEbp resq 1
   866                                 %line 90+1 /home/se170/VirtualBox-4.3.28/src/VBox/VMM/include/VMMInternal.mac
   867                                 
   868                                 
   869                                  .cbUsedMax resd 1
   870                                  .cbUsedAvg resd 1
   871                                  .cbUsedTotal resq 1
   872                                  .cUsedTotal resq 1
   873                                 VMMR0JMPBUF_size:
   874                                 %line 96+0 /home/se170/VirtualBox-4.3.28/src/VBox/VMM/include/VMMInternal.mac
   875                                 [section .text]
   876                                 %line 97+1 /home/se170/VirtualBox-4.3.28/src/VBox/VMM/include/VMMInternal.mac
   877                                 
   878                                 
   879                                 [absolute 0]
   880                                 %line 99+0 /home/se170/VirtualBox-4.3.28/src/VBox/VMM/include/VMMInternal.mac
   881                                 VMMCPU:
   882                                 %line 100+1 /home/se170/VirtualBox-4.3.28/src/VBox/VMM/include/VMMInternal.mac
   883                                 
   884                                  .offVMCPU resd 1
   885                                  .iLastGZRc resd 1
   886                                  .pbEMTStackR3 resq 1
   887                                  .pbEMTStackRC resd 1
   888                                  .pbEMTStackBottomRC resd 1
   889                                 
   890                                  .pR0LoggerR3 resq 1
   891                                  .pR0LoggerR0 resq 1
   892                                 
   893                                  .hR0ThreadCtx resq 1
   894                                 %line 114+1 /home/se170/VirtualBox-4.3.28/src/VBox/VMM/include/VMMInternal.mac
   895                                  .u64Padding resq 1
   896                                 %line 116+1 /home/se170/VirtualBox-4.3.28/src/VBox/VMM/include/VMMInternal.mac
   897                                 
   898                                  .fInRendezvous resb 1
   899                                 %line 121+1 /home/se170/VirtualBox-4.3.28/src/VBox/VMM/include/VMMInternal.mac
   900                                  .afPadding resb 7
   901                                 %line 123+1 /home/se170/VirtualBox-4.3.28/src/VBox/VMM/include/VMMInternal.mac
   902                                 
   903                                 times ($$-$) & ((8)-1) resb 1
   904                                  .TracerCtx resb SUPDRVTRACERUSRCTX64_size
   905                                 
   906                                  .au32Padding1 resd 3
   907                                 
   908                                  .cCallRing3Disabled resd 1
   909                                  .enmCallRing3Operation resd 1
   910                                  .rcCallRing3 resd 1
   911                                  .u64CallRing3Arg resq 1
   912                                  .pfnCallRing3CallbackR0 resq 1
   913                                  .pvCallRing3CallbackUserR0 resq 1
   914                                 
   915                                 VMMCPU_size:
   916                                 %line 136+0 /home/se170/VirtualBox-4.3.28/src/VBox/VMM/include/VMMInternal.mac
   917                                 [section .text]
   918                                 %line 137+1 /home/se170/VirtualBox-4.3.28/src/VBox/VMM/include/VMMInternal.mac
   919                                 
   920                                 %line 25+1 /home/se170/VirtualBox-4.3.28/src/VBox/VMM/VMMR0/VMMR0JmpA-amd64.asm
   921                                 
   922                                 
   923                                 
   924                                 
   925                                 
   926                                 %line 32+1 /home/se170/VirtualBox-4.3.28/src/VBox/VMM/VMMR0/VMMR0JmpA-amd64.asm
   927                                 
   928                                 
   929                                 
   930                                 [section .text]
   931                                 
   932                                 
   933                                 
   934                                 
   935                                 
   936                                 
   937                                 
   938                                 
   939                                 
   940                                 
   941                                 
   942                                 
   943                                 
   944                                 
   945                                 
   946                                 [global vmmR0CallRing3SetJmp:function hidden]
   947                                 %line 51+0 /home/se170/VirtualBox-4.3.28/src/VBox/VMM/VMMR0/VMMR0JmpA-amd64.asm
   948                                 vmmR0CallRing3SetJmp:
   949                                 %line 52+1 /home/se170/VirtualBox-4.3.28/src/VBox/VMM/VMMR0/VMMR0JmpA-amd64.asm
   950                                 [global vmmR0CallRing3SetJmpEx]
   951                                 %line 52+0 /home/se170/VirtualBox-4.3.28/src/VBox/VMM/VMMR0/VMMR0JmpA-amd64.asm
   952                                 vmmR0CallRing3SetJmpEx:
   953                                 %line 53+1 /home/se170/VirtualBox-4.3.28/src/VBox/VMM/VMMR0/VMMR0JmpA-amd64.asm
   954                                 
   955                                 
   956                                 
   957 00000000 55                      push rbp
   958 00000001 4889E5                  mov rbp, rsp
   959                                 %line 63+1 /home/se170/VirtualBox-4.3.28/src/VBox/VMM/VMMR0/VMMR0JmpA-amd64.asm
   960 00000004 4883EC10                sub rsp, 10
   961 00000008 4989D0                  mov r8, rdx
   962 0000000B 4989C9                  mov r9, rcx
   963 0000000E 4989F3                  mov r11, rsi
   964 00000011 4889FA                  mov rdx, rdi
   965                                 %line 69+1 /home/se170/VirtualBox-4.3.28/src/VBox/VMM/VMMR0/VMMR0JmpA-amd64.asm
   966 00000014 48891A                  mov [rdx + VMMR0JMPBUF.rbx], rbx
   967                                 %line 74+1 /home/se170/VirtualBox-4.3.28/src/VBox/VMM/VMMR0/VMMR0JmpA-amd64.asm
   968 00000017 4C8B5500                mov r10, [rbp]
   969 0000001B 4C895208                mov [rdx + VMMR0JMPBUF.rbp], r10
   970 0000001F 4C896210                mov [rdx + VMMR0JMPBUF.r12], r12
   971 00000023 4C896A18                mov [rdx + VMMR0JMPBUF.r13], r13
   972 00000027 4C897220                mov [rdx + VMMR0JMPBUF.r14], r14
   973 0000002B 4C897A28                mov [rdx + VMMR0JMPBUF.r15], r15
   974 0000002F 488B4508                mov rax, [rbp + 8]
   975 00000033 48894238                mov [rdx + VMMR0JMPBUF.rip], rax
   976 00000037 4C8D5510                lea r10, [rbp + 10
   977 0000003B 4C895230                mov [rdx + VMMR0JMPBUF.rsp], r10
   978                                 %line 96+1 /home/se170/VirtualBox-4.3.28/src/VBox/VMM/VMMR0/VMMR0JmpA-amd64.asm
   979 0000003F 9C                      pushf
   980 00000040 58                      pop rax
   981 00000041 48894240                mov [rdx + VMMR0JMPBUF.rflags], rax
   982                                 
   983                                 
   984                                 
   985                                 
   986 00000045 F6424801                test byte [rdx + VMMR0JMPBUF.fInRing3Call], 1
   987 00000049 0F859F000000            jnz .resume
   988                                 
   989                                 %line 107+1 /home/se170/VirtualBox-4.3.28/src/VBox/VMM/VMMR0/VMMR0JmpA-amd64.asm
   990 0000004F 4C8B7A50                mov r15, [rdx + VMMR0JMPBUF.pvSavedStack]
   991 00000053 4D85FF                  test r15, r15
   992 00000056 746D                    jz .entry_error
   993                                 %line 111+1 /home/se170/VirtualBox-4.3.28/src/VBox/VMM/VMMR0/VMMR0JmpA-amd64.asm
   994 00000058 41833F00                cmp dword [r15], 0
   995 0000005C 7567                    jne .entry_error
   996 0000005E 4C89FF                  mov rdi, r15
   997 00000061 48C7C100040000          mov rcx, 8192 / 8
   998 00000068 48B8EEEEEEFEEFEEEE-     mov rax, qword 0eeeeeeeffeeeeeee
   999 00000068 EE                 
  1000 00000072 F248AB                  repne stosq
  1001 00000075 48895FF0                mov [rdi - 10
  1002                                 %line 119+1 /home/se170/VirtualBox-4.3.28/src/VBox/VMM/VMMR0/VMMR0JmpA-amd64.asm
  1003 00000079 4D8DBFC01F0000          lea r15, [r15 + 8192 - 40
  1004 00000080 4C89FC                  mov rsp, r15
  1005                                 %line 122+1 /home/se170/VirtualBox-4.3.28/src/VBox/VMM/VMMR0/VMMR0JmpA-amd64.asm
  1006                                 
  1007 00000083 4989D4                  mov r12, rdx
  1008                                 %line 128+1 /home/se170/VirtualBox-4.3.28/src/VBox/VMM/VMMR0/VMMR0JmpA-amd64.asm
  1009 00000086 4C89C7                  mov rdi, r8
  1010 00000089 4C89CE                  mov rsi, r9
  1011                                 %line 131+1 /home/se170/VirtualBox-4.3.28/src/VBox/VMM/VMMR0/VMMR0JmpA-amd64.asm
  1012 0000008C 41FFD3                  call r11
  1013 0000008F 4C89E2                  mov rdx, r12
  1014                                 
  1015                                 %line 136+1 /home/se170/VirtualBox-4.3.28/src/VBox/VMM/VMMR0/VMMR0JmpA-amd64.asm
  1016 00000092 4C8B7A50                mov r15, [rdx + VMMR0JMPBUF.pvSavedStack]
  1017 00000096 41C70700000000          mov dword [r15], 0
  1018                                 %line 140+1 /home/se170/VirtualBox-4.3.28/src/VBox/VMM/VMMR0/VMMR0JmpA-amd64.asm
  1019                                 
  1020                                 
  1021                                 
  1022                                 
  1023                                 .proper_return:
  1024                                 %line 157+1 /home/se170/VirtualBox-4.3.28/src/VBox/VMM/VMMR0/VMMR0JmpA-amd64.asm
  1025 0000009D 488B1A                  mov rbx, [rdx + VMMR0JMPBUF.rbx]
  1026                                 %line 162+1 /home/se170/VirtualBox-4.3.28/src/VBox/VMM/VMMR0/VMMR0JmpA-amd64.asm
  1027 000000A0 4C8B6210                mov r12, [rdx + VMMR0JMPBUF.r12]
  1028 000000A4 4C8B6A18                mov r13, [rdx + VMMR0JMPBUF.r13]
  1029 000000A8 4C8B7220                mov r14, [rdx + VMMR0JMPBUF.r14]
  1030 000000AC 4C8B7A28                mov r15, [rdx + VMMR0JMPBUF.r15]
  1031 000000B0 488B6A08                mov rbp, [rdx + VMMR0JMPBUF.rbp]
  1032 000000B4 488B4A38                mov rcx, [rdx + VMMR0JMPBUF.rip]
  1033 000000B8 4883623800              and qword [rdx + VMMR0JMPBUF.rip], byte 0
  1034 000000BD 488B6230                mov rsp, [rdx + VMMR0JMPBUF.rsp]
  1035 000000C1 FF7240                  push qword [rdx + VMMR0JMPBUF.rflags]
  1036 000000C4 9D                      popf
  1037 000000C5 FFE1                    jmp rcx
  1038                                 
  1039                                 .entry_error:
  1040 000000C7 B86EF5FFFF              mov eax, (-2706)
  1041 000000CC EBCD                    jmp .proper_return
  1042                                 
  1043                                 .stack_overflow:
  1044 000000CE B86DF5FFFF              mov eax, (-2707)
  1045 000000D3 EBC6                    jmp .proper_return
  1046                                 
  1047                                 
  1048                                 
  1049                                 
  1050                                 
  1051                                 .bad:
  1052 000000D5 4883623800              and qword [rdx + VMMR0JMPBUF.rip], byte 0
  1053 000000DA 488B1A                  mov rbx, [rdx + VMMR0JMPBUF.rbx]
  1054                                 %line 193+1 /home/se170/VirtualBox-4.3.28/src/VBox/VMM/VMMR0/VMMR0JmpA-amd64.asm
  1055 000000DD 4C8B6210                mov r12, [rdx + VMMR0JMPBUF.r12]
  1056 000000E1 4C8B6A18                mov r13, [rdx + VMMR0JMPBUF.r13]
  1057 000000E5 4C8B7220                mov r14, [rdx + VMMR0JMPBUF.r14]
  1058 000000E9 4C8B7A28                mov r15, [rdx + VMMR0JMPBUF.r15]
  1059 000000ED B86CF5FFFF              mov eax, (-2708)
  1060 000000F2 C9                      leave
  1061 000000F3 C3                      ret
  1062                                 
  1063                                 
  1064                                 
  1065                                 
  1066                                 .resume:
  1067                                 
  1068                                 %line 207+1 /home/se170/VirtualBox-4.3.28/src/VBox/VMM/VMMR0/VMMR0JmpA-amd64.asm
  1069                                 
  1070                                 %line 222+1 /home/se170/VirtualBox-4.3.28/src/VBox/VMM/VMMR0/VMMR0JmpA-amd64.asm
  1071                                 
  1072                                 %line 224+1 /home/se170/VirtualBox-4.3.28/src/VBox/VMM/VMMR0/VMMR0JmpA-amd64.asm
  1073                                 
  1074 000000F4 488B6260                mov rsp, [rdx + VMMR0JMPBUF.SpResume]
  1075                                 %line 235+1 /home/se170/VirtualBox-4.3.28/src/VBox/VMM/VMMR0/VMMR0JmpA-amd64.asm
  1076 000000F8 C6424800                mov byte [rdx + VMMR0JMPBUF.fInRing3Call], 0
  1077                                 
  1078                                 
  1079                                 
  1080                                 
  1081                                 %line 241+1 /home/se170/VirtualBox-4.3.28/src/VBox/VMM/VMMR0/VMMR0JmpA-amd64.asm
  1082 000000FC 58                      pop rax
  1083 000000FD 483D0DF0AD7E            cmp rax, 07eadf00d
  1084 00000103 7406                    je .magic_ok
  1085 00000105 B923010000              mov ecx, 0123
  1086 0000010A 678911                  mov [ecx], edx
  1087                                 .magic_ok:
  1088                                 %line 261+1 /home/se170/VirtualBox-4.3.28/src/VBox/VMM/VMMR0/VMMR0JmpA-amd64.asm
  1089 0000010D 9D                      popf
  1090 0000010E 5B                      pop rbx
  1091                                 %line 267+1 /home/se170/VirtualBox-4.3.28/src/VBox/VMM/VMMR0/VMMR0JmpA-amd64.asm
  1092 0000010F 415C                    pop r12
  1093 00000111 415D                    pop r13
  1094 00000113 415E                    pop r14
  1095 00000115 415F                    pop r15
  1096 00000117 5D                      pop rbp
  1097 00000118 31C0                    xor eax, eax
  1098 0000011A C3                      ret
  1099                                 [global vmmR0CallRing3SetJmp_EndProc:function hidden]
  1100                                 %line 274+0 /home/se170/VirtualBox-4.3.28/src/VBox/VMM/VMMR0/VMMR0JmpA-amd64.asm
  1101                                 vmmR0CallRing3SetJmp_EndProc:
  1102                                 [size vmmR0CallRing3SetJmp vmmR0CallRing3SetJmp_EndProc - vmmR0CallRing3SetJmp]
  1103                                 [size vmmR0CallRing3SetJmp_EndProc 0]
  1104 0000011B CCCCCCCC                db 0xCC, 0xCC, 0xCC, 0xCC
  1105                                 %line 275+1 /home/se170/VirtualBox-4.3.28/src/VBox/VMM/VMMR0/VMMR0JmpA-amd64.asm
  1106                                 
  1107                                 
  1108                                 
  1109                                 
  1110                                 
  1111                                 
  1112                                 
  1113                                 
  1114                                 
  1115                                 [global vmmR0CallRing3LongJmp:function hidden]
  1116                                 %line 284+0 /home/se170/VirtualBox-4.3.28/src/VBox/VMM/VMMR0/VMMR0JmpA-amd64.asm
  1117                                 vmmR0CallRing3LongJmp:
  1118                                 %line 285+1 /home/se170/VirtualBox-4.3.28/src/VBox/VMM/VMMR0/VMMR0JmpA-amd64.asm
  1119                                 
  1120                                 
  1121                                 
  1122 0000011F 55                      push rbp
  1123 00000120 4889E5                  mov rbp, rsp
  1124 00000123 4157                    push r15
  1125 00000125 4156                    push r14
  1126 00000127 4155                    push r13
  1127 00000129 4154                    push r12
  1128                                 %line 298+1 /home/se170/VirtualBox-4.3.28/src/VBox/VMM/VMMR0/VMMR0JmpA-amd64.asm
  1129 0000012B 53                      push rbx
  1130 0000012C 9C                      pushf
  1131                                 %line 314+1 /home/se170/VirtualBox-4.3.28/src/VBox/VMM/VMMR0/VMMR0JmpA-amd64.asm
  1132 0000012D 680DF0AD7E              push 07eadf00d
  1133                                 %line 316+1 /home/se170/VirtualBox-4.3.28/src/VBox/VMM/VMMR0/VMMR0JmpA-amd64.asm
  1134                                 
  1135                                 
  1136                                 
  1137                                 
  1138                                 %line 324+1 /home/se170/VirtualBox-4.3.28/src/VBox/VMM/VMMR0/VMMR0JmpA-amd64.asm
  1139 00000132 4889FA                  mov rdx, rdi
  1140 00000135 89F0                    mov eax, esi
  1141                                 %line 327+1 /home/se170/VirtualBox-4.3.28/src/VBox/VMM/VMMR0/VMMR0JmpA-amd64.asm
  1142                                 
  1143                                 
  1144                                 
  1145                                 
  1146 00000137 48837A3800              cmp qword [rdx + VMMR0JMPBUF.rip], byte 0
  1147 0000013C 744B                    je .nok
  1148                                 
  1149                                 
  1150                                 
  1151                                 
  1152 0000013E 488B7A50                mov rdi, [rdx + VMMR0JMPBUF.pvSavedStack]
  1153 00000142 4885FF                  test rdi, rdi
  1154 00000145 7442                    jz .nok
  1155 00000147 48896260                mov [rdx + VMMR0JMPBUF.SpResume], rsp
  1156                                 %line 360+1 /home/se170/VirtualBox-4.3.28/src/VBox/VMM/VMMR0/VMMR0JmpA-amd64.asm
  1157                                 
  1158                                 
  1159 0000014B 4889E9                  mov rcx, rbp
  1160 0000014E 48894A70                mov [rdx + VMMR0JMPBUF.SavedEbp], rcx
  1161 00000152 4883E908                sub rcx, 8
  1162 00000156 48894A68                mov [rdx + VMMR0JMPBUF.SavedEsp], rcx
  1163                                 
  1164                                 
  1165 0000015A 488B4A30                mov rcx, [rdx + VMMR0JMPBUF.rsp]
  1166 0000015E 48894A58                mov [rdx + VMMR0JMPBUF.SpCheck], rcx
  1167 00000162 C6424801                mov byte [rdx + VMMR0JMPBUF.fInRing3Call], 1
  1168                                 
  1169                                 
  1170                                 
  1171                                 
  1172                                 %line 387+1 /home/se170/VirtualBox-4.3.28/src/VBox/VMM/VMMR0/VMMR0JmpA-amd64.asm
  1173 00000166 488B1A                  mov rbx, [rdx + VMMR0JMPBUF.rbx]
  1174                                 %line 392+1 /home/se170/VirtualBox-4.3.28/src/VBox/VMM/VMMR0/VMMR0JmpA-amd64.asm
  1175 00000169 4C8B6210                mov r12, [rdx + VMMR0JMPBUF.r12]
  1176 0000016D 4C8B6A18                mov r13, [rdx + VMMR0JMPBUF.r13]
  1177 00000171 4C8B7220                mov r14, [rdx + VMMR0JMPBUF.r14]
  1178 00000175 4C8B7A28                mov r15, [rdx + VMMR0JMPBUF.r15]
  1179 00000179 488B6A08                mov rbp, [rdx + VMMR0JMPBUF.rbp]
  1180 0000017D 488B4A38                mov rcx, [rdx + VMMR0JMPBUF.rip]
  1181 00000181 488B6230                mov rsp, [rdx + VMMR0JMPBUF.rsp]
  1182 00000185 FF7240                  push qword [rdx + VMMR0JMPBUF.rflags]
  1183 00000188 9D                      popf
  1184 00000189 FFE1                    jmp rcx
  1185                                 
  1186                                 
  1187                                 
  1188                                 
  1189                                 .nok:
  1190                                 %line 408+1 /home/se170/VirtualBox-4.3.28/src/VBox/VMM/VMMR0/VMMR0JmpA-amd64.asm
  1191 0000018B 58                      pop rax
  1192 0000018C 483D0DF0AD7E            cmp rax, 07eadf00d
  1193 00000192 7405                    je .magic_ok
  1194 00000194 B923010000              mov ecx, 0123
  1195 00000199 8911                    mov [rcx], edx
  1196                                 .magic_ok:
  1197                                 %line 415+1 /home/se170/VirtualBox-4.3.28/src/VBox/VMM/VMMR0/VMMR0JmpA-amd64.asm
  1198 0000019B B86BF5FFFF              mov eax, (-2709)
  1199                                 %line 419+1 /home/se170/VirtualBox-4.3.28/src/VBox/VMM/VMMR0/VMMR0JmpA-amd64.asm
  1200 000001A0 9D                      popf
  1201 000001A1 5B                      pop rbx
  1202                                 %line 425+1 /home/se170/VirtualBox-4.3.28/src/VBox/VMM/VMMR0/VMMR0JmpA-amd64.asm
  1203 000001A2 415C                    pop r12
  1204 000001A4 415D                    pop r13
  1205 000001A6 415E                    pop r14
  1206 000001A8 415F                    pop r15
  1207 000001AA C9                      leave
  1208 000001AB C3                      ret
  1209                                 [global vmmR0CallRing3LongJmp_EndProc:function hidden]
  1210                                 %line 431+0 /home/se170/VirtualBox-4.3.28/src/VBox/VMM/VMMR0/VMMR0JmpA-amd64.asm
  1211                                 vmmR0CallRing3LongJmp_EndProc:
  1212                                 [size vmmR0CallRing3LongJmp vmmR0CallRing3LongJmp_EndProc - vmmR0CallRing3LongJmp]
  1213                                 [size vmmR0CallRing3LongJmp_EndProc 0]
  1214 000001AC CCCCCCCC                db 0xCC, 0xCC, 0xCC, 0xCC
  1215                                 %line 432+1 /home/se170/VirtualBox-4.3.28/src/VBox/VMM/VMMR0/VMMR0JmpA-amd64.asm
  1216                                 
  1217                                 
  1218                                 
  1219                                 
  1220                                 
  1221                                 
  1222                                 
  1223                                 [global vmmR0LoggerWrapper]
  1224                                 %line 439+0 /home/se170/VirtualBox-4.3.28/src/VBox/VMM/VMMR0/VMMR0JmpA-amd64.asm
  1225                                 vmmR0LoggerWrapper:
  1226                                 %line 440+1 /home/se170/VirtualBox-4.3.28/src/VBox/VMM/VMMR0/VMMR0JmpA-amd64.asm
  1227 000001B0 CC                      int3
  1228 000001B1 CC                      int3
  1229 000001B2 CC                      int3
  1230 000001B3 C3                      ret
  1231                                 [global vmmR0LoggerWrapper_EndProc:function hidden]
  1232                                 %line 444+0 /home/se170/VirtualBox-4.3.28/src/VBox/VMM/VMMR0/VMMR0JmpA-amd64.asm
  1233                                 vmmR0LoggerWrapper_EndProc:
  1234                                 [size vmmR0LoggerWrapper vmmR0LoggerWrapper_EndProc - vmmR0LoggerWrapper]
  1235                                 [size vmmR0LoggerWrapper_EndProc 0]
  1236 000001B4 CCCCCCCC                db 0xCC, 0xCC, 0xCC, 0xCC
  1237                                 %line 445+1 /home/se170/VirtualBox-4.3.28/src/VBox/VMM/VMMR0/VMMR0JmpA-amd64.asm
  1238                                 
