     1                                 %line 1+1 /home/se170/VirtualBox-4.3.28/src/VBox/VMM/VMMR0/VMMR0JmpA-amd64.asm
     2                                 
     3                                 
     4                                 
     5                                 
     6                                 
     7                                 
     8                                 
     9                                 
    10                                 
    11                                 
    12                                 
    13                                 
    14                                 
    15                                 
    16                                 
    17                                 
    18                                 
    19                                 
    20                                 
    21                                 
    22                                 %line 1+1 /home/se170/VirtualBox-4.3.28/include/VBox/asmdefs.mac
    23                                 
    24                                 
    25                                 
    26                                 
    27                                 
    28                                 
    29                                 
    30                                 
    31                                 
    32                                 
    33                                 
    34                                 
    35                                 
    36                                 
    37                                 
    38                                 
    39                                 
    40                                 
    41                                 
    42                                 
    43                                 
    44                                 
    45                                 
    46                                 
    47                                 
    48                                 %line 28+1 /home/se170/VirtualBox-4.3.28/include/VBox/asmdefs.mac
    49                                 
    50                                 
    51                                 
    52                                 
    53                                 %line 37+1 /home/se170/VirtualBox-4.3.28/include/VBox/asmdefs.mac
    54                                 
    55                                 %line 1+1 /home/se170/VirtualBox-4.3.28/include/iprt/asmdefs.mac
    56                                 
    57                                 
    58                                 
    59                                 
    60                                 
    61                                 
    62                                 
    63                                 
    64                                 
    65                                 
    66                                 
    67                                 
    68                                 
    69                                 
    70                                 
    71                                 
    72                                 
    73                                 
    74                                 
    75                                 
    76                                 
    77                                 
    78                                 
    79                                 
    80                                 
    81                                 %line 28+1 /home/se170/VirtualBox-4.3.28/include/iprt/asmdefs.mac
    82                                 
    83                                 
    84                                 
    85                                 
    86                                 
    87                                 
    88                                 %line 35+1 /home/se170/VirtualBox-4.3.28/include/iprt/asmdefs.mac
    89                                 
    90                                 %line 37+1 /home/se170/VirtualBox-4.3.28/include/iprt/asmdefs.mac
    91                                 
    92                                 %line 39+1 /home/se170/VirtualBox-4.3.28/include/iprt/asmdefs.mac
    93                                 
    94                                 %line 41+1 /home/se170/VirtualBox-4.3.28/include/iprt/asmdefs.mac
    95                                 
    96                                 %line 43+1 /home/se170/VirtualBox-4.3.28/include/iprt/asmdefs.mac
    97                                 
    98                                 %line 45+1 /home/se170/VirtualBox-4.3.28/include/iprt/asmdefs.mac
    99                                 
   100                                 %line 47+1 /home/se170/VirtualBox-4.3.28/include/iprt/asmdefs.mac
   101                                 
   102                                 %line 49+1 /home/se170/VirtualBox-4.3.28/include/iprt/asmdefs.mac
   103                                 
   104                                 %line 51+1 /home/se170/VirtualBox-4.3.28/include/iprt/asmdefs.mac
   105                                 
   106                                 %line 53+1 /home/se170/VirtualBox-4.3.28/include/iprt/asmdefs.mac
   107                                 
   108                                 %line 55+1 /home/se170/VirtualBox-4.3.28/include/iprt/asmdefs.mac
   109                                 
   110                                 %line 57+1 /home/se170/VirtualBox-4.3.28/include/iprt/asmdefs.mac
   111                                 
   112                                 %line 59+1 /home/se170/VirtualBox-4.3.28/include/iprt/asmdefs.mac
   113                                 
   114                                 %line 61+1 /home/se170/VirtualBox-4.3.28/include/iprt/asmdefs.mac
   115                                 
   116                                 %line 63+1 /home/se170/VirtualBox-4.3.28/include/iprt/asmdefs.mac
   117                                 
   118                                 %line 65+1 /home/se170/VirtualBox-4.3.28/include/iprt/asmdefs.mac
   119                                 
   120                                 %line 67+1 /home/se170/VirtualBox-4.3.28/include/iprt/asmdefs.mac
   121                                 
   122                                 
   123                                 
   124                                 
   125                                 
   126                                 %line 73+1 /home/se170/VirtualBox-4.3.28/include/iprt/asmdefs.mac
   127                                 
   128                                 
   129                                 
   130                                 %line 77+1 /home/se170/VirtualBox-4.3.28/include/iprt/asmdefs.mac
   131                                 
   132                                 
   133                                 %line 84+1 /home/se170/VirtualBox-4.3.28/include/iprt/asmdefs.mac
   134                                 
   135                                 
   136                                 
   137                                 %line 92+1 /home/se170/VirtualBox-4.3.28/include/iprt/asmdefs.mac
   138                                 
   139                                 
   140                                 
   141                                 %line 100+1 /home/se170/VirtualBox-4.3.28/include/iprt/asmdefs.mac
   142                                 
   143                                 
   144                                 
   145                                 %line 108+1 /home/se170/VirtualBox-4.3.28/include/iprt/asmdefs.mac
   146                                 
   147                                 
   148                                 
   149                                 %line 116+1 /home/se170/VirtualBox-4.3.28/include/iprt/asmdefs.mac
   150                                 
   151                                 
   152                                 
   153                                 
   154                                 %line 121+1 /home/se170/VirtualBox-4.3.28/include/iprt/asmdefs.mac
   155                                 
   156                                 
   157                                 
   158                                 %line 125+1 /home/se170/VirtualBox-4.3.28/include/iprt/asmdefs.mac
   159                                 
   160                                 
   161                                 
   162                                 %line 129+1 /home/se170/VirtualBox-4.3.28/include/iprt/asmdefs.mac
   163                                 
   164                                 
   165                                 
   166                                 
   167                                 
   168                                 %line 137+1 /home/se170/VirtualBox-4.3.28/include/iprt/asmdefs.mac
   169                                 
   170                                 
   171                                 
   172                                 
   173                                 %line 157+1 /home/se170/VirtualBox-4.3.28/include/iprt/asmdefs.mac
   174                                 
   175                                 
   176                                 
   177                                 %line 165+1 /home/se170/VirtualBox-4.3.28/include/iprt/asmdefs.mac
   178                                 
   179                                 
   180                                 
   181                                 %line 177+1 /home/se170/VirtualBox-4.3.28/include/iprt/asmdefs.mac
   182                                 
   183                                 
   184                                 
   185                                 
   186                                 %line 188+1 /home/se170/VirtualBox-4.3.28/include/iprt/asmdefs.mac
   187                                 
   188                                 
   189                                 
   190                                 %line 211+1 /home/se170/VirtualBox-4.3.28/include/iprt/asmdefs.mac
   191                                 
   192                                 
   193                                 
   194                                 
   195                                 
   196                                 %line 222+1 /home/se170/VirtualBox-4.3.28/include/iprt/asmdefs.mac
   197                                 
   198                                 
   199                                 
   200                                 %line 236+1 /home/se170/VirtualBox-4.3.28/include/iprt/asmdefs.mac
   201                                 
   202                                 
   203                                 
   204                                 %line 249+1 /home/se170/VirtualBox-4.3.28/include/iprt/asmdefs.mac
   205                                 
   206                                 
   207                                 
   208                                 %line 263+1 /home/se170/VirtualBox-4.3.28/include/iprt/asmdefs.mac
   209                                 
   210                                 
   211                                 
   212                                 %line 274+1 /home/se170/VirtualBox-4.3.28/include/iprt/asmdefs.mac
   213                                 
   214                                 
   215                                 
   216                                 %line 288+1 /home/se170/VirtualBox-4.3.28/include/iprt/asmdefs.mac
   217                                 
   218                                 
   219                                 
   220                                 %line 302+1 /home/se170/VirtualBox-4.3.28/include/iprt/asmdefs.mac
   221                                 
   222                                 
   223                                 
   224                                 
   225                                 
   226                                 
   227                                 
   228                                 
   229                                 %line 356+1 /home/se170/VirtualBox-4.3.28/include/iprt/asmdefs.mac
   230                                 
   231                                 %line 363+1 /home/se170/VirtualBox-4.3.28/include/iprt/asmdefs.mac
   232                                 
   233                                 
   234                                 
   235                                 
   236                                 %line 376+1 /home/se170/VirtualBox-4.3.28/include/iprt/asmdefs.mac
   237                                 
   238                                 
   239                                 
   240                                 
   241                                 
   242                                 
   243                                 
   244                                 %line 396+1 /home/se170/VirtualBox-4.3.28/include/iprt/asmdefs.mac
   245                                 
   246                                 
   247                                 
   248                                 %line 408+1 /home/se170/VirtualBox-4.3.28/include/iprt/asmdefs.mac
   249                                 
   250                                 
   251                                 
   252                                 %line 420+1 /home/se170/VirtualBox-4.3.28/include/iprt/asmdefs.mac
   253                                 
   254                                 
   255                                 
   256                                 
   257                                 
   258                                 %line 432+1 /home/se170/VirtualBox-4.3.28/include/iprt/asmdefs.mac
   259                                 
   260                                 
   261                                 
   262                                 %line 442+1 /home/se170/VirtualBox-4.3.28/include/iprt/asmdefs.mac
   263                                 
   264                                 
   265                                 
   266                                 %line 452+1 /home/se170/VirtualBox-4.3.28/include/iprt/asmdefs.mac
   267                                 
   268                                 
   269                                 
   270                                 %line 462+1 /home/se170/VirtualBox-4.3.28/include/iprt/asmdefs.mac
   271                                 
   272                                 
   273                                 
   274                                 %line 472+1 /home/se170/VirtualBox-4.3.28/include/iprt/asmdefs.mac
   275                                 
   276                                 
   277                                 
   278                                 
   279                                 
   280                                 %line 482+1 /home/se170/VirtualBox-4.3.28/include/iprt/asmdefs.mac
   281                                 
   282                                 
   283                                 
   284                                 
   285                                 %line 491+1 /home/se170/VirtualBox-4.3.28/include/iprt/asmdefs.mac
   286                                 
   287                                 
   288                                 
   289                                 %line 499+1 /home/se170/VirtualBox-4.3.28/include/iprt/asmdefs.mac
   290                                 
   291                                 
   292                                 
   293                                 %line 507+1 /home/se170/VirtualBox-4.3.28/include/iprt/asmdefs.mac
   294                                 
   295                                 
   296                                 
   297                                 
   298                                 
   299                                 %line 517+1 /home/se170/VirtualBox-4.3.28/include/iprt/asmdefs.mac
   300                                 
   301                                 
   302                                 
   303                                 
   304                                 %line 526+1 /home/se170/VirtualBox-4.3.28/include/iprt/asmdefs.mac
   305                                 
   306                                 
   307                                 
   308                                 %line 534+1 /home/se170/VirtualBox-4.3.28/include/iprt/asmdefs.mac
   309                                 
   310                                 
   311                                 
   312                                 %line 542+1 /home/se170/VirtualBox-4.3.28/include/iprt/asmdefs.mac
   313                                 
   314                                 
   315                                 
   316                                 
   317                                 
   318                                 %line 552+1 /home/se170/VirtualBox-4.3.28/include/iprt/asmdefs.mac
   319                                 
   320                                 
   321                                 
   322                                 
   323                                 %line 561+1 /home/se170/VirtualBox-4.3.28/include/iprt/asmdefs.mac
   324                                 
   325                                 
   326                                 
   327                                 %line 569+1 /home/se170/VirtualBox-4.3.28/include/iprt/asmdefs.mac
   328                                 
   329                                 
   330                                 
   331                                 %line 577+1 /home/se170/VirtualBox-4.3.28/include/iprt/asmdefs.mac
   332                                 
   333                                 
   334                                 
   335                                 
   336                                 
   337                                 %line 587+1 /home/se170/VirtualBox-4.3.28/include/iprt/asmdefs.mac
   338                                 
   339                                 
   340                                 
   341                                 
   342                                 %line 596+1 /home/se170/VirtualBox-4.3.28/include/iprt/asmdefs.mac
   343                                 
   344                                 %line 599+1 /home/se170/VirtualBox-4.3.28/include/iprt/asmdefs.mac
   345                                 
   346                                 
   347                                 
   348                                 %line 607+1 /home/se170/VirtualBox-4.3.28/include/iprt/asmdefs.mac
   349                                 
   350                                 
   351                                 
   352                                 %line 615+1 /home/se170/VirtualBox-4.3.28/include/iprt/asmdefs.mac
   353                                 
   354                                 
   355                                 
   356                                 
   357                                 %line 620+1 /home/se170/VirtualBox-4.3.28/include/iprt/asmdefs.mac
   358                                 
   359                                 
   360                                 
   361                                 
   362                                 %line 625+1 /home/se170/VirtualBox-4.3.28/include/iprt/asmdefs.mac
   363                                 
   364                                 
   365                                 
   366                                 %line 629+1 /home/se170/VirtualBox-4.3.28/include/iprt/asmdefs.mac
   367                                 
   368                                 
   369                                 
   370                                 %line 633+1 /home/se170/VirtualBox-4.3.28/include/iprt/asmdefs.mac
   371                                 
   372                                 
   373                                 
   374                                 
   375                                 
   376                                 
   377                                 
   378                                 
   379                                 
   380                                 
   381                                 
   382                                 
   383                                 
   384                                 
   385                                 
   386                                 %line 666+1 /home/se170/VirtualBox-4.3.28/include/iprt/asmdefs.mac
   387                                 
   388                                 
   389                                 
   390                                 
   391                                 
   392                                 %line 672+1 /home/se170/VirtualBox-4.3.28/include/iprt/asmdefs.mac
   393                                 
   394                                 
   395                                 
   396                                 
   397                                 %line 677+1 /home/se170/VirtualBox-4.3.28/include/iprt/asmdefs.mac
   398                                 
   399                                 
   400                                 
   401                                 %line 681+1 /home/se170/VirtualBox-4.3.28/include/iprt/asmdefs.mac
   402                                 
   403                                 
   404                                 
   405                                 %line 685+1 /home/se170/VirtualBox-4.3.28/include/iprt/asmdefs.mac
   406                                 
   407                                 
   408                                 
   409                                 
   410                                 
   411                                 %line 691+1 /home/se170/VirtualBox-4.3.28/include/iprt/asmdefs.mac
   412                                 
   413                                 
   414                                 
   415                                 
   416                                 %line 696+1 /home/se170/VirtualBox-4.3.28/include/iprt/asmdefs.mac
   417                                 
   418                                 
   419                                 
   420                                 %line 700+1 /home/se170/VirtualBox-4.3.28/include/iprt/asmdefs.mac
   421                                 
   422                                 
   423                                 
   424                                 %line 704+1 /home/se170/VirtualBox-4.3.28/include/iprt/asmdefs.mac
   425                                 
   426                                 
   427                                 
   428                                 
   429                                 
   430                                 
   431                                 
   432                                 
   433                                 %line 721+1 /home/se170/VirtualBox-4.3.28/include/iprt/asmdefs.mac
   434                                 
   435                                 
   436                                 
   437                                 
   438                                 
   439                                 
   440                                 
   441                                 
   442                                 
   443                                 
   444                                 
   445                                 
   446                                 
   447                                 
   448                                 %line 738+1 /home/se170/VirtualBox-4.3.28/include/iprt/asmdefs.mac
   449                                 
   450                                 %line 752+1 /home/se170/VirtualBox-4.3.28/include/iprt/asmdefs.mac
   451                                 
   452                                 
   453                                 
   454                                 
   455                                 
   456                                 
   457                                 
   458                                 
   459                                 
   460                                 
   461                                 
   462                                 
   463                                 
   464                                 %line 770+1 /home/se170/VirtualBox-4.3.28/include/iprt/asmdefs.mac
   465                                 
   466                                 
   467                                 
   468                                 
   469                                 
   470                                 
   471                                 
   472                                 %line 791+1 /home/se170/VirtualBox-4.3.28/include/iprt/asmdefs.mac
   473                                 
   474                                 %line 797+1 /home/se170/VirtualBox-4.3.28/include/iprt/asmdefs.mac
   475                                 
   476                                 
   477                                 
   478                                 
   479                                 
   480                                 
   481                                 
   482                                 
   483                                 
   484                                 
   485                                 
   486                                 
   487                                 
   488                                 
   489                                 
   490                                 
   491                                 
   492                                 
   493                                 
   494                                 
   495                                 
   496                                 
   497                                 
   498                                 
   499                                 
   500                                 
   501                                 
   502                                 
   503                                 
   504                                 
   505                                 
   506                                 
   507                                 
   508                                 %line 853+1 /home/se170/VirtualBox-4.3.28/include/iprt/asmdefs.mac
   509                                 
   510                                 
   511                                 
   512                                 
   513                                 
   514                                 
   515                                 
   516                                 
   517                                 
   518                                 
   519                                 %line 873+1 /home/se170/VirtualBox-4.3.28/include/iprt/asmdefs.mac
   520                                 
   521                                 
   522                                 
   523                                 %line 886+1 /home/se170/VirtualBox-4.3.28/include/iprt/asmdefs.mac
   524                                 
   525                                 %line 39+1 /home/se170/VirtualBox-4.3.28/include/VBox/asmdefs.mac
   526                                 
   527                                 
   528                                 
   529                                 
   530                                 %line 51+1 /home/se170/VirtualBox-4.3.28/include/VBox/asmdefs.mac
   531                                 
   532                                 
   533                                 %line 66+1 /home/se170/VirtualBox-4.3.28/include/VBox/asmdefs.mac
   534                                 
   535                                 
   536                                 
   537                                 
   538                                 
   539                                 
   540                                 
   541                                 %line 116+1 /home/se170/VirtualBox-4.3.28/include/VBox/asmdefs.mac
   542                                 
   543                                 
   544                                 
   545                                 
   546                                 
   547                                 
   548                                 %line 159+1 /home/se170/VirtualBox-4.3.28/include/VBox/asmdefs.mac
   549                                 
   550                                 %line 195+1 /home/se170/VirtualBox-4.3.28/include/VBox/asmdefs.mac
   551                                 
   552                                 %line 203+1 /home/se170/VirtualBox-4.3.28/include/VBox/asmdefs.mac
   553                                 
   554                                 
   555                                 
   556                                 
   557                                 %line 232+1 /home/se170/VirtualBox-4.3.28/include/VBox/asmdefs.mac
   558                                 
   559                                 
   560                                 
   561                                 
   562                                 
   563                                 %line 260+1 /home/se170/VirtualBox-4.3.28/include/VBox/asmdefs.mac
   564                                 
   565                                 %line 284+1 /home/se170/VirtualBox-4.3.28/include/VBox/asmdefs.mac
   566                                 
   567                                 %line 292+1 /home/se170/VirtualBox-4.3.28/include/VBox/asmdefs.mac
   568                                 
   569                                 
   570                                 
   571                                 
   572                                 %line 331+1 /home/se170/VirtualBox-4.3.28/include/VBox/asmdefs.mac
   573                                 
   574                                 
   575                                 
   576                                 
   577                                 
   578                                 %line 369+1 /home/se170/VirtualBox-4.3.28/include/VBox/asmdefs.mac
   579                                 
   580                                 %line 403+1 /home/se170/VirtualBox-4.3.28/include/VBox/asmdefs.mac
   581                                 
   582                                 %line 411+1 /home/se170/VirtualBox-4.3.28/include/VBox/asmdefs.mac
   583                                 
   584                                 
   585                                 
   586                                 
   587                                 
   588                                 %line 453+1 /home/se170/VirtualBox-4.3.28/include/VBox/asmdefs.mac
   589                                 
   590                                 
   591                                 
   592                                 
   593                                 
   594                                 %line 494+1 /home/se170/VirtualBox-4.3.28/include/VBox/asmdefs.mac
   595                                 
   596                                 %line 531+1 /home/se170/VirtualBox-4.3.28/include/VBox/asmdefs.mac
   597                                 
   598                                 %line 539+1 /home/se170/VirtualBox-4.3.28/include/VBox/asmdefs.mac
   599                                 
   600                                 
   601                                 
   602                                 
   603                                 %line 579+1 /home/se170/VirtualBox-4.3.28/include/VBox/asmdefs.mac
   604                                 
   605                                 
   606                                 
   607                                 
   608                                 
   609                                 %line 621+1 /home/se170/VirtualBox-4.3.28/include/VBox/asmdefs.mac
   610                                 
   611                                 %line 659+1 /home/se170/VirtualBox-4.3.28/include/VBox/asmdefs.mac
   612                                 
   613                                 %line 667+1 /home/se170/VirtualBox-4.3.28/include/VBox/asmdefs.mac
   614                                 
   615                                 
   616                                 
   617                                 
   618                                 
   619                                 
   620                                 %line 701+1 /home/se170/VirtualBox-4.3.28/include/VBox/asmdefs.mac
   621                                 
   622                                 %line 730+1 /home/se170/VirtualBox-4.3.28/include/VBox/asmdefs.mac
   623                                 
   624                                 %line 738+1 /home/se170/VirtualBox-4.3.28/include/VBox/asmdefs.mac
   625                                 
   626                                 
   627                                 
   628                                 
   629                                 
   630                                 %line 756+1 /home/se170/VirtualBox-4.3.28/include/VBox/asmdefs.mac
   631                                 
   632                                 
   633                                 
   634                                 
   635                                 
   636                                 %line 773+1 /home/se170/VirtualBox-4.3.28/include/VBox/asmdefs.mac
   637                                 
   638                                 %line 775+1 /home/se170/VirtualBox-4.3.28/include/VBox/asmdefs.mac
   639                                 
   640                                 %line 1+1 /home/se170/VirtualBox-4.3.28/src/VBox/VMM/include/VMMInternal.mac
   641                                 
   642                                 
   643                                 
   644                                 
   645                                 
   646                                 
   647                                 
   648                                 
   649                                 
   650                                 
   651                                 
   652                                 
   653                                 
   654                                 
   655                                 
   656                                 
   657                                 
   658                                 %line 1+1 /home/se170/VirtualBox-4.3.28/include/VBox/asmdefs.mac
   659                                 
   660                                 
   661                                 
   662                                 
   663                                 
   664                                 
   665                                 
   666                                 
   667                                 
   668                                 
   669                                 
   670                                 
   671                                 
   672                                 
   673                                 
   674                                 
   675                                 
   676                                 
   677                                 
   678                                 
   679                                 
   680                                 
   681                                 
   682                                 
   683                                 
   684                                 %line 775+1 /home/se170/VirtualBox-4.3.28/include/VBox/asmdefs.mac
   685                                 
   686                                 %line 1+1 /home/se170/VirtualBox-4.3.28/include/VBox/sup.mac
   687                                 
   688                                 
   689                                 
   690                                 
   691                                 
   692                                 
   693                                 
   694                                 
   695                                 
   696                                 
   697                                 
   698                                 
   699                                 
   700                                 
   701                                 
   702                                 
   703                                 
   704                                 
   705                                 
   706                                 
   707                                 
   708                                 
   709                                 
   710                                 
   711                                 
   712                                 
   713                                 %line 29+1 /home/se170/VirtualBox-4.3.28/include/VBox/sup.mac
   714                                 
   715                                 [absolute 0]
   716                                 %line 30+0 /home/se170/VirtualBox-4.3.28/include/VBox/sup.mac
   717                                 SUPGIPCPU:
   718                                 %line 31+1 /home/se170/VirtualBox-4.3.28/include/VBox/sup.mac
   719                                  .u32TransactionId resd 1
   720                                  .u32UpdateIntervalTSC resd 1
   721                                  .u64NanoTS resq 1
   722                                  .u64TSC resq 1
   723                                  .u64CpuHz resq 1
   724                                  .cErrors resd 1
   725                                  .iTSCHistoryHead resd 1
   726                                  .au32TSCHistory resd 8
   727                                  .u32PrevUpdateIntervalNS resd 1
   728                                  .au32Reserved resd (5+5)
   729                                  .enmState resd 1
   730                                  .idCpu resd 1
   731                                  .iCpuSet resw 1
   732                                  .idApic resw 1
   733                                 SUPGIPCPU_size:
   734                                 %line 45+0 /home/se170/VirtualBox-4.3.28/include/VBox/sup.mac
   735                                 [section .text]
   736                                 %line 46+1 /home/se170/VirtualBox-4.3.28/include/VBox/sup.mac
   737                                 
   738                                 %line 48+1 /home/se170/VirtualBox-4.3.28/include/VBox/sup.mac
   739                                 [absolute 0]
   740                                 %line 48+0 /home/se170/VirtualBox-4.3.28/include/VBox/sup.mac
   741                                 SUPGLOBALINFOPAGE:
   742                                 %line 49+1 /home/se170/VirtualBox-4.3.28/include/VBox/sup.mac
   743                                  .u32Magic resd 1
   744                                  .u32Version resd 1
   745                                  .u32Mode resd 1
   746                                  .cCpus resw 1
   747                                  .cPages resw 1
   748                                  .u32UpdateHz resd 1
   749                                  .u32UpdateIntervalNS resd 1
   750                                  .u64NanoTSLastUpdateHz resq 1
   751                                  .OnlineCpuSet resq 4
   752                                  .PresentCpuSet resq 4
   753                                  .PossibleCpuSet resq 4
   754                                  .cOnlineCpus resw 1
   755                                  .cPresentCpus resw 1
   756                                  .cPossibleCpus resw 1
   757                                  .u16Padding0 resw 1
   758                                  .idCpuMax resd 1
   759                                  .au32Padding1 resd 29
   760                                  .aiCpuFromApicId resw 256
   761                                  .aiCpuFromCpuSetIdx resw 256
   762                                  .aCPUs resb SUPGIPCPU_size
   763                                 SUPGLOBALINFOPAGE_size:
   764                                 %line 69+0 /home/se170/VirtualBox-4.3.28/include/VBox/sup.mac
   765                                 [section .text]
   766                                 %line 70+1 /home/se170/VirtualBox-4.3.28/include/VBox/sup.mac
   767                                 
   768                                 [absolute 0]
   769                                 %line 71+0 /home/se170/VirtualBox-4.3.28/include/VBox/sup.mac
   770                                 SUPDRVTRACERUSRCTX32:
   771                                 %line 72+1 /home/se170/VirtualBox-4.3.28/include/VBox/sup.mac
   772                                  .idProbe resd 1
   773                                  .cBits resb 1
   774                                  .abReserved resb 3
   775                                  .u.X86.uVtgProbeLoc resd 1
   776                                  .u.X86.aArgs resd 20
   777                                  .u.X86.eip resd 1
   778                                  .u.X86.eflags resd 1
   779                                  .u.X86.eax resd 1
   780                                  .u.X86.ecx resd 1
   781                                  .u.X86.edx resd 1
   782                                  .u.X86.ebx resd 1
   783                                  .u.X86.esp resd 1
   784                                  .u.X86.ebp resd 1
   785                                  .u.X86.esi resd 1
   786                                  .u.X86.edi resd 1
   787                                  .u.X86.cs resw 1
   788                                  .u.X86.ss resw 1
   789                                  .u.X86.ds resw 1
   790                                  .u.X86.es resw 1
   791                                  .u.X86.fs resw 1
   792                                  .u.X86.gs resw 1
   793                                 SUPDRVTRACERUSRCTX32_size:
   794                                 %line 93+0 /home/se170/VirtualBox-4.3.28/include/VBox/sup.mac
   795                                 [section .text]
   796                                 %line 94+1 /home/se170/VirtualBox-4.3.28/include/VBox/sup.mac
   797                                 
   798                                 [absolute 0]
   799                                 %line 95+0 /home/se170/VirtualBox-4.3.28/include/VBox/sup.mac
   800                                 SUPDRVTRACERUSRCTX64:
   801                                 %line 96+1 /home/se170/VirtualBox-4.3.28/include/VBox/sup.mac
   802                                  .idProbe resd 1
   803                                  .cBits resb 1
   804                                  .abReserved resb 3
   805                                  .u.Amd64.uVtgProbeLoc resq 1
   806                                  .u.Amd64.aArgs resq 10
   807                                  .u.Amd64.rip resq 1
   808                                  .u.Amd64.rflags resq 1
   809                                  .u.Amd64.rax resq 1
   810                                  .u.Amd64.rcx resq 1
   811                                  .u.Amd64.rdx resq 1
   812                                  .u.Amd64.rbx resq 1
   813                                  .u.Amd64.rsp resq 1
   814                                  .u.Amd64.rbp resq 1
   815                                  .u.Amd64.rsi resq 1
   816                                  .u.Amd64.rdi resq 1
   817                                  .u.Amd64.r8 resq 1
   818                                  .u.Amd64.r9 resq 1
   819                                  .u.Amd64.r10 resq 1
   820                                  .u.Amd64.r11 resq 1
   821                                  .u.Amd64.r12 resq 1
   822                                  .u.Amd64.r13 resq 1
   823                                  .u.Amd64.r14 resq 1
   824                                  .u.Amd64.r15 resq 1
   825                                 SUPDRVTRACERUSRCTX64_size:
   826                                 %line 119+0 /home/se170/VirtualBox-4.3.28/include/VBox/sup.mac
   827                                 [section .text]
   828                                 %line 120+1 /home/se170/VirtualBox-4.3.28/include/VBox/sup.mac
   829                                 
   830                                 
   831                                 %line 123+1 /home/se170/VirtualBox-4.3.28/include/VBox/sup.mac
   832                                 
   833                                 %line 20+1 /home/se170/VirtualBox-4.3.28/src/VBox/VMM/include/VMMInternal.mac
   834                                 
   835                                 
   836                                 
   837                                 
   838                                 %line 31+1 /home/se170/VirtualBox-4.3.28/src/VBox/VMM/include/VMMInternal.mac
   839                                 
   840                                 
   841                                 [absolute 0]
   842                                 %line 33+0 /home/se170/VirtualBox-4.3.28/src/VBox/VMM/include/VMMInternal.mac
   843                                 VMMR0JMPBUF:
   844                                 %line 54+1 /home/se170/VirtualBox-4.3.28/src/VBox/VMM/include/VMMInternal.mac
   845                                 
   846                                  .rbx resq 1
   847                                 %line 60+1 /home/se170/VirtualBox-4.3.28/src/VBox/VMM/include/VMMInternal.mac
   848                                  .rbp resq 1
   849                                  .r12 resq 1
   850                                  .r13 resq 1
   851                                  .r14 resq 1
   852                                  .r15 resq 1
   853                                  .rsp resq 1
   854                                  .rip resq 1
   855                                 %line 79+1 /home/se170/VirtualBox-4.3.28/src/VBox/VMM/include/VMMInternal.mac
   856                                  .rflags resq 1
   857                                 
   858                                 
   859                                  .fInRing3Call resd 1
   860                                  .cbSavedStack resd 1
   861                                  .pvSavedStack resq 1
   862                                  .SpCheck resq 1
   863                                  .SpResume resq 1
   864                                  .SavedEsp resq 1
   865                                  .SavedEbp resq 1
   866                                 %line 90+1 /home/se170/VirtualBox-4.3.28/src/VBox/VMM/include/VMMInternal.mac
   867                                 
   868                                 
   869                                  .cbUsedMax resd 1
   870                                  .cbUsedAvg resd 1
   871                                  .cbUsedTotal resq 1
   872                                  .cUsedTotal resq 1
   873                                 VMMR0JMPBUF_size:
   874                                 %line 96+0 /home/se170/VirtualBox-4.3.28/src/VBox/VMM/include/VMMInternal.mac
   875                                 [section .text]
   876                                 %line 97+1 /home/se170/VirtualBox-4.3.28/src/VBox/VMM/include/VMMInternal.mac
   877                                 
   878                                 
   879                                 [absolute 0]
   880                                 %line 99+0 /home/se170/VirtualBox-4.3.28/src/VBox/VMM/include/VMMInternal.mac
   881                                 VMMCPU:
   882                                 %line 100+1 /home/se170/VirtualBox-4.3.28/src/VBox/VMM/include/VMMInternal.mac
   883                                 
   884                                  .offVMCPU resd 1
   885                                  .iLastGZRc resd 1
   886                                  .pbEMTStackR3 resq 1
   887                                  .pbEMTStackRC resd 1
   888                                  .pbEMTStackBottomRC resd 1
   889                                 
   890                                  .pR0LoggerR3 resq 1
   891                                  .pR0LoggerR0 resq 1
   892                                 
   893                                  .hR0ThreadCtx resq 1
   894                                 %line 114+1 /home/se170/VirtualBox-4.3.28/src/VBox/VMM/include/VMMInternal.mac
   895                                  .u64Padding resq 1
   896                                 %line 116+1 /home/se170/VirtualBox-4.3.28/src/VBox/VMM/include/VMMInternal.mac
   897                                 
   898                                  .fInRendezvous resb 1
   899                                 %line 121+1 /home/se170/VirtualBox-4.3.28/src/VBox/VMM/include/VMMInternal.mac
   900                                  .afPadding resb 7
   901                                 %line 123+1 /home/se170/VirtualBox-4.3.28/src/VBox/VMM/include/VMMInternal.mac
   902                                 
   903                                 times ($$-$) & ((8)-1) resb 1
   904                                  .TracerCtx resb SUPDRVTRACERUSRCTX64_size
   905                                 
   906                                  .au32Padding1 resd 3
   907                                 
   908                                  .cCallRing3Disabled resd 1
   909                                  .enmCallRing3Operation resd 1
   910                                  .rcCallRing3 resd 1
   911                                  .u64CallRing3Arg resq 1
   912                                  .pfnCallRing3CallbackR0 resq 1
   913                                  .pvCallRing3CallbackUserR0 resq 1
   914                                 
   915                                 VMMCPU_size:
   916                                 %line 136+0 /home/se170/VirtualBox-4.3.28/src/VBox/VMM/include/VMMInternal.mac
   917                                 [section .text]
   918                                 %line 137+1 /home/se170/VirtualBox-4.3.28/src/VBox/VMM/include/VMMInternal.mac
   919                                 
   920                                 %line 25+1 /home/se170/VirtualBox-4.3.28/src/VBox/VMM/VMMR0/VMMR0JmpA-amd64.asm
   921                                 
   922                                 
   923                                 
   924                                 
   925                                 
   926                                 %line 32+1 /home/se170/VirtualBox-4.3.28/src/VBox/VMM/VMMR0/VMMR0JmpA-amd64.asm
   927                                 
   928                                 
   929                                 
   930                                 [section .text]
   931                                 
   932                                 
   933                                 
   934                                 
   935                                 
   936                                 
   937                                 
   938                                 
   939                                 
   940                                 
   941                                 
   942                                 
   943                                 
   944                                 
   945                                 
   946                                 [global vmmR0CallRing3SetJmp:function hidden]
   947                                 %line 51+0 /home/se170/VirtualBox-4.3.28/src/VBox/VMM/VMMR0/VMMR0JmpA-amd64.asm
   948                                 vmmR0CallRing3SetJmp:
   949                                 %line 52+1 /home/se170/VirtualBox-4.3.28/src/VBox/VMM/VMMR0/VMMR0JmpA-amd64.asm
   950                                 [global vmmR0CallRing3SetJmpEx]
   951                                 %line 52+0 /home/se170/VirtualBox-4.3.28/src/VBox/VMM/VMMR0/VMMR0JmpA-amd64.asm
   952                                 vmmR0CallRing3SetJmpEx:
   953                                 %line 53+1 /home/se170/VirtualBox-4.3.28/src/VBox/VMM/VMMR0/VMMR0JmpA-amd64.asm
   954                                 
   955                                 
   956                                 
   957 00000000 55                      push rbp
   958 00000001 4889E5                  mov rbp, rsp
   959                                 %line 63+1 /home/se170/VirtualBox-4.3.28/src/VBox/VMM/VMMR0/VMMR0JmpA-amd64.asm
   960 00000004 4883EC10                sub rsp, 10
   961 00000008 4989D0                  mov r8, rdx
   962 0000000B 4989C9                  mov r9, rcx
   963 0000000E 4989F3                  mov r11, rsi
   964 00000011 4889FA                  mov rdx, rdi
   965                                 %line 69+1 /home/se170/VirtualBox-4.3.28/src/VBox/VMM/VMMR0/VMMR0JmpA-amd64.asm
   966 00000014 48891A                  mov [rdx + VMMR0JMPBUF.rbx], rbx
   967                                 %line 74+1 /home/se170/VirtualBox-4.3.28/src/VBox/VMM/VMMR0/VMMR0JmpA-amd64.asm
   968 00000017 4C8B5500                mov r10, [rbp]
   969 0000001B 4C895208                mov [rdx + VMMR0JMPBUF.rbp], r10
   970 0000001F 4C896210                mov [rdx + VMMR0JMPBUF.r12], r12
   971 00000023 4C896A18                mov [rdx + VMMR0JMPBUF.r13], r13
   972 00000027 4C897220                mov [rdx + VMMR0JMPBUF.r14], r14
   973 0000002B 4C897A28                mov [rdx + VMMR0JMPBUF.r15], r15
   974 0000002F 488B4508                mov rax, [rbp + 8]
   975 00000033 48894238                mov [rdx + VMMR0JMPBUF.rip], rax
   976 00000037 4C8D5510                lea r10, [rbp + 10
   977 0000003B 4C895230                mov [rdx + VMMR0JMPBUF.rsp], r10
   978                                 %line 96+1 /home/se170/VirtualBox-4.3.28/src/VBox/VMM/VMMR0/VMMR0JmpA-amd64.asm
   979 0000003F 9C                      pushf
   980 00000040 58                      pop rax
   981 00000041 48894240                mov [rdx + VMMR0JMPBUF.rflags], rax
   982                                 
   983                                 
   984                                 
   985                                 
   986 00000045 F6424801                test byte [rdx + VMMR0JMPBUF.fInRing3Call], 1
   987 00000049 7564                    jnz .resume
   988                                 
   989                                 %line 122+1 /home/se170/VirtualBox-4.3.28/src/VBox/VMM/VMMR0/VMMR0JmpA-amd64.asm
   990                                 
   991 0000004B 4989D4                  mov r12, rdx
   992                                 %line 128+1 /home/se170/VirtualBox-4.3.28/src/VBox/VMM/VMMR0/VMMR0JmpA-amd64.asm
   993 0000004E 4C89C7                  mov rdi, r8
   994 00000051 4C89CE                  mov rsi, r9
   995                                 %line 131+1 /home/se170/VirtualBox-4.3.28/src/VBox/VMM/VMMR0/VMMR0JmpA-amd64.asm
   996 00000054 41FFD3                  call r11
   997 00000057 4C89E2                  mov rdx, r12
   998                                 
   999                                 %line 140+1 /home/se170/VirtualBox-4.3.28/src/VBox/VMM/VMMR0/VMMR0JmpA-amd64.asm
  1000                                 
  1001                                 
  1002                                 
  1003                                 
  1004                                 .proper_return:
  1005                                 %line 157+1 /home/se170/VirtualBox-4.3.28/src/VBox/VMM/VMMR0/VMMR0JmpA-amd64.asm
  1006 0000005A 488B1A                  mov rbx, [rdx + VMMR0JMPBUF.rbx]
  1007                                 %line 162+1 /home/se170/VirtualBox-4.3.28/src/VBox/VMM/VMMR0/VMMR0JmpA-amd64.asm
  1008 0000005D 4C8B6210                mov r12, [rdx + VMMR0JMPBUF.r12]
  1009 00000061 4C8B6A18                mov r13, [rdx + VMMR0JMPBUF.r13]
  1010 00000065 4C8B7220                mov r14, [rdx + VMMR0JMPBUF.r14]
  1011 00000069 4C8B7A28                mov r15, [rdx + VMMR0JMPBUF.r15]
  1012 0000006D 488B6A08                mov rbp, [rdx + VMMR0JMPBUF.rbp]
  1013 00000071 488B4A38                mov rcx, [rdx + VMMR0JMPBUF.rip]
  1014 00000075 4883623800              and qword [rdx + VMMR0JMPBUF.rip], byte 0
  1015 0000007A 488B6230                mov rsp, [rdx + VMMR0JMPBUF.rsp]
  1016 0000007E FF7240                  push qword [rdx + VMMR0JMPBUF.rflags]
  1017 00000081 9D                      popf
  1018 00000082 FFE1                    jmp rcx
  1019                                 
  1020                                 .entry_error:
  1021 00000084 B86EF5FFFF              mov eax, (-2706)
  1022 00000089 EBCD                    jmp .proper_return
  1023                                 
  1024                                 .stack_overflow:
  1025 0000008B B86DF5FFFF              mov eax, (-2707)
  1026 00000090 EBC6                    jmp .proper_return
  1027                                 
  1028                                 
  1029                                 
  1030                                 
  1031                                 
  1032                                 .bad:
  1033 00000092 4883623800              and qword [rdx + VMMR0JMPBUF.rip], byte 0
  1034 00000097 488B1A                  mov rbx, [rdx + VMMR0JMPBUF.rbx]
  1035                                 %line 193+1 /home/se170/VirtualBox-4.3.28/src/VBox/VMM/VMMR0/VMMR0JmpA-amd64.asm
  1036 0000009A 4C8B6210                mov r12, [rdx + VMMR0JMPBUF.r12]
  1037 0000009E 4C8B6A18                mov r13, [rdx + VMMR0JMPBUF.r13]
  1038 000000A2 4C8B7220                mov r14, [rdx + VMMR0JMPBUF.r14]
  1039 000000A6 4C8B7A28                mov r15, [rdx + VMMR0JMPBUF.r15]
  1040 000000AA B86CF5FFFF              mov eax, (-2708)
  1041 000000AF C9                      leave
  1042 000000B0 C3                      ret
  1043                                 
  1044                                 
  1045                                 
  1046                                 
  1047                                 .resume:
  1048                                 
  1049                                 %line 209+1 /home/se170/VirtualBox-4.3.28/src/VBox/VMM/VMMR0/VMMR0JmpA-amd64.asm
  1050 000000B1 4C3B5258                cmp r10, [rdx + VMMR0JMPBUF.SpCheck]
  1051 000000B5 75D9                    jne .bad
  1052                                 
  1053 000000B7 8B4A4C                  mov ecx, [rdx + VMMR0JMPBUF.cbSavedStack]
  1054 000000BA 4881F900200000          cmp rcx, 8192
  1055 000000C1 77CD                    ja .bad
  1056 000000C3 48F7C103000000          test rcx, 3
  1057 000000CA 75C4                    jnz .bad
  1058 000000CC 488B7A30                mov rdi, [rdx + VMMR0JMPBUF.rsp]
  1059 000000D0 482B7A60                sub rdi, [rdx + VMMR0JMPBUF.SpResume]
  1060 000000D4 4839F9                  cmp rcx, rdi
  1061 000000D7 75B7                    jne .bad
  1062                                 %line 222+1 /home/se170/VirtualBox-4.3.28/src/VBox/VMM/VMMR0/VMMR0JmpA-amd64.asm
  1063                                 
  1064                                 %line 227+1 /home/se170/VirtualBox-4.3.28/src/VBox/VMM/VMMR0/VMMR0JmpA-amd64.asm
  1065                                 
  1066 000000D9 8B4A4C                  mov ecx, [rdx + VMMR0JMPBUF.cbSavedStack]
  1067 000000DC C1E903                  shr ecx, 3
  1068 000000DF 488B7250                mov rsi, [rdx + VMMR0JMPBUF.pvSavedStack]
  1069 000000E3 488B7A60                mov rdi, [rdx + VMMR0JMPBUF.SpResume]
  1070 000000E7 4889FC                  mov rsp, rdi
  1071 000000EA F348A5                  rep movsq
  1072                                 %line 235+1 /home/se170/VirtualBox-4.3.28/src/VBox/VMM/VMMR0/VMMR0JmpA-amd64.asm
  1073 000000ED C6424800                mov byte [rdx + VMMR0JMPBUF.fInRing3Call], 0
  1074                                 
  1075                                 
  1076                                 
  1077                                 
  1078                                 %line 241+1 /home/se170/VirtualBox-4.3.28/src/VBox/VMM/VMMR0/VMMR0JmpA-amd64.asm
  1079 000000F1 58                      pop rax
  1080 000000F2 483D0DF0AD7E            cmp rax, 07eadf00d
  1081 000000F8 7406                    je .magic_ok
  1082 000000FA B923010000              mov ecx, 0123
  1083 000000FF 678911                  mov [ecx], edx
  1084                                 .magic_ok:
  1085                                 %line 261+1 /home/se170/VirtualBox-4.3.28/src/VBox/VMM/VMMR0/VMMR0JmpA-amd64.asm
  1086 00000102 9D                      popf
  1087 00000103 5B                      pop rbx
  1088                                 %line 267+1 /home/se170/VirtualBox-4.3.28/src/VBox/VMM/VMMR0/VMMR0JmpA-amd64.asm
  1089 00000104 415C                    pop r12
  1090 00000106 415D                    pop r13
  1091 00000108 415E                    pop r14
  1092 0000010A 415F                    pop r15
  1093 0000010C 5D                      pop rbp
  1094 0000010D 31C0                    xor eax, eax
  1095 0000010F C3                      ret
  1096                                 [global vmmR0CallRing3SetJmp_EndProc:function hidden]
  1097                                 %line 274+0 /home/se170/VirtualBox-4.3.28/src/VBox/VMM/VMMR0/VMMR0JmpA-amd64.asm
  1098                                 vmmR0CallRing3SetJmp_EndProc:
  1099                                 [size vmmR0CallRing3SetJmp vmmR0CallRing3SetJmp_EndProc - vmmR0CallRing3SetJmp]
  1100                                 [size vmmR0CallRing3SetJmp_EndProc 0]
  1101 00000110 CCCCCCCC                db 0xCC, 0xCC, 0xCC, 0xCC
  1102                                 %line 275+1 /home/se170/VirtualBox-4.3.28/src/VBox/VMM/VMMR0/VMMR0JmpA-amd64.asm
  1103                                 
  1104                                 
  1105                                 
  1106                                 
  1107                                 
  1108                                 
  1109                                 
  1110                                 
  1111                                 
  1112                                 [global vmmR0CallRing3LongJmp:function hidden]
  1113                                 %line 284+0 /home/se170/VirtualBox-4.3.28/src/VBox/VMM/VMMR0/VMMR0JmpA-amd64.asm
  1114                                 vmmR0CallRing3LongJmp:
  1115                                 %line 285+1 /home/se170/VirtualBox-4.3.28/src/VBox/VMM/VMMR0/VMMR0JmpA-amd64.asm
  1116                                 
  1117                                 
  1118                                 
  1119 00000114 55                      push rbp
  1120 00000115 4889E5                  mov rbp, rsp
  1121 00000118 4157                    push r15
  1122 0000011A 4156                    push r14
  1123 0000011C 4155                    push r13
  1124 0000011E 4154                    push r12
  1125                                 %line 298+1 /home/se170/VirtualBox-4.3.28/src/VBox/VMM/VMMR0/VMMR0JmpA-amd64.asm
  1126 00000120 53                      push rbx
  1127 00000121 9C                      pushf
  1128                                 %line 314+1 /home/se170/VirtualBox-4.3.28/src/VBox/VMM/VMMR0/VMMR0JmpA-amd64.asm
  1129 00000122 680DF0AD7E              push 07eadf00d
  1130                                 %line 316+1 /home/se170/VirtualBox-4.3.28/src/VBox/VMM/VMMR0/VMMR0JmpA-amd64.asm
  1131                                 
  1132                                 
  1133                                 
  1134                                 
  1135                                 %line 324+1 /home/se170/VirtualBox-4.3.28/src/VBox/VMM/VMMR0/VMMR0JmpA-amd64.asm
  1136 00000127 4889FA                  mov rdx, rdi
  1137 0000012A 89F0                    mov eax, esi
  1138                                 %line 327+1 /home/se170/VirtualBox-4.3.28/src/VBox/VMM/VMMR0/VMMR0JmpA-amd64.asm
  1139                                 
  1140                                 
  1141                                 
  1142                                 
  1143 0000012C 48837A3800              cmp qword [rdx + VMMR0JMPBUF.rip], byte 0
  1144 00000131 746F                    je .nok
  1145                                 
  1146                                 
  1147                                 
  1148                                 
  1149 00000133 488B7A50                mov rdi, [rdx + VMMR0JMPBUF.pvSavedStack]
  1150 00000137 4885FF                  test rdi, rdi
  1151 0000013A 7466                    jz .nok
  1152 0000013C 48896260                mov [rdx + VMMR0JMPBUF.SpResume], rsp
  1153                                 %line 342+1 /home/se170/VirtualBox-4.3.28/src/VBox/VMM/VMMR0/VMMR0JmpA-amd64.asm
  1154 00000140 4889E6                  mov rsi, rsp
  1155 00000143 488B4A30                mov rcx, [rdx + VMMR0JMPBUF.rsp]
  1156 00000147 4829F1                  sub rcx, rsi
  1157                                 
  1158                                 
  1159 0000014A 4881F900200000          cmp rcx, 8192
  1160 00000151 774F                    jnbe .nok
  1161                                 
  1162                                 
  1163                                 
  1164                                 
  1165 00000153 F7C107000000            test ecx, 7
  1166 00000159 7547                    jnz .nok
  1167 0000015B 894A4C                  mov [rdx + VMMR0JMPBUF.cbSavedStack], ecx
  1168 0000015E C1E903                  shr ecx, 3
  1169 00000161 F348A5                  rep movsq
  1170                                 
  1171                                 %line 360+1 /home/se170/VirtualBox-4.3.28/src/VBox/VMM/VMMR0/VMMR0JmpA-amd64.asm
  1172                                 
  1173                                 
  1174 00000164 4889E9                  mov rcx, rbp
  1175 00000167 48894A70                mov [rdx + VMMR0JMPBUF.SavedEbp], rcx
  1176 0000016B 4883E908                sub rcx, 8
  1177 0000016F 48894A68                mov [rdx + VMMR0JMPBUF.SavedEsp], rcx
  1178                                 
  1179                                 
  1180 00000173 488B4A30                mov rcx, [rdx + VMMR0JMPBUF.rsp]
  1181 00000177 48894A58                mov [rdx + VMMR0JMPBUF.SpCheck], rcx
  1182 0000017B C6424801                mov byte [rdx + VMMR0JMPBUF.fInRing3Call], 1
  1183                                 
  1184                                 
  1185                                 
  1186                                 
  1187                                 %line 387+1 /home/se170/VirtualBox-4.3.28/src/VBox/VMM/VMMR0/VMMR0JmpA-amd64.asm
  1188 0000017F 488B1A                  mov rbx, [rdx + VMMR0JMPBUF.rbx]
  1189                                 %line 392+1 /home/se170/VirtualBox-4.3.28/src/VBox/VMM/VMMR0/VMMR0JmpA-amd64.asm
  1190 00000182 4C8B6210                mov r12, [rdx + VMMR0JMPBUF.r12]
  1191 00000186 4C8B6A18                mov r13, [rdx + VMMR0JMPBUF.r13]
  1192 0000018A 4C8B7220                mov r14, [rdx + VMMR0JMPBUF.r14]
  1193 0000018E 4C8B7A28                mov r15, [rdx + VMMR0JMPBUF.r15]
  1194 00000192 488B6A08                mov rbp, [rdx + VMMR0JMPBUF.rbp]
  1195 00000196 488B4A38                mov rcx, [rdx + VMMR0JMPBUF.rip]
  1196 0000019A 488B6230                mov rsp, [rdx + VMMR0JMPBUF.rsp]
  1197 0000019E FF7240                  push qword [rdx + VMMR0JMPBUF.rflags]
  1198 000001A1 9D                      popf
  1199 000001A2 FFE1                    jmp rcx
  1200                                 
  1201                                 
  1202                                 
  1203                                 
  1204                                 .nok:
  1205                                 %line 408+1 /home/se170/VirtualBox-4.3.28/src/VBox/VMM/VMMR0/VMMR0JmpA-amd64.asm
  1206 000001A4 58                      pop rax
  1207 000001A5 483D0DF0AD7E            cmp rax, 07eadf00d
  1208 000001AB 7405                    je .magic_ok
  1209 000001AD B923010000              mov ecx, 0123
  1210 000001B2 8911                    mov [rcx], edx
  1211                                 .magic_ok:
  1212                                 %line 415+1 /home/se170/VirtualBox-4.3.28/src/VBox/VMM/VMMR0/VMMR0JmpA-amd64.asm
  1213 000001B4 B86BF5FFFF              mov eax, (-2709)
  1214                                 %line 419+1 /home/se170/VirtualBox-4.3.28/src/VBox/VMM/VMMR0/VMMR0JmpA-amd64.asm
  1215 000001B9 9D                      popf
  1216 000001BA 5B                      pop rbx
  1217                                 %line 425+1 /home/se170/VirtualBox-4.3.28/src/VBox/VMM/VMMR0/VMMR0JmpA-amd64.asm
  1218 000001BB 415C                    pop r12
  1219 000001BD 415D                    pop r13
  1220 000001BF 415E                    pop r14
  1221 000001C1 415F                    pop r15
  1222 000001C3 C9                      leave
  1223 000001C4 C3                      ret
  1224                                 [global vmmR0CallRing3LongJmp_EndProc:function hidden]
  1225                                 %line 431+0 /home/se170/VirtualBox-4.3.28/src/VBox/VMM/VMMR0/VMMR0JmpA-amd64.asm
  1226                                 vmmR0CallRing3LongJmp_EndProc:
  1227                                 [size vmmR0CallRing3LongJmp vmmR0CallRing3LongJmp_EndProc - vmmR0CallRing3LongJmp]
  1228                                 [size vmmR0CallRing3LongJmp_EndProc 0]
  1229 000001C5 CCCCCCCC                db 0xCC, 0xCC, 0xCC, 0xCC
  1230                                 %line 432+1 /home/se170/VirtualBox-4.3.28/src/VBox/VMM/VMMR0/VMMR0JmpA-amd64.asm
  1231                                 
  1232                                 
  1233                                 
  1234                                 
  1235                                 
  1236                                 
  1237                                 
  1238                                 [global vmmR0LoggerWrapper]
  1239                                 %line 439+0 /home/se170/VirtualBox-4.3.28/src/VBox/VMM/VMMR0/VMMR0JmpA-amd64.asm
  1240                                 vmmR0LoggerWrapper:
  1241                                 %line 440+1 /home/se170/VirtualBox-4.3.28/src/VBox/VMM/VMMR0/VMMR0JmpA-amd64.asm
  1242 000001C9 CC                      int3
  1243 000001CA CC                      int3
  1244 000001CB CC                      int3
  1245 000001CC C3                      ret
  1246                                 [global vmmR0LoggerWrapper_EndProc:function hidden]
  1247                                 %line 444+0 /home/se170/VirtualBox-4.3.28/src/VBox/VMM/VMMR0/VMMR0JmpA-amd64.asm
  1248                                 vmmR0LoggerWrapper_EndProc:
  1249                                 [size vmmR0LoggerWrapper vmmR0LoggerWrapper_EndProc - vmmR0LoggerWrapper]
  1250                                 [size vmmR0LoggerWrapper_EndProc 0]
  1251 000001CD CCCCCCCC                db 0xCC, 0xCC, 0xCC, 0xCC
  1252                                 %line 445+1 /home/se170/VirtualBox-4.3.28/src/VBox/VMM/VMMR0/VMMR0JmpA-amd64.asm
  1253                                 
