     1                                 %line 1+1 /home/se170/VirtualBox-4.3.28/src/VBox/Runtime/common/string/memcmp.asm
     2                                 
     3                                 
     4                                 
     5                                 
     6                                 
     7                                 
     8                                 
     9                                 
    10                                 
    11                                 
    12                                 
    13                                 
    14                                 
    15                                 
    16                                 
    17                                 
    18                                 
    19                                 
    20                                 
    21                                 
    22                                 
    23                                 
    24                                 
    25                                 
    26                                 
    27                                 
    28                                 %line 1+1 /home/se170/VirtualBox-4.3.28/include/iprt/asmdefs.mac
    29                                 
    30                                 
    31                                 
    32                                 
    33                                 
    34                                 
    35                                 
    36                                 
    37                                 
    38                                 
    39                                 
    40                                 
    41                                 
    42                                 
    43                                 
    44                                 
    45                                 
    46                                 
    47                                 
    48                                 
    49                                 
    50                                 
    51                                 
    52                                 
    53                                 
    54                                 %line 28+1 /home/se170/VirtualBox-4.3.28/include/iprt/asmdefs.mac
    55                                 
    56                                 
    57                                 
    58                                 
    59                                 
    60                                 
    61                                 %line 35+1 /home/se170/VirtualBox-4.3.28/include/iprt/asmdefs.mac
    62                                 
    63                                 %line 37+1 /home/se170/VirtualBox-4.3.28/include/iprt/asmdefs.mac
    64                                 
    65                                 %line 39+1 /home/se170/VirtualBox-4.3.28/include/iprt/asmdefs.mac
    66                                 
    67                                 %line 41+1 /home/se170/VirtualBox-4.3.28/include/iprt/asmdefs.mac
    68                                 
    69                                 %line 43+1 /home/se170/VirtualBox-4.3.28/include/iprt/asmdefs.mac
    70                                 
    71                                 %line 45+1 /home/se170/VirtualBox-4.3.28/include/iprt/asmdefs.mac
    72                                 
    73                                 %line 47+1 /home/se170/VirtualBox-4.3.28/include/iprt/asmdefs.mac
    74                                 
    75                                 %line 49+1 /home/se170/VirtualBox-4.3.28/include/iprt/asmdefs.mac
    76                                 
    77                                 %line 51+1 /home/se170/VirtualBox-4.3.28/include/iprt/asmdefs.mac
    78                                 
    79                                 %line 53+1 /home/se170/VirtualBox-4.3.28/include/iprt/asmdefs.mac
    80                                 
    81                                 %line 55+1 /home/se170/VirtualBox-4.3.28/include/iprt/asmdefs.mac
    82                                 
    83                                 %line 57+1 /home/se170/VirtualBox-4.3.28/include/iprt/asmdefs.mac
    84                                 
    85                                 %line 59+1 /home/se170/VirtualBox-4.3.28/include/iprt/asmdefs.mac
    86                                 
    87                                 %line 61+1 /home/se170/VirtualBox-4.3.28/include/iprt/asmdefs.mac
    88                                 
    89                                 %line 63+1 /home/se170/VirtualBox-4.3.28/include/iprt/asmdefs.mac
    90                                 
    91                                 %line 65+1 /home/se170/VirtualBox-4.3.28/include/iprt/asmdefs.mac
    92                                 
    93                                 %line 67+1 /home/se170/VirtualBox-4.3.28/include/iprt/asmdefs.mac
    94                                 
    95                                 
    96                                 
    97                                 
    98                                 
    99                                 %line 73+1 /home/se170/VirtualBox-4.3.28/include/iprt/asmdefs.mac
   100                                 
   101                                 
   102                                 
   103                                 %line 77+1 /home/se170/VirtualBox-4.3.28/include/iprt/asmdefs.mac
   104                                 
   105                                 
   106                                 %line 84+1 /home/se170/VirtualBox-4.3.28/include/iprt/asmdefs.mac
   107                                 
   108                                 
   109                                 
   110                                 %line 92+1 /home/se170/VirtualBox-4.3.28/include/iprt/asmdefs.mac
   111                                 
   112                                 
   113                                 
   114                                 %line 100+1 /home/se170/VirtualBox-4.3.28/include/iprt/asmdefs.mac
   115                                 
   116                                 
   117                                 
   118                                 %line 108+1 /home/se170/VirtualBox-4.3.28/include/iprt/asmdefs.mac
   119                                 
   120                                 
   121                                 
   122                                 %line 116+1 /home/se170/VirtualBox-4.3.28/include/iprt/asmdefs.mac
   123                                 
   124                                 
   125                                 
   126                                 
   127                                 %line 121+1 /home/se170/VirtualBox-4.3.28/include/iprt/asmdefs.mac
   128                                 
   129                                 
   130                                 
   131                                 %line 125+1 /home/se170/VirtualBox-4.3.28/include/iprt/asmdefs.mac
   132                                 
   133                                 
   134                                 
   135                                 %line 129+1 /home/se170/VirtualBox-4.3.28/include/iprt/asmdefs.mac
   136                                 
   137                                 
   138                                 
   139                                 
   140                                 
   141                                 %line 137+1 /home/se170/VirtualBox-4.3.28/include/iprt/asmdefs.mac
   142                                 
   143                                 
   144                                 
   145                                 
   146                                 %line 157+1 /home/se170/VirtualBox-4.3.28/include/iprt/asmdefs.mac
   147                                 
   148                                 
   149                                 
   150                                 %line 165+1 /home/se170/VirtualBox-4.3.28/include/iprt/asmdefs.mac
   151                                 
   152                                 
   153                                 
   154                                 %line 177+1 /home/se170/VirtualBox-4.3.28/include/iprt/asmdefs.mac
   155                                 
   156                                 
   157                                 
   158                                 
   159                                 %line 188+1 /home/se170/VirtualBox-4.3.28/include/iprt/asmdefs.mac
   160                                 
   161                                 
   162                                 
   163                                 %line 211+1 /home/se170/VirtualBox-4.3.28/include/iprt/asmdefs.mac
   164                                 
   165                                 
   166                                 
   167                                 
   168                                 
   169                                 %line 222+1 /home/se170/VirtualBox-4.3.28/include/iprt/asmdefs.mac
   170                                 
   171                                 
   172                                 
   173                                 %line 236+1 /home/se170/VirtualBox-4.3.28/include/iprt/asmdefs.mac
   174                                 
   175                                 
   176                                 
   177                                 %line 249+1 /home/se170/VirtualBox-4.3.28/include/iprt/asmdefs.mac
   178                                 
   179                                 
   180                                 
   181                                 %line 263+1 /home/se170/VirtualBox-4.3.28/include/iprt/asmdefs.mac
   182                                 
   183                                 
   184                                 
   185                                 %line 274+1 /home/se170/VirtualBox-4.3.28/include/iprt/asmdefs.mac
   186                                 
   187                                 
   188                                 
   189                                 %line 288+1 /home/se170/VirtualBox-4.3.28/include/iprt/asmdefs.mac
   190                                 
   191                                 
   192                                 
   193                                 %line 302+1 /home/se170/VirtualBox-4.3.28/include/iprt/asmdefs.mac
   194                                 
   195                                 
   196                                 
   197                                 
   198                                 
   199                                 
   200                                 
   201                                 
   202                                 %line 356+1 /home/se170/VirtualBox-4.3.28/include/iprt/asmdefs.mac
   203                                 
   204                                 %line 363+1 /home/se170/VirtualBox-4.3.28/include/iprt/asmdefs.mac
   205                                 
   206                                 
   207                                 
   208                                 
   209                                 %line 376+1 /home/se170/VirtualBox-4.3.28/include/iprt/asmdefs.mac
   210                                 
   211                                 
   212                                 
   213                                 
   214                                 
   215                                 
   216                                 
   217                                 %line 396+1 /home/se170/VirtualBox-4.3.28/include/iprt/asmdefs.mac
   218                                 
   219                                 
   220                                 
   221                                 %line 408+1 /home/se170/VirtualBox-4.3.28/include/iprt/asmdefs.mac
   222                                 
   223                                 
   224                                 
   225                                 %line 420+1 /home/se170/VirtualBox-4.3.28/include/iprt/asmdefs.mac
   226                                 
   227                                 
   228                                 
   229                                 
   230                                 
   231                                 %line 432+1 /home/se170/VirtualBox-4.3.28/include/iprt/asmdefs.mac
   232                                 
   233                                 
   234                                 
   235                                 %line 442+1 /home/se170/VirtualBox-4.3.28/include/iprt/asmdefs.mac
   236                                 
   237                                 
   238                                 
   239                                 %line 452+1 /home/se170/VirtualBox-4.3.28/include/iprt/asmdefs.mac
   240                                 
   241                                 
   242                                 
   243                                 %line 462+1 /home/se170/VirtualBox-4.3.28/include/iprt/asmdefs.mac
   244                                 
   245                                 
   246                                 
   247                                 %line 472+1 /home/se170/VirtualBox-4.3.28/include/iprt/asmdefs.mac
   248                                 
   249                                 
   250                                 
   251                                 
   252                                 
   253                                 %line 482+1 /home/se170/VirtualBox-4.3.28/include/iprt/asmdefs.mac
   254                                 
   255                                 
   256                                 
   257                                 
   258                                 %line 491+1 /home/se170/VirtualBox-4.3.28/include/iprt/asmdefs.mac
   259                                 
   260                                 
   261                                 
   262                                 %line 499+1 /home/se170/VirtualBox-4.3.28/include/iprt/asmdefs.mac
   263                                 
   264                                 
   265                                 
   266                                 %line 507+1 /home/se170/VirtualBox-4.3.28/include/iprt/asmdefs.mac
   267                                 
   268                                 
   269                                 
   270                                 
   271                                 
   272                                 %line 517+1 /home/se170/VirtualBox-4.3.28/include/iprt/asmdefs.mac
   273                                 
   274                                 
   275                                 
   276                                 
   277                                 %line 526+1 /home/se170/VirtualBox-4.3.28/include/iprt/asmdefs.mac
   278                                 
   279                                 
   280                                 
   281                                 %line 534+1 /home/se170/VirtualBox-4.3.28/include/iprt/asmdefs.mac
   282                                 
   283                                 
   284                                 
   285                                 %line 542+1 /home/se170/VirtualBox-4.3.28/include/iprt/asmdefs.mac
   286                                 
   287                                 
   288                                 
   289                                 
   290                                 
   291                                 %line 552+1 /home/se170/VirtualBox-4.3.28/include/iprt/asmdefs.mac
   292                                 
   293                                 
   294                                 
   295                                 
   296                                 %line 561+1 /home/se170/VirtualBox-4.3.28/include/iprt/asmdefs.mac
   297                                 
   298                                 
   299                                 
   300                                 %line 569+1 /home/se170/VirtualBox-4.3.28/include/iprt/asmdefs.mac
   301                                 
   302                                 
   303                                 
   304                                 %line 577+1 /home/se170/VirtualBox-4.3.28/include/iprt/asmdefs.mac
   305                                 
   306                                 
   307                                 
   308                                 
   309                                 
   310                                 %line 587+1 /home/se170/VirtualBox-4.3.28/include/iprt/asmdefs.mac
   311                                 
   312                                 
   313                                 
   314                                 
   315                                 %line 596+1 /home/se170/VirtualBox-4.3.28/include/iprt/asmdefs.mac
   316                                 
   317                                 %line 599+1 /home/se170/VirtualBox-4.3.28/include/iprt/asmdefs.mac
   318                                 
   319                                 
   320                                 
   321                                 %line 607+1 /home/se170/VirtualBox-4.3.28/include/iprt/asmdefs.mac
   322                                 
   323                                 
   324                                 
   325                                 %line 615+1 /home/se170/VirtualBox-4.3.28/include/iprt/asmdefs.mac
   326                                 
   327                                 
   328                                 
   329                                 
   330                                 %line 620+1 /home/se170/VirtualBox-4.3.28/include/iprt/asmdefs.mac
   331                                 
   332                                 
   333                                 
   334                                 
   335                                 %line 625+1 /home/se170/VirtualBox-4.3.28/include/iprt/asmdefs.mac
   336                                 
   337                                 
   338                                 
   339                                 %line 629+1 /home/se170/VirtualBox-4.3.28/include/iprt/asmdefs.mac
   340                                 
   341                                 
   342                                 
   343                                 %line 633+1 /home/se170/VirtualBox-4.3.28/include/iprt/asmdefs.mac
   344                                 
   345                                 
   346                                 
   347                                 
   348                                 
   349                                 
   350                                 
   351                                 
   352                                 
   353                                 
   354                                 
   355                                 
   356                                 
   357                                 
   358                                 
   359                                 %line 666+1 /home/se170/VirtualBox-4.3.28/include/iprt/asmdefs.mac
   360                                 
   361                                 
   362                                 
   363                                 
   364                                 
   365                                 %line 672+1 /home/se170/VirtualBox-4.3.28/include/iprt/asmdefs.mac
   366                                 
   367                                 
   368                                 
   369                                 
   370                                 %line 677+1 /home/se170/VirtualBox-4.3.28/include/iprt/asmdefs.mac
   371                                 
   372                                 
   373                                 
   374                                 %line 681+1 /home/se170/VirtualBox-4.3.28/include/iprt/asmdefs.mac
   375                                 
   376                                 
   377                                 
   378                                 %line 685+1 /home/se170/VirtualBox-4.3.28/include/iprt/asmdefs.mac
   379                                 
   380                                 
   381                                 
   382                                 
   383                                 
   384                                 %line 691+1 /home/se170/VirtualBox-4.3.28/include/iprt/asmdefs.mac
   385                                 
   386                                 
   387                                 
   388                                 
   389                                 %line 696+1 /home/se170/VirtualBox-4.3.28/include/iprt/asmdefs.mac
   390                                 
   391                                 
   392                                 
   393                                 %line 700+1 /home/se170/VirtualBox-4.3.28/include/iprt/asmdefs.mac
   394                                 
   395                                 
   396                                 
   397                                 %line 704+1 /home/se170/VirtualBox-4.3.28/include/iprt/asmdefs.mac
   398                                 
   399                                 
   400                                 
   401                                 
   402                                 
   403                                 
   404                                 
   405                                 
   406                                 %line 721+1 /home/se170/VirtualBox-4.3.28/include/iprt/asmdefs.mac
   407                                 
   408                                 
   409                                 
   410                                 
   411                                 
   412                                 
   413                                 
   414                                 
   415                                 
   416                                 
   417                                 
   418                                 
   419                                 
   420                                 
   421                                 %line 746+1 /home/se170/VirtualBox-4.3.28/include/iprt/asmdefs.mac
   422                                 
   423                                 %line 752+1 /home/se170/VirtualBox-4.3.28/include/iprt/asmdefs.mac
   424                                 
   425                                 
   426                                 
   427                                 
   428                                 
   429                                 
   430                                 
   431                                 
   432                                 
   433                                 
   434                                 
   435                                 
   436                                 
   437                                 %line 770+1 /home/se170/VirtualBox-4.3.28/include/iprt/asmdefs.mac
   438                                 
   439                                 
   440                                 
   441                                 
   442                                 
   443                                 
   444                                 
   445                                 %line 791+1 /home/se170/VirtualBox-4.3.28/include/iprt/asmdefs.mac
   446                                 
   447                                 %line 797+1 /home/se170/VirtualBox-4.3.28/include/iprt/asmdefs.mac
   448                                 
   449                                 
   450                                 
   451                                 
   452                                 
   453                                 
   454                                 
   455                                 
   456                                 
   457                                 
   458                                 
   459                                 
   460                                 
   461                                 
   462                                 
   463                                 
   464                                 
   465                                 
   466                                 
   467                                 
   468                                 
   469                                 
   470                                 
   471                                 
   472                                 
   473                                 
   474                                 
   475                                 
   476                                 
   477                                 
   478                                 
   479                                 
   480                                 
   481                                 %line 853+1 /home/se170/VirtualBox-4.3.28/include/iprt/asmdefs.mac
   482                                 
   483                                 
   484                                 
   485                                 
   486                                 
   487                                 
   488                                 
   489                                 
   490                                 
   491                                 
   492                                 %line 873+1 /home/se170/VirtualBox-4.3.28/include/iprt/asmdefs.mac
   493                                 
   494                                 
   495                                 
   496                                 %line 886+1 /home/se170/VirtualBox-4.3.28/include/iprt/asmdefs.mac
   497                                 
   498                                 %line 28+1 /home/se170/VirtualBox-4.3.28/src/VBox/Runtime/common/string/memcmp.asm
   499                                 
   500                                 [section .text]
   501                                 
   502                                 
   503                                 
   504                                 
   505                                 
   506                                 [global nocrt_memcmp:function hidden]
   507                                 %line 35+0 /home/se170/VirtualBox-4.3.28/src/VBox/Runtime/common/string/memcmp.asm
   508                                 nocrt_memcmp:
   509                                 %line 36+1 /home/se170/VirtualBox-4.3.28/src/VBox/Runtime/common/string/memcmp.asm
   510 00000000 FC                      cld
   511 00000001 31C0                    xor eax, eax
   512                                 
   513                                 
   514                                 %line 49+1 /home/se170/VirtualBox-4.3.28/src/VBox/Runtime/common/string/memcmp.asm
   515 00000003 4889D1                  mov rcx, rdx
   516                                 %line 51+1 /home/se170/VirtualBox-4.3.28/src/VBox/Runtime/common/string/memcmp.asm
   517 00000006 48C1E903                shr rcx, 3
   518 0000000A F348A7                  repe cmpsq
   519 0000000D 7518                    jne .not_equal_qword
   520                                 %line 67+1 /home/se170/VirtualBox-4.3.28/src/VBox/Runtime/common/string/memcmp.asm
   521                                 
   522                                 
   523                                 %line 70+1 /home/se170/VirtualBox-4.3.28/src/VBox/Runtime/common/string/memcmp.asm
   524 0000000F F6C204                  test dl, 4
   525 00000012 7401                    jz .dont_cmp_dword
   526 00000014 A7                      cmpsd
   527 00000015 752A                    jne .not_equal_dword
   528                                 %line 75+1 /home/se170/VirtualBox-4.3.28/src/VBox/Runtime/common/string/memcmp.asm
   529                                 .dont_cmp_dword:
   530 00000017 F6C202                  test dl, 2
   531 0000001A 7402                    jz .dont_cmp_word
   532 0000001C 66A7                    cmpsw
   533 0000001E 7532                    jne .not_equal_word
   534                                 .dont_cmp_word:
   535 00000020 F6C201                  test dl, 1
   536 00000023 7401                    jz .dont_cmp_byte
   537 00000025 A6                      cmpsb
   538 00000026 750E                    jne .not_equal_byte
   539                                 .dont_cmp_byte:
   540                                 
   541                                 .done:
   542                                 %line 97+1 /home/se170/VirtualBox-4.3.28/src/VBox/Runtime/common/string/memcmp.asm
   543 00000028 C3                      ret
   544                                 
   545                                 
   546                                 
   547                                 
   548                                 %line 103+1 /home/se170/VirtualBox-4.3.28/src/VBox/Runtime/common/string/memcmp.asm
   549                                 .not_equal_qword:
   550 00000029 B908000000              mov ecx, 8
   551 0000002E 4883EE08                sub rsi, 8
   552 00000032 4883EF08                sub rdi, 8
   553 00000036 F3A6                    repe cmpsb
   554                                 .not_equal_byte:
   555 00000038 8A47FF                  mov al, [rdi-1]
   556 0000003B 0FB64EFF                movzx ecx, byte [rsi-1]
   557 0000003F 29C8                    sub eax, ecx
   558 00000041 EBE3                    jmp .done
   559                                 %line 114+1 /home/se170/VirtualBox-4.3.28/src/VBox/Runtime/common/string/memcmp.asm
   560                                 
   561                                 .not_equal_dword:
   562 00000043 B904000000              mov ecx, 4
   563 00000048 4883EE04                sub rsi, 4
   564 0000004C 4883EF04                sub rdi, 4
   565 00000050 F3A6                    repe cmpsb
   566                                 %line 121+1 /home/se170/VirtualBox-4.3.28/src/VBox/Runtime/common/string/memcmp.asm
   567 00000052 EBE2                    jmp .not_equal_byte
   568                                 %line 129+1 /home/se170/VirtualBox-4.3.28/src/VBox/Runtime/common/string/memcmp.asm
   569                                 
   570                                 .not_equal_word:
   571 00000054 B902000000              mov ecx, 2
   572 00000059 4883EE02                sub rsi, 2
   573 0000005D 4883EF02                sub rdi, 2
   574 00000061 F3A6                    repe cmpsb
   575 00000063 EBD1                    jmp .not_equal_byte
   576                                 [global nocrt_memcmp_EndProc:function hidden]
   577                                 %line 136+0 /home/se170/VirtualBox-4.3.28/src/VBox/Runtime/common/string/memcmp.asm
   578                                 nocrt_memcmp_EndProc:
   579                                 [size nocrt_memcmp nocrt_memcmp_EndProc - nocrt_memcmp]
   580                                 [size nocrt_memcmp_EndProc 0]
   581 00000065 CCCCCCCC                db 0xCC, 0xCC, 0xCC, 0xCC
   582                                 %line 137+1 /home/se170/VirtualBox-4.3.28/src/VBox/Runtime/common/string/memcmp.asm
   583                                 
