     1                                 %line 1+1 /home/se170/VirtualBox-4.3.28/src/VBox/Runtime/common/math/RTUInt128MulByU64.asm
     2                                 
     3                                 
     4                                 
     5                                 
     6                                 
     7                                 
     8                                 
     9                                 
    10                                 
    11                                 
    12                                 
    13                                 
    14                                 
    15                                 
    16                                 
    17                                 
    18                                 
    19                                 
    20                                 
    21                                 
    22                                 
    23                                 
    24                                 
    25                                 
    26                                 
    27                                 
    28                                 
    29                                 %line 1+1 /home/se170/VirtualBox-4.3.28/include/iprt/asmdefs.mac
    30                                 
    31                                 
    32                                 
    33                                 
    34                                 
    35                                 
    36                                 
    37                                 
    38                                 
    39                                 
    40                                 
    41                                 
    42                                 
    43                                 
    44                                 
    45                                 
    46                                 
    47                                 
    48                                 
    49                                 
    50                                 
    51                                 
    52                                 
    53                                 
    54                                 
    55                                 %line 28+1 /home/se170/VirtualBox-4.3.28/include/iprt/asmdefs.mac
    56                                 
    57                                 
    58                                 
    59                                 
    60                                 
    61                                 
    62                                 %line 35+1 /home/se170/VirtualBox-4.3.28/include/iprt/asmdefs.mac
    63                                 
    64                                 %line 37+1 /home/se170/VirtualBox-4.3.28/include/iprt/asmdefs.mac
    65                                 
    66                                 %line 39+1 /home/se170/VirtualBox-4.3.28/include/iprt/asmdefs.mac
    67                                 
    68                                 %line 41+1 /home/se170/VirtualBox-4.3.28/include/iprt/asmdefs.mac
    69                                 
    70                                 %line 43+1 /home/se170/VirtualBox-4.3.28/include/iprt/asmdefs.mac
    71                                 
    72                                 %line 45+1 /home/se170/VirtualBox-4.3.28/include/iprt/asmdefs.mac
    73                                 
    74                                 %line 47+1 /home/se170/VirtualBox-4.3.28/include/iprt/asmdefs.mac
    75                                 
    76                                 %line 49+1 /home/se170/VirtualBox-4.3.28/include/iprt/asmdefs.mac
    77                                 
    78                                 %line 51+1 /home/se170/VirtualBox-4.3.28/include/iprt/asmdefs.mac
    79                                 
    80                                 %line 53+1 /home/se170/VirtualBox-4.3.28/include/iprt/asmdefs.mac
    81                                 
    82                                 %line 55+1 /home/se170/VirtualBox-4.3.28/include/iprt/asmdefs.mac
    83                                 
    84                                 %line 57+1 /home/se170/VirtualBox-4.3.28/include/iprt/asmdefs.mac
    85                                 
    86                                 %line 59+1 /home/se170/VirtualBox-4.3.28/include/iprt/asmdefs.mac
    87                                 
    88                                 %line 61+1 /home/se170/VirtualBox-4.3.28/include/iprt/asmdefs.mac
    89                                 
    90                                 %line 63+1 /home/se170/VirtualBox-4.3.28/include/iprt/asmdefs.mac
    91                                 
    92                                 %line 65+1 /home/se170/VirtualBox-4.3.28/include/iprt/asmdefs.mac
    93                                 
    94                                 %line 67+1 /home/se170/VirtualBox-4.3.28/include/iprt/asmdefs.mac
    95                                 
    96                                 
    97                                 
    98                                 
    99                                 
   100                                 %line 73+1 /home/se170/VirtualBox-4.3.28/include/iprt/asmdefs.mac
   101                                 
   102                                 
   103                                 
   104                                 %line 77+1 /home/se170/VirtualBox-4.3.28/include/iprt/asmdefs.mac
   105                                 
   106                                 
   107                                 %line 84+1 /home/se170/VirtualBox-4.3.28/include/iprt/asmdefs.mac
   108                                 
   109                                 
   110                                 
   111                                 %line 92+1 /home/se170/VirtualBox-4.3.28/include/iprt/asmdefs.mac
   112                                 
   113                                 
   114                                 
   115                                 %line 100+1 /home/se170/VirtualBox-4.3.28/include/iprt/asmdefs.mac
   116                                 
   117                                 
   118                                 
   119                                 %line 108+1 /home/se170/VirtualBox-4.3.28/include/iprt/asmdefs.mac
   120                                 
   121                                 
   122                                 
   123                                 %line 116+1 /home/se170/VirtualBox-4.3.28/include/iprt/asmdefs.mac
   124                                 
   125                                 
   126                                 
   127                                 
   128                                 %line 121+1 /home/se170/VirtualBox-4.3.28/include/iprt/asmdefs.mac
   129                                 
   130                                 
   131                                 
   132                                 %line 125+1 /home/se170/VirtualBox-4.3.28/include/iprt/asmdefs.mac
   133                                 
   134                                 
   135                                 
   136                                 %line 129+1 /home/se170/VirtualBox-4.3.28/include/iprt/asmdefs.mac
   137                                 
   138                                 
   139                                 
   140                                 
   141                                 
   142                                 %line 137+1 /home/se170/VirtualBox-4.3.28/include/iprt/asmdefs.mac
   143                                 
   144                                 
   145                                 
   146                                 
   147                                 %line 157+1 /home/se170/VirtualBox-4.3.28/include/iprt/asmdefs.mac
   148                                 
   149                                 
   150                                 
   151                                 %line 165+1 /home/se170/VirtualBox-4.3.28/include/iprt/asmdefs.mac
   152                                 
   153                                 
   154                                 
   155                                 %line 177+1 /home/se170/VirtualBox-4.3.28/include/iprt/asmdefs.mac
   156                                 
   157                                 
   158                                 
   159                                 
   160                                 %line 188+1 /home/se170/VirtualBox-4.3.28/include/iprt/asmdefs.mac
   161                                 
   162                                 
   163                                 
   164                                 %line 211+1 /home/se170/VirtualBox-4.3.28/include/iprt/asmdefs.mac
   165                                 
   166                                 
   167                                 
   168                                 
   169                                 
   170                                 %line 222+1 /home/se170/VirtualBox-4.3.28/include/iprt/asmdefs.mac
   171                                 
   172                                 
   173                                 
   174                                 %line 236+1 /home/se170/VirtualBox-4.3.28/include/iprt/asmdefs.mac
   175                                 
   176                                 
   177                                 
   178                                 %line 249+1 /home/se170/VirtualBox-4.3.28/include/iprt/asmdefs.mac
   179                                 
   180                                 
   181                                 
   182                                 %line 263+1 /home/se170/VirtualBox-4.3.28/include/iprt/asmdefs.mac
   183                                 
   184                                 
   185                                 
   186                                 %line 274+1 /home/se170/VirtualBox-4.3.28/include/iprt/asmdefs.mac
   187                                 
   188                                 
   189                                 
   190                                 %line 288+1 /home/se170/VirtualBox-4.3.28/include/iprt/asmdefs.mac
   191                                 
   192                                 
   193                                 
   194                                 %line 302+1 /home/se170/VirtualBox-4.3.28/include/iprt/asmdefs.mac
   195                                 
   196                                 
   197                                 
   198                                 
   199                                 
   200                                 
   201                                 
   202                                 
   203                                 %line 356+1 /home/se170/VirtualBox-4.3.28/include/iprt/asmdefs.mac
   204                                 
   205                                 %line 363+1 /home/se170/VirtualBox-4.3.28/include/iprt/asmdefs.mac
   206                                 
   207                                 
   208                                 
   209                                 
   210                                 %line 376+1 /home/se170/VirtualBox-4.3.28/include/iprt/asmdefs.mac
   211                                 
   212                                 
   213                                 
   214                                 
   215                                 
   216                                 
   217                                 
   218                                 %line 396+1 /home/se170/VirtualBox-4.3.28/include/iprt/asmdefs.mac
   219                                 
   220                                 
   221                                 
   222                                 %line 408+1 /home/se170/VirtualBox-4.3.28/include/iprt/asmdefs.mac
   223                                 
   224                                 
   225                                 
   226                                 %line 420+1 /home/se170/VirtualBox-4.3.28/include/iprt/asmdefs.mac
   227                                 
   228                                 
   229                                 
   230                                 
   231                                 
   232                                 %line 432+1 /home/se170/VirtualBox-4.3.28/include/iprt/asmdefs.mac
   233                                 
   234                                 
   235                                 
   236                                 %line 442+1 /home/se170/VirtualBox-4.3.28/include/iprt/asmdefs.mac
   237                                 
   238                                 
   239                                 
   240                                 %line 452+1 /home/se170/VirtualBox-4.3.28/include/iprt/asmdefs.mac
   241                                 
   242                                 
   243                                 
   244                                 %line 462+1 /home/se170/VirtualBox-4.3.28/include/iprt/asmdefs.mac
   245                                 
   246                                 
   247                                 
   248                                 %line 472+1 /home/se170/VirtualBox-4.3.28/include/iprt/asmdefs.mac
   249                                 
   250                                 
   251                                 
   252                                 
   253                                 
   254                                 %line 482+1 /home/se170/VirtualBox-4.3.28/include/iprt/asmdefs.mac
   255                                 
   256                                 
   257                                 
   258                                 
   259                                 %line 491+1 /home/se170/VirtualBox-4.3.28/include/iprt/asmdefs.mac
   260                                 
   261                                 
   262                                 
   263                                 %line 499+1 /home/se170/VirtualBox-4.3.28/include/iprt/asmdefs.mac
   264                                 
   265                                 
   266                                 
   267                                 %line 507+1 /home/se170/VirtualBox-4.3.28/include/iprt/asmdefs.mac
   268                                 
   269                                 
   270                                 
   271                                 
   272                                 
   273                                 %line 517+1 /home/se170/VirtualBox-4.3.28/include/iprt/asmdefs.mac
   274                                 
   275                                 
   276                                 
   277                                 
   278                                 %line 526+1 /home/se170/VirtualBox-4.3.28/include/iprt/asmdefs.mac
   279                                 
   280                                 
   281                                 
   282                                 %line 534+1 /home/se170/VirtualBox-4.3.28/include/iprt/asmdefs.mac
   283                                 
   284                                 
   285                                 
   286                                 %line 542+1 /home/se170/VirtualBox-4.3.28/include/iprt/asmdefs.mac
   287                                 
   288                                 
   289                                 
   290                                 
   291                                 
   292                                 %line 552+1 /home/se170/VirtualBox-4.3.28/include/iprt/asmdefs.mac
   293                                 
   294                                 
   295                                 
   296                                 
   297                                 %line 561+1 /home/se170/VirtualBox-4.3.28/include/iprt/asmdefs.mac
   298                                 
   299                                 
   300                                 
   301                                 %line 569+1 /home/se170/VirtualBox-4.3.28/include/iprt/asmdefs.mac
   302                                 
   303                                 
   304                                 
   305                                 %line 577+1 /home/se170/VirtualBox-4.3.28/include/iprt/asmdefs.mac
   306                                 
   307                                 
   308                                 
   309                                 
   310                                 
   311                                 %line 587+1 /home/se170/VirtualBox-4.3.28/include/iprt/asmdefs.mac
   312                                 
   313                                 
   314                                 
   315                                 
   316                                 %line 596+1 /home/se170/VirtualBox-4.3.28/include/iprt/asmdefs.mac
   317                                 
   318                                 %line 599+1 /home/se170/VirtualBox-4.3.28/include/iprt/asmdefs.mac
   319                                 
   320                                 
   321                                 
   322                                 %line 607+1 /home/se170/VirtualBox-4.3.28/include/iprt/asmdefs.mac
   323                                 
   324                                 
   325                                 
   326                                 %line 615+1 /home/se170/VirtualBox-4.3.28/include/iprt/asmdefs.mac
   327                                 
   328                                 
   329                                 
   330                                 
   331                                 %line 620+1 /home/se170/VirtualBox-4.3.28/include/iprt/asmdefs.mac
   332                                 
   333                                 
   334                                 
   335                                 
   336                                 %line 625+1 /home/se170/VirtualBox-4.3.28/include/iprt/asmdefs.mac
   337                                 
   338                                 
   339                                 
   340                                 %line 629+1 /home/se170/VirtualBox-4.3.28/include/iprt/asmdefs.mac
   341                                 
   342                                 
   343                                 
   344                                 %line 633+1 /home/se170/VirtualBox-4.3.28/include/iprt/asmdefs.mac
   345                                 
   346                                 
   347                                 
   348                                 
   349                                 
   350                                 
   351                                 
   352                                 
   353                                 
   354                                 
   355                                 
   356                                 
   357                                 
   358                                 
   359                                 
   360                                 %line 666+1 /home/se170/VirtualBox-4.3.28/include/iprt/asmdefs.mac
   361                                 
   362                                 
   363                                 
   364                                 
   365                                 
   366                                 %line 672+1 /home/se170/VirtualBox-4.3.28/include/iprt/asmdefs.mac
   367                                 
   368                                 
   369                                 
   370                                 
   371                                 %line 677+1 /home/se170/VirtualBox-4.3.28/include/iprt/asmdefs.mac
   372                                 
   373                                 
   374                                 
   375                                 %line 681+1 /home/se170/VirtualBox-4.3.28/include/iprt/asmdefs.mac
   376                                 
   377                                 
   378                                 
   379                                 %line 685+1 /home/se170/VirtualBox-4.3.28/include/iprt/asmdefs.mac
   380                                 
   381                                 
   382                                 
   383                                 
   384                                 
   385                                 %line 691+1 /home/se170/VirtualBox-4.3.28/include/iprt/asmdefs.mac
   386                                 
   387                                 
   388                                 
   389                                 
   390                                 %line 696+1 /home/se170/VirtualBox-4.3.28/include/iprt/asmdefs.mac
   391                                 
   392                                 
   393                                 
   394                                 %line 700+1 /home/se170/VirtualBox-4.3.28/include/iprt/asmdefs.mac
   395                                 
   396                                 
   397                                 
   398                                 %line 704+1 /home/se170/VirtualBox-4.3.28/include/iprt/asmdefs.mac
   399                                 
   400                                 
   401                                 
   402                                 
   403                                 
   404                                 
   405                                 
   406                                 
   407                                 %line 721+1 /home/se170/VirtualBox-4.3.28/include/iprt/asmdefs.mac
   408                                 
   409                                 
   410                                 
   411                                 
   412                                 
   413                                 
   414                                 
   415                                 
   416                                 
   417                                 
   418                                 
   419                                 
   420                                 
   421                                 
   422                                 %line 738+1 /home/se170/VirtualBox-4.3.28/include/iprt/asmdefs.mac
   423                                 
   424                                 %line 752+1 /home/se170/VirtualBox-4.3.28/include/iprt/asmdefs.mac
   425                                 
   426                                 
   427                                 
   428                                 
   429                                 
   430                                 
   431                                 
   432                                 
   433                                 
   434                                 
   435                                 
   436                                 
   437                                 
   438                                 %line 770+1 /home/se170/VirtualBox-4.3.28/include/iprt/asmdefs.mac
   439                                 
   440                                 
   441                                 
   442                                 
   443                                 
   444                                 
   445                                 
   446                                 %line 791+1 /home/se170/VirtualBox-4.3.28/include/iprt/asmdefs.mac
   447                                 
   448                                 %line 797+1 /home/se170/VirtualBox-4.3.28/include/iprt/asmdefs.mac
   449                                 
   450                                 
   451                                 
   452                                 
   453                                 
   454                                 
   455                                 
   456                                 
   457                                 
   458                                 
   459                                 
   460                                 
   461                                 
   462                                 
   463                                 
   464                                 
   465                                 
   466                                 
   467                                 
   468                                 
   469                                 
   470                                 
   471                                 
   472                                 
   473                                 
   474                                 
   475                                 
   476                                 
   477                                 
   478                                 
   479                                 
   480                                 
   481                                 
   482                                 %line 853+1 /home/se170/VirtualBox-4.3.28/include/iprt/asmdefs.mac
   483                                 
   484                                 
   485                                 
   486                                 
   487                                 
   488                                 
   489                                 
   490                                 
   491                                 
   492                                 
   493                                 %line 873+1 /home/se170/VirtualBox-4.3.28/include/iprt/asmdefs.mac
   494                                 
   495                                 
   496                                 
   497                                 %line 886+1 /home/se170/VirtualBox-4.3.28/include/iprt/asmdefs.mac
   498                                 
   499                                 %line 1+1 /home/se170/VirtualBox-4.3.28/src/VBox/Runtime/include/internal/bignum.mac
   500                                 
   501                                 
   502                                 
   503                                 
   504                                 
   505                                 
   506                                 
   507                                 
   508                                 
   509                                 
   510                                 
   511                                 
   512                                 
   513                                 
   514                                 
   515                                 
   516                                 
   517                                 
   518                                 
   519                                 
   520                                 
   521                                 
   522                                 
   523                                 
   524                                 
   525                                 
   526                                 %line 29+1 /home/se170/VirtualBox-4.3.28/src/VBox/Runtime/include/internal/bignum.mac
   527                                 
   528                                 %line 1+1 /home/se170/VirtualBox-4.3.28/include/iprt/asmdefs.mac
   529                                 
   530                                 
   531                                 
   532                                 
   533                                 
   534                                 
   535                                 
   536                                 
   537                                 
   538                                 
   539                                 
   540                                 
   541                                 
   542                                 
   543                                 
   544                                 
   545                                 
   546                                 
   547                                 
   548                                 
   549                                 
   550                                 
   551                                 
   552                                 
   553                                 
   554                                 %line 31+1 /home/se170/VirtualBox-4.3.28/src/VBox/Runtime/include/internal/bignum.mac
   555                                 
   556                                 
   557                                 %line 44+1 /home/se170/VirtualBox-4.3.28/src/VBox/Runtime/include/internal/bignum.mac
   558                                 
   559                                 [absolute 0]
   560                                 %line 45+0 /home/se170/VirtualBox-4.3.28/src/VBox/Runtime/include/internal/bignum.mac
   561                                 RTBIGNUM:
   562                                 %line 46+1 /home/se170/VirtualBox-4.3.28/src/VBox/Runtime/include/internal/bignum.mac
   563                                  .pauElements resq 1
   564                                  .cUsed resd 1
   565                                  .cAllocated resd 1
   566                                  .uReserved resd 1
   567                                  .fFlags resd 1
   568                                 RTBIGNUM_size:
   569                                 %line 51+0 /home/se170/VirtualBox-4.3.28/src/VBox/Runtime/include/internal/bignum.mac
   570                                 [section .text]
   571                                 %line 52+1 /home/se170/VirtualBox-4.3.28/src/VBox/Runtime/include/internal/bignum.mac
   572                                 
   573                                 %line 54+1 /home/se170/VirtualBox-4.3.28/src/VBox/Runtime/include/internal/bignum.mac
   574                                 
   575                                 %line 31+1 /home/se170/VirtualBox-4.3.28/src/VBox/Runtime/common/math/RTUInt128MulByU64.asm
   576                                 
   577                                 
   578                                 [section .text]
   579                                 
   580                                 
   581                                 
   582                                 
   583                                 
   584                                 
   585                                 
   586                                 
   587                                 
   588                                 [global RTUInt128MulByU64:function]
   589                                 %line 43+0 /home/se170/VirtualBox-4.3.28/src/VBox/Runtime/common/math/RTUInt128MulByU64.asm
   590                                 RTUInt128MulByU64:
   591                                 %line 44+1 /home/se170/VirtualBox-4.3.28/src/VBox/Runtime/common/math/RTUInt128MulByU64.asm
   592                                 
   593                                 %line 46+1 /home/se170/VirtualBox-4.3.28/src/VBox/Runtime/common/math/RTUInt128MulByU64.asm
   594                                 
   595                                 %line 52+1 /home/se170/VirtualBox-4.3.28/src/VBox/Runtime/common/math/RTUInt128MulByU64.asm
   596 00000000 4989D0                  mov r8, rdx
   597                                 %line 59+1 /home/se170/VirtualBox-4.3.28/src/VBox/Runtime/common/math/RTUInt128MulByU64.asm
   598                                 
   599                                 
   600 00000003 488B06                  mov rax, [rsi]
   601 00000006 49F7E0                  mul r8
   602 00000009 488907                  mov [rdi], rax
   603 0000000C 4989D3                  mov r11, rdx
   604                                 
   605                                 
   606 0000000F 488B4608                mov rax, [rsi + 8]
   607 00000013 49F7E0                  mul r8
   608 00000016 4901C3                  add r11, rax
   609 00000019 4C895F08                mov [rdi + 8], r11
   610                                 
   611 0000001D 4889F8                  mov rax, rdi
   612                                 
   613                                 
   614                                 %line 78+1 /home/se170/VirtualBox-4.3.28/src/VBox/Runtime/common/math/RTUInt128MulByU64.asm
   615                                 
   616 00000020 C3                      ret
   617                                 [global RTUInt128MulByU64_EndProc:function hidden]
   618                                 %line 80+0 /home/se170/VirtualBox-4.3.28/src/VBox/Runtime/common/math/RTUInt128MulByU64.asm
   619                                 RTUInt128MulByU64_EndProc:
   620                                 [size RTUInt128MulByU64 RTUInt128MulByU64_EndProc - RTUInt128MulByU64]
   621                                 [size RTUInt128MulByU64_EndProc 0]
   622 00000021 CCCCCCCC                db 0xCC, 0xCC, 0xCC, 0xCC
   623                                 %line 81+1 /home/se170/VirtualBox-4.3.28/src/VBox/Runtime/common/math/RTUInt128MulByU64.asm
   624                                 
   625                                 
