     1                                 %line 1+1 /home/se170/VirtualBox-4.3.28/src/VBox/Runtime/common/string/memcmp.asm
     2                                 
     3                                 
     4                                 
     5                                 
     6                                 
     7                                 
     8                                 
     9                                 
    10                                 
    11                                 
    12                                 
    13                                 
    14                                 
    15                                 
    16                                 
    17                                 
    18                                 
    19                                 
    20                                 
    21                                 
    22                                 
    23                                 
    24                                 
    25                                 
    26                                 
    27                                 
    28                                 %line 1+1 /home/se170/VirtualBox-4.3.28/include/iprt/asmdefs.mac
    29                                 
    30                                 
    31                                 
    32                                 
    33                                 
    34                                 
    35                                 
    36                                 
    37                                 
    38                                 
    39                                 
    40                                 
    41                                 
    42                                 
    43                                 
    44                                 
    45                                 
    46                                 
    47                                 
    48                                 
    49                                 
    50                                 
    51                                 
    52                                 
    53                                 
    54                                 %line 28+1 /home/se170/VirtualBox-4.3.28/include/iprt/asmdefs.mac
    55                                 
    56                                 
    57                                 
    58                                 
    59                                 
    60                                 
    61                                 %line 35+1 /home/se170/VirtualBox-4.3.28/include/iprt/asmdefs.mac
    62                                 
    63                                 %line 37+1 /home/se170/VirtualBox-4.3.28/include/iprt/asmdefs.mac
    64                                 
    65                                 %line 39+1 /home/se170/VirtualBox-4.3.28/include/iprt/asmdefs.mac
    66                                 
    67                                 %line 41+1 /home/se170/VirtualBox-4.3.28/include/iprt/asmdefs.mac
    68                                 
    69                                 %line 43+1 /home/se170/VirtualBox-4.3.28/include/iprt/asmdefs.mac
    70                                 
    71                                 %line 45+1 /home/se170/VirtualBox-4.3.28/include/iprt/asmdefs.mac
    72                                 
    73                                 %line 47+1 /home/se170/VirtualBox-4.3.28/include/iprt/asmdefs.mac
    74                                 
    75                                 %line 49+1 /home/se170/VirtualBox-4.3.28/include/iprt/asmdefs.mac
    76                                 
    77                                 %line 51+1 /home/se170/VirtualBox-4.3.28/include/iprt/asmdefs.mac
    78                                 
    79                                 %line 53+1 /home/se170/VirtualBox-4.3.28/include/iprt/asmdefs.mac
    80                                 
    81                                 %line 55+1 /home/se170/VirtualBox-4.3.28/include/iprt/asmdefs.mac
    82                                 
    83                                 %line 57+1 /home/se170/VirtualBox-4.3.28/include/iprt/asmdefs.mac
    84                                 
    85                                 %line 59+1 /home/se170/VirtualBox-4.3.28/include/iprt/asmdefs.mac
    86                                 
    87                                 %line 61+1 /home/se170/VirtualBox-4.3.28/include/iprt/asmdefs.mac
    88                                 
    89                                 %line 63+1 /home/se170/VirtualBox-4.3.28/include/iprt/asmdefs.mac
    90                                 
    91                                 %line 65+1 /home/se170/VirtualBox-4.3.28/include/iprt/asmdefs.mac
    92                                 
    93                                 %line 67+1 /home/se170/VirtualBox-4.3.28/include/iprt/asmdefs.mac
    94                                 
    95                                 
    96                                 
    97                                 
    98                                 
    99                                 %line 73+1 /home/se170/VirtualBox-4.3.28/include/iprt/asmdefs.mac
   100                                 
   101                                 
   102                                 
   103                                 %line 77+1 /home/se170/VirtualBox-4.3.28/include/iprt/asmdefs.mac
   104                                 
   105                                 
   106                                 %line 84+1 /home/se170/VirtualBox-4.3.28/include/iprt/asmdefs.mac
   107                                 
   108                                 
   109                                 
   110                                 %line 92+1 /home/se170/VirtualBox-4.3.28/include/iprt/asmdefs.mac
   111                                 
   112                                 
   113                                 
   114                                 %line 100+1 /home/se170/VirtualBox-4.3.28/include/iprt/asmdefs.mac
   115                                 
   116                                 
   117                                 
   118                                 %line 108+1 /home/se170/VirtualBox-4.3.28/include/iprt/asmdefs.mac
   119                                 
   120                                 
   121                                 
   122                                 %line 116+1 /home/se170/VirtualBox-4.3.28/include/iprt/asmdefs.mac
   123                                 
   124                                 
   125                                 
   126                                 
   127                                 %line 121+1 /home/se170/VirtualBox-4.3.28/include/iprt/asmdefs.mac
   128                                 
   129                                 
   130                                 
   131                                 %line 125+1 /home/se170/VirtualBox-4.3.28/include/iprt/asmdefs.mac
   132                                 
   133                                 
   134                                 
   135                                 %line 129+1 /home/se170/VirtualBox-4.3.28/include/iprt/asmdefs.mac
   136                                 
   137                                 
   138                                 
   139                                 
   140                                 
   141                                 %line 137+1 /home/se170/VirtualBox-4.3.28/include/iprt/asmdefs.mac
   142                                 
   143                                 
   144                                 
   145                                 
   146                                 %line 157+1 /home/se170/VirtualBox-4.3.28/include/iprt/asmdefs.mac
   147                                 
   148                                 
   149                                 
   150                                 %line 165+1 /home/se170/VirtualBox-4.3.28/include/iprt/asmdefs.mac
   151                                 
   152                                 
   153                                 
   154                                 %line 177+1 /home/se170/VirtualBox-4.3.28/include/iprt/asmdefs.mac
   155                                 
   156                                 
   157                                 
   158                                 
   159                                 %line 188+1 /home/se170/VirtualBox-4.3.28/include/iprt/asmdefs.mac
   160                                 
   161                                 
   162                                 
   163                                 %line 211+1 /home/se170/VirtualBox-4.3.28/include/iprt/asmdefs.mac
   164                                 
   165                                 
   166                                 
   167                                 
   168                                 
   169                                 %line 222+1 /home/se170/VirtualBox-4.3.28/include/iprt/asmdefs.mac
   170                                 
   171                                 
   172                                 
   173                                 %line 236+1 /home/se170/VirtualBox-4.3.28/include/iprt/asmdefs.mac
   174                                 
   175                                 
   176                                 
   177                                 %line 249+1 /home/se170/VirtualBox-4.3.28/include/iprt/asmdefs.mac
   178                                 
   179                                 
   180                                 
   181                                 %line 263+1 /home/se170/VirtualBox-4.3.28/include/iprt/asmdefs.mac
   182                                 
   183                                 
   184                                 
   185                                 %line 274+1 /home/se170/VirtualBox-4.3.28/include/iprt/asmdefs.mac
   186                                 
   187                                 
   188                                 
   189                                 %line 288+1 /home/se170/VirtualBox-4.3.28/include/iprt/asmdefs.mac
   190                                 
   191                                 
   192                                 
   193                                 %line 302+1 /home/se170/VirtualBox-4.3.28/include/iprt/asmdefs.mac
   194                                 
   195                                 
   196                                 
   197                                 
   198                                 
   199                                 
   200                                 
   201                                 
   202                                 %line 356+1 /home/se170/VirtualBox-4.3.28/include/iprt/asmdefs.mac
   203                                 
   204                                 %line 363+1 /home/se170/VirtualBox-4.3.28/include/iprt/asmdefs.mac
   205                                 
   206                                 
   207                                 
   208                                 
   209                                 %line 376+1 /home/se170/VirtualBox-4.3.28/include/iprt/asmdefs.mac
   210                                 
   211                                 
   212                                 
   213                                 
   214                                 
   215                                 
   216                                 
   217                                 %line 396+1 /home/se170/VirtualBox-4.3.28/include/iprt/asmdefs.mac
   218                                 
   219                                 
   220                                 
   221                                 %line 408+1 /home/se170/VirtualBox-4.3.28/include/iprt/asmdefs.mac
   222                                 
   223                                 
   224                                 
   225                                 %line 420+1 /home/se170/VirtualBox-4.3.28/include/iprt/asmdefs.mac
   226                                 
   227                                 
   228                                 
   229                                 
   230                                 
   231                                 %line 432+1 /home/se170/VirtualBox-4.3.28/include/iprt/asmdefs.mac
   232                                 
   233                                 
   234                                 
   235                                 %line 442+1 /home/se170/VirtualBox-4.3.28/include/iprt/asmdefs.mac
   236                                 
   237                                 
   238                                 
   239                                 %line 452+1 /home/se170/VirtualBox-4.3.28/include/iprt/asmdefs.mac
   240                                 
   241                                 
   242                                 
   243                                 %line 462+1 /home/se170/VirtualBox-4.3.28/include/iprt/asmdefs.mac
   244                                 
   245                                 
   246                                 
   247                                 %line 472+1 /home/se170/VirtualBox-4.3.28/include/iprt/asmdefs.mac
   248                                 
   249                                 
   250                                 
   251                                 
   252                                 
   253                                 %line 482+1 /home/se170/VirtualBox-4.3.28/include/iprt/asmdefs.mac
   254                                 
   255                                 
   256                                 
   257                                 
   258                                 %line 491+1 /home/se170/VirtualBox-4.3.28/include/iprt/asmdefs.mac
   259                                 
   260                                 
   261                                 
   262                                 %line 499+1 /home/se170/VirtualBox-4.3.28/include/iprt/asmdefs.mac
   263                                 
   264                                 
   265                                 
   266                                 %line 507+1 /home/se170/VirtualBox-4.3.28/include/iprt/asmdefs.mac
   267                                 
   268                                 
   269                                 
   270                                 
   271                                 
   272                                 %line 517+1 /home/se170/VirtualBox-4.3.28/include/iprt/asmdefs.mac
   273                                 
   274                                 
   275                                 
   276                                 
   277                                 %line 526+1 /home/se170/VirtualBox-4.3.28/include/iprt/asmdefs.mac
   278                                 
   279                                 
   280                                 
   281                                 %line 534+1 /home/se170/VirtualBox-4.3.28/include/iprt/asmdefs.mac
   282                                 
   283                                 
   284                                 
   285                                 %line 542+1 /home/se170/VirtualBox-4.3.28/include/iprt/asmdefs.mac
   286                                 
   287                                 
   288                                 
   289                                 
   290                                 
   291                                 %line 552+1 /home/se170/VirtualBox-4.3.28/include/iprt/asmdefs.mac
   292                                 
   293                                 
   294                                 
   295                                 
   296                                 %line 561+1 /home/se170/VirtualBox-4.3.28/include/iprt/asmdefs.mac
   297                                 
   298                                 
   299                                 
   300                                 %line 569+1 /home/se170/VirtualBox-4.3.28/include/iprt/asmdefs.mac
   301                                 
   302                                 
   303                                 
   304                                 %line 577+1 /home/se170/VirtualBox-4.3.28/include/iprt/asmdefs.mac
   305                                 
   306                                 
   307                                 
   308                                 
   309                                 
   310                                 %line 587+1 /home/se170/VirtualBox-4.3.28/include/iprt/asmdefs.mac
   311                                 
   312                                 
   313                                 
   314                                 
   315                                 %line 596+1 /home/se170/VirtualBox-4.3.28/include/iprt/asmdefs.mac
   316                                 
   317                                 %line 599+1 /home/se170/VirtualBox-4.3.28/include/iprt/asmdefs.mac
   318                                 
   319                                 
   320                                 
   321                                 %line 607+1 /home/se170/VirtualBox-4.3.28/include/iprt/asmdefs.mac
   322                                 
   323                                 
   324                                 
   325                                 %line 615+1 /home/se170/VirtualBox-4.3.28/include/iprt/asmdefs.mac
   326                                 
   327                                 
   328                                 
   329                                 
   330                                 %line 620+1 /home/se170/VirtualBox-4.3.28/include/iprt/asmdefs.mac
   331                                 
   332                                 
   333                                 
   334                                 
   335                                 %line 625+1 /home/se170/VirtualBox-4.3.28/include/iprt/asmdefs.mac
   336                                 
   337                                 
   338                                 
   339                                 %line 629+1 /home/se170/VirtualBox-4.3.28/include/iprt/asmdefs.mac
   340                                 
   341                                 
   342                                 
   343                                 %line 633+1 /home/se170/VirtualBox-4.3.28/include/iprt/asmdefs.mac
   344                                 
   345                                 
   346                                 
   347                                 
   348                                 
   349                                 
   350                                 
   351                                 
   352                                 
   353                                 
   354                                 
   355                                 
   356                                 
   357                                 
   358                                 
   359                                 %line 666+1 /home/se170/VirtualBox-4.3.28/include/iprt/asmdefs.mac
   360                                 
   361                                 
   362                                 
   363                                 
   364                                 
   365                                 %line 672+1 /home/se170/VirtualBox-4.3.28/include/iprt/asmdefs.mac
   366                                 
   367                                 
   368                                 
   369                                 
   370                                 %line 677+1 /home/se170/VirtualBox-4.3.28/include/iprt/asmdefs.mac
   371                                 
   372                                 
   373                                 
   374                                 %line 681+1 /home/se170/VirtualBox-4.3.28/include/iprt/asmdefs.mac
   375                                 
   376                                 
   377                                 
   378                                 %line 685+1 /home/se170/VirtualBox-4.3.28/include/iprt/asmdefs.mac
   379                                 
   380                                 
   381                                 
   382                                 
   383                                 
   384                                 %line 691+1 /home/se170/VirtualBox-4.3.28/include/iprt/asmdefs.mac
   385                                 
   386                                 
   387                                 
   388                                 
   389                                 %line 696+1 /home/se170/VirtualBox-4.3.28/include/iprt/asmdefs.mac
   390                                 
   391                                 
   392                                 
   393                                 %line 700+1 /home/se170/VirtualBox-4.3.28/include/iprt/asmdefs.mac
   394                                 
   395                                 
   396                                 
   397                                 %line 704+1 /home/se170/VirtualBox-4.3.28/include/iprt/asmdefs.mac
   398                                 
   399                                 
   400                                 
   401                                 
   402                                 
   403                                 
   404                                 
   405                                 
   406                                 %line 721+1 /home/se170/VirtualBox-4.3.28/include/iprt/asmdefs.mac
   407                                 
   408                                 
   409                                 
   410                                 
   411                                 
   412                                 
   413                                 
   414                                 
   415                                 
   416                                 
   417                                 
   418                                 
   419                                 
   420                                 
   421                                 %line 752+1 /home/se170/VirtualBox-4.3.28/include/iprt/asmdefs.mac
   422                                 
   423                                 
   424                                 
   425                                 
   426                                 
   427                                 
   428                                 
   429                                 
   430                                 
   431                                 
   432                                 
   433                                 
   434                                 
   435                                 %line 770+1 /home/se170/VirtualBox-4.3.28/include/iprt/asmdefs.mac
   436                                 
   437                                 
   438                                 
   439                                 
   440                                 
   441                                 
   442                                 
   443                                 %line 791+1 /home/se170/VirtualBox-4.3.28/include/iprt/asmdefs.mac
   444                                 
   445                                 %line 797+1 /home/se170/VirtualBox-4.3.28/include/iprt/asmdefs.mac
   446                                 
   447                                 
   448                                 
   449                                 
   450                                 
   451                                 
   452                                 
   453                                 
   454                                 
   455                                 
   456                                 
   457                                 
   458                                 
   459                                 
   460                                 
   461                                 
   462                                 
   463                                 
   464                                 
   465                                 
   466                                 
   467                                 
   468                                 
   469                                 
   470                                 
   471                                 
   472                                 
   473                                 
   474                                 
   475                                 
   476                                 
   477                                 
   478                                 
   479                                 %line 853+1 /home/se170/VirtualBox-4.3.28/include/iprt/asmdefs.mac
   480                                 
   481                                 
   482                                 
   483                                 
   484                                 
   485                                 
   486                                 
   487                                 
   488                                 
   489                                 
   490                                 %line 873+1 /home/se170/VirtualBox-4.3.28/include/iprt/asmdefs.mac
   491                                 
   492                                 
   493                                 
   494                                 %line 886+1 /home/se170/VirtualBox-4.3.28/include/iprt/asmdefs.mac
   495                                 
   496                                 %line 28+1 /home/se170/VirtualBox-4.3.28/src/VBox/Runtime/common/string/memcmp.asm
   497                                 
   498                                 [section .text]
   499                                 
   500                                 
   501                                 
   502                                 
   503                                 
   504                                 [global nocrt_memcmp:function hidden]
   505                                 %line 35+0 /home/se170/VirtualBox-4.3.28/src/VBox/Runtime/common/string/memcmp.asm
   506                                 nocrt_memcmp:
   507                                 [global memcmp]
   508                                 [weak memcmp]
   509                                 memcmp:
   510                                 %line 36+1 /home/se170/VirtualBox-4.3.28/src/VBox/Runtime/common/string/memcmp.asm
   511 00000000 FC                      cld
   512 00000001 31C0                    xor eax, eax
   513                                 
   514                                 
   515                                 %line 55+1 /home/se170/VirtualBox-4.3.28/src/VBox/Runtime/common/string/memcmp.asm
   516 00000003 57                      push edi
   517 00000004 56                      push esi
   518                                 
   519 00000005 8B4C2414                mov ecx, [esp + 0c
   520 00000009 8B7C240C                mov edi, [esp + 04
   521 0000000D 8B742410                mov esi, [esp + 08
   522 00000011 89CA                    mov edx, ecx
   523 00000013 E316                    jecxz .done
   524 00000015 C1E902                  shr ecx, 2
   525 00000018 F3A7                    repe cmpsd
   526 0000001A 7512                    jne .not_equal_dword
   527                                 %line 67+1 /home/se170/VirtualBox-4.3.28/src/VBox/Runtime/common/string/memcmp.asm
   528                                 
   529                                 
   530                                 %line 75+1 /home/se170/VirtualBox-4.3.28/src/VBox/Runtime/common/string/memcmp.asm
   531                                 .dont_cmp_dword:
   532 0000001C F6C202                  test dl, 2
   533 0000001F 7402                    jz .dont_cmp_word
   534 00000021 66A7                    cmpsw
   535 00000023 7521                    jne .not_equal_word
   536                                 .dont_cmp_word:
   537 00000025 F6C201                  test dl, 1
   538 00000028 7401                    jz .dont_cmp_byte
   539 0000002A A6                      cmpsb
   540 0000002B 750E                    jne .not_equal_byte
   541                                 .dont_cmp_byte:
   542                                 
   543                                 .done:
   544                                 %line 94+1 /home/se170/VirtualBox-4.3.28/src/VBox/Runtime/common/string/memcmp.asm
   545 0000002D 5E                      pop esi
   546 0000002E 5F                      pop edi
   547                                 %line 97+1 /home/se170/VirtualBox-4.3.28/src/VBox/Runtime/common/string/memcmp.asm
   548 0000002F C3                      ret
   549                                 
   550                                 
   551                                 
   552                                 
   553                                 %line 114+1 /home/se170/VirtualBox-4.3.28/src/VBox/Runtime/common/string/memcmp.asm
   554                                 
   555                                 .not_equal_dword:
   556 00000030 B904000000              mov ecx, 4
   557 00000035 83EE04                  sub esi, 4
   558 00000038 83EF04                  sub edi, 4
   559 0000003B F3A6                    repe cmpsb
   560                                 %line 123+1 /home/se170/VirtualBox-4.3.28/src/VBox/Runtime/common/string/memcmp.asm
   561                                 .not_equal_byte:
   562 0000003D 8A47FF                  mov al, [edi-1]
   563 00000040 0FB64EFF                movzx ecx, byte [esi-1]
   564 00000044 29C8                    sub eax, ecx
   565 00000046 EBE3                    jmp .done
   566                                 %line 129+1 /home/se170/VirtualBox-4.3.28/src/VBox/Runtime/common/string/memcmp.asm
   567                                 
   568                                 .not_equal_word:
   569 00000048 B902000000              mov ecx, 2
   570 0000004D 83EE02                  sub esi, 2
   571 00000050 83EF02                  sub edi, 2
   572 00000053 F3A6                    repe cmpsb
   573 00000055 EBE4                    jmp .not_equal_byte
   574                                 [global nocrt_memcmp_EndProc:function hidden]
   575                                 %line 136+0 /home/se170/VirtualBox-4.3.28/src/VBox/Runtime/common/string/memcmp.asm
   576                                 nocrt_memcmp_EndProc:
   577                                 [size nocrt_memcmp nocrt_memcmp_EndProc - nocrt_memcmp]
   578                                 [size nocrt_memcmp_EndProc 0]
   579 00000057 CCCCCCCC                db 0xCC, 0xCC, 0xCC, 0xCC
   580                                 %line 137+1 /home/se170/VirtualBox-4.3.28/src/VBox/Runtime/common/string/memcmp.asm
   581                                 
