     1                                 %line 1+1 /home/se170/VirtualBox-4.3.28/src/VBox/Runtime/common/string/strncpy.asm
     2                                 
     3                                 
     4                                 
     5                                 
     6                                 
     7                                 
     8                                 
     9                                 
    10                                 
    11                                 
    12                                 
    13                                 
    14                                 
    15                                 
    16                                 
    17                                 
    18                                 
    19                                 
    20                                 
    21                                 
    22                                 
    23                                 
    24                                 
    25                                 
    26                                 
    27                                 
    28                                 %line 1+1 /home/se170/VirtualBox-4.3.28/include/iprt/asmdefs.mac
    29                                 
    30                                 
    31                                 
    32                                 
    33                                 
    34                                 
    35                                 
    36                                 
    37                                 
    38                                 
    39                                 
    40                                 
    41                                 
    42                                 
    43                                 
    44                                 
    45                                 
    46                                 
    47                                 
    48                                 
    49                                 
    50                                 
    51                                 
    52                                 
    53                                 
    54                                 %line 28+1 /home/se170/VirtualBox-4.3.28/include/iprt/asmdefs.mac
    55                                 
    56                                 
    57                                 
    58                                 
    59                                 
    60                                 
    61                                 %line 35+1 /home/se170/VirtualBox-4.3.28/include/iprt/asmdefs.mac
    62                                 
    63                                 %line 37+1 /home/se170/VirtualBox-4.3.28/include/iprt/asmdefs.mac
    64                                 
    65                                 %line 39+1 /home/se170/VirtualBox-4.3.28/include/iprt/asmdefs.mac
    66                                 
    67                                 %line 41+1 /home/se170/VirtualBox-4.3.28/include/iprt/asmdefs.mac
    68                                 
    69                                 %line 43+1 /home/se170/VirtualBox-4.3.28/include/iprt/asmdefs.mac
    70                                 
    71                                 %line 45+1 /home/se170/VirtualBox-4.3.28/include/iprt/asmdefs.mac
    72                                 
    73                                 %line 47+1 /home/se170/VirtualBox-4.3.28/include/iprt/asmdefs.mac
    74                                 
    75                                 %line 49+1 /home/se170/VirtualBox-4.3.28/include/iprt/asmdefs.mac
    76                                 
    77                                 %line 51+1 /home/se170/VirtualBox-4.3.28/include/iprt/asmdefs.mac
    78                                 
    79                                 %line 53+1 /home/se170/VirtualBox-4.3.28/include/iprt/asmdefs.mac
    80                                 
    81                                 %line 55+1 /home/se170/VirtualBox-4.3.28/include/iprt/asmdefs.mac
    82                                 
    83                                 %line 57+1 /home/se170/VirtualBox-4.3.28/include/iprt/asmdefs.mac
    84                                 
    85                                 %line 59+1 /home/se170/VirtualBox-4.3.28/include/iprt/asmdefs.mac
    86                                 
    87                                 %line 61+1 /home/se170/VirtualBox-4.3.28/include/iprt/asmdefs.mac
    88                                 
    89                                 %line 63+1 /home/se170/VirtualBox-4.3.28/include/iprt/asmdefs.mac
    90                                 
    91                                 %line 65+1 /home/se170/VirtualBox-4.3.28/include/iprt/asmdefs.mac
    92                                 
    93                                 %line 67+1 /home/se170/VirtualBox-4.3.28/include/iprt/asmdefs.mac
    94                                 
    95                                 
    96                                 
    97                                 
    98                                 
    99                                 %line 73+1 /home/se170/VirtualBox-4.3.28/include/iprt/asmdefs.mac
   100                                 
   101                                 
   102                                 
   103                                 %line 77+1 /home/se170/VirtualBox-4.3.28/include/iprt/asmdefs.mac
   104                                 
   105                                 
   106                                 %line 84+1 /home/se170/VirtualBox-4.3.28/include/iprt/asmdefs.mac
   107                                 
   108                                 
   109                                 
   110                                 %line 92+1 /home/se170/VirtualBox-4.3.28/include/iprt/asmdefs.mac
   111                                 
   112                                 
   113                                 
   114                                 %line 100+1 /home/se170/VirtualBox-4.3.28/include/iprt/asmdefs.mac
   115                                 
   116                                 
   117                                 
   118                                 %line 108+1 /home/se170/VirtualBox-4.3.28/include/iprt/asmdefs.mac
   119                                 
   120                                 
   121                                 
   122                                 %line 116+1 /home/se170/VirtualBox-4.3.28/include/iprt/asmdefs.mac
   123                                 
   124                                 
   125                                 
   126                                 
   127                                 %line 121+1 /home/se170/VirtualBox-4.3.28/include/iprt/asmdefs.mac
   128                                 
   129                                 
   130                                 
   131                                 %line 125+1 /home/se170/VirtualBox-4.3.28/include/iprt/asmdefs.mac
   132                                 
   133                                 
   134                                 
   135                                 %line 129+1 /home/se170/VirtualBox-4.3.28/include/iprt/asmdefs.mac
   136                                 
   137                                 
   138                                 
   139                                 
   140                                 
   141                                 %line 137+1 /home/se170/VirtualBox-4.3.28/include/iprt/asmdefs.mac
   142                                 
   143                                 
   144                                 
   145                                 
   146                                 %line 157+1 /home/se170/VirtualBox-4.3.28/include/iprt/asmdefs.mac
   147                                 
   148                                 
   149                                 
   150                                 %line 165+1 /home/se170/VirtualBox-4.3.28/include/iprt/asmdefs.mac
   151                                 
   152                                 
   153                                 
   154                                 %line 177+1 /home/se170/VirtualBox-4.3.28/include/iprt/asmdefs.mac
   155                                 
   156                                 
   157                                 
   158                                 
   159                                 %line 188+1 /home/se170/VirtualBox-4.3.28/include/iprt/asmdefs.mac
   160                                 
   161                                 
   162                                 
   163                                 %line 211+1 /home/se170/VirtualBox-4.3.28/include/iprt/asmdefs.mac
   164                                 
   165                                 
   166                                 
   167                                 
   168                                 
   169                                 %line 222+1 /home/se170/VirtualBox-4.3.28/include/iprt/asmdefs.mac
   170                                 
   171                                 
   172                                 
   173                                 %line 236+1 /home/se170/VirtualBox-4.3.28/include/iprt/asmdefs.mac
   174                                 
   175                                 
   176                                 
   177                                 %line 249+1 /home/se170/VirtualBox-4.3.28/include/iprt/asmdefs.mac
   178                                 
   179                                 
   180                                 
   181                                 %line 263+1 /home/se170/VirtualBox-4.3.28/include/iprt/asmdefs.mac
   182                                 
   183                                 
   184                                 
   185                                 %line 274+1 /home/se170/VirtualBox-4.3.28/include/iprt/asmdefs.mac
   186                                 
   187                                 
   188                                 
   189                                 %line 288+1 /home/se170/VirtualBox-4.3.28/include/iprt/asmdefs.mac
   190                                 
   191                                 
   192                                 
   193                                 %line 302+1 /home/se170/VirtualBox-4.3.28/include/iprt/asmdefs.mac
   194                                 
   195                                 
   196                                 
   197                                 
   198                                 
   199                                 
   200                                 
   201                                 
   202                                 %line 356+1 /home/se170/VirtualBox-4.3.28/include/iprt/asmdefs.mac
   203                                 
   204                                 %line 363+1 /home/se170/VirtualBox-4.3.28/include/iprt/asmdefs.mac
   205                                 
   206                                 
   207                                 
   208                                 
   209                                 %line 376+1 /home/se170/VirtualBox-4.3.28/include/iprt/asmdefs.mac
   210                                 
   211                                 
   212                                 
   213                                 
   214                                 
   215                                 
   216                                 
   217                                 %line 396+1 /home/se170/VirtualBox-4.3.28/include/iprt/asmdefs.mac
   218                                 
   219                                 
   220                                 
   221                                 %line 408+1 /home/se170/VirtualBox-4.3.28/include/iprt/asmdefs.mac
   222                                 
   223                                 
   224                                 
   225                                 %line 420+1 /home/se170/VirtualBox-4.3.28/include/iprt/asmdefs.mac
   226                                 
   227                                 
   228                                 
   229                                 
   230                                 
   231                                 %line 432+1 /home/se170/VirtualBox-4.3.28/include/iprt/asmdefs.mac
   232                                 
   233                                 
   234                                 
   235                                 %line 442+1 /home/se170/VirtualBox-4.3.28/include/iprt/asmdefs.mac
   236                                 
   237                                 
   238                                 
   239                                 %line 452+1 /home/se170/VirtualBox-4.3.28/include/iprt/asmdefs.mac
   240                                 
   241                                 
   242                                 
   243                                 %line 462+1 /home/se170/VirtualBox-4.3.28/include/iprt/asmdefs.mac
   244                                 
   245                                 
   246                                 
   247                                 %line 472+1 /home/se170/VirtualBox-4.3.28/include/iprt/asmdefs.mac
   248                                 
   249                                 
   250                                 
   251                                 
   252                                 
   253                                 %line 482+1 /home/se170/VirtualBox-4.3.28/include/iprt/asmdefs.mac
   254                                 
   255                                 
   256                                 
   257                                 
   258                                 %line 491+1 /home/se170/VirtualBox-4.3.28/include/iprt/asmdefs.mac
   259                                 
   260                                 
   261                                 
   262                                 %line 499+1 /home/se170/VirtualBox-4.3.28/include/iprt/asmdefs.mac
   263                                 
   264                                 
   265                                 
   266                                 %line 507+1 /home/se170/VirtualBox-4.3.28/include/iprt/asmdefs.mac
   267                                 
   268                                 
   269                                 
   270                                 
   271                                 
   272                                 %line 517+1 /home/se170/VirtualBox-4.3.28/include/iprt/asmdefs.mac
   273                                 
   274                                 
   275                                 
   276                                 
   277                                 %line 526+1 /home/se170/VirtualBox-4.3.28/include/iprt/asmdefs.mac
   278                                 
   279                                 
   280                                 
   281                                 %line 534+1 /home/se170/VirtualBox-4.3.28/include/iprt/asmdefs.mac
   282                                 
   283                                 
   284                                 
   285                                 %line 542+1 /home/se170/VirtualBox-4.3.28/include/iprt/asmdefs.mac
   286                                 
   287                                 
   288                                 
   289                                 
   290                                 
   291                                 %line 552+1 /home/se170/VirtualBox-4.3.28/include/iprt/asmdefs.mac
   292                                 
   293                                 
   294                                 
   295                                 
   296                                 %line 561+1 /home/se170/VirtualBox-4.3.28/include/iprt/asmdefs.mac
   297                                 
   298                                 
   299                                 
   300                                 %line 569+1 /home/se170/VirtualBox-4.3.28/include/iprt/asmdefs.mac
   301                                 
   302                                 
   303                                 
   304                                 %line 577+1 /home/se170/VirtualBox-4.3.28/include/iprt/asmdefs.mac
   305                                 
   306                                 
   307                                 
   308                                 
   309                                 
   310                                 %line 587+1 /home/se170/VirtualBox-4.3.28/include/iprt/asmdefs.mac
   311                                 
   312                                 
   313                                 
   314                                 
   315                                 %line 596+1 /home/se170/VirtualBox-4.3.28/include/iprt/asmdefs.mac
   316                                 
   317                                 %line 599+1 /home/se170/VirtualBox-4.3.28/include/iprt/asmdefs.mac
   318                                 
   319                                 
   320                                 
   321                                 %line 607+1 /home/se170/VirtualBox-4.3.28/include/iprt/asmdefs.mac
   322                                 
   323                                 
   324                                 
   325                                 %line 615+1 /home/se170/VirtualBox-4.3.28/include/iprt/asmdefs.mac
   326                                 
   327                                 
   328                                 
   329                                 
   330                                 %line 620+1 /home/se170/VirtualBox-4.3.28/include/iprt/asmdefs.mac
   331                                 
   332                                 
   333                                 
   334                                 
   335                                 %line 625+1 /home/se170/VirtualBox-4.3.28/include/iprt/asmdefs.mac
   336                                 
   337                                 
   338                                 
   339                                 %line 629+1 /home/se170/VirtualBox-4.3.28/include/iprt/asmdefs.mac
   340                                 
   341                                 
   342                                 
   343                                 %line 633+1 /home/se170/VirtualBox-4.3.28/include/iprt/asmdefs.mac
   344                                 
   345                                 
   346                                 
   347                                 
   348                                 
   349                                 
   350                                 
   351                                 
   352                                 
   353                                 
   354                                 
   355                                 
   356                                 
   357                                 
   358                                 
   359                                 %line 666+1 /home/se170/VirtualBox-4.3.28/include/iprt/asmdefs.mac
   360                                 
   361                                 
   362                                 
   363                                 
   364                                 
   365                                 %line 672+1 /home/se170/VirtualBox-4.3.28/include/iprt/asmdefs.mac
   366                                 
   367                                 
   368                                 
   369                                 
   370                                 %line 677+1 /home/se170/VirtualBox-4.3.28/include/iprt/asmdefs.mac
   371                                 
   372                                 
   373                                 
   374                                 %line 681+1 /home/se170/VirtualBox-4.3.28/include/iprt/asmdefs.mac
   375                                 
   376                                 
   377                                 
   378                                 %line 685+1 /home/se170/VirtualBox-4.3.28/include/iprt/asmdefs.mac
   379                                 
   380                                 
   381                                 
   382                                 
   383                                 
   384                                 %line 691+1 /home/se170/VirtualBox-4.3.28/include/iprt/asmdefs.mac
   385                                 
   386                                 
   387                                 
   388                                 
   389                                 %line 696+1 /home/se170/VirtualBox-4.3.28/include/iprt/asmdefs.mac
   390                                 
   391                                 
   392                                 
   393                                 %line 700+1 /home/se170/VirtualBox-4.3.28/include/iprt/asmdefs.mac
   394                                 
   395                                 
   396                                 
   397                                 %line 704+1 /home/se170/VirtualBox-4.3.28/include/iprt/asmdefs.mac
   398                                 
   399                                 
   400                                 
   401                                 
   402                                 
   403                                 
   404                                 
   405                                 
   406                                 %line 721+1 /home/se170/VirtualBox-4.3.28/include/iprt/asmdefs.mac
   407                                 
   408                                 
   409                                 
   410                                 
   411                                 
   412                                 
   413                                 
   414                                 
   415                                 
   416                                 
   417                                 
   418                                 
   419                                 
   420                                 
   421                                 %line 752+1 /home/se170/VirtualBox-4.3.28/include/iprt/asmdefs.mac
   422                                 
   423                                 
   424                                 
   425                                 
   426                                 
   427                                 
   428                                 
   429                                 
   430                                 
   431                                 
   432                                 
   433                                 
   434                                 
   435                                 %line 770+1 /home/se170/VirtualBox-4.3.28/include/iprt/asmdefs.mac
   436                                 
   437                                 
   438                                 
   439                                 
   440                                 
   441                                 
   442                                 
   443                                 %line 791+1 /home/se170/VirtualBox-4.3.28/include/iprt/asmdefs.mac
   444                                 
   445                                 %line 797+1 /home/se170/VirtualBox-4.3.28/include/iprt/asmdefs.mac
   446                                 
   447                                 
   448                                 
   449                                 
   450                                 
   451                                 
   452                                 
   453                                 
   454                                 
   455                                 
   456                                 
   457                                 
   458                                 
   459                                 
   460                                 
   461                                 
   462                                 
   463                                 
   464                                 
   465                                 
   466                                 
   467                                 
   468                                 
   469                                 
   470                                 
   471                                 
   472                                 
   473                                 
   474                                 
   475                                 
   476                                 
   477                                 
   478                                 
   479                                 %line 853+1 /home/se170/VirtualBox-4.3.28/include/iprt/asmdefs.mac
   480                                 
   481                                 
   482                                 
   483                                 
   484                                 
   485                                 
   486                                 
   487                                 
   488                                 
   489                                 
   490                                 %line 873+1 /home/se170/VirtualBox-4.3.28/include/iprt/asmdefs.mac
   491                                 
   492                                 
   493                                 
   494                                 %line 886+1 /home/se170/VirtualBox-4.3.28/include/iprt/asmdefs.mac
   495                                 
   496                                 %line 28+1 /home/se170/VirtualBox-4.3.28/src/VBox/Runtime/common/string/strncpy.asm
   497                                 
   498                                 [section .text]
   499                                 
   500                                 
   501                                 
   502                                 
   503                                 
   504                                 [global nocrt_strncpy:function hidden]
   505                                 %line 35+0 /home/se170/VirtualBox-4.3.28/src/VBox/Runtime/common/string/strncpy.asm
   506                                 nocrt_strncpy:
   507                                 [global strncpy]
   508                                 [weak strncpy]
   509                                 strncpy:
   510                                 %line 36+1 /home/se170/VirtualBox-4.3.28/src/VBox/Runtime/common/string/strncpy.asm
   511                                 
   512                                 %line 49+1 /home/se170/VirtualBox-4.3.28/src/VBox/Runtime/common/string/strncpy.asm
   513 00000000 8B4C2404                mov ecx, [esp + 4]
   514 00000004 8B542408                mov edx, [esp + 8]
   515 00000008 53                      push ebx
   516 00000009 8B5C2410                mov ebx, [esp + 12 + 4]
   517                                 %line 56+1 /home/se170/VirtualBox-4.3.28/src/VBox/Runtime/common/string/strncpy.asm
   518 0000000D 51                      push ecx
   519                                 %line 58+1 /home/se170/VirtualBox-4.3.28/src/VBox/Runtime/common/string/strncpy.asm
   520                                 
   521                                 
   522                                 
   523                                 
   524                                 .next:
   525 0000000E 83FB04                  cmp ebx, 4
   526 00000011 722F                    jb .simple_intro
   527                                 
   528 00000013 8A02                    mov al, [edx]
   529 00000015 8801                    mov [ecx], al
   530 00000017 84C0                    test al, al
   531 00000019 743A                    jz .done
   532                                 
   533 0000001B 8A4201                  mov al, [edx + 1]
   534 0000001E 884101                  mov [ecx + 1], al
   535 00000021 84C0                    test al, al
   536 00000023 7430                    jz .done
   537                                 
   538 00000025 8A4202                  mov al, [edx + 2]
   539 00000028 884102                  mov [ecx + 2], al
   540 0000002B 84C0                    test al, al
   541 0000002D 7426                    jz .done
   542                                 
   543 0000002F 8A4203                  mov al, [edx + 3]
   544 00000032 884103                  mov [ecx + 3], al
   545 00000035 84C0                    test al, al
   546 00000037 741C                    jz .done
   547                                 
   548 00000039 83C104                  add ecx, 4
   549 0000003C 83C204                  add edx, 4
   550 0000003F 83EB04                  sub ebx, 4
   551 00000042 EBC8                    jmp .next
   552                                 
   553                                 
   554                                 
   555                                 
   556                                 .simple_intro:
   557 00000044 85DB                    test ebx, ebx
   558 00000046 740D                    jz .done
   559                                 
   560                                 .simple_next:
   561 00000048 8A02                    mov al, [edx]
   562 0000004A 8801                    mov [ecx], al
   563 0000004C 84C0                    test al, al
   564 0000004E 7405                    jz .done
   565                                 
   566 00000050 4B                      dec ebx
   567 00000051 7402                    jz .done
   568                                 
   569 00000053 42                      inc edx
   570 00000054 41                      inc ecx
   571 00000055 EBEF                    jmp .simple_next
   572                                 
   573                                 .done:
   574                                 %line 115+1 /home/se170/VirtualBox-4.3.28/src/VBox/Runtime/common/string/strncpy.asm
   575 00000057 5B                      pop ebx
   576 00000058 58                      pop eax
   577                                 %line 118+1 /home/se170/VirtualBox-4.3.28/src/VBox/Runtime/common/string/strncpy.asm
   578 00000059 C3                      ret
   579                                 [global nocrt_strncpy_EndProc:function hidden]
   580                                 %line 119+0 /home/se170/VirtualBox-4.3.28/src/VBox/Runtime/common/string/strncpy.asm
   581                                 nocrt_strncpy_EndProc:
   582                                 [size nocrt_strncpy nocrt_strncpy_EndProc - nocrt_strncpy]
   583                                 [size nocrt_strncpy_EndProc 0]
   584 0000005A CCCCCCCC                db 0xCC, 0xCC, 0xCC, 0xCC
   585                                 %line 120+1 /home/se170/VirtualBox-4.3.28/src/VBox/Runtime/common/string/strncpy.asm
   586                                 
