     1                                 %line 1+1 /home/se170/VirtualBox-4.3.28/src/VBox/HostDrivers/Support/SUPLibTracerA.asm
     2                                 
     3                                 
     4                                 
     5                                 
     6                                 
     7                                 
     8                                 
     9                                 
    10                                 
    11                                 
    12                                 
    13                                 
    14                                 
    15                                 
    16                                 
    17                                 
    18                                 
    19                                 
    20                                 
    21                                 
    22                                 
    23                                 
    24                                 
    25                                 
    26                                 
    27                                 
    28                                 
    29                                 
    30                                 
    31                                 %line 1+1 /home/se170/VirtualBox-4.3.28/include/iprt/asmdefs.mac
    32                                 
    33                                 
    34                                 
    35                                 
    36                                 
    37                                 
    38                                 
    39                                 
    40                                 
    41                                 
    42                                 
    43                                 
    44                                 
    45                                 
    46                                 
    47                                 
    48                                 
    49                                 
    50                                 
    51                                 
    52                                 
    53                                 
    54                                 
    55                                 
    56                                 
    57                                 %line 28+1 /home/se170/VirtualBox-4.3.28/include/iprt/asmdefs.mac
    58                                 
    59                                 
    60                                 
    61                                 
    62                                 
    63                                 
    64                                 %line 35+1 /home/se170/VirtualBox-4.3.28/include/iprt/asmdefs.mac
    65                                 
    66                                 %line 37+1 /home/se170/VirtualBox-4.3.28/include/iprt/asmdefs.mac
    67                                 
    68                                 %line 39+1 /home/se170/VirtualBox-4.3.28/include/iprt/asmdefs.mac
    69                                 
    70                                 %line 41+1 /home/se170/VirtualBox-4.3.28/include/iprt/asmdefs.mac
    71                                 
    72                                 %line 43+1 /home/se170/VirtualBox-4.3.28/include/iprt/asmdefs.mac
    73                                 
    74                                 %line 45+1 /home/se170/VirtualBox-4.3.28/include/iprt/asmdefs.mac
    75                                 
    76                                 %line 47+1 /home/se170/VirtualBox-4.3.28/include/iprt/asmdefs.mac
    77                                 
    78                                 %line 49+1 /home/se170/VirtualBox-4.3.28/include/iprt/asmdefs.mac
    79                                 
    80                                 %line 51+1 /home/se170/VirtualBox-4.3.28/include/iprt/asmdefs.mac
    81                                 
    82                                 %line 53+1 /home/se170/VirtualBox-4.3.28/include/iprt/asmdefs.mac
    83                                 
    84                                 %line 55+1 /home/se170/VirtualBox-4.3.28/include/iprt/asmdefs.mac
    85                                 
    86                                 %line 57+1 /home/se170/VirtualBox-4.3.28/include/iprt/asmdefs.mac
    87                                 
    88                                 %line 59+1 /home/se170/VirtualBox-4.3.28/include/iprt/asmdefs.mac
    89                                 
    90                                 %line 61+1 /home/se170/VirtualBox-4.3.28/include/iprt/asmdefs.mac
    91                                 
    92                                 %line 63+1 /home/se170/VirtualBox-4.3.28/include/iprt/asmdefs.mac
    93                                 
    94                                 %line 65+1 /home/se170/VirtualBox-4.3.28/include/iprt/asmdefs.mac
    95                                 
    96                                 %line 67+1 /home/se170/VirtualBox-4.3.28/include/iprt/asmdefs.mac
    97                                 
    98                                 
    99                                 
   100                                 
   101                                 
   102                                 %line 73+1 /home/se170/VirtualBox-4.3.28/include/iprt/asmdefs.mac
   103                                 
   104                                 
   105                                 
   106                                 %line 77+1 /home/se170/VirtualBox-4.3.28/include/iprt/asmdefs.mac
   107                                 
   108                                 
   109                                 %line 84+1 /home/se170/VirtualBox-4.3.28/include/iprt/asmdefs.mac
   110                                 
   111                                 
   112                                 
   113                                 %line 92+1 /home/se170/VirtualBox-4.3.28/include/iprt/asmdefs.mac
   114                                 
   115                                 
   116                                 
   117                                 %line 100+1 /home/se170/VirtualBox-4.3.28/include/iprt/asmdefs.mac
   118                                 
   119                                 
   120                                 
   121                                 %line 108+1 /home/se170/VirtualBox-4.3.28/include/iprt/asmdefs.mac
   122                                 
   123                                 
   124                                 
   125                                 %line 116+1 /home/se170/VirtualBox-4.3.28/include/iprt/asmdefs.mac
   126                                 
   127                                 
   128                                 
   129                                 
   130                                 %line 121+1 /home/se170/VirtualBox-4.3.28/include/iprt/asmdefs.mac
   131                                 
   132                                 
   133                                 
   134                                 %line 125+1 /home/se170/VirtualBox-4.3.28/include/iprt/asmdefs.mac
   135                                 
   136                                 
   137                                 
   138                                 %line 129+1 /home/se170/VirtualBox-4.3.28/include/iprt/asmdefs.mac
   139                                 
   140                                 
   141                                 
   142                                 
   143                                 
   144                                 %line 137+1 /home/se170/VirtualBox-4.3.28/include/iprt/asmdefs.mac
   145                                 
   146                                 
   147                                 
   148                                 
   149                                 %line 157+1 /home/se170/VirtualBox-4.3.28/include/iprt/asmdefs.mac
   150                                 
   151                                 
   152                                 
   153                                 %line 165+1 /home/se170/VirtualBox-4.3.28/include/iprt/asmdefs.mac
   154                                 
   155                                 
   156                                 
   157                                 %line 177+1 /home/se170/VirtualBox-4.3.28/include/iprt/asmdefs.mac
   158                                 
   159                                 
   160                                 
   161                                 
   162                                 %line 188+1 /home/se170/VirtualBox-4.3.28/include/iprt/asmdefs.mac
   163                                 
   164                                 
   165                                 
   166                                 %line 211+1 /home/se170/VirtualBox-4.3.28/include/iprt/asmdefs.mac
   167                                 
   168                                 
   169                                 
   170                                 
   171                                 
   172                                 %line 222+1 /home/se170/VirtualBox-4.3.28/include/iprt/asmdefs.mac
   173                                 
   174                                 
   175                                 
   176                                 %line 236+1 /home/se170/VirtualBox-4.3.28/include/iprt/asmdefs.mac
   177                                 
   178                                 
   179                                 
   180                                 %line 249+1 /home/se170/VirtualBox-4.3.28/include/iprt/asmdefs.mac
   181                                 
   182                                 
   183                                 
   184                                 %line 263+1 /home/se170/VirtualBox-4.3.28/include/iprt/asmdefs.mac
   185                                 
   186                                 
   187                                 
   188                                 %line 274+1 /home/se170/VirtualBox-4.3.28/include/iprt/asmdefs.mac
   189                                 
   190                                 
   191                                 
   192                                 %line 288+1 /home/se170/VirtualBox-4.3.28/include/iprt/asmdefs.mac
   193                                 
   194                                 
   195                                 
   196                                 %line 302+1 /home/se170/VirtualBox-4.3.28/include/iprt/asmdefs.mac
   197                                 
   198                                 
   199                                 
   200                                 
   201                                 
   202                                 
   203                                 
   204                                 
   205                                 %line 356+1 /home/se170/VirtualBox-4.3.28/include/iprt/asmdefs.mac
   206                                 
   207                                 %line 363+1 /home/se170/VirtualBox-4.3.28/include/iprt/asmdefs.mac
   208                                 
   209                                 
   210                                 
   211                                 
   212                                 %line 376+1 /home/se170/VirtualBox-4.3.28/include/iprt/asmdefs.mac
   213                                 
   214                                 
   215                                 
   216                                 
   217                                 
   218                                 
   219                                 
   220                                 %line 396+1 /home/se170/VirtualBox-4.3.28/include/iprt/asmdefs.mac
   221                                 
   222                                 
   223                                 
   224                                 %line 408+1 /home/se170/VirtualBox-4.3.28/include/iprt/asmdefs.mac
   225                                 
   226                                 
   227                                 
   228                                 %line 420+1 /home/se170/VirtualBox-4.3.28/include/iprt/asmdefs.mac
   229                                 
   230                                 
   231                                 
   232                                 
   233                                 
   234                                 %line 432+1 /home/se170/VirtualBox-4.3.28/include/iprt/asmdefs.mac
   235                                 
   236                                 
   237                                 
   238                                 %line 442+1 /home/se170/VirtualBox-4.3.28/include/iprt/asmdefs.mac
   239                                 
   240                                 
   241                                 
   242                                 %line 452+1 /home/se170/VirtualBox-4.3.28/include/iprt/asmdefs.mac
   243                                 
   244                                 
   245                                 
   246                                 %line 462+1 /home/se170/VirtualBox-4.3.28/include/iprt/asmdefs.mac
   247                                 
   248                                 
   249                                 
   250                                 %line 472+1 /home/se170/VirtualBox-4.3.28/include/iprt/asmdefs.mac
   251                                 
   252                                 
   253                                 
   254                                 
   255                                 
   256                                 %line 482+1 /home/se170/VirtualBox-4.3.28/include/iprt/asmdefs.mac
   257                                 
   258                                 
   259                                 
   260                                 
   261                                 %line 491+1 /home/se170/VirtualBox-4.3.28/include/iprt/asmdefs.mac
   262                                 
   263                                 
   264                                 
   265                                 %line 499+1 /home/se170/VirtualBox-4.3.28/include/iprt/asmdefs.mac
   266                                 
   267                                 
   268                                 
   269                                 %line 507+1 /home/se170/VirtualBox-4.3.28/include/iprt/asmdefs.mac
   270                                 
   271                                 
   272                                 
   273                                 
   274                                 
   275                                 %line 517+1 /home/se170/VirtualBox-4.3.28/include/iprt/asmdefs.mac
   276                                 
   277                                 
   278                                 
   279                                 
   280                                 %line 526+1 /home/se170/VirtualBox-4.3.28/include/iprt/asmdefs.mac
   281                                 
   282                                 
   283                                 
   284                                 %line 534+1 /home/se170/VirtualBox-4.3.28/include/iprt/asmdefs.mac
   285                                 
   286                                 
   287                                 
   288                                 %line 542+1 /home/se170/VirtualBox-4.3.28/include/iprt/asmdefs.mac
   289                                 
   290                                 
   291                                 
   292                                 
   293                                 
   294                                 %line 552+1 /home/se170/VirtualBox-4.3.28/include/iprt/asmdefs.mac
   295                                 
   296                                 
   297                                 
   298                                 
   299                                 %line 561+1 /home/se170/VirtualBox-4.3.28/include/iprt/asmdefs.mac
   300                                 
   301                                 
   302                                 
   303                                 %line 569+1 /home/se170/VirtualBox-4.3.28/include/iprt/asmdefs.mac
   304                                 
   305                                 
   306                                 
   307                                 %line 577+1 /home/se170/VirtualBox-4.3.28/include/iprt/asmdefs.mac
   308                                 
   309                                 
   310                                 
   311                                 
   312                                 
   313                                 %line 587+1 /home/se170/VirtualBox-4.3.28/include/iprt/asmdefs.mac
   314                                 
   315                                 
   316                                 
   317                                 
   318                                 %line 596+1 /home/se170/VirtualBox-4.3.28/include/iprt/asmdefs.mac
   319                                 
   320                                 %line 599+1 /home/se170/VirtualBox-4.3.28/include/iprt/asmdefs.mac
   321                                 
   322                                 
   323                                 
   324                                 %line 607+1 /home/se170/VirtualBox-4.3.28/include/iprt/asmdefs.mac
   325                                 
   326                                 
   327                                 
   328                                 %line 615+1 /home/se170/VirtualBox-4.3.28/include/iprt/asmdefs.mac
   329                                 
   330                                 
   331                                 
   332                                 
   333                                 %line 620+1 /home/se170/VirtualBox-4.3.28/include/iprt/asmdefs.mac
   334                                 
   335                                 
   336                                 
   337                                 
   338                                 %line 625+1 /home/se170/VirtualBox-4.3.28/include/iprt/asmdefs.mac
   339                                 
   340                                 
   341                                 
   342                                 %line 629+1 /home/se170/VirtualBox-4.3.28/include/iprt/asmdefs.mac
   343                                 
   344                                 
   345                                 
   346                                 %line 633+1 /home/se170/VirtualBox-4.3.28/include/iprt/asmdefs.mac
   347                                 
   348                                 
   349                                 
   350                                 
   351                                 
   352                                 
   353                                 
   354                                 
   355                                 
   356                                 
   357                                 
   358                                 
   359                                 
   360                                 
   361                                 
   362                                 %line 666+1 /home/se170/VirtualBox-4.3.28/include/iprt/asmdefs.mac
   363                                 
   364                                 
   365                                 
   366                                 
   367                                 
   368                                 %line 672+1 /home/se170/VirtualBox-4.3.28/include/iprt/asmdefs.mac
   369                                 
   370                                 
   371                                 
   372                                 
   373                                 %line 677+1 /home/se170/VirtualBox-4.3.28/include/iprt/asmdefs.mac
   374                                 
   375                                 
   376                                 
   377                                 %line 681+1 /home/se170/VirtualBox-4.3.28/include/iprt/asmdefs.mac
   378                                 
   379                                 
   380                                 
   381                                 %line 685+1 /home/se170/VirtualBox-4.3.28/include/iprt/asmdefs.mac
   382                                 
   383                                 
   384                                 
   385                                 
   386                                 
   387                                 %line 691+1 /home/se170/VirtualBox-4.3.28/include/iprt/asmdefs.mac
   388                                 
   389                                 
   390                                 
   391                                 
   392                                 %line 696+1 /home/se170/VirtualBox-4.3.28/include/iprt/asmdefs.mac
   393                                 
   394                                 
   395                                 
   396                                 %line 700+1 /home/se170/VirtualBox-4.3.28/include/iprt/asmdefs.mac
   397                                 
   398                                 
   399                                 
   400                                 %line 704+1 /home/se170/VirtualBox-4.3.28/include/iprt/asmdefs.mac
   401                                 
   402                                 
   403                                 
   404                                 
   405                                 
   406                                 
   407                                 
   408                                 
   409                                 %line 721+1 /home/se170/VirtualBox-4.3.28/include/iprt/asmdefs.mac
   410                                 
   411                                 
   412                                 
   413                                 
   414                                 
   415                                 
   416                                 
   417                                 
   418                                 
   419                                 
   420                                 
   421                                 
   422                                 
   423                                 
   424                                 %line 738+1 /home/se170/VirtualBox-4.3.28/include/iprt/asmdefs.mac
   425                                 
   426                                 %line 752+1 /home/se170/VirtualBox-4.3.28/include/iprt/asmdefs.mac
   427                                 
   428                                 
   429                                 
   430                                 
   431                                 
   432                                 
   433                                 
   434                                 
   435                                 
   436                                 
   437                                 
   438                                 
   439                                 
   440                                 %line 770+1 /home/se170/VirtualBox-4.3.28/include/iprt/asmdefs.mac
   441                                 
   442                                 
   443                                 
   444                                 
   445                                 
   446                                 
   447                                 
   448                                 %line 791+1 /home/se170/VirtualBox-4.3.28/include/iprt/asmdefs.mac
   449                                 
   450                                 %line 797+1 /home/se170/VirtualBox-4.3.28/include/iprt/asmdefs.mac
   451                                 
   452                                 
   453                                 
   454                                 
   455                                 
   456                                 
   457                                 
   458                                 
   459                                 
   460                                 
   461                                 
   462                                 
   463                                 
   464                                 
   465                                 
   466                                 
   467                                 
   468                                 
   469                                 
   470                                 
   471                                 
   472                                 
   473                                 
   474                                 
   475                                 
   476                                 
   477                                 
   478                                 
   479                                 
   480                                 
   481                                 
   482                                 
   483                                 
   484                                 %line 853+1 /home/se170/VirtualBox-4.3.28/include/iprt/asmdefs.mac
   485                                 
   486                                 
   487                                 
   488                                 
   489                                 
   490                                 
   491                                 
   492                                 
   493                                 
   494                                 
   495                                 %line 873+1 /home/se170/VirtualBox-4.3.28/include/iprt/asmdefs.mac
   496                                 
   497                                 
   498                                 
   499                                 %line 886+1 /home/se170/VirtualBox-4.3.28/include/iprt/asmdefs.mac
   500                                 
   501                                 %line 1+1 /home/se170/VirtualBox-4.3.28/include/VBox/sup.mac
   502                                 
   503                                 
   504                                 
   505                                 
   506                                 
   507                                 
   508                                 
   509                                 
   510                                 
   511                                 
   512                                 
   513                                 
   514                                 
   515                                 
   516                                 
   517                                 
   518                                 
   519                                 
   520                                 
   521                                 
   522                                 
   523                                 
   524                                 
   525                                 
   526                                 
   527                                 
   528                                 %line 29+1 /home/se170/VirtualBox-4.3.28/include/VBox/sup.mac
   529                                 
   530                                 [absolute 0]
   531                                 %line 30+0 /home/se170/VirtualBox-4.3.28/include/VBox/sup.mac
   532                                 SUPGIPCPU:
   533                                 %line 31+1 /home/se170/VirtualBox-4.3.28/include/VBox/sup.mac
   534                                  .u32TransactionId resd 1
   535                                  .u32UpdateIntervalTSC resd 1
   536                                  .u64NanoTS resq 1
   537                                  .u64TSC resq 1
   538                                  .u64CpuHz resq 1
   539                                  .cErrors resd 1
   540                                  .iTSCHistoryHead resd 1
   541                                  .au32TSCHistory resd 8
   542                                  .u32PrevUpdateIntervalNS resd 1
   543                                  .au32Reserved resd (5+5)
   544                                  .enmState resd 1
   545                                  .idCpu resd 1
   546                                  .iCpuSet resw 1
   547                                  .idApic resw 1
   548                                 SUPGIPCPU_size:
   549                                 %line 45+0 /home/se170/VirtualBox-4.3.28/include/VBox/sup.mac
   550                                 [section .text]
   551                                 %line 46+1 /home/se170/VirtualBox-4.3.28/include/VBox/sup.mac
   552                                 
   553                                 %line 48+1 /home/se170/VirtualBox-4.3.28/include/VBox/sup.mac
   554                                 [absolute 0]
   555                                 %line 48+0 /home/se170/VirtualBox-4.3.28/include/VBox/sup.mac
   556                                 SUPGLOBALINFOPAGE:
   557                                 %line 49+1 /home/se170/VirtualBox-4.3.28/include/VBox/sup.mac
   558                                  .u32Magic resd 1
   559                                  .u32Version resd 1
   560                                  .u32Mode resd 1
   561                                  .cCpus resw 1
   562                                  .cPages resw 1
   563                                  .u32UpdateHz resd 1
   564                                  .u32UpdateIntervalNS resd 1
   565                                  .u64NanoTSLastUpdateHz resq 1
   566                                  .OnlineCpuSet resq 4
   567                                  .PresentCpuSet resq 4
   568                                  .PossibleCpuSet resq 4
   569                                  .cOnlineCpus resw 1
   570                                  .cPresentCpus resw 1
   571                                  .cPossibleCpus resw 1
   572                                  .u16Padding0 resw 1
   573                                  .idCpuMax resd 1
   574                                  .au32Padding1 resd 29
   575                                  .aiCpuFromApicId resw 256
   576                                  .aiCpuFromCpuSetIdx resw 256
   577                                  .aCPUs resb SUPGIPCPU_size
   578                                 SUPGLOBALINFOPAGE_size:
   579                                 %line 69+0 /home/se170/VirtualBox-4.3.28/include/VBox/sup.mac
   580                                 [section .text]
   581                                 %line 70+1 /home/se170/VirtualBox-4.3.28/include/VBox/sup.mac
   582                                 
   583                                 [absolute 0]
   584                                 %line 71+0 /home/se170/VirtualBox-4.3.28/include/VBox/sup.mac
   585                                 SUPDRVTRACERUSRCTX32:
   586                                 %line 72+1 /home/se170/VirtualBox-4.3.28/include/VBox/sup.mac
   587                                  .idProbe resd 1
   588                                  .cBits resb 1
   589                                  .abReserved resb 3
   590                                  .u.X86.uVtgProbeLoc resd 1
   591                                  .u.X86.aArgs resd 20
   592                                  .u.X86.eip resd 1
   593                                  .u.X86.eflags resd 1
   594                                  .u.X86.eax resd 1
   595                                  .u.X86.ecx resd 1
   596                                  .u.X86.edx resd 1
   597                                  .u.X86.ebx resd 1
   598                                  .u.X86.esp resd 1
   599                                  .u.X86.ebp resd 1
   600                                  .u.X86.esi resd 1
   601                                  .u.X86.edi resd 1
   602                                  .u.X86.cs resw 1
   603                                  .u.X86.ss resw 1
   604                                  .u.X86.ds resw 1
   605                                  .u.X86.es resw 1
   606                                  .u.X86.fs resw 1
   607                                  .u.X86.gs resw 1
   608                                 SUPDRVTRACERUSRCTX32_size:
   609                                 %line 93+0 /home/se170/VirtualBox-4.3.28/include/VBox/sup.mac
   610                                 [section .text]
   611                                 %line 94+1 /home/se170/VirtualBox-4.3.28/include/VBox/sup.mac
   612                                 
   613                                 [absolute 0]
   614                                 %line 95+0 /home/se170/VirtualBox-4.3.28/include/VBox/sup.mac
   615                                 SUPDRVTRACERUSRCTX64:
   616                                 %line 96+1 /home/se170/VirtualBox-4.3.28/include/VBox/sup.mac
   617                                  .idProbe resd 1
   618                                  .cBits resb 1
   619                                  .abReserved resb 3
   620                                  .u.Amd64.uVtgProbeLoc resq 1
   621                                  .u.Amd64.aArgs resq 10
   622                                  .u.Amd64.rip resq 1
   623                                  .u.Amd64.rflags resq 1
   624                                  .u.Amd64.rax resq 1
   625                                  .u.Amd64.rcx resq 1
   626                                  .u.Amd64.rdx resq 1
   627                                  .u.Amd64.rbx resq 1
   628                                  .u.Amd64.rsp resq 1
   629                                  .u.Amd64.rbp resq 1
   630                                  .u.Amd64.rsi resq 1
   631                                  .u.Amd64.rdi resq 1
   632                                  .u.Amd64.r8 resq 1
   633                                  .u.Amd64.r9 resq 1
   634                                  .u.Amd64.r10 resq 1
   635                                  .u.Amd64.r11 resq 1
   636                                  .u.Amd64.r12 resq 1
   637                                  .u.Amd64.r13 resq 1
   638                                  .u.Amd64.r14 resq 1
   639                                  .u.Amd64.r15 resq 1
   640                                 SUPDRVTRACERUSRCTX64_size:
   641                                 %line 119+0 /home/se170/VirtualBox-4.3.28/include/VBox/sup.mac
   642                                 [section .text]
   643                                 %line 120+1 /home/se170/VirtualBox-4.3.28/include/VBox/sup.mac
   644                                 
   645                                 
   646                                 %line 123+1 /home/se170/VirtualBox-4.3.28/include/VBox/sup.mac
   647                                 
   648                                 %line 32+1 /home/se170/VirtualBox-4.3.28/src/VBox/HostDrivers/Support/SUPLibTracerA.asm
   649                                 
   650                                 
   651                                 %line 40+1 /home/se170/VirtualBox-4.3.28/src/VBox/HostDrivers/Support/SUPLibTracerA.asm
   652                                 
   653                                 
   654                                 
   655                                 
   656                                 
   657                                 [absolute 0]
   658                                 %line 45+0 /home/se170/VirtualBox-4.3.28/src/VBox/HostDrivers/Support/SUPLibTracerA.asm
   659                                 SUPREQHDR:
   660                                 %line 46+1 /home/se170/VirtualBox-4.3.28/src/VBox/HostDrivers/Support/SUPLibTracerA.asm
   661                                  .u32Cookie resd 1
   662                                  .u32SessionCookie resd 1
   663                                  .cbIn resd 1
   664                                  .cbOut resd 1
   665                                  .fFlags resd 1
   666                                  .rc resd 1
   667                                 SUPREQHDR_size:
   668                                 %line 52+0 /home/se170/VirtualBox-4.3.28/src/VBox/HostDrivers/Support/SUPLibTracerA.asm
   669                                 [section .text]
   670                                 %line 53+1 /home/se170/VirtualBox-4.3.28/src/VBox/HostDrivers/Support/SUPLibTracerA.asm
   671                                 
   672                                 [absolute 0]
   673                                 %line 54+0 /home/se170/VirtualBox-4.3.28/src/VBox/HostDrivers/Support/SUPLibTracerA.asm
   674                                 SUPTRACERUMODFIREPROBE:
   675                                 %line 55+1 /home/se170/VirtualBox-4.3.28/src/VBox/HostDrivers/Support/SUPLibTracerA.asm
   676                                  .Hdr resb SUPREQHDR_size
   677                                  .In resb SUPDRVTRACERUSRCTX64_size
   678                                 SUPTRACERUMODFIREPROBE_size:
   679                                 %line 57+0 /home/se170/VirtualBox-4.3.28/src/VBox/HostDrivers/Support/SUPLibTracerA.asm
   680                                 [section .text]
   681                                 %line 58+1 /home/se170/VirtualBox-4.3.28/src/VBox/HostDrivers/Support/SUPLibTracerA.asm
   682                                 
   683                                 
   684                                 [extern suplibTracerFireProbe]
   685                                 
   686                                 
   687                                 [section .text]
   688                                 
   689                                 
   690                                 
   691                                 
   692                                 
   693                                 
   694                                 [global SUPTracerFireProbe]
   695                                 %line 70+0 /home/se170/VirtualBox-4.3.28/src/VBox/HostDrivers/Support/SUPLibTracerA.asm
   696                                 SUPTracerFireProbe:
   697                                 %line 71+1 /home/se170/VirtualBox-4.3.28/src/VBox/HostDrivers/Support/SUPLibTracerA.asm
   698 00000000 55                      push rbp
   699 00000001 4889E5                  mov rbp, rsp
   700                                 
   701                                 
   702                                 
   703                                 
   704                                 
   705                                 
   706 00000004 488DA5F0FEFFFF          lea rsp, [rbp - SUPTRACERUMODFIREPROBE_size - 8]
   707                                 
   708 0000000B C744240808010000        mov dword [rsp + SUPTRACERUMODFIREPROBE.Hdr + SUPREQHDR.cbIn], SUPTRACERUMODFIREPROBE_size
   709 00000013 C744240C18000000        mov dword [rsp + SUPTRACERUMODFIREPROBE.Hdr + SUPREQHDR.cbOut], SUPREQHDR_size
   710                                 
   711                                 %line 85+1 /home/se170/VirtualBox-4.3.28/src/VBox/HostDrivers/Support/SUPLibTracerA.asm
   712                                 
   713                                 
   714                                 
   715 0000001B 4889842488000000        mov [rsp + SUPTRACERUMODFIREPROBE.In + SUPDRVTRACERUSRCTX64.u.Amd64.rax], rax
   716 00000023 48898C2490000000        mov [rsp + SUPTRACERUMODFIREPROBE.In + SUPDRVTRACERUSRCTX64.u.Amd64.rcx], rcx
   717 0000002B 4889942498000000        mov [rsp + SUPTRACERUMODFIREPROBE.In + SUPDRVTRACERUSRCTX64.u.Amd64.rdx], rdx
   718 00000033 48899C24A0000000        mov [rsp + SUPTRACERUMODFIREPROBE.In + SUPDRVTRACERUSRCTX64.u.Amd64.rbx], rbx
   719 0000003B 4889B424B8000000        mov [rsp + SUPTRACERUMODFIREPROBE.In + SUPDRVTRACERUSRCTX64.u.Amd64.rsi], rsi
   720 00000043 4889BC24C0000000        mov [rsp + SUPTRACERUMODFIREPROBE.In + SUPDRVTRACERUSRCTX64.u.Amd64.rdi], rdi
   721 0000004B 4C898424C8000000        mov [rsp + SUPTRACERUMODFIREPROBE.In + SUPDRVTRACERUSRCTX64.u.Amd64.r8 ], r8
   722 00000053 4C898C24D0000000        mov [rsp + SUPTRACERUMODFIREPROBE.In + SUPDRVTRACERUSRCTX64.u.Amd64.r9 ], r9
   723 0000005B 4C899424D8000000        mov [rsp + SUPTRACERUMODFIREPROBE.In + SUPDRVTRACERUSRCTX64.u.Amd64.r10], r10
   724 00000063 4C899C24E0000000        mov [rsp + SUPTRACERUMODFIREPROBE.In + SUPDRVTRACERUSRCTX64.u.Amd64.r11], r11
   725 0000006B 4C89A424E8000000        mov [rsp + SUPTRACERUMODFIREPROBE.In + SUPDRVTRACERUSRCTX64.u.Amd64.r12], r12
   726 00000073 4C89AC24F0000000        mov [rsp + SUPTRACERUMODFIREPROBE.In + SUPDRVTRACERUSRCTX64.u.Amd64.r13], r13
   727 0000007B 4C89B424F8000000        mov [rsp + SUPTRACERUMODFIREPROBE.In + SUPDRVTRACERUSRCTX64.u.Amd64.r14], r14
   728 00000083 4C89BC2400010000        mov [rsp + SUPTRACERUMODFIREPROBE.In + SUPDRVTRACERUSRCTX64.u.Amd64.r15], r15
   729 0000008B 9C                      pushf
   730 0000008C 58                      pop rax
   731 0000008D 4889842480000000        mov [rsp + SUPTRACERUMODFIREPROBE.In + SUPDRVTRACERUSRCTX64.u.Amd64.rflags], rax
   732 00000095 488B4508                mov rax, [rbp + 8]
   733 00000099 4889442478              mov [rsp + SUPTRACERUMODFIREPROBE.In + SUPDRVTRACERUSRCTX64.u.Amd64.rip], rax
   734 0000009E 488B4500                mov rax, [rbp]
   735 000000A2 48898424B0000000        mov [rsp + SUPTRACERUMODFIREPROBE.In + SUPDRVTRACERUSRCTX64.u.Amd64.rbp], rax
   736 000000AA 488D4510                lea rax, [rbp + 8*2]
   737 000000AE 48898424A8000000        mov [rsp + SUPTRACERUMODFIREPROBE.In + SUPDRVTRACERUSRCTX64.u.Amd64.rsp], rax
   738                                 %line 132+1 /home/se170/VirtualBox-4.3.28/src/VBox/HostDrivers/Support/SUPLibTracerA.asm
   739 000000B6 48897C2420              mov [rsp + SUPTRACERUMODFIREPROBE.In + SUPDRVTRACERUSRCTX64.u.Amd64.uVtgProbeLoc], rdi
   740 000000BB 4889742428              mov [rsp + SUPTRACERUMODFIREPROBE.In + SUPDRVTRACERUSRCTX64.u.Amd64.aArgs + 8*0], rsi
   741 000000C0 4889542430              mov [rsp + SUPTRACERUMODFIREPROBE.In + SUPDRVTRACERUSRCTX64.u.Amd64.aArgs + 8*1], rdx
   742 000000C5 48894C2438              mov [rsp + SUPTRACERUMODFIREPROBE.In + SUPDRVTRACERUSRCTX64.u.Amd64.aArgs + 8*2], rcx
   743 000000CA 4C89442440              mov [rsp + SUPTRACERUMODFIREPROBE.In + SUPDRVTRACERUSRCTX64.u.Amd64.aArgs + 8*3], r8
   744 000000CF 4C894C2448              mov [rsp + SUPTRACERUMODFIREPROBE.In + SUPDRVTRACERUSRCTX64.u.Amd64.aArgs + 8*4], r9
   745 000000D4 488B4510                mov rax, [rbp + 8*2 + 8*0]
   746 000000D8 4889442450              mov [rsp + SUPTRACERUMODFIREPROBE.In + SUPDRVTRACERUSRCTX64.u.Amd64.aArgs + 8*5], rax
   747 000000DD 488B4518                mov rax, [rbp + 8*2 + 8*1]
   748 000000E1 4889442458              mov [rsp + SUPTRACERUMODFIREPROBE.In + SUPDRVTRACERUSRCTX64.u.Amd64.aArgs + 8*6], rax
   749 000000E6 488B4520                mov rax, [rbp + 8*2 + 8*2]
   750 000000EA 4889442460              mov [rsp + SUPTRACERUMODFIREPROBE.In + SUPDRVTRACERUSRCTX64.u.Amd64.aArgs + 8*7], rax
   751 000000EF 488B4528                mov rax, [rbp + 8*2 + 8*3]
   752 000000F3 4889442468              mov [rsp + SUPTRACERUMODFIREPROBE.In + SUPDRVTRACERUSRCTX64.u.Amd64.aArgs + 8*8], rax
   753 000000F8 488B4530                mov rax, [rbp + 8*2 + 8*4]
   754 000000FC 4889442470              mov [rsp + SUPTRACERUMODFIREPROBE.In + SUPDRVTRACERUSRCTX64.u.Amd64.aArgs + 8*9], rax
   755 00000101 8B4704                  mov eax, [rdi + 4]
   756                                 %line 150+1 /home/se170/VirtualBox-4.3.28/src/VBox/HostDrivers/Support/SUPLibTracerA.asm
   757 00000104 89442418                mov [rsp + SUPTRACERUMODFIREPROBE.In + SUPDRVTRACERUSRCTX64.idProbe], eax
   758 00000108 C744241C40000000        mov dword [rsp + SUPTRACERUMODFIREPROBE.In + SUPDRVTRACERUSRCTX64.cBits], 64
   759                                 
   760                                 
   761                                 
   762                                 
   763                                 %line 161+1 /home/se170/VirtualBox-4.3.28/src/VBox/HostDrivers/Support/SUPLibTracerA.asm
   764 00000110 4889E6                  mov rsi, rsp
   765                                 %line 163+1 /home/se170/VirtualBox-4.3.28/src/VBox/HostDrivers/Support/SUPLibTracerA.asm
   766 00000113 E8(F6FFFFFF)            call suplibTracerFireProbe wrt ..plt
   767                                 %line 168+1 /home/se170/VirtualBox-4.3.28/src/VBox/HostDrivers/Support/SUPLibTracerA.asm
   768                                 
   769                                 %line 217+1 /home/se170/VirtualBox-4.3.28/src/VBox/HostDrivers/Support/SUPLibTracerA.asm
   770                                 
   771                                 
   772 00000118 C9                      leave
   773 00000119 C3                      ret
   774                                 [global SUPTracerFireProbe_EndProc:function hidden]
   775                                 %line 221+0 /home/se170/VirtualBox-4.3.28/src/VBox/HostDrivers/Support/SUPLibTracerA.asm
   776                                 SUPTracerFireProbe_EndProc:
   777                                 [size SUPTracerFireProbe SUPTracerFireProbe_EndProc - SUPTracerFireProbe]
   778                                 [size SUPTracerFireProbe_EndProc 0]
   779 0000011A CCCCCCCC                db 0xCC, 0xCC, 0xCC, 0xCC
   780                                 %line 222+1 /home/se170/VirtualBox-4.3.28/src/VBox/HostDrivers/Support/SUPLibTracerA.asm
   781                                 
   782                                 
