     1                                 %line 1+1 /home/se170/VirtualBox-4.3.28/src/VBox/Runtime/common/asm/ASMAtomicUoAndU64.asm
     2                                 
     3                                 
     4                                 
     5                                 
     6                                 
     7                                 
     8                                 
     9                                 
    10                                 
    11                                 
    12                                 
    13                                 
    14                                 
    15                                 
    16                                 
    17                                 
    18                                 
    19                                 
    20                                 
    21                                 
    22                                 
    23                                 
    24                                 
    25                                 
    26                                 
    27                                 
    28                                 
    29                                 
    30                                 
    31                                 %line 1+1 /home/se170/VirtualBox-4.3.28/include/iprt/asmdefs.mac
    32                                 
    33                                 
    34                                 
    35                                 
    36                                 
    37                                 
    38                                 
    39                                 
    40                                 
    41                                 
    42                                 
    43                                 
    44                                 
    45                                 
    46                                 
    47                                 
    48                                 
    49                                 
    50                                 
    51                                 
    52                                 
    53                                 
    54                                 
    55                                 
    56                                 
    57                                 %line 28+1 /home/se170/VirtualBox-4.3.28/include/iprt/asmdefs.mac
    58                                 
    59                                 
    60                                 
    61                                 
    62                                 
    63                                 
    64                                 %line 35+1 /home/se170/VirtualBox-4.3.28/include/iprt/asmdefs.mac
    65                                 
    66                                 %line 37+1 /home/se170/VirtualBox-4.3.28/include/iprt/asmdefs.mac
    67                                 
    68                                 %line 39+1 /home/se170/VirtualBox-4.3.28/include/iprt/asmdefs.mac
    69                                 
    70                                 %line 41+1 /home/se170/VirtualBox-4.3.28/include/iprt/asmdefs.mac
    71                                 
    72                                 %line 43+1 /home/se170/VirtualBox-4.3.28/include/iprt/asmdefs.mac
    73                                 
    74                                 %line 45+1 /home/se170/VirtualBox-4.3.28/include/iprt/asmdefs.mac
    75                                 
    76                                 %line 47+1 /home/se170/VirtualBox-4.3.28/include/iprt/asmdefs.mac
    77                                 
    78                                 %line 49+1 /home/se170/VirtualBox-4.3.28/include/iprt/asmdefs.mac
    79                                 
    80                                 %line 51+1 /home/se170/VirtualBox-4.3.28/include/iprt/asmdefs.mac
    81                                 
    82                                 %line 53+1 /home/se170/VirtualBox-4.3.28/include/iprt/asmdefs.mac
    83                                 
    84                                 %line 55+1 /home/se170/VirtualBox-4.3.28/include/iprt/asmdefs.mac
    85                                 
    86                                 %line 57+1 /home/se170/VirtualBox-4.3.28/include/iprt/asmdefs.mac
    87                                 
    88                                 %line 59+1 /home/se170/VirtualBox-4.3.28/include/iprt/asmdefs.mac
    89                                 
    90                                 %line 61+1 /home/se170/VirtualBox-4.3.28/include/iprt/asmdefs.mac
    91                                 
    92                                 %line 63+1 /home/se170/VirtualBox-4.3.28/include/iprt/asmdefs.mac
    93                                 
    94                                 %line 65+1 /home/se170/VirtualBox-4.3.28/include/iprt/asmdefs.mac
    95                                 
    96                                 %line 67+1 /home/se170/VirtualBox-4.3.28/include/iprt/asmdefs.mac
    97                                 
    98                                 
    99                                 
   100                                 
   101                                 
   102                                 %line 73+1 /home/se170/VirtualBox-4.3.28/include/iprt/asmdefs.mac
   103                                 
   104                                 
   105                                 
   106                                 %line 77+1 /home/se170/VirtualBox-4.3.28/include/iprt/asmdefs.mac
   107                                 
   108                                 
   109                                 %line 84+1 /home/se170/VirtualBox-4.3.28/include/iprt/asmdefs.mac
   110                                 
   111                                 
   112                                 
   113                                 %line 92+1 /home/se170/VirtualBox-4.3.28/include/iprt/asmdefs.mac
   114                                 
   115                                 
   116                                 
   117                                 %line 100+1 /home/se170/VirtualBox-4.3.28/include/iprt/asmdefs.mac
   118                                 
   119                                 
   120                                 
   121                                 %line 108+1 /home/se170/VirtualBox-4.3.28/include/iprt/asmdefs.mac
   122                                 
   123                                 
   124                                 
   125                                 %line 116+1 /home/se170/VirtualBox-4.3.28/include/iprt/asmdefs.mac
   126                                 
   127                                 
   128                                 
   129                                 
   130                                 %line 121+1 /home/se170/VirtualBox-4.3.28/include/iprt/asmdefs.mac
   131                                 
   132                                 
   133                                 
   134                                 %line 125+1 /home/se170/VirtualBox-4.3.28/include/iprt/asmdefs.mac
   135                                 
   136                                 
   137                                 
   138                                 %line 129+1 /home/se170/VirtualBox-4.3.28/include/iprt/asmdefs.mac
   139                                 
   140                                 
   141                                 
   142                                 
   143                                 
   144                                 %line 137+1 /home/se170/VirtualBox-4.3.28/include/iprt/asmdefs.mac
   145                                 
   146                                 
   147                                 
   148                                 
   149                                 %line 157+1 /home/se170/VirtualBox-4.3.28/include/iprt/asmdefs.mac
   150                                 
   151                                 
   152                                 
   153                                 %line 165+1 /home/se170/VirtualBox-4.3.28/include/iprt/asmdefs.mac
   154                                 
   155                                 
   156                                 
   157                                 %line 177+1 /home/se170/VirtualBox-4.3.28/include/iprt/asmdefs.mac
   158                                 
   159                                 
   160                                 
   161                                 
   162                                 %line 188+1 /home/se170/VirtualBox-4.3.28/include/iprt/asmdefs.mac
   163                                 
   164                                 
   165                                 
   166                                 %line 211+1 /home/se170/VirtualBox-4.3.28/include/iprt/asmdefs.mac
   167                                 
   168                                 
   169                                 
   170                                 
   171                                 
   172                                 %line 222+1 /home/se170/VirtualBox-4.3.28/include/iprt/asmdefs.mac
   173                                 
   174                                 
   175                                 
   176                                 %line 236+1 /home/se170/VirtualBox-4.3.28/include/iprt/asmdefs.mac
   177                                 
   178                                 
   179                                 
   180                                 %line 249+1 /home/se170/VirtualBox-4.3.28/include/iprt/asmdefs.mac
   181                                 
   182                                 
   183                                 
   184                                 %line 263+1 /home/se170/VirtualBox-4.3.28/include/iprt/asmdefs.mac
   185                                 
   186                                 
   187                                 
   188                                 %line 274+1 /home/se170/VirtualBox-4.3.28/include/iprt/asmdefs.mac
   189                                 
   190                                 
   191                                 
   192                                 %line 288+1 /home/se170/VirtualBox-4.3.28/include/iprt/asmdefs.mac
   193                                 
   194                                 
   195                                 
   196                                 %line 302+1 /home/se170/VirtualBox-4.3.28/include/iprt/asmdefs.mac
   197                                 
   198                                 
   199                                 
   200                                 
   201                                 
   202                                 
   203                                 
   204                                 
   205                                 %line 356+1 /home/se170/VirtualBox-4.3.28/include/iprt/asmdefs.mac
   206                                 
   207                                 %line 363+1 /home/se170/VirtualBox-4.3.28/include/iprt/asmdefs.mac
   208                                 
   209                                 
   210                                 
   211                                 
   212                                 %line 376+1 /home/se170/VirtualBox-4.3.28/include/iprt/asmdefs.mac
   213                                 
   214                                 
   215                                 
   216                                 
   217                                 
   218                                 
   219                                 
   220                                 %line 396+1 /home/se170/VirtualBox-4.3.28/include/iprt/asmdefs.mac
   221                                 
   222                                 
   223                                 
   224                                 %line 408+1 /home/se170/VirtualBox-4.3.28/include/iprt/asmdefs.mac
   225                                 
   226                                 
   227                                 
   228                                 %line 420+1 /home/se170/VirtualBox-4.3.28/include/iprt/asmdefs.mac
   229                                 
   230                                 
   231                                 
   232                                 
   233                                 
   234                                 %line 432+1 /home/se170/VirtualBox-4.3.28/include/iprt/asmdefs.mac
   235                                 
   236                                 
   237                                 
   238                                 %line 442+1 /home/se170/VirtualBox-4.3.28/include/iprt/asmdefs.mac
   239                                 
   240                                 
   241                                 
   242                                 %line 452+1 /home/se170/VirtualBox-4.3.28/include/iprt/asmdefs.mac
   243                                 
   244                                 
   245                                 
   246                                 %line 462+1 /home/se170/VirtualBox-4.3.28/include/iprt/asmdefs.mac
   247                                 
   248                                 
   249                                 
   250                                 %line 472+1 /home/se170/VirtualBox-4.3.28/include/iprt/asmdefs.mac
   251                                 
   252                                 
   253                                 
   254                                 
   255                                 
   256                                 %line 482+1 /home/se170/VirtualBox-4.3.28/include/iprt/asmdefs.mac
   257                                 
   258                                 
   259                                 
   260                                 
   261                                 %line 491+1 /home/se170/VirtualBox-4.3.28/include/iprt/asmdefs.mac
   262                                 
   263                                 
   264                                 
   265                                 %line 499+1 /home/se170/VirtualBox-4.3.28/include/iprt/asmdefs.mac
   266                                 
   267                                 
   268                                 
   269                                 %line 507+1 /home/se170/VirtualBox-4.3.28/include/iprt/asmdefs.mac
   270                                 
   271                                 
   272                                 
   273                                 
   274                                 
   275                                 %line 517+1 /home/se170/VirtualBox-4.3.28/include/iprt/asmdefs.mac
   276                                 
   277                                 
   278                                 
   279                                 
   280                                 %line 526+1 /home/se170/VirtualBox-4.3.28/include/iprt/asmdefs.mac
   281                                 
   282                                 
   283                                 
   284                                 %line 534+1 /home/se170/VirtualBox-4.3.28/include/iprt/asmdefs.mac
   285                                 
   286                                 
   287                                 
   288                                 %line 542+1 /home/se170/VirtualBox-4.3.28/include/iprt/asmdefs.mac
   289                                 
   290                                 
   291                                 
   292                                 
   293                                 
   294                                 %line 552+1 /home/se170/VirtualBox-4.3.28/include/iprt/asmdefs.mac
   295                                 
   296                                 
   297                                 
   298                                 
   299                                 %line 561+1 /home/se170/VirtualBox-4.3.28/include/iprt/asmdefs.mac
   300                                 
   301                                 
   302                                 
   303                                 %line 569+1 /home/se170/VirtualBox-4.3.28/include/iprt/asmdefs.mac
   304                                 
   305                                 
   306                                 
   307                                 %line 577+1 /home/se170/VirtualBox-4.3.28/include/iprt/asmdefs.mac
   308                                 
   309                                 
   310                                 
   311                                 
   312                                 
   313                                 %line 587+1 /home/se170/VirtualBox-4.3.28/include/iprt/asmdefs.mac
   314                                 
   315                                 
   316                                 
   317                                 
   318                                 %line 596+1 /home/se170/VirtualBox-4.3.28/include/iprt/asmdefs.mac
   319                                 
   320                                 %line 599+1 /home/se170/VirtualBox-4.3.28/include/iprt/asmdefs.mac
   321                                 
   322                                 
   323                                 
   324                                 %line 607+1 /home/se170/VirtualBox-4.3.28/include/iprt/asmdefs.mac
   325                                 
   326                                 
   327                                 
   328                                 %line 615+1 /home/se170/VirtualBox-4.3.28/include/iprt/asmdefs.mac
   329                                 
   330                                 
   331                                 
   332                                 
   333                                 %line 620+1 /home/se170/VirtualBox-4.3.28/include/iprt/asmdefs.mac
   334                                 
   335                                 
   336                                 
   337                                 
   338                                 %line 625+1 /home/se170/VirtualBox-4.3.28/include/iprt/asmdefs.mac
   339                                 
   340                                 
   341                                 
   342                                 %line 629+1 /home/se170/VirtualBox-4.3.28/include/iprt/asmdefs.mac
   343                                 
   344                                 
   345                                 
   346                                 %line 633+1 /home/se170/VirtualBox-4.3.28/include/iprt/asmdefs.mac
   347                                 
   348                                 
   349                                 
   350                                 
   351                                 
   352                                 
   353                                 
   354                                 
   355                                 
   356                                 
   357                                 
   358                                 
   359                                 
   360                                 
   361                                 
   362                                 %line 666+1 /home/se170/VirtualBox-4.3.28/include/iprt/asmdefs.mac
   363                                 
   364                                 
   365                                 
   366                                 
   367                                 
   368                                 %line 672+1 /home/se170/VirtualBox-4.3.28/include/iprt/asmdefs.mac
   369                                 
   370                                 
   371                                 
   372                                 
   373                                 %line 677+1 /home/se170/VirtualBox-4.3.28/include/iprt/asmdefs.mac
   374                                 
   375                                 
   376                                 
   377                                 %line 681+1 /home/se170/VirtualBox-4.3.28/include/iprt/asmdefs.mac
   378                                 
   379                                 
   380                                 
   381                                 %line 685+1 /home/se170/VirtualBox-4.3.28/include/iprt/asmdefs.mac
   382                                 
   383                                 
   384                                 
   385                                 
   386                                 
   387                                 %line 691+1 /home/se170/VirtualBox-4.3.28/include/iprt/asmdefs.mac
   388                                 
   389                                 
   390                                 
   391                                 
   392                                 %line 696+1 /home/se170/VirtualBox-4.3.28/include/iprt/asmdefs.mac
   393                                 
   394                                 
   395                                 
   396                                 %line 700+1 /home/se170/VirtualBox-4.3.28/include/iprt/asmdefs.mac
   397                                 
   398                                 
   399                                 
   400                                 %line 704+1 /home/se170/VirtualBox-4.3.28/include/iprt/asmdefs.mac
   401                                 
   402                                 
   403                                 
   404                                 
   405                                 
   406                                 
   407                                 
   408                                 
   409                                 %line 721+1 /home/se170/VirtualBox-4.3.28/include/iprt/asmdefs.mac
   410                                 
   411                                 
   412                                 
   413                                 
   414                                 
   415                                 
   416                                 
   417                                 
   418                                 
   419                                 
   420                                 
   421                                 
   422                                 
   423                                 
   424                                 %line 738+1 /home/se170/VirtualBox-4.3.28/include/iprt/asmdefs.mac
   425                                 
   426                                 %line 752+1 /home/se170/VirtualBox-4.3.28/include/iprt/asmdefs.mac
   427                                 
   428                                 
   429                                 
   430                                 
   431                                 
   432                                 
   433                                 
   434                                 
   435                                 
   436                                 
   437                                 
   438                                 
   439                                 
   440                                 %line 770+1 /home/se170/VirtualBox-4.3.28/include/iprt/asmdefs.mac
   441                                 
   442                                 
   443                                 
   444                                 
   445                                 
   446                                 
   447                                 
   448                                 %line 791+1 /home/se170/VirtualBox-4.3.28/include/iprt/asmdefs.mac
   449                                 
   450                                 %line 797+1 /home/se170/VirtualBox-4.3.28/include/iprt/asmdefs.mac
   451                                 
   452                                 
   453                                 
   454                                 
   455                                 
   456                                 
   457                                 
   458                                 
   459                                 
   460                                 
   461                                 
   462                                 
   463                                 
   464                                 
   465                                 
   466                                 
   467                                 
   468                                 
   469                                 
   470                                 
   471                                 
   472                                 
   473                                 
   474                                 
   475                                 
   476                                 
   477                                 
   478                                 
   479                                 
   480                                 
   481                                 
   482                                 
   483                                 
   484                                 %line 853+1 /home/se170/VirtualBox-4.3.28/include/iprt/asmdefs.mac
   485                                 
   486                                 
   487                                 
   488                                 
   489                                 
   490                                 
   491                                 
   492                                 
   493                                 
   494                                 
   495                                 %line 873+1 /home/se170/VirtualBox-4.3.28/include/iprt/asmdefs.mac
   496                                 
   497                                 
   498                                 
   499                                 %line 886+1 /home/se170/VirtualBox-4.3.28/include/iprt/asmdefs.mac
   500                                 
   501                                 %line 31+1 /home/se170/VirtualBox-4.3.28/src/VBox/Runtime/common/asm/ASMAtomicUoAndU64.asm
   502                                 
   503                                 [section .text]
   504                                 
   505                                 
   506                                 
   507                                 
   508                                 
   509                                 
   510                                 
   511                                 
   512                                 
   513                                 [global ASMAtomicUoAndU64:function]
   514                                 %line 42+0 /home/se170/VirtualBox-4.3.28/src/VBox/Runtime/common/asm/ASMAtomicUoAndU64.asm
   515                                 ASMAtomicUoAndU64:
   516                                 %line 47+1 /home/se170/VirtualBox-4.3.28/src/VBox/Runtime/common/asm/ASMAtomicUoAndU64.asm
   517 00000000 482137                  and [rdi], rsi
   518                                 %line 74+1 /home/se170/VirtualBox-4.3.28/src/VBox/Runtime/common/asm/ASMAtomicUoAndU64.asm
   519 00000003 C3                      ret
   520                                 [global ASMAtomicUoAndU64_EndProc:function hidden]
   521                                 %line 75+0 /home/se170/VirtualBox-4.3.28/src/VBox/Runtime/common/asm/ASMAtomicUoAndU64.asm
   522                                 ASMAtomicUoAndU64_EndProc:
   523                                 [size ASMAtomicUoAndU64 ASMAtomicUoAndU64_EndProc - ASMAtomicUoAndU64]
   524                                 [size ASMAtomicUoAndU64_EndProc 0]
   525 00000004 CCCCCCCC                db 0xCC, 0xCC, 0xCC, 0xCC
   526                                 %line 76+1 /home/se170/VirtualBox-4.3.28/src/VBox/Runtime/common/asm/ASMAtomicUoAndU64.asm
   527                                 
   528                                 
