\BOOKMARK [0][-]{chapter.1}{1 First steps}{}% 1
\BOOKMARK [1][-]{section.1.1}{1.1 Why is virtualization useful?}{chapter.1}% 2
\BOOKMARK [1][-]{section.1.2}{1.2 Some terminology}{chapter.1}% 3
\BOOKMARK [1][-]{section.1.3}{1.3 Features overview}{chapter.1}% 4
\BOOKMARK [1][-]{section.1.4}{1.4 Supported host operating systems}{chapter.1}% 5
\BOOKMARK [1][-]{section.1.5}{1.5 Installing VirtualBox and extension packs}{chapter.1}% 6
\BOOKMARK [1][-]{section.1.6}{1.6 Starting VirtualBox}{chapter.1}% 7
\BOOKMARK [1][-]{section.1.7}{1.7 Creating your first virtual machine}{chapter.1}% 8
\BOOKMARK [1][-]{section.1.8}{1.8 Running your virtual machine}{chapter.1}% 9
\BOOKMARK [2][-]{subsection.1.8.1}{1.8.1 Starting a new VM for the first time}{section.1.8}% 10
\BOOKMARK [2][-]{subsection.1.8.2}{1.8.2 Capturing and releasing keyboard and mouse}{section.1.8}% 11
\BOOKMARK [2][-]{subsection.1.8.3}{1.8.3 Typing special characters}{section.1.8}% 12
\BOOKMARK [2][-]{subsection.1.8.4}{1.8.4 Changing removable media}{section.1.8}% 13
\BOOKMARK [2][-]{subsection.1.8.5}{1.8.5 Resizing the machine's window}{section.1.8}% 14
\BOOKMARK [2][-]{subsection.1.8.6}{1.8.6 Saving the state of the machine}{section.1.8}% 15
\BOOKMARK [1][-]{section.1.9}{1.9 Using VM groups}{chapter.1}% 16
\BOOKMARK [1][-]{section.1.10}{1.10 Snapshots}{chapter.1}% 17
\BOOKMARK [2][-]{subsection.1.10.1}{1.10.1 Taking, restoring and deleting snapshots}{section.1.10}% 18
\BOOKMARK [2][-]{subsection.1.10.2}{1.10.2 Snapshot contents}{section.1.10}% 19
\BOOKMARK [1][-]{section.1.11}{1.11 Virtual machine configuration}{chapter.1}% 20
\BOOKMARK [1][-]{section.1.12}{1.12 Removing virtual machines}{chapter.1}% 21
\BOOKMARK [1][-]{section.1.13}{1.13 Cloning virtual machines}{chapter.1}% 22
\BOOKMARK [1][-]{section.1.14}{1.14 Importing and exporting virtual machines}{chapter.1}% 23
\BOOKMARK [1][-]{section.1.15}{1.15 Global Settings}{chapter.1}% 24
\BOOKMARK [1][-]{section.1.16}{1.16 Alternative front-ends}{chapter.1}% 25
\BOOKMARK [0][-]{chapter.2}{2 Installation details}{}% 26
\BOOKMARK [1][-]{section.2.1}{2.1 Installing on Windows hosts}{chapter.2}% 27
\BOOKMARK [2][-]{subsection.2.1.1}{2.1.1 Prerequisites}{section.2.1}% 28
\BOOKMARK [2][-]{subsection.2.1.2}{2.1.2 Performing the installation}{section.2.1}% 29
\BOOKMARK [2][-]{subsection.2.1.3}{2.1.3 Uninstallation}{section.2.1}% 30
\BOOKMARK [2][-]{subsection.2.1.4}{2.1.4 Unattended installation}{section.2.1}% 31
\BOOKMARK [1][-]{section.2.2}{2.2 Installing on Mac OS X hosts}{chapter.2}% 32
\BOOKMARK [2][-]{subsection.2.2.1}{2.2.1 Performing the installation}{section.2.2}% 33
\BOOKMARK [2][-]{subsection.2.2.2}{2.2.2 Uninstallation}{section.2.2}% 34
\BOOKMARK [2][-]{subsection.2.2.3}{2.2.3 Unattended installation}{section.2.2}% 35
\BOOKMARK [1][-]{section.2.3}{2.3 Installing on Linux hosts}{chapter.2}% 36
\BOOKMARK [2][-]{subsection.2.3.1}{2.3.1 Prerequisites}{section.2.3}% 37
\BOOKMARK [2][-]{subsection.2.3.2}{2.3.2 The VirtualBox kernel module}{section.2.3}% 38
\BOOKMARK [2][-]{subsection.2.3.3}{2.3.3 Performing the installation}{section.2.3}% 39
\BOOKMARK [2][-]{subsection.2.3.4}{2.3.4 The vboxusers group}{section.2.3}% 40
\BOOKMARK [2][-]{subsection.2.3.5}{2.3.5 Starting VirtualBox on Linux}{section.2.3}% 41
\BOOKMARK [1][-]{section.2.4}{2.4 Installing on Solaris hosts}{chapter.2}% 42
\BOOKMARK [2][-]{subsection.2.4.1}{2.4.1 Performing the installation}{section.2.4}% 43
\BOOKMARK [2][-]{subsection.2.4.2}{2.4.2 The vboxuser group}{section.2.4}% 44
\BOOKMARK [2][-]{subsection.2.4.3}{2.4.3 Starting VirtualBox on Solaris}{section.2.4}% 45
\BOOKMARK [2][-]{subsection.2.4.4}{2.4.4 Uninstallation}{section.2.4}% 46
\BOOKMARK [2][-]{subsection.2.4.5}{2.4.5 Unattended installation}{section.2.4}% 47
\BOOKMARK [2][-]{subsection.2.4.6}{2.4.6 Configuring a zone for running VirtualBox}{section.2.4}% 48
\BOOKMARK [0][-]{chapter.3}{3 Configuring virtual machines}{}% 49
\BOOKMARK [1][-]{section.3.1}{3.1 Supported guest operating systems}{chapter.3}% 50
\BOOKMARK [2][-]{subsection.3.1.1}{3.1.1 Mac OS X guests}{section.3.1}% 51
\BOOKMARK [2][-]{subsection.3.1.2}{3.1.2 64-bit guests}{section.3.1}% 52
\BOOKMARK [1][-]{section.3.2}{3.2 Emulated hardware}{chapter.3}% 53
\BOOKMARK [1][-]{section.3.3}{3.3 General settings}{chapter.3}% 54
\BOOKMARK [2][-]{subsection.3.3.1}{3.3.1 "Basic" tab}{section.3.3}% 55
\BOOKMARK [2][-]{subsection.3.3.2}{3.3.2 "Advanced" tab}{section.3.3}% 56
\BOOKMARK [2][-]{subsection.3.3.3}{3.3.3 "Description" tab}{section.3.3}% 57
\BOOKMARK [1][-]{section.3.4}{3.4 System settings}{chapter.3}% 58
\BOOKMARK [2][-]{subsection.3.4.1}{3.4.1 "Motherboard" tab}{section.3.4}% 59
\BOOKMARK [2][-]{subsection.3.4.2}{3.4.2 "Processor" tab}{section.3.4}% 60
\BOOKMARK [2][-]{subsection.3.4.3}{3.4.3 "Acceleration" tab}{section.3.4}% 61
\BOOKMARK [1][-]{section.3.5}{3.5 Display settings}{chapter.3}% 62
\BOOKMARK [1][-]{section.3.6}{3.6 Storage settings}{chapter.3}% 63
\BOOKMARK [1][-]{section.3.7}{3.7 Audio settings}{chapter.3}% 64
\BOOKMARK [1][-]{section.3.8}{3.8 Network settings}{chapter.3}% 65
\BOOKMARK [1][-]{section.3.9}{3.9 Serial ports}{chapter.3}% 66
\BOOKMARK [1][-]{section.3.10}{3.10 USB support}{chapter.3}% 67
\BOOKMARK [2][-]{subsection.3.10.1}{3.10.1 USB settings}{section.3.10}% 68
\BOOKMARK [2][-]{subsection.3.10.2}{3.10.2 Implementation notes for Windows and Linux hosts}{section.3.10}% 69
\BOOKMARK [1][-]{section.3.11}{3.11 Shared folders}{chapter.3}% 70
\BOOKMARK [1][-]{section.3.12}{3.12 Alternative firmware \(EFI\)}{chapter.3}% 71
\BOOKMARK [2][-]{subsection.3.12.1}{3.12.1 Video modes in EFI}{section.3.12}% 72
\BOOKMARK [2][-]{subsection.3.12.2}{3.12.2 Specifying boot arguments}{section.3.12}% 73
\BOOKMARK [0][-]{chapter.4}{4 Guest Additions}{}% 74
\BOOKMARK [1][-]{section.4.1}{4.1 Introduction}{chapter.4}% 75
\BOOKMARK [1][-]{section.4.2}{4.2 Installing and Maintaining Guest Additions}{chapter.4}% 76
\BOOKMARK [2][-]{subsection.4.2.1}{4.2.1 Guest Additions for Windows}{section.4.2}% 77
\BOOKMARK [2][-]{subsection.4.2.2}{4.2.2 Guest Additions for Linux}{section.4.2}% 78
\BOOKMARK [2][-]{subsection.4.2.3}{4.2.3 Guest Additions for Solaris}{section.4.2}% 79
\BOOKMARK [2][-]{subsection.4.2.4}{4.2.4 Guest Additions for OS/2}{section.4.2}% 80
\BOOKMARK [1][-]{section.4.3}{4.3 Shared folders}{chapter.4}% 81
\BOOKMARK [2][-]{subsection.4.3.1}{4.3.1 Manual mounting}{section.4.3}% 82
\BOOKMARK [2][-]{subsection.4.3.2}{4.3.2 Automatic mounting}{section.4.3}% 83
\BOOKMARK [1][-]{section.4.4}{4.4 Hardware-accelerated graphics}{chapter.4}% 84
\BOOKMARK [2][-]{subsection.4.4.1}{4.4.1 Hardware 3D acceleration \(OpenGL and Direct3D 8/9\)}{section.4.4}% 85
\BOOKMARK [2][-]{subsection.4.4.2}{4.4.2 Hardware 2D video acceleration for Windows guests}{section.4.4}% 86
\BOOKMARK [1][-]{section.4.5}{4.5 Seamless windows}{chapter.4}% 87
\BOOKMARK [1][-]{section.4.6}{4.6 Guest properties}{chapter.4}% 88
\BOOKMARK [1][-]{section.4.7}{4.7 Guest control}{chapter.4}% 89
\BOOKMARK [1][-]{section.4.8}{4.8 Memory overcommitment}{chapter.4}% 90
\BOOKMARK [2][-]{subsection.4.8.1}{4.8.1 Memory ballooning}{section.4.8}% 91
\BOOKMARK [2][-]{subsection.4.8.2}{4.8.2 Page Fusion}{section.4.8}% 92
\BOOKMARK [0][-]{chapter.5}{5 Virtual storage}{}% 93
\BOOKMARK [1][-]{section.5.1}{5.1 Hard disk controllers: IDE, SATA \(AHCI\), SCSI, SAS}{chapter.5}% 94
\BOOKMARK [1][-]{section.5.2}{5.2 Disk image files \(VDI, VMDK, VHD, HDD\)}{chapter.5}% 95
\BOOKMARK [1][-]{section.5.3}{5.3 The Virtual Media Manager}{chapter.5}% 96
\BOOKMARK [1][-]{section.5.4}{5.4 Special image write modes}{chapter.5}% 97
\BOOKMARK [1][-]{section.5.5}{5.5 Differencing images}{chapter.5}% 98
\BOOKMARK [1][-]{section.5.6}{5.6 Cloning disk images}{chapter.5}% 99
\BOOKMARK [1][-]{section.5.7}{5.7 Host I/O caching}{chapter.5}% 100
\BOOKMARK [1][-]{section.5.8}{5.8 Limiting bandwidth for disk images}{chapter.5}% 101
\BOOKMARK [1][-]{section.5.9}{5.9 CD/DVD support}{chapter.5}% 102
\BOOKMARK [1][-]{section.5.10}{5.10 iSCSI servers}{chapter.5}% 103
\BOOKMARK [0][-]{chapter.6}{6 Virtual networking}{}% 104
\BOOKMARK [1][-]{section.6.1}{6.1 Virtual networking hardware}{chapter.6}% 105
\BOOKMARK [1][-]{section.6.2}{6.2 Introduction to networking modes}{chapter.6}% 106
\BOOKMARK [1][-]{section.6.3}{6.3 Network Address Translation \(NAT\)}{chapter.6}% 107
\BOOKMARK [2][-]{subsection.6.3.1}{6.3.1 Configuring port forwarding with NAT}{section.6.3}% 108
\BOOKMARK [2][-]{subsection.6.3.2}{6.3.2 PXE booting with NAT}{section.6.3}% 109
\BOOKMARK [2][-]{subsection.6.3.3}{6.3.3 NAT limitations}{section.6.3}% 110
\BOOKMARK [1][-]{section.6.4}{6.4 Network Address Translation Service \(experimental\)}{chapter.6}% 111
\BOOKMARK [1][-]{section.6.5}{6.5 Bridged networking}{chapter.6}% 112
\BOOKMARK [1][-]{section.6.6}{6.6 Internal networking}{chapter.6}% 113
\BOOKMARK [1][-]{section.6.7}{6.7 Host-only networking}{chapter.6}% 114
\BOOKMARK [1][-]{section.6.8}{6.8 UDP Tunnel networking}{chapter.6}% 115
\BOOKMARK [1][-]{section.6.9}{6.9 VDE networking}{chapter.6}% 116
\BOOKMARK [1][-]{section.6.10}{6.10 Limiting bandwidth for network I/O}{chapter.6}% 117
\BOOKMARK [1][-]{section.6.11}{6.11 Improving network performance}{chapter.6}% 118
\BOOKMARK [0][-]{chapter.7}{7 Remote virtual machines}{}% 119
\BOOKMARK [1][-]{section.7.1}{7.1 Remote display \(VRDP support\)}{chapter.7}% 120
\BOOKMARK [2][-]{subsection.7.1.1}{7.1.1 Common third-party RDP viewers}{section.7.1}% 121
\BOOKMARK [2][-]{subsection.7.1.2}{7.1.2 VBoxHeadless, the remote desktop server}{section.7.1}% 122
\BOOKMARK [2][-]{subsection.7.1.3}{7.1.3 Step by step: creating a virtual machine on a headless server}{section.7.1}% 123
\BOOKMARK [2][-]{subsection.7.1.4}{7.1.4 Remote USB}{section.7.1}% 124
\BOOKMARK [2][-]{subsection.7.1.5}{7.1.5 RDP authentication}{section.7.1}% 125
\BOOKMARK [2][-]{subsection.7.1.6}{7.1.6 RDP encryption}{section.7.1}% 126
\BOOKMARK [2][-]{subsection.7.1.7}{7.1.7 Multiple connections to the VRDP server}{section.7.1}% 127
\BOOKMARK [2][-]{subsection.7.1.8}{7.1.8 Multiple remote monitors}{section.7.1}% 128
\BOOKMARK [2][-]{subsection.7.1.9}{7.1.9 VRDP video redirection}{section.7.1}% 129
\BOOKMARK [2][-]{subsection.7.1.10}{7.1.10 VRDP customization}{section.7.1}% 130
\BOOKMARK [1][-]{section.7.2}{7.2 Teleporting}{chapter.7}% 131
\BOOKMARK [0][-]{chapter.8}{8 VBoxManage}{}% 132
\BOOKMARK [1][-]{section.8.1}{8.1 Introduction}{chapter.8}% 133
\BOOKMARK [1][-]{section.8.2}{8.2 Commands overview}{chapter.8}% 134
\BOOKMARK [1][-]{section.8.3}{8.3 General options}{chapter.8}% 135
\BOOKMARK [1][-]{section.8.4}{8.4 VBoxManage list}{chapter.8}% 136
\BOOKMARK [1][-]{section.8.5}{8.5 VBoxManage showvminfo}{chapter.8}% 137
\BOOKMARK [1][-]{section.8.6}{8.6 VBoxManage registervm / unregistervm}{chapter.8}% 138
\BOOKMARK [1][-]{section.8.7}{8.7 VBoxManage createvm}{chapter.8}% 139
\BOOKMARK [1][-]{section.8.8}{8.8 VBoxManage modifyvm}{chapter.8}% 140
\BOOKMARK [2][-]{subsection.8.8.1}{8.8.1 General settings}{section.8.8}% 141
\BOOKMARK [2][-]{subsection.8.8.2}{8.8.2 Networking settings}{section.8.8}% 142
\BOOKMARK [2][-]{subsection.8.8.3}{8.8.3 Serial port, audio, clipboard and USB settings}{section.8.8}% 143
\BOOKMARK [2][-]{subsection.8.8.4}{8.8.4 Remote machine settings}{section.8.8}% 144
\BOOKMARK [2][-]{subsection.8.8.5}{8.8.5 Teleporting settings}{section.8.8}% 145
\BOOKMARK [1][-]{section.8.9}{8.9 VBoxManage clonevm}{chapter.8}% 146
\BOOKMARK [1][-]{section.8.10}{8.10 VBoxManage import}{chapter.8}% 147
\BOOKMARK [1][-]{section.8.11}{8.11 VBoxManage export}{chapter.8}% 148
\BOOKMARK [1][-]{section.8.12}{8.12 VBoxManage startvm}{chapter.8}% 149
\BOOKMARK [1][-]{section.8.13}{8.13 VBoxManage controlvm}{chapter.8}% 150
\BOOKMARK [1][-]{section.8.14}{8.14 VBoxManage discardstate}{chapter.8}% 151
\BOOKMARK [1][-]{section.8.15}{8.15 VBoxManage adoptstate}{chapter.8}% 152
\BOOKMARK [1][-]{section.8.16}{8.16 VBoxManage snapshot}{chapter.8}% 153
\BOOKMARK [1][-]{section.8.17}{8.17 VBoxManage closemedium}{chapter.8}% 154
\BOOKMARK [1][-]{section.8.18}{8.18 VBoxManage storageattach}{chapter.8}% 155
\BOOKMARK [1][-]{section.8.19}{8.19 VBoxManage storagectl}{chapter.8}% 156
\BOOKMARK [1][-]{section.8.20}{8.20 VBoxManage bandwidthctl}{chapter.8}% 157
\BOOKMARK [1][-]{section.8.21}{8.21 VBoxManage showhdinfo}{chapter.8}% 158
\BOOKMARK [1][-]{section.8.22}{8.22 VBoxManage createhd}{chapter.8}% 159
\BOOKMARK [1][-]{section.8.23}{8.23 VBoxManage modifyhd}{chapter.8}% 160
\BOOKMARK [1][-]{section.8.24}{8.24 VBoxManage clonehd}{chapter.8}% 161
\BOOKMARK [1][-]{section.8.25}{8.25 VBoxManage convertfromraw}{chapter.8}% 162
\BOOKMARK [1][-]{section.8.26}{8.26 VBoxManage getextradata/setextradata}{chapter.8}% 163
\BOOKMARK [1][-]{section.8.27}{8.27 VBoxManage setproperty}{chapter.8}% 164
\BOOKMARK [1][-]{section.8.28}{8.28 VBoxManage usbfilter add/modify/remove}{chapter.8}% 165
\BOOKMARK [1][-]{section.8.29}{8.29 VBoxManage sharedfolder add/remove}{chapter.8}% 166
\BOOKMARK [1][-]{section.8.30}{8.30 VBoxManage guestproperty}{chapter.8}% 167
\BOOKMARK [1][-]{section.8.31}{8.31 VBoxManage guestcontrol}{chapter.8}% 168
\BOOKMARK [1][-]{section.8.32}{8.32 VBoxManage debugvm}{chapter.8}% 169
\BOOKMARK [1][-]{section.8.33}{8.33 VBoxManage metrics}{chapter.8}% 170
\BOOKMARK [1][-]{section.8.34}{8.34 VBoxManage hostonlyif}{chapter.8}% 171
\BOOKMARK [1][-]{section.8.35}{8.35 VBoxManage dhcpserver}{chapter.8}% 172
\BOOKMARK [1][-]{section.8.36}{8.36 VBoxManage extpack}{chapter.8}% 173
\BOOKMARK [0][-]{chapter.9}{9 Advanced topics}{}% 174
\BOOKMARK [1][-]{section.9.1}{9.1 VBoxSDL, the simplified VM displayer}{chapter.9}% 175
\BOOKMARK [2][-]{subsection.9.1.1}{9.1.1 Introduction}{section.9.1}% 176
\BOOKMARK [2][-]{subsection.9.1.2}{9.1.2 Secure labeling with VBoxSDL}{section.9.1}% 177
\BOOKMARK [2][-]{subsection.9.1.3}{9.1.3 Releasing modifiers with VBoxSDL on Linux}{section.9.1}% 178
\BOOKMARK [1][-]{section.9.2}{9.2 Automated guest logons}{chapter.9}% 179
\BOOKMARK [2][-]{subsection.9.2.1}{9.2.1 Automated Windows guest logons}{section.9.2}% 180
\BOOKMARK [2][-]{subsection.9.2.2}{9.2.2 Automated Linux/Unix guest logons}{section.9.2}% 181
\BOOKMARK [1][-]{section.9.3}{9.3 Advanced configuration for Windows guests}{chapter.9}% 182
\BOOKMARK [2][-]{subsection.9.3.1}{9.3.1 Automated Windows system preparation}{section.9.3}% 183
\BOOKMARK [1][-]{section.9.4}{9.4 Advanced configuration for Linux and Solaris guests}{chapter.9}% 184
\BOOKMARK [2][-]{subsection.9.4.1}{9.4.1 Manual setup of selected guest services on Linux}{section.9.4}% 185
\BOOKMARK [2][-]{subsection.9.4.2}{9.4.2 Guest graphics and mouse driver setup in depth}{section.9.4}% 186
\BOOKMARK [1][-]{section.9.5}{9.5 CPU hot-plugging}{chapter.9}% 187
\BOOKMARK [1][-]{section.9.6}{9.6 PCI passthrough}{chapter.9}% 188
\BOOKMARK [1][-]{section.9.7}{9.7 Webcam passthrough}{chapter.9}% 189
\BOOKMARK [2][-]{subsection.9.7.1}{9.7.1 Using a host webcam in the guest}{section.9.7}% 190
\BOOKMARK [2][-]{subsection.9.7.2}{9.7.2 Windows hosts}{section.9.7}% 191
\BOOKMARK [2][-]{subsection.9.7.3}{9.7.3 Mac OS X hosts}{section.9.7}% 192
\BOOKMARK [2][-]{subsection.9.7.4}{9.7.4 Linux hosts}{section.9.7}% 193
\BOOKMARK [1][-]{section.9.8}{9.8 Advanced display configuration}{chapter.9}% 194
\BOOKMARK [2][-]{subsection.9.8.1}{9.8.1 Custom VESA resolutions}{section.9.8}% 195
\BOOKMARK [2][-]{subsection.9.8.2}{9.8.2 Configuring the maximum resolution of guests when using the graphical frontend}{section.9.8}% 196
\BOOKMARK [1][-]{section.9.9}{9.9 Advanced storage configuration}{chapter.9}% 197
\BOOKMARK [2][-]{subsection.9.9.1}{9.9.1 Using a raw host hard disk from a guest}{section.9.9}% 198
\BOOKMARK [2][-]{subsection.9.9.2}{9.9.2 Configuring the hard disk vendor product data \(VPD\)}{section.9.9}% 199
\BOOKMARK [2][-]{subsection.9.9.3}{9.9.3 Access iSCSI targets via Internal Networking}{section.9.9}% 200
\BOOKMARK [1][-]{section.9.10}{9.10 Legacy commands for using serial ports}{chapter.9}% 201
\BOOKMARK [1][-]{section.9.11}{9.11 Fine-tuning the VirtualBox NAT engine}{chapter.9}% 202
\BOOKMARK [2][-]{subsection.9.11.1}{9.11.1 Configuring the address of a NAT network interface}{section.9.11}% 203
\BOOKMARK [2][-]{subsection.9.11.2}{9.11.2 Configuring the boot server \(next server\) of a NAT network interface}{section.9.11}% 204
\BOOKMARK [2][-]{subsection.9.11.3}{9.11.3 Tuning TCP/IP buffers for NAT}{section.9.11}% 205
\BOOKMARK [2][-]{subsection.9.11.4}{9.11.4 Binding NAT sockets to a specific interface}{section.9.11}% 206
\BOOKMARK [2][-]{subsection.9.11.5}{9.11.5 Enabling DNS proxy in NAT mode}{section.9.11}% 207
\BOOKMARK [2][-]{subsection.9.11.6}{9.11.6 Using the host's resolver as a DNS proxy in NAT mode}{section.9.11}% 208
\BOOKMARK [2][-]{subsection.9.11.7}{9.11.7 Configuring aliasing of the NAT engine}{section.9.11}% 209
\BOOKMARK [1][-]{section.9.12}{9.12 Configuring the BIOS DMI information}{chapter.9}% 210
\BOOKMARK [2][-]{subsection.9.12.1}{9.12.1 DMI BIOS information \(type 0\)}{section.9.12}% 211
\BOOKMARK [2][-]{subsection.9.12.2}{9.12.2 DMI system information \(type 1\)}{section.9.12}% 212
\BOOKMARK [2][-]{subsection.9.12.3}{9.12.3 DMI board information \(type 2\)}{section.9.12}% 213
\BOOKMARK [2][-]{subsection.9.12.4}{9.12.4 DMI system enclosure or chassis \(type 3\)}{section.9.12}% 214
\BOOKMARK [2][-]{subsection.9.12.5}{9.12.5 DMI processor informatiion \(type 4\)}{section.9.12}% 215
\BOOKMARK [2][-]{subsection.9.12.6}{9.12.6 DMI OEM strings \(type 11\)}{section.9.12}% 216
\BOOKMARK [1][-]{section.9.13}{9.13 Configuring the custom ACPI table}{chapter.9}% 217
\BOOKMARK [1][-]{section.9.14}{9.14 Fine-tuning timers and time synchronization}{chapter.9}% 218
\BOOKMARK [2][-]{subsection.9.14.1}{9.14.1 Configuring the guest time stamp counter \(TSC\) to reflect guest execution}{section.9.14}% 219
\BOOKMARK [2][-]{subsection.9.14.2}{9.14.2 Accelerate or slow down the guest clock}{section.9.14}% 220
\BOOKMARK [2][-]{subsection.9.14.3}{9.14.3 Tuning the Guest Additions time synchronization parameters}{section.9.14}% 221
\BOOKMARK [2][-]{subsection.9.14.4}{9.14.4 Disabling the Guest Additions time synchronization}{section.9.14}% 222
\BOOKMARK [1][-]{section.9.15}{9.15 Installing the alternate bridged networking driver on Solaris 11 hosts}{chapter.9}% 223
\BOOKMARK [1][-]{section.9.16}{9.16 VirtualBox VNIC templates for VLANs on Solaris 11 hosts}{chapter.9}% 224
\BOOKMARK [1][-]{section.9.17}{9.17 Configuring multiple host-only network interfaces on Solaris hosts}{chapter.9}% 225
\BOOKMARK [1][-]{section.9.18}{9.18 Configuring the VirtualBox CoreDumper on Solaris hosts}{chapter.9}% 226
\BOOKMARK [1][-]{section.9.19}{9.19 Locking down the VirtualBox manager GUI}{chapter.9}% 227
\BOOKMARK [2][-]{subsection.9.19.1}{9.19.1 Customizing the VM manager}{section.9.19}% 228
\BOOKMARK [2][-]{subsection.9.19.2}{9.19.2 VM selector customization}{section.9.19}% 229
\BOOKMARK [2][-]{subsection.9.19.3}{9.19.3 Configure VM selector menu entries}{section.9.19}% 230
\BOOKMARK [2][-]{subsection.9.19.4}{9.19.4 Configure VM window menu entries}{section.9.19}% 231
\BOOKMARK [2][-]{subsection.9.19.5}{9.19.5 Configure VM window status bar entries}{section.9.19}% 232
\BOOKMARK [2][-]{subsection.9.19.6}{9.19.6 Configure VM window visual modes}{section.9.19}% 233
\BOOKMARK [2][-]{subsection.9.19.7}{9.19.7 Host Key customization}{section.9.19}% 234
\BOOKMARK [2][-]{subsection.9.19.8}{9.19.8 Action when terminating the VM}{section.9.19}% 235
\BOOKMARK [2][-]{subsection.9.19.9}{9.19.9 Action for handling a Guru Meditation}{section.9.19}% 236
\BOOKMARK [2][-]{subsection.9.19.10}{9.19.10 Configuring automatic mouse capturing}{section.9.19}% 237
\BOOKMARK [2][-]{subsection.9.19.11}{9.19.11 Requesting legacy full-screen mode}{section.9.19}% 238
\BOOKMARK [1][-]{section.9.20}{9.20 Starting the VirtualBox web service automatically}{chapter.9}% 239
\BOOKMARK [2][-]{subsection.9.20.1}{9.20.1 Linux: starting the webservice via init}{section.9.20}% 240
\BOOKMARK [2][-]{subsection.9.20.2}{9.20.2 Solaris: starting the web service via SMF}{section.9.20}% 241
\BOOKMARK [2][-]{subsection.9.20.3}{9.20.3 Mac OS X: starting the webservice via launchd}{section.9.20}% 242
\BOOKMARK [1][-]{section.9.21}{9.21 VirtualBox Watchdog}{chapter.9}% 243
\BOOKMARK [2][-]{subsection.9.21.1}{9.21.1 Memory ballooning control}{section.9.21}% 244
\BOOKMARK [2][-]{subsection.9.21.2}{9.21.2 Host isolation detection}{section.9.21}% 245
\BOOKMARK [2][-]{subsection.9.21.3}{9.21.3 More information}{section.9.21}% 246
\BOOKMARK [2][-]{subsection.9.21.4}{9.21.4 Linux: starting the watchdog service via init}{section.9.21}% 247
\BOOKMARK [2][-]{subsection.9.21.5}{9.21.5 Solaris: starting the watchdog service via SMF}{section.9.21}% 248
\BOOKMARK [1][-]{section.9.22}{9.22 Other extension packs}{chapter.9}% 249
\BOOKMARK [1][-]{section.9.23}{9.23 Starting virtual machines during system boot}{chapter.9}% 250
\BOOKMARK [2][-]{subsection.9.23.1}{9.23.1 Linux: starting the autostart service via init}{section.9.23}% 251
\BOOKMARK [2][-]{subsection.9.23.2}{9.23.2 Solaris: starting the autostart service via SMF}{section.9.23}% 252
\BOOKMARK [2][-]{subsection.9.23.3}{9.23.3 Mac OS X: starting the autostart service via launchd}{section.9.23}% 253
\BOOKMARK [1][-]{section.9.24}{9.24 VirtualBox expert storage management}{chapter.9}% 254
\BOOKMARK [1][-]{section.9.25}{9.25 Handling of host power management events}{chapter.9}% 255
\BOOKMARK [1][-]{section.9.26}{9.26 Experimental support for passing through SSE4.1 / SSE4.2 instructions}{chapter.9}% 256
\BOOKMARK [1][-]{section.9.27}{9.27 Support for keyboard indicators synchronization}{chapter.9}% 257
\BOOKMARK [0][-]{chapter.10}{10 Technical background}{}% 258
\BOOKMARK [1][-]{section.10.1}{10.1 Where VirtualBox stores its files}{chapter.10}% 259
\BOOKMARK [2][-]{subsection.10.1.1}{10.1.1 Machines created by VirtualBox version 4.0 or later}{section.10.1}% 260
\BOOKMARK [2][-]{subsection.10.1.2}{10.1.2 Machines created by VirtualBox versions before 4.0}{section.10.1}% 261
\BOOKMARK [2][-]{subsection.10.1.3}{10.1.3 Global configuration data}{section.10.1}% 262
\BOOKMARK [2][-]{subsection.10.1.4}{10.1.4 Summary of 4.0 configuration changes}{section.10.1}% 263
\BOOKMARK [2][-]{subsection.10.1.5}{10.1.5 VirtualBox XML files}{section.10.1}% 264
\BOOKMARK [1][-]{section.10.2}{10.2 VirtualBox executables and components}{chapter.10}% 265
\BOOKMARK [1][-]{section.10.3}{10.3 Hardware vs. software virtualization}{chapter.10}% 266
\BOOKMARK [1][-]{section.10.4}{10.4 Details about software virtualization}{chapter.10}% 267
\BOOKMARK [1][-]{section.10.5}{10.5 Details about hardware virtualization}{chapter.10}% 268
\BOOKMARK [1][-]{section.10.6}{10.6 Nested paging and VPIDs}{chapter.10}% 269
\BOOKMARK [0][-]{chapter.11}{11 VirtualBox programming interfaces}{}% 270
\BOOKMARK [0][-]{chapter.12}{12 Troubleshooting}{}% 271
\BOOKMARK [1][-]{section.12.1}{12.1 Procedures and tools}{chapter.12}% 272
\BOOKMARK [2][-]{subsection.12.1.1}{12.1.1 Categorizing and isolating problems}{section.12.1}% 273
\BOOKMARK [2][-]{subsection.12.1.2}{12.1.2 Collecting debugging information}{section.12.1}% 274
\BOOKMARK [2][-]{subsection.12.1.3}{12.1.3 The built-in VM debugger}{section.12.1}% 275
\BOOKMARK [2][-]{subsection.12.1.4}{12.1.4 VM core format}{section.12.1}% 276
\BOOKMARK [1][-]{section.12.2}{12.2 General}{chapter.12}% 277
\BOOKMARK [2][-]{subsection.12.2.1}{12.2.1 Guest shows IDE/SATA errors for file-based images on slow host file system}{section.12.2}% 278
\BOOKMARK [2][-]{subsection.12.2.2}{12.2.2 Responding to guest IDE/SATA flush requests}{section.12.2}% 279
\BOOKMARK [2][-]{subsection.12.2.3}{12.2.3 Performance variation with frequency boosting}{section.12.2}% 280
\BOOKMARK [2][-]{subsection.12.2.4}{12.2.4 Frequency scaling effect on CPU usage}{section.12.2}% 281
\BOOKMARK [2][-]{subsection.12.2.5}{12.2.5 Inaccurate Windows CPU usage reporting}{section.12.2}% 282
\BOOKMARK [2][-]{subsection.12.2.6}{12.2.6 Poor performance caused by host power management}{section.12.2}% 283
\BOOKMARK [2][-]{subsection.12.2.7}{12.2.7 GUI: 2D Video Acceleration option is grayed out}{section.12.2}% 284
\BOOKMARK [1][-]{section.12.3}{12.3 Windows guests}{chapter.12}% 285
\BOOKMARK [2][-]{subsection.12.3.1}{12.3.1 Windows bluescreens after changing VM configuration}{section.12.3}% 286
\BOOKMARK [2][-]{subsection.12.3.2}{12.3.2 Windows 0x101 bluescreens with SMP enabled \(IPI timeout\)}{section.12.3}% 287
\BOOKMARK [2][-]{subsection.12.3.3}{12.3.3 Windows 2000 installation failures}{section.12.3}% 288
\BOOKMARK [2][-]{subsection.12.3.4}{12.3.4 How to record bluescreen information from Windows guests}{section.12.3}% 289
\BOOKMARK [2][-]{subsection.12.3.5}{12.3.5 No networking in Windows Vista guests}{section.12.3}% 290
\BOOKMARK [2][-]{subsection.12.3.6}{12.3.6 Windows guests may cause a high CPU load}{section.12.3}% 291
\BOOKMARK [2][-]{subsection.12.3.7}{12.3.7 Long delays when accessing shared folders}{section.12.3}% 292
\BOOKMARK [2][-]{subsection.12.3.8}{12.3.8 USB tablet coordinates wrong in Windows 98 guests}{section.12.3}% 293
\BOOKMARK [2][-]{subsection.12.3.9}{12.3.9 Windows guests are removed from an Active Directory domain after restoring a snapshot}{section.12.3}% 294
\BOOKMARK [2][-]{subsection.12.3.10}{12.3.10 Restoring d3d8.dll and d3d9.dll}{section.12.3}% 295
\BOOKMARK [1][-]{section.12.4}{12.4 Linux and X11 guests}{chapter.12}% 296
\BOOKMARK [2][-]{subsection.12.4.1}{12.4.1 Linux guests may cause a high CPU load}{section.12.4}% 297
\BOOKMARK [2][-]{subsection.12.4.2}{12.4.2 AMD Barcelona CPUs}{section.12.4}% 298
\BOOKMARK [2][-]{subsection.12.4.3}{12.4.3 Buggy Linux 2.6 kernel versions}{section.12.4}% 299
\BOOKMARK [2][-]{subsection.12.4.4}{12.4.4 Shared clipboard, auto-resizing and seamless desktop in X11 guests}{section.12.4}% 300
\BOOKMARK [1][-]{section.12.5}{12.5 Solaris guests}{chapter.12}% 301
\BOOKMARK [2][-]{subsection.12.5.1}{12.5.1 Older Solaris 10 releases crash in 64-bit mode}{section.12.5}% 302
\BOOKMARK [2][-]{subsection.12.5.2}{12.5.2 Solaris 8 5/01 and earlier may crash on startup}{section.12.5}% 303
\BOOKMARK [1][-]{section.12.6}{12.6 Windows hosts}{chapter.12}% 304
\BOOKMARK [2][-]{subsection.12.6.1}{12.6.1 VBoxSVC out-of-process COM server issues}{section.12.6}% 305
\BOOKMARK [2][-]{subsection.12.6.2}{12.6.2 CD/DVD changes not recognized}{section.12.6}% 306
\BOOKMARK [2][-]{subsection.12.6.3}{12.6.3 Sluggish response when using Microsoft RDP client}{section.12.6}% 307
\BOOKMARK [2][-]{subsection.12.6.4}{12.6.4 Running an iSCSI initiator and target on a single system}{section.12.6}% 308
\BOOKMARK [2][-]{subsection.12.6.5}{12.6.5 Bridged networking adapters missing}{section.12.6}% 309
\BOOKMARK [2][-]{subsection.12.6.6}{12.6.6 Host-only networking adapters cannot be created}{section.12.6}% 310
\BOOKMARK [1][-]{section.12.7}{12.7 Linux hosts}{chapter.12}% 311
\BOOKMARK [2][-]{subsection.12.7.1}{12.7.1 Linux kernel module refuses to load}{section.12.7}% 312
\BOOKMARK [2][-]{subsection.12.7.2}{12.7.2 Linux host CD/DVD drive not found}{section.12.7}% 313
\BOOKMARK [2][-]{subsection.12.7.3}{12.7.3 Linux host CD/DVD drive not found \(older distributions\)}{section.12.7}% 314
\BOOKMARK [2][-]{subsection.12.7.4}{12.7.4 Linux host floppy not found}{section.12.7}% 315
\BOOKMARK [2][-]{subsection.12.7.5}{12.7.5 Strange guest IDE error messages when writing to CD/DVD}{section.12.7}% 316
\BOOKMARK [2][-]{subsection.12.7.6}{12.7.6 VBoxSVC IPC issues}{section.12.7}% 317
\BOOKMARK [2][-]{subsection.12.7.7}{12.7.7 USB not working}{section.12.7}% 318
\BOOKMARK [2][-]{subsection.12.7.8}{12.7.8 PAX/grsec kernels}{section.12.7}% 319
\BOOKMARK [2][-]{subsection.12.7.9}{12.7.9 Linux kernel vmalloc pool exhausted}{section.12.7}% 320
\BOOKMARK [1][-]{section.12.8}{12.8 Solaris hosts}{chapter.12}% 321
\BOOKMARK [2][-]{subsection.12.8.1}{12.8.1 Cannot start VM, not enough contiguous memory}{section.12.8}% 322
\BOOKMARK [2][-]{subsection.12.8.2}{12.8.2 VM aborts with out of memory errors on Solaris 10 hosts}{section.12.8}% 323
\BOOKMARK [0][-]{chapter.13}{13 Security guide}{}% 324
\BOOKMARK [1][-]{section.13.1}{13.1 Overview}{chapter.13}% 325
\BOOKMARK [2][-]{subsection.13.1.1}{13.1.1 General Security Principles}{section.13.1}% 326
\BOOKMARK [1][-]{section.13.2}{13.2 Secure Installation and Configuration}{chapter.13}% 327
\BOOKMARK [2][-]{subsection.13.2.1}{13.2.1 Installation Overview}{section.13.2}% 328
\BOOKMARK [2][-]{subsection.13.2.2}{13.2.2 Post Installation Configuration}{section.13.2}% 329
\BOOKMARK [1][-]{section.13.3}{13.3 Security Features}{chapter.13}% 330
\BOOKMARK [2][-]{subsection.13.3.1}{13.3.1 The Security Model}{section.13.3}% 331
\BOOKMARK [2][-]{subsection.13.3.2}{13.3.2 Secure Configuration of Virtual Machines}{section.13.3}% 332
\BOOKMARK [2][-]{subsection.13.3.3}{13.3.3 Configuring and Using Authentication}{section.13.3}% 333
\BOOKMARK [2][-]{subsection.13.3.4}{13.3.4 Potentially insecure operations}{section.13.3}% 334
\BOOKMARK [2][-]{subsection.13.3.5}{13.3.5 Encryption}{section.13.3}% 335
\BOOKMARK [0][-]{chapter.14}{14 Known limitations}{}% 336
\BOOKMARK [1][-]{section.14.1}{14.1 Experimental Features}{chapter.14}% 337
\BOOKMARK [1][-]{section.14.2}{14.2 Known Issues}{chapter.14}% 338
\BOOKMARK [0][-]{chapter.15}{15 Change log}{}% 339
\BOOKMARK [1][-]{section.15.1}{15.1 Version 4.3.28 \(2015-05-13\)}{chapter.15}% 340
\BOOKMARK [1][-]{section.15.2}{15.2 Version 4.3.26 \(2015-03-16\)}{chapter.15}% 341
\BOOKMARK [1][-]{section.15.3}{15.3 Version 4.3.24 \(2015-03-02\)}{chapter.15}% 342
\BOOKMARK [1][-]{section.15.4}{15.4 Version 4.3.22 \(2015-02-12\)}{chapter.15}% 343
\BOOKMARK [1][-]{section.15.5}{15.5 Version 4.3.20 \(2014-11-21\)}{chapter.15}% 344
\BOOKMARK [1][-]{section.15.6}{15.6 Version 4.3.18 \(2014-10-10\)}{chapter.15}% 345
\BOOKMARK [1][-]{section.15.7}{15.7 Version 4.3.16 \(2014-09-09\)}{chapter.15}% 346
\BOOKMARK [1][-]{section.15.8}{15.8 Version 4.3.14 \(2014-07-15\)}{chapter.15}% 347
\BOOKMARK [1][-]{section.15.9}{15.9 Version 4.3.12 \(2014-05-16\)}{chapter.15}% 348
\BOOKMARK [1][-]{section.15.10}{15.10 Version 4.3.10 \(2014-03-26\)}{chapter.15}% 349
\BOOKMARK [1][-]{section.15.11}{15.11 Version 4.3.8 \(2014-02-25\)}{chapter.15}% 350
\BOOKMARK [1][-]{section.15.12}{15.12 Version 4.3.6 \(2013-12-18\)}{chapter.15}% 351
\BOOKMARK [1][-]{section.15.13}{15.13 Version 4.3.4 \(2013-11-29\)}{chapter.15}% 352
\BOOKMARK [1][-]{section.15.14}{15.14 Version 4.3.2 \(2013-11-01\)}{chapter.15}% 353
\BOOKMARK [1][-]{section.15.15}{15.15 Version 4.3.0 \(2013-10-15\)}{chapter.15}% 354
\BOOKMARK [1][-]{section.15.16}{15.16 Version 4.2.22 \(2014-01-10\)}{chapter.15}% 355
\BOOKMARK [1][-]{section.15.17}{15.17 Version 4.2.20 \(2013-11-28\)}{chapter.15}% 356
\BOOKMARK [1][-]{section.15.18}{15.18 Version 4.2.18 \(2013-09-06\)}{chapter.15}% 357
\BOOKMARK [1][-]{section.15.19}{15.19 Version 4.2.16 \(2013-07-04\)}{chapter.15}% 358
\BOOKMARK [1][-]{section.15.20}{15.20 Version 4.2.14 \(2013-06-21\)}{chapter.15}% 359
\BOOKMARK [1][-]{section.15.21}{15.21 Version 4.2.12 \(2013-04-12\)}{chapter.15}% 360
\BOOKMARK [1][-]{section.15.22}{15.22 Version 4.2.10 \(2013-03-05\)}{chapter.15}% 361
\BOOKMARK [1][-]{section.15.23}{15.23 Version 4.2.8 \(2013-02-20\)}{chapter.15}% 362
\BOOKMARK [1][-]{section.15.24}{15.24 Version 4.2.6 \(2012-12-19\)}{chapter.15}% 363
\BOOKMARK [1][-]{section.15.25}{15.25 Version 4.2.4 \(2012-10-26\)}{chapter.15}% 364
\BOOKMARK [1][-]{section.15.26}{15.26 Version 4.2.2 \(2012-10-18\)}{chapter.15}% 365
\BOOKMARK [1][-]{section.15.27}{15.27 Version 4.2.0 \(2012-09-13\)}{chapter.15}% 366
\BOOKMARK [1][-]{section.15.28}{15.28 Version 4.1.18 \(2012-06-06\)}{chapter.15}% 367
\BOOKMARK [1][-]{section.15.29}{15.29 Version 4.1.16 \(2012-05-22\)}{chapter.15}% 368
\BOOKMARK [1][-]{section.15.30}{15.30 Version 4.1.14 \(2012-04-13\)}{chapter.15}% 369
\BOOKMARK [1][-]{section.15.31}{15.31 Version 4.1.12 \(2012-04-03\)}{chapter.15}% 370
\BOOKMARK [1][-]{section.15.32}{15.32 Version 4.1.10 \(2012-03-13\)}{chapter.15}% 371
\BOOKMARK [1][-]{section.15.33}{15.33 Version 4.1.8 \(2011-12-19\)}{chapter.15}% 372
\BOOKMARK [1][-]{section.15.34}{15.34 Version 4.1.6 \(2011-11-04\)}{chapter.15}% 373
\BOOKMARK [1][-]{section.15.35}{15.35 Version 4.1.4 \(2011-10-03\)}{chapter.15}% 374
\BOOKMARK [1][-]{section.15.36}{15.36 Version 4.1.2 \(2011-08-15\)}{chapter.15}% 375
\BOOKMARK [1][-]{section.15.37}{15.37 Version 4.1.0 \(2011-07-19\)}{chapter.15}% 376
\BOOKMARK [1][-]{section.15.38}{15.38 Version 4.0.14 \(2011-10-13\)}{chapter.15}% 377
\BOOKMARK [1][-]{section.15.39}{15.39 Version 4.0.12 \(2011-07-15\)}{chapter.15}% 378
\BOOKMARK [1][-]{section.15.40}{15.40 Version 4.0.10 \(2011-06-22\)}{chapter.15}% 379
\BOOKMARK [1][-]{section.15.41}{15.41 Version 4.0.8 \(2011-05-16\)}{chapter.15}% 380
\BOOKMARK [1][-]{section.15.42}{15.42 Version 4.0.6 \(2011-04-21\)}{chapter.15}% 381
\BOOKMARK [1][-]{section.15.43}{15.43 Version 4.0.4 \(2011-02-17\)}{chapter.15}% 382
\BOOKMARK [1][-]{section.15.44}{15.44 Version 4.0.2 \(2011-01-18\)}{chapter.15}% 383
\BOOKMARK [1][-]{section.15.45}{15.45 Version 4.0.0 \(2010-12-22\)}{chapter.15}% 384
\BOOKMARK [1][-]{section.15.46}{15.46 Version 3.2.12 \(2010-11-30\)}{chapter.15}% 385
\BOOKMARK [1][-]{section.15.47}{15.47 Version 3.2.10 \(2010-10-08\)}{chapter.15}% 386
\BOOKMARK [1][-]{section.15.48}{15.48 Version 3.2.8 \(2010-08-05\)}{chapter.15}% 387
\BOOKMARK [1][-]{section.15.49}{15.49 Version 3.2.6 \(2010-06-25\)}{chapter.15}% 388
\BOOKMARK [1][-]{section.15.50}{15.50 Version 3.2.4 \(2010-06-07\)}{chapter.15}% 389
\BOOKMARK [1][-]{section.15.51}{15.51 Version 3.2.2 \(2010-06-02\)}{chapter.15}% 390
\BOOKMARK [1][-]{section.15.52}{15.52 Version 3.2.0 \(2010-05-18\)}{chapter.15}% 391
\BOOKMARK [1][-]{section.15.53}{15.53 Version 3.1.8 \(2010-05-10\)}{chapter.15}% 392
\BOOKMARK [1][-]{section.15.54}{15.54 Version 3.1.6 \(2010-03-25\)}{chapter.15}% 393
\BOOKMARK [1][-]{section.15.55}{15.55 Version 3.1.4 \(2010-02-12\)}{chapter.15}% 394
\BOOKMARK [1][-]{section.15.56}{15.56 Version 3.1.2 \(2009-12-17\)}{chapter.15}% 395
\BOOKMARK [1][-]{section.15.57}{15.57 Version 3.1.0 \(2009-11-30\)}{chapter.15}% 396
\BOOKMARK [1][-]{section.15.58}{15.58 Version 3.0.12 \(2009-11-10\)}{chapter.15}% 397
\BOOKMARK [1][-]{section.15.59}{15.59 Version 3.0.10 \(2009-10-29\)}{chapter.15}% 398
\BOOKMARK [1][-]{section.15.60}{15.60 Version 3.0.8 \(2009-10-02\)}{chapter.15}% 399
\BOOKMARK [1][-]{section.15.61}{15.61 Version 3.0.6 \(2009-09-09\)}{chapter.15}% 400
\BOOKMARK [1][-]{section.15.62}{15.62 Version 3.0.4 \(2009-08-04\)}{chapter.15}% 401
\BOOKMARK [1][-]{section.15.63}{15.63 Version 3.0.2 \(2009-07-10\)}{chapter.15}% 402
\BOOKMARK [1][-]{section.15.64}{15.64 Version 3.0.0 \(2009-06-30\)}{chapter.15}% 403
\BOOKMARK [1][-]{section.15.65}{15.65 Version 2.2.4 \(2009-05-29\)}{chapter.15}% 404
\BOOKMARK [1][-]{section.15.66}{15.66 Version 2.2.2 \(2009-04-27\)}{chapter.15}% 405
\BOOKMARK [1][-]{section.15.67}{15.67 Version 2.2.0 \(2009-04-08\)}{chapter.15}% 406
\BOOKMARK [1][-]{section.15.68}{15.68 Version 2.1.4 \(2009-02-16\)}{chapter.15}% 407
\BOOKMARK [1][-]{section.15.69}{15.69 Version 2.1.2 \(2009-01-21\)}{chapter.15}% 408
\BOOKMARK [1][-]{section.15.70}{15.70 Version 2.1.0 \(2008-12-17\)}{chapter.15}% 409
\BOOKMARK [1][-]{section.15.71}{15.71 Version 2.0.8 \(2009-03-10\)}{chapter.15}% 410
\BOOKMARK [1][-]{section.15.72}{15.72 Version 2.0.6 \(2008-11-21\)}{chapter.15}% 411
\BOOKMARK [1][-]{section.15.73}{15.73 Version 2.0.4 \(2008-10-24\)}{chapter.15}% 412
\BOOKMARK [1][-]{section.15.74}{15.74 Version 2.0.2 \(2008-09-12\)}{chapter.15}% 413
\BOOKMARK [1][-]{section.15.75}{15.75 Version 2.0.0 \(2008-09-04\)}{chapter.15}% 414
\BOOKMARK [0][-]{chapter.16}{16 Third-party materials and licenses}{}% 415
\BOOKMARK [1][-]{section.16.1}{16.1 Materials}{chapter.16}% 416
\BOOKMARK [1][-]{section.16.2}{16.2 Licenses}{chapter.16}% 417
\BOOKMARK [2][-]{subsection.16.2.1}{16.2.1 GNU General Public License \(GPL\)}{section.16.2}% 418
\BOOKMARK [2][-]{subsection.16.2.2}{16.2.2 GNU Lesser General Public License \(LGPL\)}{section.16.2}% 419
\BOOKMARK [2][-]{subsection.16.2.3}{16.2.3 Mozilla Public License \(MPL\)}{section.16.2}% 420
\BOOKMARK [2][-]{subsection.16.2.4}{16.2.4 MIT License}{section.16.2}% 421
\BOOKMARK [2][-]{subsection.16.2.5}{16.2.5 X Consortium License \(X11\)}{section.16.2}% 422
\BOOKMARK [2][-]{subsection.16.2.6}{16.2.6 zlib license}{section.16.2}% 423
\BOOKMARK [2][-]{subsection.16.2.7}{16.2.7 OpenSSL license}{section.16.2}% 424
\BOOKMARK [2][-]{subsection.16.2.8}{16.2.8 Slirp license}{section.16.2}% 425
\BOOKMARK [2][-]{subsection.16.2.9}{16.2.9 liblzf license}{section.16.2}% 426
\BOOKMARK [2][-]{subsection.16.2.10}{16.2.10 libpng license}{section.16.2}% 427
\BOOKMARK [2][-]{subsection.16.2.11}{16.2.11 lwIP license}{section.16.2}% 428
\BOOKMARK [2][-]{subsection.16.2.12}{16.2.12 libxml license}{section.16.2}% 429
\BOOKMARK [2][-]{subsection.16.2.13}{16.2.13 libxslt licenses}{section.16.2}% 430
\BOOKMARK [2][-]{subsection.16.2.14}{16.2.14 gSOAP Public License Version 1.3a}{section.16.2}% 431
\BOOKMARK [2][-]{subsection.16.2.15}{16.2.15 Chromium licenses}{section.16.2}% 432
\BOOKMARK [2][-]{subsection.16.2.16}{16.2.16 curl license}{section.16.2}% 433
\BOOKMARK [2][-]{subsection.16.2.17}{16.2.17 libgd license}{section.16.2}% 434
\BOOKMARK [2][-]{subsection.16.2.18}{16.2.18 BSD license from Intel}{section.16.2}% 435
\BOOKMARK [2][-]{subsection.16.2.19}{16.2.19 libjpeg License}{section.16.2}% 436
\BOOKMARK [2][-]{subsection.16.2.20}{16.2.20 x86 SIMD extension for IJG JPEG library license}{section.16.2}% 437
\BOOKMARK [2][-]{subsection.16.2.21}{16.2.21 FreeBSD license}{section.16.2}% 438
\BOOKMARK [2][-]{subsection.16.2.22}{16.2.22 NetBSD license}{section.16.2}% 439
\BOOKMARK [2][-]{subsection.16.2.23}{16.2.23 PCRE license}{section.16.2}% 440
\BOOKMARK [2][-]{subsection.16.2.24}{16.2.24 libffi license}{section.16.2}% 441
\BOOKMARK [2][-]{subsection.16.2.25}{16.2.25 FLTK license}{section.16.2}% 442
\BOOKMARK [2][-]{subsection.16.2.26}{16.2.26 Expat license}{section.16.2}% 443
\BOOKMARK [2][-]{subsection.16.2.27}{16.2.27 Fontconfig license}{section.16.2}% 444
\BOOKMARK [2][-]{subsection.16.2.28}{16.2.28 Freetype license}{section.16.2}% 445
\BOOKMARK [2][-]{subsection.16.2.29}{16.2.29 VPX License}{section.16.2}% 446
\BOOKMARK [0][-]{chapter.17}{17 VirtualBox privacy information}{}% 447
\BOOKMARK [0][-]{chapter*.19}{Glossary}{}% 448
