This is pdfTeX, Version 3.14159265-2.6-1.40.15 (TeX Live 2014/Debian) (preloaded format=pdflatex 2015.5.18)  21 JUN 2015 15:59
entering extended mode
 restricted \write18 enabled.
 %&-line parsing enabled.
**UserManual.tex
(./UserManual.tex
LaTeX2e <2014/05/01>
Babel <3.9k> and hyphenation patterns for 11 languages loaded.
(/usr/share/texlive/texmf-dist/tex/latex/koma-script/scrbook.cls
Document Class: scrbook 2013/12/19 v3.12 KOMA-Script document class (book)
(/usr/share/texlive/texmf-dist/tex/latex/koma-script/scrkbase.sty
Package: scrkbase 2013/12/19 v3.12 KOMA-Script package (KOMA-Script-dependent b
asics and keyval usage)
(/usr/share/texlive/texmf-dist/tex/latex/koma-script/scrbase.sty
Package: scrbase 2013/12/19 v3.12 KOMA-Script package (KOMA-Script-independent 
basics and keyval usage)
(/usr/share/texlive/texmf-dist/tex/latex/graphics/keyval.sty
Package: keyval 2014/05/08 v1.15 key=value parser (DPC)
\KV@toks@=\toks14
) (/usr/share/texlive/texmf-dist/tex/latex/koma-script/scrlfile.sty
Package: scrlfile 2013/12/19 v3.12 KOMA-Script package (loading files)
Package scrlfile, 2013/12/19 v3.12 KOMA-Script package (loading files)
                  Copyright (C) Markus Kohm

))) (/usr/share/texlive/texmf-dist/tex/latex/koma-script/tocbasic.sty
Package: tocbasic 2013/12/19 v3.12 KOMA-Script package (handling toc-files)
)
Package tocbasic Info: omitting babel extension for `toc'
(tocbasic)             because of feature `nobabel' available
(tocbasic)             for `toc' on input line 117.
Package tocbasic Info: omitting babel extension for `lof'
(tocbasic)             because of feature `nobabel' available
(tocbasic)             for `lof' on input line 118.
Package tocbasic Info: omitting babel extension for `lot'
(tocbasic)             because of feature `nobabel' available
(tocbasic)             for `lot' on input line 119.
Package tocbasic Info: defining new hook before heading of `' on input line 111
8.
Class scrbook Info: You've used standard option `oneside'.
(scrbook)           This is correct!
(scrbook)           Internally I'm using `twoside=false'.
(scrbook)           If you'd like to set the option with \KOMAoptions,
(scrbook)           you'd have to use `twoside=false' there
(scrbook)           instead of `oneside', too.
Package scrbase Info: Unknown processing state.
(scrbase)             Processing option `twoside=false'
(scrbase)             of member `.scrbook.cls'
(scrbase)             of family `KOMA'
(scrbase)             doesn't set a valid state.
(scrbase)             This will be interpreted
(scrbase)             as \FamilyKeyStateProcessed on input line 1269.
Package scrbook Info: You've used standard option `10pt'.
(scrbook)             This is correct!
(scrbook)             Internally I'm using `fontsize=10pt'.
(scrbook)             If you'd like to set the option with \KOMAoptions,
(scrbook)             you'd have to use `fontsize=10pt' there
(scrbook)             instead of `10pt', too.
Class scrbook Info: File `scrsize10pt.clo' used to setup font sizes on input li
ne 1655.
(/usr/share/texlive/texmf-dist/tex/latex/koma-script/scrsize10pt.clo
File: scrsize10pt.clo 2013/12/19 v3.12 KOMA-Script font size class option (10pt
)
) (/usr/share/texlive/texmf-dist/tex/latex/koma-script/typearea.sty
Package: typearea 2013/12/19 v3.12 KOMA-Script package (type area)
Package typearea, 2013/12/19 v3.12 KOMA-Script package (type area)
                  Copyright (C) Frank Neukam, 1992-1994
                  Copyright (C) Markus Kohm, 1994-

\ta@bcor=\skip41
\ta@div=\count79
Package typearea Info: You've used standard option `oneside'.
(typearea)             This is correct!
(typearea)             Internally I'm using `twoside=false'.
(typearea)             If you'd like to set the option with \KOMAoptions,
(typearea)             you'd have to use `twoside=false' there
(typearea)             instead of `oneside', too.
Package typearea Info: You've used standard option `a4paper'.
(typearea)             This is correct!
(typearea)             Internally I'm using `paper=a4'.
(typearea)             If you'd like to set the option with \KOMAoptions,
(typearea)             you'd have to use `paper=a4' there
(typearea)             instead of `a4paper', too.
\ta@hblk=\skip42
\ta@vblk=\skip43
\ta@temp=\skip44
\footheight=\skip45

Package typearea Warning: Bad type area settings!
(typearea)                The detected line width is about 17%
(typearea)                larger than the heuristically detected line width.
(typearea)                You should e.g. decrease DIV, increase fontsize
(typearea)                or change papersize.

Package typearea Info: These are the values describing the layout:
(typearea)             DIV  = 10
(typearea)             BCOR = 0.0pt
(typearea)             \paperwidth      = 597.50793pt
(typearea)              \textwidth      = 418.25555pt
(typearea)              DIV departure   = -17%
(typearea)              \evensidemargin = 17.3562pt
(typearea)              \oddsidemargin  = 17.3562pt
(typearea)             \paperheight     = 845.04694pt
(typearea)              \textheight     = 598.0pt
(typearea)              \topmargin      = -20.7653pt
(typearea)              \headheight     = 15.0pt
(typearea)              \headsep        = 18.0pt
(typearea)              \topskip        = 10.0pt
(typearea)              \footskip       = 42.0pt
(typearea)              \baselineskip   = 12.0pt
(typearea)              on input line 1330.
)
\c@part=\count80
\c@chapter=\count81
\c@section=\count82
\c@subsection=\count83
\c@subsubsection=\count84
\c@paragraph=\count85
\c@subparagraph=\count86
\abovecaptionskip=\skip46
\belowcaptionskip=\skip47
\c@pti@nb@sid@b@x=\box26
\c@figure=\count87
\c@table=\count88
\bibindent=\dimen102
) (/usr/share/texlive/texmf-dist/tex/latex/geometry/geometry.sty
Package: geometry 2010/09/12 v5.6 Page Geometry
(/usr/share/texlive/texmf-dist/tex/generic/oberdiek/ifpdf.sty
Package: ifpdf 2011/01/30 v2.3 Provides the ifpdf switch (HO)
Package ifpdf Info: pdfTeX in PDF mode is detected.
) (/usr/share/texlive/texmf-dist/tex/generic/oberdiek/ifvtex.sty
Package: ifvtex 2010/03/01 v1.5 Detect VTeX and its facilities (HO)
Package ifvtex Info: VTeX not detected.
) (/usr/share/texlive/texmf-dist/tex/generic/ifxetex/ifxetex.sty
Package: ifxetex 2010/09/12 v0.6 Provides ifxetex conditional
)
\Gm@cnth=\count89
\Gm@cntv=\count90
\c@Gm@tempcnt=\count91
\Gm@bindingoffset=\dimen103
\Gm@wd@mp=\dimen104
\Gm@odd@mp=\dimen105
\Gm@even@mp=\dimen106
\Gm@layoutwidth=\dimen107
\Gm@layoutheight=\dimen108
\Gm@layouthoffset=\dimen109
\Gm@layoutvoffset=\dimen110
\Gm@dimlist=\toks15
) (/usr/share/texlive/texmf-dist/tex/latex/ucs/ucs.sty
Package: ucs 2013/05/11 v2.2 UCS: Unicode input support
(/usr/share/texlive/texmf-dist/tex/latex/ucs/data/uni-global.def
File: uni-global.def 2013/05/13 UCS: Unicode global data
)
\uc@secondtry=\count92
\uc@combtoks=\toks16
\uc@combtoksb=\toks17
\uc@temptokena=\toks18
) (/usr/share/texlive/texmf-dist/tex/latex/base/inputenc.sty
Package: inputenc 2014/04/30 v1.2b Input encoding file
\inpenc@prehook=\toks19
\inpenc@posthook=\toks20
(/usr/share/texlive/texmf-dist/tex/latex/ucs/utf8x.def
File: utf8x.def 2004/10/17 UCS: Input encoding UTF-8
)) (/usr/share/texlive/texmf-dist/tex/latex/base/fontenc.sty
Package: fontenc 2005/09/27 v1.99g Standard LaTeX package
(/usr/share/texlive/texmf-dist/tex/latex/base/t1enc.def
File: t1enc.def 2005/09/27 v1.99g Standard LaTeX file
LaTeX Font Info:    Redeclaring font encoding T1 on input line 43.
)) (/usr/share/texlive/texmf-dist/tex/latex/tabulary/tabulary.sty
Package: tabulary 2014/06/11 v0.10 tabulary package (DPC)
(/usr/share/texlive/texmf-dist/tex/latex/tools/array.sty
Package: array 2008/09/09 v2.4c Tabular extension package (FMi)
\col@sep=\dimen111
\extrarowheight=\dimen112
\NC@list=\toks21
\extratabsurround=\skip48
\backup@length=\skip49
)
\TY@count=\count93
\TY@linewidth=\dimen113
\tymin=\dimen114
\tymax=\dimen115
\TY@tablewidth=\dimen116
) (/usr/share/texlive/texmf-dist/tex/latex/hyperref/hyperref.sty
Package: hyperref 2012/11/06 v6.83m Hypertext links for LaTeX
(/usr/share/texlive/texmf-dist/tex/generic/oberdiek/hobsub-hyperref.sty
Package: hobsub-hyperref 2012/05/28 v1.13 Bundle oberdiek, subset hyperref (HO)

(/usr/share/texlive/texmf-dist/tex/generic/oberdiek/hobsub-generic.sty
Package: hobsub-generic 2012/05/28 v1.13 Bundle oberdiek, subset generic (HO)
Package: hobsub 2012/05/28 v1.13 Construct package bundles (HO)
Package: infwarerr 2010/04/08 v1.3 Providing info/warning/error messages (HO)
Package: ltxcmds 2011/11/09 v1.22 LaTeX kernel commands for general use (HO)
Package: ifluatex 2010/03/01 v1.3 Provides the ifluatex switch (HO)
Package ifluatex Info: LuaTeX not detected.
Package hobsub Info: Skipping package `ifvtex' (already loaded).
Package: intcalc 2007/09/27 v1.1 Expandable calculations with integers (HO)
Package hobsub Info: Skipping package `ifpdf' (already loaded).
Package: etexcmds 2011/02/16 v1.5 Avoid name clashes with e-TeX commands (HO)
Package etexcmds Info: Could not find \expanded.
(etexcmds)             That can mean that you are not using pdfTeX 1.50 or
(etexcmds)             that some package has redefined \expanded.
(etexcmds)             In the latter case, load this package earlier.
Package: kvsetkeys 2012/04/25 v1.16 Key value parser (HO)
Package: kvdefinekeys 2011/04/07 v1.3 Define keys (HO)
Package: pdftexcmds 2011/11/29 v0.20 Utility functions of pdfTeX for LuaTeX (HO
)
Package pdftexcmds Info: LuaTeX not detected.
Package pdftexcmds Info: \pdf@primitive is available.
Package pdftexcmds Info: \pdf@ifprimitive is available.
Package pdftexcmds Info: \pdfdraftmode found.
Package: pdfescape 2011/11/25 v1.13 Implements pdfTeX's escape features (HO)
Package: bigintcalc 2012/04/08 v1.3 Expandable calculations on big integers (HO
)
Package: bitset 2011/01/30 v1.1 Handle bit-vector datatype (HO)
Package: uniquecounter 2011/01/30 v1.2 Provide unlimited unique counter (HO)
)
Package hobsub Info: Skipping package `hobsub' (already loaded).
Package: letltxmacro 2010/09/02 v1.4 Let assignment for LaTeX macros (HO)
Package: hopatch 2012/05/28 v1.2 Wrapper for package hooks (HO)
Package: xcolor-patch 2011/01/30 xcolor patch
Package: atveryend 2011/06/30 v1.8 Hooks at the very end of document (HO)
Package atveryend Info: \enddocument detected (standard20110627).
Package: atbegshi 2011/10/05 v1.16 At begin shipout hook (HO)
Package: refcount 2011/10/16 v3.4 Data extraction from label references (HO)
Package: hycolor 2011/01/30 v1.7 Color options for hyperref/bookmark (HO)
) (/usr/share/texlive/texmf-dist/tex/latex/oberdiek/auxhook.sty
Package: auxhook 2011/03/04 v1.3 Hooks for auxiliary files (HO)
) (/usr/share/texlive/texmf-dist/tex/latex/oberdiek/kvoptions.sty
Package: kvoptions 2011/06/30 v3.11 Key value format for package options (HO)
)
\@linkdim=\dimen117
\Hy@linkcounter=\count94
\Hy@pagecounter=\count95
(/usr/share/texlive/texmf-dist/tex/latex/hyperref/pd1enc.def
File: pd1enc.def 2012/11/06 v6.83m Hyperref: PDFDocEncoding definition (HO)
)
\Hy@SavedSpaceFactor=\count96
(/usr/share/texlive/texmf-dist/tex/latex/latexconfig/hyperref.cfg
File: hyperref.cfg 2002/06/06 v1.2 hyperref configuration of TeXLive
)

Package hyperref Warning: Option `a4paper' is no longer used.

Package hyperref Info: Option `colorlinks' set `true' on input line 4319.
Package hyperref Info: Option `bookmarksnumbered' set `true' on input line 4319
.
Package hyperref Info: Option `bookmarksopen' set `true' on input line 4319.
Package hyperref Info: Option `hyperfootnotes' set `false' on input line 4319.
Package hyperref Info: Option `plainpages' set `false' on input line 4319.
Package hyperref Info: Option `pdfpagelabels' set `true' on input line 4319.
Package hyperref Info: Hyper figures OFF on input line 4443.
Package hyperref Info: Link nesting OFF on input line 4448.
Package hyperref Info: Hyper index ON on input line 4451.
Package hyperref Info: Plain pages OFF on input line 4458.
Package hyperref Info: Backreferencing OFF on input line 4463.
Package hyperref Info: Implicit mode ON; LaTeX internals redefined.
Package hyperref Info: Bookmarks ON on input line 4688.
\c@Hy@tempcnt=\count97
(/usr/share/texlive/texmf-dist/tex/latex/url/url.sty
\Urlmuskip=\muskip10
Package: url 2013/09/16  ver 3.4  Verb mode for urls, etc.
)
LaTeX Info: Redefining \url on input line 5041.
\XeTeXLinkMargin=\dimen118
\Fld@menulength=\count98
\Field@Width=\dimen119
\Fld@charsize=\dimen120
Package hyperref Info: Hyper figures OFF on input line 6295.
Package hyperref Info: Link nesting OFF on input line 6300.
Package hyperref Info: Hyper index ON on input line 6303.
Package hyperref Info: backreferencing OFF on input line 6310.
Package hyperref Info: Link coloring ON on input line 6313.
Package hyperref Info: Link coloring with OCG OFF on input line 6320.
Package hyperref Info: PDF/A mode OFF on input line 6325.
LaTeX Info: Redefining \ref on input line 6365.
LaTeX Info: Redefining \pageref on input line 6369.
\Hy@abspage=\count99
\c@Item=\count100
)

Package hyperref Message: Driver: hpdftex.

(/usr/share/texlive/texmf-dist/tex/latex/hyperref/hpdftex.def
File: hpdftex.def 2012/11/06 v6.83m Hyperref driver for pdfTeX
\Fld@listcount=\count101
\c@bookmark@seq@number=\count102
(/usr/share/texlive/texmf-dist/tex/latex/oberdiek/rerunfilecheck.sty
Package: rerunfilecheck 2011/04/15 v1.7 Rerun checks for auxiliary files (HO)
Package uniquecounter Info: New unique counter `rerunfilecheck' on input line 2
82.
)
\Hy@SectionHShift=\skip50
) (/usr/share/texlive/texmf-dist/tex/latex/hyperref/nameref.sty
Package: nameref 2012/10/27 v2.43 Cross-referencing by name of section
(/usr/share/texlive/texmf-dist/tex/generic/oberdiek/gettitlestring.sty
Package: gettitlestring 2010/12/03 v1.4 Cleanup title references (HO)
)
\c@section@level=\count103
) (/usr/share/texlive/texmf-dist/tex/latex/graphics/graphicx.sty
Package: graphicx 2014/04/25 v1.0g Enhanced LaTeX Graphics (DPC,SPQR)
(/usr/share/texlive/texmf-dist/tex/latex/graphics/graphics.sty
Package: graphics 2009/02/05 v1.0o Standard LaTeX Graphics (DPC,SPQR)
(/usr/share/texlive/texmf-dist/tex/latex/graphics/trig.sty
Package: trig 1999/03/16 v1.09 sin cos tan (DPC)
) (/usr/share/texlive/texmf-dist/tex/latex/latexconfig/graphics.cfg
File: graphics.cfg 2010/04/23 v1.9 graphics configuration of TeX Live
)
Package graphics Info: Driver file: pdftex.def on input line 91.
(/usr/share/texlive/texmf-dist/tex/latex/pdftex-def/pdftex.def
File: pdftex.def 2011/05/27 v0.06d Graphics/color for pdfTeX
\Gread@gobject=\count104
))
\Gin@req@height=\dimen121
\Gin@req@width=\dimen122
) (/usr/share/texlive/texmf-dist/tex/latex/fancybox/fancybox.sty
Package: fancybox 2010/05/15 1.4
Style option: `fancybox' v1.4 <2010/05/15> (tvz)
\@fancybox=\box27
\shadowsize=\dimen123
\@Sbox=\box28
\do@VerbBox=\toks22
\the@fancyput=\toks23
\this@fancyput=\toks24
\EndVerbatimTokens=\toks25
\Verbatim@Outfile=\write3
\Verbatim@Infile=\read1
) (/usr/share/texlive/texmf-dist/tex/latex/fancyvrb/fancyvrb.sty
Package: fancyvrb 2008/02/07

Style option: `fancyvrb' v2.7a, with DG/SPQR fixes, and firstline=lastline fix 
<2008/02/07> (tvz)
\FV@CodeLineNo=\count105
\FV@InFile=\read2
\FV@TabBox=\box29
\c@FancyVerbLine=\count106
\FV@StepNumber=\count107
\FV@OutFile=\write4
) (/usr/share/texlive/texmf-dist/tex/latex/base/alltt.sty
Package: alltt 1997/06/16 v2.0g defines alltt environment
) (/usr/share/texlive/texmf-dist/tex/latex/graphics/color.sty
Package: color 2014/04/23 v1.1a Standard LaTeX Color (DPC)
(/usr/share/texlive/texmf-dist/tex/latex/latexconfig/color.cfg
File: color.cfg 2007/01/18 v1.5 color configuration of teTeX/TeXLive
)
Package color Info: Driver file: pdftex.def on input line 137.
) (/usr/share/texlive/texmf-dist/tex/latex/psnfss/charter.sty
Package: charter 2005/04/12 PSNFSS-v9.2a (P.Dyballa) 
) (/usr/share/texlive/texmf-dist/tex/latex/psnfss/helvet.sty
Package: helvet 2005/04/12 PSNFSS-v9.2a (WaS) 
) (/usr/share/texlive/texmf-dist/tex/latex/bera/beramono.sty
Package: beramono 2004/01/31 (WaS)
) (/usr/share/texlive/texmf-dist/tex/latex/base/omscmr.fd
File: omscmr.fd 1999/05/25 v2.5h Standard LaTeX font definitions
) (./UserManual.aux)
\openout1 = `UserManual.aux'.

LaTeX Font Info:    Checking defaults for OML/cmm/m/it on input line 102.
LaTeX Font Info:    ... okay on input line 102.
LaTeX Font Info:    Checking defaults for T1/cmr/m/n on input line 102.
LaTeX Font Info:    ... okay on input line 102.
LaTeX Font Info:    Checking defaults for OT1/cmr/m/n on input line 102.
LaTeX Font Info:    ... okay on input line 102.
LaTeX Font Info:    Checking defaults for OMS/cmsy/m/n on input line 102.
LaTeX Font Info:    ... okay on input line 102.
LaTeX Font Info:    Checking defaults for OMX/cmex/m/n on input line 102.
LaTeX Font Info:    ... okay on input line 102.
LaTeX Font Info:    Checking defaults for U/cmr/m/n on input line 102.
LaTeX Font Info:    ... okay on input line 102.
LaTeX Font Info:    Checking defaults for PD1/pdf/m/n on input line 102.
LaTeX Font Info:    ... okay on input line 102.
LaTeX Font Info:    Try loading font information for T1+bch on input line 102.
(/usr/share/texlive/texmf-dist/tex/latex/psnfss/t1bch.fd
File: t1bch.fd 2004/10/18 font definitions for T1/bch.
)
*geometry* driver: auto-detecting
*geometry* detected driver: pdftex
*geometry* verbose mode - [ preamble ] result:
* driver: pdftex
* paper: a4paper
* layout: <same size as paper>
* layoutoffset:(h,v)=(0.0pt,0.0pt)
* modes: 
* h-part:(L,W,R)=(89.62709pt, 418.25368pt, 89.6271pt)
* v-part:(T,H,B)=(85.35826pt, 645.87756pt, 113.81102pt)
* \paperwidth=597.50787pt
* \paperheight=845.04684pt
* \textwidth=418.25368pt
* \textheight=645.87756pt
* \oddsidemargin=17.3571pt
* \evensidemargin=17.3571pt
* \topmargin=-19.91173pt
* \headheight=15.0pt
* \headsep=18.0pt
* \topskip=10.0pt
* \footskip=42.0pt
* \marginparwidth=59.7508pt
* \marginparsep=12.8401pt
* \columnsep=10.0pt
* \skip\footins=9.0pt plus 4.0pt minus 2.0pt
* \hoffset=0.0pt
* \voffset=0.0pt
* \mag=1000
* \@twocolumnfalse
* \@twosidefalse
* \@mparswitchfalse
* \@reversemarginfalse
* (1in=72.27pt=25.4mm, 1cm=28.453pt)

(/usr/share/texlive/texmf-dist/tex/latex/ucs/ucsencs.def
File: ucsencs.def 2011/01/21 Fixes to fontencodings LGR, T3
)
\AtBeginShipoutBox=\box30
Package hyperref Info: Link coloring ON on input line 102.
LaTeX Info: Redefining \ref on input line 102.
LaTeX Info: Redefining \pageref on input line 102.
LaTeX Info: Redefining \nameref on input line 102.
(./UserManual.out) (./UserManual.out)
\@outlinefile=\write5
\openout5 = `UserManual.out'.

(/usr/share/texlive/texmf-dist/tex/context/base/supp-pdf.mkii
[Loading MPS to PDF converter (version 2006.09.02).]
\scratchcounter=\count108
\scratchdimen=\dimen124
\scratchbox=\box31
\nofMPsegments=\count109
\nofMParguments=\count110
\everyMPshowfont=\toks26
\MPscratchCnt=\count111
\MPscratchDim=\dimen125
\MPnumerator=\count112
\makeMPintoPDFobject=\count113
\everyMPtoPDFconversion=\toks27
) (/usr/share/texlive/texmf-dist/tex/latex/oberdiek/epstopdf-base.sty
Package: epstopdf-base 2010/02/09 v2.5 Base part for package epstopdf
(/usr/share/texlive/texmf-dist/tex/latex/oberdiek/grfext.sty
Package: grfext 2010/08/19 v1.1 Manage graphics extensions (HO)
)
Package grfext Info: Graphics extension search list:
(grfext)             [.png,.pdf,.jpg,.mps,.jpeg,.jbig2,.jb2,.PNG,.PDF,.JPG,.JPE
G,.JBIG2,.JB2,.eps]
(grfext)             \AppendGraphicsExtensions on input line 452.
(/usr/share/texlive/texmf-dist/tex/latex/latexconfig/epstopdf-sys.cfg
File: epstopdf-sys.cfg 2010/07/13 v1.3 Configuration of (r)epstopdf for TeX Liv
e
)) <images/vboxlogo.png, id=1804, 123.3408pt x 126.4725pt>
File: images/vboxlogo.png Graphic file (type png)
<use images/vboxlogo.png>
Package pdftex.def Info: images/vboxlogo.png used on input line 108.
(pdftex.def)             Requested size: 113.81102pt x 116.70346pt.
LaTeX Font Info:    Calculating math sizes for size <40> on input line 114.

LaTeX Font Warning: Font shape `OT1/cmr/m/n' in size <40> not available
(Font)              size <24.88> substituted on input line 114.


LaTeX Font Warning: Font shape `OT1/cmr/m/n' in size <27.99988> not available
(Font)              size <24.88> substituted on input line 114.


LaTeX Font Warning: Font shape `OT1/cmr/m/n' in size <20> not available
(Font)              size <20.74> substituted on input line 114.


LaTeX Font Warning: Font shape `OML/cmm/m/it' in size <40> not available
(Font)              size <24.88> substituted on input line 114.


LaTeX Font Warning: Font shape `OML/cmm/m/it' in size <27.99988> not available
(Font)              size <24.88> substituted on input line 114.


LaTeX Font Warning: Font shape `OML/cmm/m/it' in size <20> not available
(Font)              size <20.74> substituted on input line 114.


LaTeX Font Warning: Font shape `OMS/cmsy/m/n' in size <40> not available
(Font)              size <24.88> substituted on input line 114.


LaTeX Font Warning: Font shape `OMS/cmsy/m/n' in size <27.99988> not available
(Font)              size <24.88> substituted on input line 114.


LaTeX Font Warning: Font shape `OMS/cmsy/m/n' in size <20> not available
(Font)              size <20.74> substituted on input line 114.

LaTeX Font Info:    External font `cmex10' loaded for size
(Font)              <40> on input line 114.
LaTeX Font Info:    External font `cmex10' loaded for size
(Font)              <27.99988> on input line 114.
LaTeX Font Info:    External font `cmex10' loaded for size
(Font)              <20> on input line 114.
LaTeX Font Info:    Try loading font information for OMS+bch on input line 114.

(/usr/share/texlive/texmf-dist/tex/latex/psnfss/omsbch.fd
File: omsbch.fd 
)
LaTeX Font Info:    Font shape `OMS/bch/b/n' in size <27.99988> not available
(Font)              Font shape `OMS/cmsy/b/n' tried instead on input line 114.

LaTeX Font Warning: Font shape `OMS/cmsy/b/n' in size <27.99988> not available
(Font)              size <24.88> substituted on input line 114.

LaTeX Font Info:    Calculating math sizes for size <27.99988> on input line 11
4.

LaTeX Font Warning: Font shape `OT1/cmr/m/n' in size <19.59982> not available
(Font)              size <20.74> substituted on input line 114.


LaTeX Font Warning: Font shape `OT1/cmr/m/n' in size <13.99994> not available
(Font)              size <14.4> substituted on input line 114.


LaTeX Font Warning: Font shape `OML/cmm/m/it' in size <19.59982> not available
(Font)              size <20.74> substituted on input line 114.


LaTeX Font Warning: Font shape `OML/cmm/m/it' in size <13.99994> not available
(Font)              size <14.4> substituted on input line 114.


LaTeX Font Warning: Font shape `OMS/cmsy/m/n' in size <19.59982> not available
(Font)              size <20.74> substituted on input line 114.


LaTeX Font Warning: Font shape `OMS/cmsy/m/n' in size <13.99994> not available
(Font)              size <14.4> substituted on input line 114.

LaTeX Font Info:    External font `cmex10' loaded for size
(Font)              <19.59982> on input line 114.
LaTeX Font Info:    External font `cmex10' loaded for size
(Font)              <13.99994> on input line 114.
LaTeX Font Info:    Font shape `OMS/bch/m/n' in size <16> not available
(Font)              Font shape `OMS/cmsy/m/n' tried instead on input line 132.

LaTeX Font Warning: Font shape `OMS/cmsy/m/n' in size <16> not available
(Font)              size <17.28> substituted on input line 132.


Overfull \hbox (9.99756pt too wide) in paragraph at lines 106--142
[]$[]$ 
 []

[1

{/var/lib/texmf/fonts/map/pdftex/updmap/pdftex.map} <./images/vboxlogo.png>]
LaTeX Font Info:    Try loading font information for T1+phv on input line 143.
(/usr/share/texlive/texmf-dist/tex/latex/psnfss/t1phv.fd
File: t1phv.fd 2001/06/04 scalable font definitions for T1/phv.
) (./UserManual.toc [2


] [3] [4] [5]
LaTeX Font Info:    Try loading font information for T1+fvm on input line 272.
(/usr/share/texlive/texmf-dist/tex/latex/bera/t1fvm.fd
File: t1fvm.fd 2004/09/07 scalable font definitions for T1/fvm.
)
LaTeX Font Info:    Font shape `T1/fvm/m/n' will be
(Font)              scaled to size 8.99994pt on input line 272.
[6] [7] [8] [9])
\tf@toc=\write6
\openout6 = `UserManual.toc'.

[10]
Chapter 1.
<images/vm-vista-running.png, id=2314, 1250.6725pt x 779.91376pt>
File: images/vm-vista-running.png Graphic file (type png)
<use images/vm-vista-running.png>
Package pdftex.def Info: images/vm-vista-running.png used on input line 171.
(pdftex.def)             Requested size: 398.33858pt x 248.39935pt.
[11


 <./images/vm-vista-running.png>]
LaTeX Font Info:    Font shape `OMS/bch/m/n' in size <10> not available
(Font)              Font shape `OMS/cmsy/m/n' tried instead on input line 194.
[12] [13] [14]
LaTeX Font Info:    External font `cmex10' loaded for size
(Font)              <8> on input line 574.
LaTeX Font Info:    External font `cmex10' loaded for size
(Font)              <6> on input line 574.
[15] [16] <images/virtualbox-main-empty.png, id=2435, 813.0375pt x 679.53876pt>
File: images/virtualbox-main-empty.png Graphic file (type png)
<use images/virtualbox-main-empty.png>
Package pdftex.def Info: images/virtualbox-main-empty.png used on input line 84
6.
(pdftex.def)             Requested size: 284.52756pt x 237.80066pt.
[17 <./images/virtualbox-main-empty.png>] <images/virtualbox-main.png, id=2447,
 1056.94875pt x 821.0675pt>
File: images/virtualbox-main.png Graphic file (type png)
<use images/virtualbox-main.png>
Package pdftex.def Info: images/virtualbox-main.png used on input line 859.
(pdftex.def)             Requested size: 284.52756pt x 221.02718pt.
<images/create-vm-1.png, id=2448, 782.925pt x 518.93875pt>
File: images/create-vm-1.png Graphic file (type png)
<use images/create-vm-1.png>
Package pdftex.def Info: images/create-vm-1.png used on input line 871.
(pdftex.def)             Requested size: 284.52756pt x 188.59152pt.
[18 <./images/virtualbox-main.png> <./images/create-vm-1.png>] <images/create-v
m-2.png, id=2460, 742.775pt x 478.78876pt>
File: images/create-vm-2.png Graphic file (type png)
<use images/create-vm-2.png>
Package pdftex.def Info: images/create-vm-2.png used on input line 963.
(pdftex.def)             Requested size: 284.52756pt x 183.41006pt.
[19] <images/create-vdi-1.png, id=2475, 668.4975pt x 459.7175pt>
File: images/create-vdi-1.png Graphic file (type png)
<use images/create-vdi-1.png>
Package pdftex.def Info: images/create-vdi-1.png used on input line 1036.
(pdftex.def)             Requested size: 284.52756pt x 195.66846pt.
[20 <./images/create-vm-2.png>] [21 <./images/create-vdi-1.png>] <images/vm-hos
tkey.png, id=2495, 244.915pt x 170.6375pt>
File: images/vm-hostkey.png Graphic file (type png)
<use images/vm-hostkey.png>
Package pdftex.def Info: images/vm-hostkey.png used on input line 1199.
(pdftex.def)             Requested size: 199.16928pt x 138.7676pt.
[22] [23 <./images/vm-hostkey.png>] [24] <images/vm-close.png, id=2521, 566.115
pt x 225.84375pt>
File: images/vm-close.png Graphic file (type png)
<use images/vm-close.png>
Package pdftex.def Info: images/vm-close.png used on input line 1446.
(pdftex.def)             Requested size: 312.9803pt x 124.8623pt.
[25 <./images/vm-close.png>] <images/vm-groups.png, id=2529, 701.62125pt x 576.
65437pt>
File: images/vm-groups.png Graphic file (type png)
<use images/vm-groups.png>
Package pdftex.def Info: images/vm-groups.png used on input line 1534.
(pdftex.def)             Requested size: 284.52756pt x 233.8517pt.
LaTeX Font Info:    Font shape `T1/fvm/m/n' will be
(Font)              scaled to size 7.19995pt on input line 1544.
[26 <./images/vm-groups.png>] <images/snapshots-1.png, id=2537, 940.51375pt x 6
77.53125pt>
File: images/snapshots-1.png Graphic file (type png)
<use images/snapshots-1.png>
Package pdftex.def Info: images/snapshots-1.png used on input line 1686.
(pdftex.def)             Requested size: 341.43306pt x 245.95804pt.
[27] [28 <./images/snapshots-1.png>] [29] <images/clone-vm.png, id=2574, 642.4p
t x 463.7325pt>
File: images/clone-vm.png Graphic file (type png)
<use images/clone-vm.png>
Package pdftex.def Info: images/clone-vm.png used on input line 1895.
(pdftex.def)             Requested size: 284.52756pt x 205.39444pt.
[30] [31 <./images/clone-vm.png>] <images/ovf-import.png, id=2594, 806.01125pt 
x 669.50125pt>
File: images/ovf-import.png Graphic file (type png)
<use images/ovf-import.png>
Package pdftex.def Info: images/ovf-import.png used on input line 2016.
(pdftex.def)             Requested size: 341.43306pt x 283.59952pt.
[32 <./images/ovf-import.png>] [33] [34]
Chapter 2.
[35


] [36] [37]
Underfull \hbox (badness 1221) in paragraph at lines 2577--2583
[]\T1/bch/m/n/10 With De-bian and Ubuntu re-leases, you must in-stall the right
 ver-sion of the
 []


Underfull \hbox (badness 1983) in paragraph at lines 2601--2605
[]\T1/bch/m/n/10 On SUSE and open-SUSE Linux, you must in-stall the right ver-s
ions of the
 []

[38] [39] [40] [41] [42] [43] [44]
Chapter 3.

Overfull \hbox (24.02937pt too wide) in paragraph at lines 3295--3298
[]
 []

[45


] [46] [47] [48] [49] [50] [51] <images/vm-settings-harddisk.png, id=2882, 610.
28pt x 480.79625pt>
File: images/vm-settings-harddisk.png Graphic file (type png)
<use images/vm-settings-harddisk.png>
Package pdftex.def Info: images/vm-settings-harddisk.png used on input line 402
3.
(pdftex.def)             Requested size: 284.52756pt x 224.16219pt.
[52] [53 <./images/vm-settings-harddisk.png>] [54] [55] [56] [57] [58] [59]
Chapter 4.
[60


] [61] [62] [63] [64] [65] [66] [67] [68] [69] [70] [71] [72] [73] <images/seam
less.png, id=3185, 1927.2pt x 1204.5pt>
File: images/seamless.png Graphic file (type png)
<use images/seamless.png>
Package pdftex.def Info: images/seamless.png used on input line 6554.
(pdftex.def)             Requested size: 398.33858pt x 248.9458pt.
[74] [75 <./images/seamless.png>] [76] [77] [78] [79]
Chapter 5.
[80


] [81] [82] <images/virtual-disk-manager.png, id=3283, 771.88374pt x 587.19376p
t>
File: images/virtual-disk-manager.png Graphic file (type png)
<use images/virtual-disk-manager.png>
Package pdftex.def Info: images/virtual-disk-manager.png used on input line 727
2.
(pdftex.def)             Requested size: 341.43306pt x 259.73691pt.
[83] [84 <./images/virtual-disk-manager.png>] [85] [86] <images/virtual-disk-ma
nager2.png, id=3328, 731.73375pt x 547.04375pt>
File: images/virtual-disk-manager2.png Graphic file (type png)
<use images/virtual-disk-manager2.png>
Package pdftex.def Info: images/virtual-disk-manager2.png used on input line 75
73.
(pdftex.def)             Requested size: 341.43306pt x 255.2575pt.
[87 <./images/virtual-disk-manager2.png>] [88] [89] [90] [91]
Chapter 6.
[92


] [93] [94] [95] [96] [97] [98] [99] [100] [101] [102]
Chapter 7.
[103


] [104] [105] [106] [107] [108] [109] [110] [111] [112]
Chapter 8.
[113


] [114] [115] [116] [117] [118] [119] [120] [121] [122] [123] [124] [125]
Underfull \hbox (badness 2261) in paragraph at lines 11361--11365
[]\T1/fvm/m/n/10 --hardwareuuid <uuid>\T1/bch/m/n/10 : The UUID pre-sented to t
he guest via mem-ory ta-bles
 []

[126]
Underfull \hbox (badness 1178) in paragraph at lines 11524--11529
[]\T1/fvm/m/n/10 --biosbootmenu disabled|menuonly|messageandmenu\T1/bch/m/n/10 
: This spec-i-fies whether the
 []

[127] [128]
Overfull \hbox (21.70082pt too wide) in paragraph at lines 11761--11764
[]\T1/fvm/m/n/10 --natpf<1-N> [<name>],tcp|udp,[<hostip>],<hostport>,[<guestip>
], <guestport>\T1/bch/m/n/10 :
 []


Overfull \hbox (5.44696pt too wide) in paragraph at lines 11825--11828
[]\T1/fvm/m/n/10 --natsettings<1-N> [<mtu>],[<socksnd>],[<sockrcv>],[<tcpsnd>],
 [<tcprcv>]\T1/bch/m/n/10 :
 []

[129]
Underfull \hbox (badness 1067) in paragraph at lines 11930--11934
[]\T1/fvm/m/n/10 --clipboard disabled|hosttoguest|guesttohost|bidirectional\T1/
bch/m/n/10 : With this set-
 []

[130] [131] [132] [133]
LaTeX Font Info:    Font shape `T1/fvm/b/n' will be
(Font)              scaled to size 8.99994pt on input line 12379.
[134]
Underfull \hbox (badness 10000) in paragraph at lines 12478--12486
[]\T1/fvm/m/n/10 VBoxManage controlvm "VM name" teleport --hostname <name> --po
rt <port>
 []

[135] [136] [137] [138]
Underfull \hbox (badness 2409) in paragraph at lines 12865--12869
[]\T1/bch/m/n/10 For a vir-tual DVD or floppy drive only, this forcibly un-moun
ts the
 []

[139] [140] [141] [142] [143] [144] [145] [146] [147]
Underfull \hbox (badness 2644) in paragraph at lines 13907--13912
[]\T1/bch/m/n/10 To raise or lower the guest pro-cess ex-e-cu-tion limit, ei-th
er the guest prop-erty
 []


Underfull \hbox (badness 6758) in paragraph at lines 13907--13912
\T1/fvm/m/n/10 /VirtualBox/GuestAdd/VBoxService/--control-procs-max-kept \T1/bc
h/m/n/10 or VBoxSer-vice'
 []

[148] [149]
Underfull \hbox (badness 1466) in paragraph at lines 14162--14166
[]\T1/bch/m/n/10 Absolute path of a file/files to re-move on guest, e.g.
 []

[150] [151] [152] [153] [154] [155]
Underfull \hbox (badness 6592) in paragraph at lines 14970--14978
\T1/bch/m/n/10 use \T1/fvm/m/n/10 VBoxManage dhcpserver add --ifname <hostonly_
if_name> \T1/bch/m/n/10 in-stead, where
 []

[156]
Overfull \hbox (0.60127pt too wide) in paragraph at lines 15024--15029
[]\T1/bch/m/n/10 Reversely, use \T1/fvm/m/n/10 VBoxManage dhcpserver remove \T1
/bch/m/n/10 with the given \T1/fvm/m/n/10 --netname <network_name>
 []

[157]
Chapter 9.
<images/vbox-sdl.png, id=4115, 930.47626pt x 712.6625pt>
File: images/vbox-sdl.png Graphic file (type png)
<use images/vbox-sdl.png>
Package pdftex.def Info: images/vbox-sdl.png used on input line 15130.
(pdftex.def)             Requested size: 284.52756pt x 217.92177pt.
[158


 <./images/vbox-sdl.png>] [159] [160] [161]
Underfull \hbox (badness 1194) in paragraph at lines 15588--15592
[]\T1/fvm/m/n/10 CredsMsgWaitTimeout\T1/bch/m/n/10 : Cus-tom mes-sage showed wh
en wait-ing for cre-den-tials by
 []

[162]
Overfull \hbox (11.98314pt too wide) in paragraph at lines 15687--15691
\T1/bch/m/n/10 of its user in-ter-face. These spe-cial guest prop-er-ties all r
e-side in \T1/fvm/m/n/10 /VirtualBox/GuestAdd/Greeter/\T1/bch/m/n/10 : 
 []

[163] [164]
Overfull \hbox (5.00594pt too wide) in paragraph at lines 15894--15895
[]\T1/bch/m/n/10 X11R6.8/X11R6.9 and XFree86 ver-sion 4.3 (vboxvideo_drv_68.o a
nd vbox-mouse_drv_68.o) 
 []

[165] [166] [167] [168] [169] [170] [171] [172] [173] [174] [175] [176] [177] [
178] [179] [180] [181]
Overfull \hbox (58.51591pt too wide) in paragraph at lines 17521--17524
[]\T1/bch/m/n/10 Core files pro-duced by the VirtualBox Core-Dumper are of the 
form \T1/fvm/m/n/10 core.vb.<ProcessName>.<ProcessID>\T1/bch/m/n/10 ,
 []

[182] [183] [184] [185] [186]
LaTeX Font Info:    Font shape `T1/fvm/m/n' will be
(Font)              scaled to size 8.09995pt on input line 18234.
LaTeX Font Info:    External font `cmex10' loaded for size
(Font)              <9> on input line 18234.
[187] [188] [189]
LaTeX Font Info:    Font shape `T1/fvm/b/n' will be
(Font)              scaled to size 10.79993pt on input line 18424.

Overfull \hbox (1.79811pt too wide) in paragraph at lines 18477--18477
[]\T1/fvm/m/n/9 SSL_PASSWORDFILE|  
 []

[190]
Overfull \hbox (15.1826pt too wide) in paragraph at lines 18552--18554
\T1/fvm/m/n/10 developer . apple . com / mac / library / documentation / MacOSX
 / Conceptual / BPSystemStartup /
 []


Overfull \hbox (2.33511pt too wide) in paragraph at lines 18559--18563
\T1/bch/m/n/10 Starting with VirtualBox 4.2 the mem-ory bal-loon-ing ser-vice f
or-merly known as \T1/fvm/m/n/10 VBoxBalloonCtrl
 []

[191] [192]
Overfull \hbox (8.64732pt too wide) in paragraph at lines 18844--18844
[]\T1/fvm/m/n/9 BALLOON_SAFETYMARGIN|  
 []

[193] [194]
Overfull \hbox (7.31279pt too wide) in paragraph at lines 18961--18980
\T1/bch/m/n/10 On Linux, the au-tostart ser-vice is ac-ti-vated by set-ting two
 vari-ables in \T1/fvm/m/n/10 /etc/default/virtualbox\T1/bch/m/n/10 .
 []

LaTeX Font Info:    Font shape `T1/fvm/m/it' in size <10> not available
(Font)              Font shape `T1/fvm/m/sl' tried instead on input line 19020.

LaTeX Font Info:    Font shape `T1/fvm/m/sl' will be
(Font)              scaled to size 8.99994pt on input line 19020.

Overfull \hbox (90.75656pt too wide) in paragraph at lines 19044--19053
\T1/bch/m/n/10 file can be found in \T1/fvm/m/n/10 /Applications/VirtualBox.app
/Contents/MacOS/org.virtualbox.vboxautostart.plist\T1/bch/m/n/10 .
 []

[195]
Overfull \hbox (15.1826pt too wide) in paragraph at lines 19059--19061
\T1/fvm/m/n/10 developer . apple . com / mac / library / documentation / MacOSX
 / Conceptual / BPSystemStartup /
 []

[196] [197]
Chapter 10.
[198


]
Underfull \hbox (badness 1062) in paragraph at lines 19369--19373
\T1/bch/m/n/10 In ad-di-tion to the files of the vir-tual ma-chines, VirtualBox
 main-tains global con-fig-u-ra-
 []

[199]
Overfull \hbox (0.92358pt too wide) in paragraph at lines 19431--19431
[]\T1/fvm/m/n/9 $HOME/.VirtualBox/Machines|  
 []


Overfull \hbox (5.79974pt too wide) in paragraph at lines 19431--19431
[]\T1/fvm/m/n/9 $HOME/.VirtualBox/HardDisks|  
 []

[200] [201] [202] [203] [204] [205] [206] [207]
Chapter 11.
[208


]
Chapter 12.
[209


] [210] [211] [212] [213] [214] [215] [216] [217]
Overfull \hbox (41.87578pt too wide) in paragraph at lines 21199--21200
[]\T1/bch/m/n/10 Copy ex-tracted d3d8.dll and d3d9.dll to C:\Windows\system32 a
nd C:\Windows\system32\dllcache 
 []


Overfull \hbox (4.79587pt too wide) in paragraph at lines 21253--21254
[]\T1/bch/m/n/10 Copy ex-tracted d3d8.dll and d3d9.dll to C:\Windows\system32 o
r C:\Windows\SysWOW64
 []

[218] [219] [220] [221] [222] [223] [224] [225]
Chapter 13.
[226


] [227] [228] [229]
Chapter 14.
[230


] [231] [232]
Chapter 15.
[233


] [234] [235] [236] [237] [238]
Overfull \hbox (3.75566pt too wide) in paragraph at lines 23618--23620
[]\T1/bch/m/n/10 GUI: prop-erly re-store nor-mal/scale mode guest-screen size a
f-ter ex-it-ing full-screen/seamless
 []

[239] [240] [241] [242] [243] [244] [245]
Underfull \hbox (badness 1142) in paragraph at lines 24672--24674
[]\T1/bch/m/n/10 VMM: fixed a Guru Med-i-ta-tion \T1/bch/m/it/10 VERR_VMX_UNEXP
ECTED_INTERRUPTION_EXIT_TYPE
 []


Overfull \hbox (14.01077pt too wide) in paragraph at lines 24728--24730
[]\T1/bch/m/n/10 Main: fixed re-port-ing back tem-po-rary name when call-ing \T
1/bch/m/it/10 IGuest-Ses-sion::DirectoryCreateTemp()
 []

[246] [247] [248]
Underfull \hbox (badness 1132) in paragraph at lines 25133--25136
[]\T1/bch/m/n/10 API: in-cor-rect han-dling of hard-ware UUID de-fault value, r
e-sult-ing in an all zero
 []

[249] [250] [251]
Underfull \hbox (badness 10000) in paragraph at lines 25466--25472
\T1/fvm/m/n/10 process kill|close|terminate --session-id <ID>| --session-name <
name or
 []

(/usr/share/texlive/texmf-dist/tex/latex/ucs/data/uni-0.def
File: uni-0.def 2013/05/13 UCS: Unicode data U+0000..U+00FF
) [252] [253] [254] [255] [256] [257] [258] [259] [260] [261] [262] [263] [264]
[265] [266] [267] [268] [269] [270] [271] [272] [273] [274] [275] [276] [277] [
278] [279] [280] [281] [282] [283] [284] [285] [286] [287] [288] [289] [290] [2
91] [292] [293] [294] [295] [296] [297] [298] [299] [300] [301] [302] [303] [30
4] [305] [306] [307] [308] [309] [310] [311]
Overfull \hbox (37.33087pt too wide) in paragraph at lines 34417--34419
[]\T1/bch/m/n/10 Bridged net-work-ing: fixed packet queue is-sue which might ca
use DRIVER_POWER_STATE_FAILURE
 []

[312] [313] [314] [315] [316] [317] [318] [319] [320]
Overfull \hbox (13.55449pt too wide) in paragraph at lines 35714--35717
[]\T1/bch/m/n/10 USB: fur-ther re-duced host CPU uti-liza-tion for OHCI and EHC
I; the ``VBoxInternal/Devices/usb-
 []

[321] [322] [323] [324] [325]
Overfull \hbox (8.33424pt too wide) in paragraph at lines 36424--36426
[]\T1/bch/m/n/10 VBoxManage \T1/fvm/m/n/10 guestproperty\T1/bch/m/n/10 : fixed 
prop-erty enu-mer-a-tion (in-cor-rect pa-ram-e-ters/exception) 
 []

[326] [327]
Underfull \hbox (badness 3250) in paragraph at lines 36818--36820
[]\T1/bch/m/n/10 VMM: fixed mem-ory al-lo-ca-tion is-sues which can cause VM st
art fail-ures with
 []

[328] [329] [330] [331] [332] [333]
Chapter 16.
[334


] [335]
Underfull \hbox (badness 2035) in paragraph at lines 37789--37791
[]\T1/bch/m/n/10 Copyright 2000, 2001, 2002, 2003, 2004, 2005, 2006, 2007 Pierr
e-Alain Joye
 []

[336] [337] [338] [339] [340] [341] [342] [343] [344] [345] [346] [347] [348] [
349] [350] [351] [352] [353] [354] [355] [356] [357] [358] [359] [360] [361] [3
62]
Overfull \hbox (1.06534pt too wide) in paragraph at lines 40122--40124
[]\T1/bch/m/n/10 Portions re-lat-ing to gdttf.c copy-right 1999, 2000, 2001, 20
02 John Ell-son (ell-son@lucent.com). 
 []

[363] [364] [365] [366] [367] [368] [369] [370] [371]
Chapter 17.
[372


] [373




] [374] [375]
Package atveryend Info: Empty hook `BeforeClearDocument' on input line 41490.
[376]
Package atveryend Info: Empty hook `AfterLastShipout' on input line 41490.
(./UserManual.aux)
Package atveryend Info: Executing hook `AtVeryEndDocument' on input line 41490.

Package atveryend Info: Executing hook `AtEndAfterFileList' on input line 41490
.
Package rerunfilecheck Info: File `UserManual.out' has not changed.
(rerunfilecheck)             Checksum: 3CA8DF67883DA92D2F153F62B05F65CC;38461.

LaTeX Font Warning: Size substitutions with differences
(Font)              up to 15.12pt have occurred.

Package atveryend Info: Empty hook `AtVeryVeryEnd' on input line 41490.
 ) 
Here is how much of TeX's memory you used:
 10781 strings out of 494565
 158793 string characters out of 6172767
 294125 words of memory out of 5000000
 12800 multiletter control sequences out of 15000+600000
 81091 words of font info for 93 fonts, out of 8000000 for 9000
 267 hyphenation exceptions out of 8191
 40i,11n,51p,338b,587s stack positions out of 5000i,500n,10000p,200000b,80000s
{/usr/share/texlive/texmf-dist/fonts/enc/dvips/base/8r.enc}</usr/share/texliv
e/texmf-dist/fonts/type1/bitstrea/charter/bchb8a.pfb></usr/share/texlive/texmf-
dist/fonts/type1/bitstrea/charter/bchr8a.pfb></usr/share/texlive/texmf-dist/fon
ts/type1/bitstrea/charter/bchr8a.pfb></usr/share/texlive/texmf-dist/fonts/type1
/bitstrea/charter/bchri8a.pfb></usr/share/texlive/texmf-dist/fonts/type1/public
/amsfonts/cm/cmbsy10.pfb></usr/share/texlive/texmf-dist/fonts/type1/public/amsf
onts/cm/cmsy10.pfb></usr/share/texlive/texmf-dist/fonts/type1/public/bera/fvmb8
a.pfb></usr/share/texlive/texmf-dist/fonts/type1/public/bera/fvmr8a.pfb></usr/s
hare/texlive/texmf-dist/fonts/type1/public/bera/fvmro8a.pfb></usr/share/texlive
/texmf-dist/fonts/type1/urw/helvetic/uhvb8a.pfb>
Output written on UserManual.pdf (376 pages, 5812244 bytes).
PDF statistics:
 6056 PDF objects out of 6186 (max. 8388607)
 5591 compressed objects within 56 object streams
 1156 named destinations out of 1200 (max. 500000)
 3675 words of extra memory for PDF output out of 10000 (max. 10000000)

