     1                                 %line 1+1 /home/se170/VirtualBox-4.3.28/src/VBox/Disassembler/testcase/tstDisasm-1A.asm
     2                                 
     3                                 
     4                                 
     5                                 
     6                                 
     7                                 
     8                                 
     9                                 
    10                                 
    11                                 
    12                                 
    13                                 
    14                                 
    15                                 
    16                                 
    17                                 
    18                                 
    19                                 
    20                                 
    21                                 
    22                                 %line 1+1 /home/se170/VirtualBox-4.3.28/include/iprt/asmdefs.mac
    23                                 
    24                                 
    25                                 
    26                                 
    27                                 
    28                                 
    29                                 
    30                                 
    31                                 
    32                                 
    33                                 
    34                                 
    35                                 
    36                                 
    37                                 
    38                                 
    39                                 
    40                                 
    41                                 
    42                                 
    43                                 
    44                                 
    45                                 
    46                                 
    47                                 
    48                                 %line 28+1 /home/se170/VirtualBox-4.3.28/include/iprt/asmdefs.mac
    49                                 
    50                                 
    51                                 
    52                                 
    53                                 
    54                                 
    55                                 %line 35+1 /home/se170/VirtualBox-4.3.28/include/iprt/asmdefs.mac
    56                                 
    57                                 %line 37+1 /home/se170/VirtualBox-4.3.28/include/iprt/asmdefs.mac
    58                                 
    59                                 %line 39+1 /home/se170/VirtualBox-4.3.28/include/iprt/asmdefs.mac
    60                                 
    61                                 %line 41+1 /home/se170/VirtualBox-4.3.28/include/iprt/asmdefs.mac
    62                                 
    63                                 %line 43+1 /home/se170/VirtualBox-4.3.28/include/iprt/asmdefs.mac
    64                                 
    65                                 %line 45+1 /home/se170/VirtualBox-4.3.28/include/iprt/asmdefs.mac
    66                                 
    67                                 %line 47+1 /home/se170/VirtualBox-4.3.28/include/iprt/asmdefs.mac
    68                                 
    69                                 %line 49+1 /home/se170/VirtualBox-4.3.28/include/iprt/asmdefs.mac
    70                                 
    71                                 %line 51+1 /home/se170/VirtualBox-4.3.28/include/iprt/asmdefs.mac
    72                                 
    73                                 %line 53+1 /home/se170/VirtualBox-4.3.28/include/iprt/asmdefs.mac
    74                                 
    75                                 %line 55+1 /home/se170/VirtualBox-4.3.28/include/iprt/asmdefs.mac
    76                                 
    77                                 %line 57+1 /home/se170/VirtualBox-4.3.28/include/iprt/asmdefs.mac
    78                                 
    79                                 %line 59+1 /home/se170/VirtualBox-4.3.28/include/iprt/asmdefs.mac
    80                                 
    81                                 %line 61+1 /home/se170/VirtualBox-4.3.28/include/iprt/asmdefs.mac
    82                                 
    83                                 %line 63+1 /home/se170/VirtualBox-4.3.28/include/iprt/asmdefs.mac
    84                                 
    85                                 %line 65+1 /home/se170/VirtualBox-4.3.28/include/iprt/asmdefs.mac
    86                                 
    87                                 %line 67+1 /home/se170/VirtualBox-4.3.28/include/iprt/asmdefs.mac
    88                                 
    89                                 
    90                                 
    91                                 
    92                                 
    93                                 %line 73+1 /home/se170/VirtualBox-4.3.28/include/iprt/asmdefs.mac
    94                                 
    95                                 
    96                                 
    97                                 %line 77+1 /home/se170/VirtualBox-4.3.28/include/iprt/asmdefs.mac
    98                                 
    99                                 
   100                                 %line 84+1 /home/se170/VirtualBox-4.3.28/include/iprt/asmdefs.mac
   101                                 
   102                                 
   103                                 
   104                                 %line 92+1 /home/se170/VirtualBox-4.3.28/include/iprt/asmdefs.mac
   105                                 
   106                                 
   107                                 
   108                                 %line 100+1 /home/se170/VirtualBox-4.3.28/include/iprt/asmdefs.mac
   109                                 
   110                                 
   111                                 
   112                                 %line 108+1 /home/se170/VirtualBox-4.3.28/include/iprt/asmdefs.mac
   113                                 
   114                                 
   115                                 
   116                                 %line 116+1 /home/se170/VirtualBox-4.3.28/include/iprt/asmdefs.mac
   117                                 
   118                                 
   119                                 
   120                                 
   121                                 %line 121+1 /home/se170/VirtualBox-4.3.28/include/iprt/asmdefs.mac
   122                                 
   123                                 
   124                                 
   125                                 %line 125+1 /home/se170/VirtualBox-4.3.28/include/iprt/asmdefs.mac
   126                                 
   127                                 
   128                                 
   129                                 %line 129+1 /home/se170/VirtualBox-4.3.28/include/iprt/asmdefs.mac
   130                                 
   131                                 
   132                                 
   133                                 
   134                                 
   135                                 %line 137+1 /home/se170/VirtualBox-4.3.28/include/iprt/asmdefs.mac
   136                                 
   137                                 
   138                                 
   139                                 
   140                                 %line 157+1 /home/se170/VirtualBox-4.3.28/include/iprt/asmdefs.mac
   141                                 
   142                                 
   143                                 
   144                                 %line 165+1 /home/se170/VirtualBox-4.3.28/include/iprt/asmdefs.mac
   145                                 
   146                                 
   147                                 
   148                                 %line 177+1 /home/se170/VirtualBox-4.3.28/include/iprt/asmdefs.mac
   149                                 
   150                                 
   151                                 
   152                                 
   153                                 %line 188+1 /home/se170/VirtualBox-4.3.28/include/iprt/asmdefs.mac
   154                                 
   155                                 
   156                                 
   157                                 %line 211+1 /home/se170/VirtualBox-4.3.28/include/iprt/asmdefs.mac
   158                                 
   159                                 
   160                                 
   161                                 
   162                                 
   163                                 %line 222+1 /home/se170/VirtualBox-4.3.28/include/iprt/asmdefs.mac
   164                                 
   165                                 
   166                                 
   167                                 %line 236+1 /home/se170/VirtualBox-4.3.28/include/iprt/asmdefs.mac
   168                                 
   169                                 
   170                                 
   171                                 %line 249+1 /home/se170/VirtualBox-4.3.28/include/iprt/asmdefs.mac
   172                                 
   173                                 
   174                                 
   175                                 %line 263+1 /home/se170/VirtualBox-4.3.28/include/iprt/asmdefs.mac
   176                                 
   177                                 
   178                                 
   179                                 %line 274+1 /home/se170/VirtualBox-4.3.28/include/iprt/asmdefs.mac
   180                                 
   181                                 
   182                                 
   183                                 %line 288+1 /home/se170/VirtualBox-4.3.28/include/iprt/asmdefs.mac
   184                                 
   185                                 
   186                                 
   187                                 %line 302+1 /home/se170/VirtualBox-4.3.28/include/iprt/asmdefs.mac
   188                                 
   189                                 
   190                                 
   191                                 
   192                                 
   193                                 
   194                                 
   195                                 
   196                                 %line 356+1 /home/se170/VirtualBox-4.3.28/include/iprt/asmdefs.mac
   197                                 
   198                                 %line 363+1 /home/se170/VirtualBox-4.3.28/include/iprt/asmdefs.mac
   199                                 
   200                                 
   201                                 
   202                                 
   203                                 %line 376+1 /home/se170/VirtualBox-4.3.28/include/iprt/asmdefs.mac
   204                                 
   205                                 
   206                                 
   207                                 
   208                                 
   209                                 
   210                                 
   211                                 %line 396+1 /home/se170/VirtualBox-4.3.28/include/iprt/asmdefs.mac
   212                                 
   213                                 
   214                                 
   215                                 %line 408+1 /home/se170/VirtualBox-4.3.28/include/iprt/asmdefs.mac
   216                                 
   217                                 
   218                                 
   219                                 %line 420+1 /home/se170/VirtualBox-4.3.28/include/iprt/asmdefs.mac
   220                                 
   221                                 
   222                                 
   223                                 
   224                                 
   225                                 %line 432+1 /home/se170/VirtualBox-4.3.28/include/iprt/asmdefs.mac
   226                                 
   227                                 
   228                                 
   229                                 %line 442+1 /home/se170/VirtualBox-4.3.28/include/iprt/asmdefs.mac
   230                                 
   231                                 
   232                                 
   233                                 %line 452+1 /home/se170/VirtualBox-4.3.28/include/iprt/asmdefs.mac
   234                                 
   235                                 
   236                                 
   237                                 %line 462+1 /home/se170/VirtualBox-4.3.28/include/iprt/asmdefs.mac
   238                                 
   239                                 
   240                                 
   241                                 %line 472+1 /home/se170/VirtualBox-4.3.28/include/iprt/asmdefs.mac
   242                                 
   243                                 
   244                                 
   245                                 
   246                                 
   247                                 %line 482+1 /home/se170/VirtualBox-4.3.28/include/iprt/asmdefs.mac
   248                                 
   249                                 
   250                                 
   251                                 
   252                                 %line 491+1 /home/se170/VirtualBox-4.3.28/include/iprt/asmdefs.mac
   253                                 
   254                                 
   255                                 
   256                                 %line 499+1 /home/se170/VirtualBox-4.3.28/include/iprt/asmdefs.mac
   257                                 
   258                                 
   259                                 
   260                                 %line 507+1 /home/se170/VirtualBox-4.3.28/include/iprt/asmdefs.mac
   261                                 
   262                                 
   263                                 
   264                                 
   265                                 
   266                                 %line 517+1 /home/se170/VirtualBox-4.3.28/include/iprt/asmdefs.mac
   267                                 
   268                                 
   269                                 
   270                                 
   271                                 %line 526+1 /home/se170/VirtualBox-4.3.28/include/iprt/asmdefs.mac
   272                                 
   273                                 
   274                                 
   275                                 %line 534+1 /home/se170/VirtualBox-4.3.28/include/iprt/asmdefs.mac
   276                                 
   277                                 
   278                                 
   279                                 %line 542+1 /home/se170/VirtualBox-4.3.28/include/iprt/asmdefs.mac
   280                                 
   281                                 
   282                                 
   283                                 
   284                                 
   285                                 %line 552+1 /home/se170/VirtualBox-4.3.28/include/iprt/asmdefs.mac
   286                                 
   287                                 
   288                                 
   289                                 
   290                                 %line 561+1 /home/se170/VirtualBox-4.3.28/include/iprt/asmdefs.mac
   291                                 
   292                                 
   293                                 
   294                                 %line 569+1 /home/se170/VirtualBox-4.3.28/include/iprt/asmdefs.mac
   295                                 
   296                                 
   297                                 
   298                                 %line 577+1 /home/se170/VirtualBox-4.3.28/include/iprt/asmdefs.mac
   299                                 
   300                                 
   301                                 
   302                                 
   303                                 
   304                                 %line 587+1 /home/se170/VirtualBox-4.3.28/include/iprt/asmdefs.mac
   305                                 
   306                                 
   307                                 
   308                                 
   309                                 %line 596+1 /home/se170/VirtualBox-4.3.28/include/iprt/asmdefs.mac
   310                                 
   311                                 %line 599+1 /home/se170/VirtualBox-4.3.28/include/iprt/asmdefs.mac
   312                                 
   313                                 
   314                                 
   315                                 %line 607+1 /home/se170/VirtualBox-4.3.28/include/iprt/asmdefs.mac
   316                                 
   317                                 
   318                                 
   319                                 %line 615+1 /home/se170/VirtualBox-4.3.28/include/iprt/asmdefs.mac
   320                                 
   321                                 
   322                                 
   323                                 
   324                                 %line 620+1 /home/se170/VirtualBox-4.3.28/include/iprt/asmdefs.mac
   325                                 
   326                                 
   327                                 
   328                                 
   329                                 %line 625+1 /home/se170/VirtualBox-4.3.28/include/iprt/asmdefs.mac
   330                                 
   331                                 
   332                                 
   333                                 %line 629+1 /home/se170/VirtualBox-4.3.28/include/iprt/asmdefs.mac
   334                                 
   335                                 
   336                                 
   337                                 %line 633+1 /home/se170/VirtualBox-4.3.28/include/iprt/asmdefs.mac
   338                                 
   339                                 
   340                                 
   341                                 
   342                                 
   343                                 
   344                                 
   345                                 
   346                                 
   347                                 
   348                                 
   349                                 
   350                                 
   351                                 
   352                                 
   353                                 %line 666+1 /home/se170/VirtualBox-4.3.28/include/iprt/asmdefs.mac
   354                                 
   355                                 
   356                                 
   357                                 
   358                                 
   359                                 %line 672+1 /home/se170/VirtualBox-4.3.28/include/iprt/asmdefs.mac
   360                                 
   361                                 
   362                                 
   363                                 
   364                                 %line 677+1 /home/se170/VirtualBox-4.3.28/include/iprt/asmdefs.mac
   365                                 
   366                                 
   367                                 
   368                                 %line 681+1 /home/se170/VirtualBox-4.3.28/include/iprt/asmdefs.mac
   369                                 
   370                                 
   371                                 
   372                                 %line 685+1 /home/se170/VirtualBox-4.3.28/include/iprt/asmdefs.mac
   373                                 
   374                                 
   375                                 
   376                                 
   377                                 
   378                                 %line 691+1 /home/se170/VirtualBox-4.3.28/include/iprt/asmdefs.mac
   379                                 
   380                                 
   381                                 
   382                                 
   383                                 %line 696+1 /home/se170/VirtualBox-4.3.28/include/iprt/asmdefs.mac
   384                                 
   385                                 
   386                                 
   387                                 %line 700+1 /home/se170/VirtualBox-4.3.28/include/iprt/asmdefs.mac
   388                                 
   389                                 
   390                                 
   391                                 %line 704+1 /home/se170/VirtualBox-4.3.28/include/iprt/asmdefs.mac
   392                                 
   393                                 
   394                                 
   395                                 
   396                                 
   397                                 
   398                                 
   399                                 
   400                                 %line 721+1 /home/se170/VirtualBox-4.3.28/include/iprt/asmdefs.mac
   401                                 
   402                                 
   403                                 
   404                                 
   405                                 
   406                                 
   407                                 
   408                                 
   409                                 
   410                                 
   411                                 
   412                                 
   413                                 
   414                                 
   415                                 %line 738+1 /home/se170/VirtualBox-4.3.28/include/iprt/asmdefs.mac
   416                                 
   417                                 %line 752+1 /home/se170/VirtualBox-4.3.28/include/iprt/asmdefs.mac
   418                                 
   419                                 
   420                                 
   421                                 
   422                                 
   423                                 
   424                                 
   425                                 
   426                                 
   427                                 
   428                                 
   429                                 
   430                                 
   431                                 %line 770+1 /home/se170/VirtualBox-4.3.28/include/iprt/asmdefs.mac
   432                                 
   433                                 
   434                                 
   435                                 
   436                                 
   437                                 
   438                                 
   439                                 %line 791+1 /home/se170/VirtualBox-4.3.28/include/iprt/asmdefs.mac
   440                                 
   441                                 %line 797+1 /home/se170/VirtualBox-4.3.28/include/iprt/asmdefs.mac
   442                                 
   443                                 
   444                                 
   445                                 
   446                                 
   447                                 
   448                                 
   449                                 
   450                                 
   451                                 
   452                                 
   453                                 
   454                                 
   455                                 
   456                                 
   457                                 
   458                                 
   459                                 
   460                                 
   461                                 
   462                                 
   463                                 
   464                                 
   465                                 
   466                                 
   467                                 
   468                                 
   469                                 
   470                                 
   471                                 
   472                                 
   473                                 
   474                                 
   475                                 %line 853+1 /home/se170/VirtualBox-4.3.28/include/iprt/asmdefs.mac
   476                                 
   477                                 
   478                                 
   479                                 
   480                                 
   481                                 
   482                                 
   483                                 
   484                                 
   485                                 
   486                                 %line 873+1 /home/se170/VirtualBox-4.3.28/include/iprt/asmdefs.mac
   487                                 
   488                                 
   489                                 
   490                                 %line 886+1 /home/se170/VirtualBox-4.3.28/include/iprt/asmdefs.mac
   491                                 
   492                                 %line 22+1 /home/se170/VirtualBox-4.3.28/src/VBox/Disassembler/testcase/tstDisasm-1A.asm
   493                                 
   494                                 
   495                                 
   496                                 
   497                                 
   498                                 [bits 32]
   499                                 
   500                                 %line 32+1 /home/se170/VirtualBox-4.3.28/src/VBox/Disassembler/testcase/tstDisasm-1A.asm
   501                                 
   502                                 
   503                                 [section .text]
   504                                 
   505                                 [align 16]
   506                                 [global TestProc32:function hidden]
   507                                 %line 37+0 /home/se170/VirtualBox-4.3.28/src/VBox/Disassembler/testcase/tstDisasm-1A.asm
   508                                 TestProc32:
   509                                 %line 38+1 /home/se170/VirtualBox-4.3.28/src/VBox/Disassembler/testcase/tstDisasm-1A.asm
   510 00000000 31C0                    xor eax, eax
   511 00000002 B004                    mov al, 4
   512 00000004 8D1504000000            lea edx, [4]
   513 0000000A BA04000000              mov edx, 4
   514 0000000F B804000000              mov eax, 4
   515 00000014 C1E004                  shl eax, 4
   516 00000017 C1E204                  shl edx, 4
   517 0000001A C1EA04                  shr edx, 4
   518 0000001D 89D0                    mov eax, edx
   519 0000001F 89C8                    mov eax, ecx
   520 00000021 89C2                    mov edx, eax
   521 00000023 89C1                    mov ecx, eax
   522 00000025 F00F22C0                DB 0xF0, 0x0F, 0x22, 0xC0
   523 00000029 F00F20C0                DB 0xF0, 0x0F, 0x20, 0xC0
   524 0000002D 0F016210                smsw word [edx+16]
   525                                 
   526 00000031 660F388001              DB 0x66, 0x0F, 0x38, 0x80, 0x1
   527                                 
   528 00000036 660F388101              DB 0x66, 0x0F, 0x38, 0x81, 0x1
   529 0000003B 8B01                    mov eax, dword [ecx]
   530 0000003D 66C7073A12              mov word [edi], 0123a
   531 00000042 0FB602                  movzx eax,byte [edx]
   532 00000045 0FB702                  movzx eax,word [edx]
   533 00000048 26C783341200008907-     mov dword [es:ebx + 1234
   534 00000048 0000               
   535 00000053 6466C7040B5406          mov word [fs:ebx + ecx], 0654
   536 0000005A C6048654                mov byte [esi + eax*4], 054
   537 0000005E 3E8A9D34120000          mov bl, byte [ds:ebp + 1234
   538 00000065 2E8A04CD34120000        mov al, [cs:1234
   539 0000006D 2EA034120000            mov al, [cs:1234
   540 00000073 2E66A134120000          mov ax, [cs:1234
   541 0000007A 2EA134120000            mov eax, [cs:1234
   542 00000080 F00FB101                lock cmpxchg [ecx], eax
   543 00000084 66F00FB101              lock cmpxchg [ecx], ax
   544 00000089 F00FB011                lock cmpxchg [ecx], dl
   545 0000008D 0FB730                  movzx ESI,word [EAX]
   546 00000090 EC                      in al, dx
   547 00000091 66ED                    in ax, dx
   548 00000093 ED                      in eax, dx
   549 00000094 8B5C8111                mov ebx, [ecx + eax*4 + 17]
   550 00000098 8B5C8504                mov ebx, [ebp + eax*4 + 4]
   551 0000009C 8B5C8500                mov ebx, [ebp + eax*4]
   552 000000A0 CD80                    int 80
   553 000000A2 E460                    in al, 60
   554 000000A4 66ED                    in ax, dx
   555 000000A6 E764                    out 64
   556                                 
   557 000000A8 F30F10C1                movss xmm0, xmm1
   558 000000AC F30F1018                movss xmm3, [eax]
   559 000000B0 F30F1120                movss [eax], xmm4
   560 000000B4 F20F10F1                movsd xmm6, xmm1
   561                                 
   562 000000B8 F390                    pause
   563 000000BA 90                      nop
   564                                 
   565                                 
   566 000000BB 0F0FC8BF                pavgusb mm1, mm0
   567 000000BF 0F0FEC1D                pf2id mm5, mm4
   568 000000C3 0F0FF31C                pf2iw mm6, mm3
   569 000000C7 0F0FFAAE                pfacc mm7, mm2
   570 000000CB 0F0FEC9E                pfadd mm5, mm4
   571 000000CF 0F0FF3B0                pfcmpeq mm6, mm3
   572 000000D3 0F0FD790                pfcmpge mm2, mm7
   573 000000D7 0F0FE5A0                pfcmpgt mm4, mm5
   574 000000DB 0F0FDEA4                pfmax mm3, mm6
   575 000000DF 0F0FC894                pfmin mm1, mm0
   576 000000E3 0F0FECB4                pfmul mm5, mm4
   577 000000E7 0F0FDEB7                pmulhrwa mm3, mm6
   578 000000EB 0F0FE58A                pfnacc mm4, mm5
   579 000000EF 0F0FDE8E                pfpnacc mm3, mm6
   580 000000F3 0F0FC196                pfrcp mm0, mm1
   581 000000F7 0F0FD7A6                pfrcpit1 mm2, mm7
   582 000000FB 0F0FE5B6                pfrcpit2 mm4, mm5
   583 000000FF 0F0FFA97                pfrsqrt mm7, mm2
   584 00000103 0F0FC8A7                pfrsqit1 mm1, mm0
   585 00000107 0F0FF39A                pfsub mm6, mm3
   586 0000010B 0F0FC1AA                pfsubr mm0, mm1
   587 0000010F 0F0FFA0D                pi2fd mm7, mm2
   588 00000113 0F0FC10C                pi2fw mm0, mm1
   589 00000117 0F0FD7BB                pswapd mm2, mm7
   590                                 
   591 0000011B 260F0F4810BF            pavgusb mm1, qword [es:eax+000000010
   592 00000121 3E0F0FAE101010001D      pf2id mm5, qword [ds:esi+000101010
   593 0000012A 640F0FB6101010001C      pf2iw mm6, qword [fs:esi+000101010
   594 00000133 650F0FBE10101000AE      pfacc mm7, qword [gs:esi+000101010
   595 0000013C 0F0FAE101010009E        pfadd mm5, qword [ esi+000101010
   596 00000144 0F0F34FD10101000B0      pfcmpeq mm6, qword [ edi*8+000101010
   597 0000014D 260F0F961000100090      pfcmpge mm2, qword [es:esi+000100010
   598 00000156 260F0FA610101000A0      pfcmpgt mm4, qword [es:esi+000101010
   599 0000015F 260F0F9E10101000A4      pfmax mm3, qword [es:esi+000101010
   600 00000168 260F0F8E1010100094      pfmin mm1, qword [es:esi+000101010
   601 00000171 260F0FAE00101000B4      pfmul mm5, qword [es:esi+000101000
   602 0000017A 260F0F98FFFFFFFFB7      pmulhrwa mm3, qword [es:eax+0ffffffff
   603 00000183 260F0FA3101010008A      pfnacc mm4, qword [es:ebx+000101010
   604 0000018C 260F0F9A002910008E      pfpnacc mm3, qword [es:edx+000102900
   605 00000195 260F0F812010100096      pfrcp mm0, qword [es:ecx+000101020
   606 0000019E 260F0F9510151000A6      pfrcpit1 mm2, qword [es:ebp+000101510
   607 000001A7 260F0FA42410131000-     pfrcpit2 mm4, qword [es:esp+000101310
   608 000001A7 B6                 
   609 000001B1 260F0FBE106010F097      pfrsqrt mm7, qword [es:esi+0f0106010
   610 000001BA 260F0F8F10101F00A7      pfrsqit1 mm1, qword [es:edi+0001f1010
   611 000001C3 260F0F34369A            pfsub mm6, qword [es:esi*2]
   612 000001C9 260F0F0476AA            pfsubr mm0, qword [es:esi*3]
   613 000001CF 260F0F3CB500000000-     pi2fd mm7, qword [es:esi*4]
   614 000001CF 0D                 
   615 000001D9 260F0F04B60C            pi2fw mm0, qword [es:esi*5]
   616 000001DF 260F0F14F500000000-     pswapd mm2, qword [es:esi*8]
   617 000001DF BB                 
   618                                 
   619 000001E9 3E0F0F84FD0100000F-     pmulhrwa mm0, qword [ds:ebp+edi*8+00f000001
   620 000001E9 B7                 
   621                                 
   622                                 
   623 000001F3 0FD8CB                  psubusb mm1, mm3
   624 000001F6 660F2AC3                cvtpi2pd xmm0, mm3
   625 000001FA 0FFECB                  paddd mm1, mm3
   626 000001FD 660FFECB                paddd xmm1, xmm3
   627                                 [global TestProc32_EndProc:function hidden]
   628                                 %line 150+0 /home/se170/VirtualBox-4.3.28/src/VBox/Disassembler/testcase/tstDisasm-1A.asm
   629                                 TestProc32_EndProc:
   630                                 [size TestProc32 TestProc32_EndProc - TestProc32]
   631                                 [size TestProc32_EndProc 0]
   632 00000201 CCCCCCCC                db 0xCC, 0xCC, 0xCC, 0xCC
   633                                 %line 151+1 /home/se170/VirtualBox-4.3.28/src/VBox/Disassembler/testcase/tstDisasm-1A.asm
   634                                 
   635                                 
   636                                 %line 154+1 /home/se170/VirtualBox-4.3.28/src/VBox/Disassembler/testcase/tstDisasm-1A.asm
   637                                 [bits 64]
   638                                 [align 16]
   639                                 [global TestProc64:function hidden]
   640                                 %line 156+0 /home/se170/VirtualBox-4.3.28/src/VBox/Disassembler/testcase/tstDisasm-1A.asm
   641                                 TestProc64:
   642                                 %line 157+1 /home/se170/VirtualBox-4.3.28/src/VBox/Disassembler/testcase/tstDisasm-1A.asm
   643 00000210 440F22C0                mov cr8, rax
   644 00000214 440F22C3                mov cr8, rbx
   645 00000218 488904258000FEFF        mov [0xfffe0080], rax
   646 00000220 48891C258000FEFF        mov [0xfffe0080], rbx
   647 00000228 440F20C0                mov rax, cr8
   648 0000022C 440F20C3                mov rbx, cr8
   649 00000230 488B04258000FEFF        mov rax, [0xfffe0080]
   650 00000238 488B1C258000FEFF        mov rbx, [0xfffe0080]
   651 00000240 F20F5EC8                divsd xmm1, xmm0
   652                                 
   653 00000244 660F38803E              DB 0x66, 0x0F, 0x38, 0x80, 0x3E
   654                                 
   655 00000249 660F38800A              DB 0x66, 0x0F, 0x38, 0x80, 0xA
   656                                 
   657 0000024E 660F38813E              DB 0x66, 0x0F, 0x38, 0x81, 0x3E
   658                                 
   659 00000253 660F38810A              DB 0x66, 0x0F, 0x38, 0x81, 0xA
   660 00000258 488B3E                  mov rdi, [rsi]
   661 0000025B 488B0A                  mov rcx, [rdx]
   662 0000025E 48                      db 48
   663 0000025F C7                      db 0c7
   664 00000260 42                      db 42
   665 00000261 18                      db 18
   666 00000262 20                      db 20
   667 00000263 3E                      db 3e
   668 00000264 23                      db 23
   669 00000265 80                      db 80
   670 00000266 41FF5010                call qword [r8+10
   671                                 
   672 0000026A 48                      db 48
   673 0000026B 8B                      db 8b
   674 0000026C 44                      db 44
   675 0000026D 0A                      db 0a
   676 0000026E F8                      db 0f8
   677                                 
   678                                 
   679 0000026F 8B                      db 8b
   680 00000270 04                      db 04
   681 00000271 8D                      db 8d
   682 00000272 00                      db 00
   683 00000273 00                      db 00
   684 00000274 FE                      db 0fe
   685 00000275 FF                      db 0ff
   686 00000276 48C7041100000000        mov qword [rcx+rdx], 0
   687 0000027E C7041100000000          mov dword [rcx+rdx], 0
   688 00000285 492107                  and [r15], rax
   689 00000288 480FB6CE                movzx rcx, sil
   690 0000028C 4080E603                and sil, 3
   691 00000290 0FB6CC                  movzx ecx, ah
   692 00000293 80E403                  and ah, 3
   693                                 
   694 00000296 4881E934120000          sub rcx, 1234
   695 0000029D 488B042590CC90CC        mov rax, qword [0cc90cc90
   696 000002A5 488B042590CC900C        mov rax, qword [00c90cc90
   697 000002AD 48C7C090CC90CC          mov rax, dword 0cc90cc90
   698 000002B4 48B890CC90CCFFFF00-     mov rax, qword 0ffffcc90cc90
   699 000002B4 00                 
   700                                 
   701 000002BE 67480FB602              movzx rax,byte [edx]
   702 000002C3 67480FB702              movzx rax,word [edx]
   703 000002C8 480FB602                movzx rax,byte [rdx]
   704 000002CC F0480FB101              lock cmpxchg [rcx], rax
   705 000002D1 66F00FB101              lock cmpxchg [rcx], ax
   706 000002D6 F0410FB017              lock cmpxchg [r15], dl
   707 000002DB 490FB730                movzx RSI, word [R8]
   708 000002DF EC                      in al, dx
   709 000002E0 66ED                    in ax, dx
   710 000002E2 ED                      in eax, dx
   711 000002E3 488B5C8111              mov rbx, [rcx + rax*4 + 17]
   712 000002E8 488B5C8504              mov rbx, [rbp + rax*4 + 4]
   713 000002ED 488B5C8500              mov rbx, [rbp + rax*4]
   714 000002F2 67488B5C8500            mov rbx, [ebp + eax*4]
   715 000002F8 CD80                    int 80
   716 000002FA E460                    in al, 60
   717 000002FC 66ED                    in ax, dx
   718 000002FE E764                    out 64
   719                                 
   720 00000300 F3410F10C6              movss xmm0, xmm14
   721 00000305 F20F10F1                movsd xmm6, xmm1
   722                                 
   723 00000309 C3                      ret
   724                                 [global TestProc64_EndProc:function hidden]
   725                                 %line 237+0 /home/se170/VirtualBox-4.3.28/src/VBox/Disassembler/testcase/tstDisasm-1A.asm
   726                                 TestProc64_EndProc:
   727                                 [size TestProc64 TestProc64_EndProc - TestProc64]
   728                                 [size TestProc64_EndProc 0]
   729 0000030A CCCCCCCC                db 0xCC, 0xCC, 0xCC, 0xCC
   730                                 %line 239+1 /home/se170/VirtualBox-4.3.28/src/VBox/Disassembler/testcase/tstDisasm-1A.asm
   731                                 
