     1                                 %line 1+1 /home/se170/VirtualBox-4.3.28/src/VBox/VMM/VMMAll/VMMAllA.asm
     2                                 
     3                                 
     4                                 
     5                                 
     6                                 
     7                                 
     8                                 
     9                                 
    10                                 
    11                                 
    12                                 
    13                                 
    14                                 
    15                                 
    16                                 
    17                                 
    18                                 
    19                                 
    20                                 
    21                                 
    22                                 %line 1+1 /home/se170/VirtualBox-4.3.28/include/VBox/asmdefs.mac
    23                                 
    24                                 
    25                                 
    26                                 
    27                                 
    28                                 
    29                                 
    30                                 
    31                                 
    32                                 
    33                                 
    34                                 
    35                                 
    36                                 
    37                                 
    38                                 
    39                                 
    40                                 
    41                                 
    42                                 
    43                                 
    44                                 
    45                                 
    46                                 
    47                                 
    48                                 %line 28+1 /home/se170/VirtualBox-4.3.28/include/VBox/asmdefs.mac
    49                                 
    50                                 
    51                                 
    52                                 
    53                                 %line 37+1 /home/se170/VirtualBox-4.3.28/include/VBox/asmdefs.mac
    54                                 
    55                                 %line 1+1 /home/se170/VirtualBox-4.3.28/include/iprt/asmdefs.mac
    56                                 
    57                                 
    58                                 
    59                                 
    60                                 
    61                                 
    62                                 
    63                                 
    64                                 
    65                                 
    66                                 
    67                                 
    68                                 
    69                                 
    70                                 
    71                                 
    72                                 
    73                                 
    74                                 
    75                                 
    76                                 
    77                                 
    78                                 
    79                                 
    80                                 
    81                                 %line 28+1 /home/se170/VirtualBox-4.3.28/include/iprt/asmdefs.mac
    82                                 
    83                                 
    84                                 
    85                                 
    86                                 
    87                                 
    88                                 %line 35+1 /home/se170/VirtualBox-4.3.28/include/iprt/asmdefs.mac
    89                                 
    90                                 %line 37+1 /home/se170/VirtualBox-4.3.28/include/iprt/asmdefs.mac
    91                                 
    92                                 %line 39+1 /home/se170/VirtualBox-4.3.28/include/iprt/asmdefs.mac
    93                                 
    94                                 %line 41+1 /home/se170/VirtualBox-4.3.28/include/iprt/asmdefs.mac
    95                                 
    96                                 %line 43+1 /home/se170/VirtualBox-4.3.28/include/iprt/asmdefs.mac
    97                                 
    98                                 %line 45+1 /home/se170/VirtualBox-4.3.28/include/iprt/asmdefs.mac
    99                                 
   100                                 %line 47+1 /home/se170/VirtualBox-4.3.28/include/iprt/asmdefs.mac
   101                                 
   102                                 %line 49+1 /home/se170/VirtualBox-4.3.28/include/iprt/asmdefs.mac
   103                                 
   104                                 %line 51+1 /home/se170/VirtualBox-4.3.28/include/iprt/asmdefs.mac
   105                                 
   106                                 %line 53+1 /home/se170/VirtualBox-4.3.28/include/iprt/asmdefs.mac
   107                                 
   108                                 %line 55+1 /home/se170/VirtualBox-4.3.28/include/iprt/asmdefs.mac
   109                                 
   110                                 %line 57+1 /home/se170/VirtualBox-4.3.28/include/iprt/asmdefs.mac
   111                                 
   112                                 %line 59+1 /home/se170/VirtualBox-4.3.28/include/iprt/asmdefs.mac
   113                                 
   114                                 %line 61+1 /home/se170/VirtualBox-4.3.28/include/iprt/asmdefs.mac
   115                                 
   116                                 %line 63+1 /home/se170/VirtualBox-4.3.28/include/iprt/asmdefs.mac
   117                                 
   118                                 %line 65+1 /home/se170/VirtualBox-4.3.28/include/iprt/asmdefs.mac
   119                                 
   120                                 %line 67+1 /home/se170/VirtualBox-4.3.28/include/iprt/asmdefs.mac
   121                                 
   122                                 
   123                                 
   124                                 
   125                                 
   126                                 %line 73+1 /home/se170/VirtualBox-4.3.28/include/iprt/asmdefs.mac
   127                                 
   128                                 
   129                                 
   130                                 %line 77+1 /home/se170/VirtualBox-4.3.28/include/iprt/asmdefs.mac
   131                                 
   132                                 
   133                                 %line 84+1 /home/se170/VirtualBox-4.3.28/include/iprt/asmdefs.mac
   134                                 
   135                                 
   136                                 
   137                                 %line 92+1 /home/se170/VirtualBox-4.3.28/include/iprt/asmdefs.mac
   138                                 
   139                                 
   140                                 
   141                                 %line 100+1 /home/se170/VirtualBox-4.3.28/include/iprt/asmdefs.mac
   142                                 
   143                                 
   144                                 
   145                                 %line 108+1 /home/se170/VirtualBox-4.3.28/include/iprt/asmdefs.mac
   146                                 
   147                                 
   148                                 
   149                                 %line 116+1 /home/se170/VirtualBox-4.3.28/include/iprt/asmdefs.mac
   150                                 
   151                                 
   152                                 
   153                                 
   154                                 %line 121+1 /home/se170/VirtualBox-4.3.28/include/iprt/asmdefs.mac
   155                                 
   156                                 
   157                                 
   158                                 %line 125+1 /home/se170/VirtualBox-4.3.28/include/iprt/asmdefs.mac
   159                                 
   160                                 
   161                                 
   162                                 %line 129+1 /home/se170/VirtualBox-4.3.28/include/iprt/asmdefs.mac
   163                                 
   164                                 
   165                                 
   166                                 
   167                                 
   168                                 %line 137+1 /home/se170/VirtualBox-4.3.28/include/iprt/asmdefs.mac
   169                                 
   170                                 
   171                                 
   172                                 
   173                                 %line 157+1 /home/se170/VirtualBox-4.3.28/include/iprt/asmdefs.mac
   174                                 
   175                                 
   176                                 
   177                                 %line 165+1 /home/se170/VirtualBox-4.3.28/include/iprt/asmdefs.mac
   178                                 
   179                                 
   180                                 
   181                                 %line 177+1 /home/se170/VirtualBox-4.3.28/include/iprt/asmdefs.mac
   182                                 
   183                                 
   184                                 
   185                                 
   186                                 %line 188+1 /home/se170/VirtualBox-4.3.28/include/iprt/asmdefs.mac
   187                                 
   188                                 
   189                                 
   190                                 %line 211+1 /home/se170/VirtualBox-4.3.28/include/iprt/asmdefs.mac
   191                                 
   192                                 
   193                                 
   194                                 
   195                                 
   196                                 %line 222+1 /home/se170/VirtualBox-4.3.28/include/iprt/asmdefs.mac
   197                                 
   198                                 
   199                                 
   200                                 %line 236+1 /home/se170/VirtualBox-4.3.28/include/iprt/asmdefs.mac
   201                                 
   202                                 
   203                                 
   204                                 %line 249+1 /home/se170/VirtualBox-4.3.28/include/iprt/asmdefs.mac
   205                                 
   206                                 
   207                                 
   208                                 %line 263+1 /home/se170/VirtualBox-4.3.28/include/iprt/asmdefs.mac
   209                                 
   210                                 
   211                                 
   212                                 %line 274+1 /home/se170/VirtualBox-4.3.28/include/iprt/asmdefs.mac
   213                                 
   214                                 
   215                                 
   216                                 %line 288+1 /home/se170/VirtualBox-4.3.28/include/iprt/asmdefs.mac
   217                                 
   218                                 
   219                                 
   220                                 %line 302+1 /home/se170/VirtualBox-4.3.28/include/iprt/asmdefs.mac
   221                                 
   222                                 
   223                                 
   224                                 
   225                                 
   226                                 
   227                                 
   228                                 
   229                                 %line 356+1 /home/se170/VirtualBox-4.3.28/include/iprt/asmdefs.mac
   230                                 
   231                                 %line 363+1 /home/se170/VirtualBox-4.3.28/include/iprt/asmdefs.mac
   232                                 
   233                                 
   234                                 
   235                                 
   236                                 %line 376+1 /home/se170/VirtualBox-4.3.28/include/iprt/asmdefs.mac
   237                                 
   238                                 
   239                                 
   240                                 
   241                                 
   242                                 
   243                                 
   244                                 %line 396+1 /home/se170/VirtualBox-4.3.28/include/iprt/asmdefs.mac
   245                                 
   246                                 
   247                                 
   248                                 %line 408+1 /home/se170/VirtualBox-4.3.28/include/iprt/asmdefs.mac
   249                                 
   250                                 
   251                                 
   252                                 %line 420+1 /home/se170/VirtualBox-4.3.28/include/iprt/asmdefs.mac
   253                                 
   254                                 
   255                                 
   256                                 
   257                                 
   258                                 %line 432+1 /home/se170/VirtualBox-4.3.28/include/iprt/asmdefs.mac
   259                                 
   260                                 
   261                                 
   262                                 %line 442+1 /home/se170/VirtualBox-4.3.28/include/iprt/asmdefs.mac
   263                                 
   264                                 
   265                                 
   266                                 %line 452+1 /home/se170/VirtualBox-4.3.28/include/iprt/asmdefs.mac
   267                                 
   268                                 
   269                                 
   270                                 %line 462+1 /home/se170/VirtualBox-4.3.28/include/iprt/asmdefs.mac
   271                                 
   272                                 
   273                                 
   274                                 %line 472+1 /home/se170/VirtualBox-4.3.28/include/iprt/asmdefs.mac
   275                                 
   276                                 
   277                                 
   278                                 
   279                                 
   280                                 %line 482+1 /home/se170/VirtualBox-4.3.28/include/iprt/asmdefs.mac
   281                                 
   282                                 
   283                                 
   284                                 
   285                                 %line 491+1 /home/se170/VirtualBox-4.3.28/include/iprt/asmdefs.mac
   286                                 
   287                                 
   288                                 
   289                                 %line 499+1 /home/se170/VirtualBox-4.3.28/include/iprt/asmdefs.mac
   290                                 
   291                                 
   292                                 
   293                                 %line 507+1 /home/se170/VirtualBox-4.3.28/include/iprt/asmdefs.mac
   294                                 
   295                                 
   296                                 
   297                                 
   298                                 
   299                                 %line 517+1 /home/se170/VirtualBox-4.3.28/include/iprt/asmdefs.mac
   300                                 
   301                                 
   302                                 
   303                                 
   304                                 %line 526+1 /home/se170/VirtualBox-4.3.28/include/iprt/asmdefs.mac
   305                                 
   306                                 
   307                                 
   308                                 %line 534+1 /home/se170/VirtualBox-4.3.28/include/iprt/asmdefs.mac
   309                                 
   310                                 
   311                                 
   312                                 %line 542+1 /home/se170/VirtualBox-4.3.28/include/iprt/asmdefs.mac
   313                                 
   314                                 
   315                                 
   316                                 
   317                                 
   318                                 %line 552+1 /home/se170/VirtualBox-4.3.28/include/iprt/asmdefs.mac
   319                                 
   320                                 
   321                                 
   322                                 
   323                                 %line 561+1 /home/se170/VirtualBox-4.3.28/include/iprt/asmdefs.mac
   324                                 
   325                                 
   326                                 
   327                                 %line 569+1 /home/se170/VirtualBox-4.3.28/include/iprt/asmdefs.mac
   328                                 
   329                                 
   330                                 
   331                                 %line 577+1 /home/se170/VirtualBox-4.3.28/include/iprt/asmdefs.mac
   332                                 
   333                                 
   334                                 
   335                                 
   336                                 
   337                                 %line 587+1 /home/se170/VirtualBox-4.3.28/include/iprt/asmdefs.mac
   338                                 
   339                                 
   340                                 
   341                                 
   342                                 %line 596+1 /home/se170/VirtualBox-4.3.28/include/iprt/asmdefs.mac
   343                                 
   344                                 %line 599+1 /home/se170/VirtualBox-4.3.28/include/iprt/asmdefs.mac
   345                                 
   346                                 
   347                                 
   348                                 %line 607+1 /home/se170/VirtualBox-4.3.28/include/iprt/asmdefs.mac
   349                                 
   350                                 
   351                                 
   352                                 %line 615+1 /home/se170/VirtualBox-4.3.28/include/iprt/asmdefs.mac
   353                                 
   354                                 
   355                                 
   356                                 
   357                                 %line 620+1 /home/se170/VirtualBox-4.3.28/include/iprt/asmdefs.mac
   358                                 
   359                                 
   360                                 
   361                                 
   362                                 %line 625+1 /home/se170/VirtualBox-4.3.28/include/iprt/asmdefs.mac
   363                                 
   364                                 
   365                                 
   366                                 %line 629+1 /home/se170/VirtualBox-4.3.28/include/iprt/asmdefs.mac
   367                                 
   368                                 
   369                                 
   370                                 %line 633+1 /home/se170/VirtualBox-4.3.28/include/iprt/asmdefs.mac
   371                                 
   372                                 
   373                                 
   374                                 
   375                                 
   376                                 
   377                                 
   378                                 
   379                                 
   380                                 
   381                                 
   382                                 
   383                                 
   384                                 
   385                                 
   386                                 %line 666+1 /home/se170/VirtualBox-4.3.28/include/iprt/asmdefs.mac
   387                                 
   388                                 
   389                                 
   390                                 
   391                                 
   392                                 %line 672+1 /home/se170/VirtualBox-4.3.28/include/iprt/asmdefs.mac
   393                                 
   394                                 
   395                                 
   396                                 
   397                                 %line 677+1 /home/se170/VirtualBox-4.3.28/include/iprt/asmdefs.mac
   398                                 
   399                                 
   400                                 
   401                                 %line 681+1 /home/se170/VirtualBox-4.3.28/include/iprt/asmdefs.mac
   402                                 
   403                                 
   404                                 
   405                                 %line 685+1 /home/se170/VirtualBox-4.3.28/include/iprt/asmdefs.mac
   406                                 
   407                                 
   408                                 
   409                                 
   410                                 
   411                                 %line 691+1 /home/se170/VirtualBox-4.3.28/include/iprt/asmdefs.mac
   412                                 
   413                                 
   414                                 
   415                                 
   416                                 %line 696+1 /home/se170/VirtualBox-4.3.28/include/iprt/asmdefs.mac
   417                                 
   418                                 
   419                                 
   420                                 %line 700+1 /home/se170/VirtualBox-4.3.28/include/iprt/asmdefs.mac
   421                                 
   422                                 
   423                                 
   424                                 %line 704+1 /home/se170/VirtualBox-4.3.28/include/iprt/asmdefs.mac
   425                                 
   426                                 
   427                                 
   428                                 
   429                                 
   430                                 
   431                                 
   432                                 
   433                                 %line 721+1 /home/se170/VirtualBox-4.3.28/include/iprt/asmdefs.mac
   434                                 
   435                                 
   436                                 
   437                                 
   438                                 
   439                                 
   440                                 
   441                                 
   442                                 
   443                                 
   444                                 
   445                                 
   446                                 
   447                                 
   448                                 %line 738+1 /home/se170/VirtualBox-4.3.28/include/iprt/asmdefs.mac
   449                                 
   450                                 %line 752+1 /home/se170/VirtualBox-4.3.28/include/iprt/asmdefs.mac
   451                                 
   452                                 
   453                                 
   454                                 
   455                                 
   456                                 
   457                                 
   458                                 
   459                                 
   460                                 
   461                                 
   462                                 
   463                                 
   464                                 %line 770+1 /home/se170/VirtualBox-4.3.28/include/iprt/asmdefs.mac
   465                                 
   466                                 
   467                                 
   468                                 
   469                                 
   470                                 
   471                                 
   472                                 %line 791+1 /home/se170/VirtualBox-4.3.28/include/iprt/asmdefs.mac
   473                                 
   474                                 %line 797+1 /home/se170/VirtualBox-4.3.28/include/iprt/asmdefs.mac
   475                                 
   476                                 
   477                                 
   478                                 
   479                                 
   480                                 
   481                                 
   482                                 
   483                                 
   484                                 
   485                                 
   486                                 
   487                                 
   488                                 
   489                                 
   490                                 
   491                                 
   492                                 
   493                                 
   494                                 
   495                                 
   496                                 
   497                                 
   498                                 
   499                                 
   500                                 
   501                                 
   502                                 
   503                                 
   504                                 
   505                                 
   506                                 
   507                                 
   508                                 %line 853+1 /home/se170/VirtualBox-4.3.28/include/iprt/asmdefs.mac
   509                                 
   510                                 
   511                                 
   512                                 
   513                                 
   514                                 
   515                                 
   516                                 
   517                                 
   518                                 
   519                                 %line 873+1 /home/se170/VirtualBox-4.3.28/include/iprt/asmdefs.mac
   520                                 
   521                                 
   522                                 
   523                                 %line 886+1 /home/se170/VirtualBox-4.3.28/include/iprt/asmdefs.mac
   524                                 
   525                                 %line 39+1 /home/se170/VirtualBox-4.3.28/include/VBox/asmdefs.mac
   526                                 
   527                                 
   528                                 
   529                                 
   530                                 %line 51+1 /home/se170/VirtualBox-4.3.28/include/VBox/asmdefs.mac
   531                                 
   532                                 
   533                                 %line 66+1 /home/se170/VirtualBox-4.3.28/include/VBox/asmdefs.mac
   534                                 
   535                                 
   536                                 
   537                                 
   538                                 
   539                                 
   540                                 
   541                                 %line 116+1 /home/se170/VirtualBox-4.3.28/include/VBox/asmdefs.mac
   542                                 
   543                                 
   544                                 
   545                                 
   546                                 
   547                                 
   548                                 %line 159+1 /home/se170/VirtualBox-4.3.28/include/VBox/asmdefs.mac
   549                                 
   550                                 %line 195+1 /home/se170/VirtualBox-4.3.28/include/VBox/asmdefs.mac
   551                                 
   552                                 %line 203+1 /home/se170/VirtualBox-4.3.28/include/VBox/asmdefs.mac
   553                                 
   554                                 
   555                                 
   556                                 
   557                                 %line 232+1 /home/se170/VirtualBox-4.3.28/include/VBox/asmdefs.mac
   558                                 
   559                                 
   560                                 
   561                                 
   562                                 
   563                                 %line 260+1 /home/se170/VirtualBox-4.3.28/include/VBox/asmdefs.mac
   564                                 
   565                                 %line 284+1 /home/se170/VirtualBox-4.3.28/include/VBox/asmdefs.mac
   566                                 
   567                                 %line 292+1 /home/se170/VirtualBox-4.3.28/include/VBox/asmdefs.mac
   568                                 
   569                                 
   570                                 
   571                                 
   572                                 %line 331+1 /home/se170/VirtualBox-4.3.28/include/VBox/asmdefs.mac
   573                                 
   574                                 
   575                                 
   576                                 
   577                                 
   578                                 %line 369+1 /home/se170/VirtualBox-4.3.28/include/VBox/asmdefs.mac
   579                                 
   580                                 %line 403+1 /home/se170/VirtualBox-4.3.28/include/VBox/asmdefs.mac
   581                                 
   582                                 %line 411+1 /home/se170/VirtualBox-4.3.28/include/VBox/asmdefs.mac
   583                                 
   584                                 
   585                                 
   586                                 
   587                                 
   588                                 %line 453+1 /home/se170/VirtualBox-4.3.28/include/VBox/asmdefs.mac
   589                                 
   590                                 
   591                                 
   592                                 
   593                                 
   594                                 %line 494+1 /home/se170/VirtualBox-4.3.28/include/VBox/asmdefs.mac
   595                                 
   596                                 %line 531+1 /home/se170/VirtualBox-4.3.28/include/VBox/asmdefs.mac
   597                                 
   598                                 %line 539+1 /home/se170/VirtualBox-4.3.28/include/VBox/asmdefs.mac
   599                                 
   600                                 
   601                                 
   602                                 
   603                                 %line 579+1 /home/se170/VirtualBox-4.3.28/include/VBox/asmdefs.mac
   604                                 
   605                                 
   606                                 
   607                                 
   608                                 
   609                                 %line 621+1 /home/se170/VirtualBox-4.3.28/include/VBox/asmdefs.mac
   610                                 
   611                                 %line 659+1 /home/se170/VirtualBox-4.3.28/include/VBox/asmdefs.mac
   612                                 
   613                                 %line 667+1 /home/se170/VirtualBox-4.3.28/include/VBox/asmdefs.mac
   614                                 
   615                                 
   616                                 
   617                                 
   618                                 
   619                                 
   620                                 %line 701+1 /home/se170/VirtualBox-4.3.28/include/VBox/asmdefs.mac
   621                                 
   622                                 %line 730+1 /home/se170/VirtualBox-4.3.28/include/VBox/asmdefs.mac
   623                                 
   624                                 %line 738+1 /home/se170/VirtualBox-4.3.28/include/VBox/asmdefs.mac
   625                                 
   626                                 
   627                                 
   628                                 
   629                                 
   630                                 %line 756+1 /home/se170/VirtualBox-4.3.28/include/VBox/asmdefs.mac
   631                                 
   632                                 
   633                                 
   634                                 
   635                                 
   636                                 %line 773+1 /home/se170/VirtualBox-4.3.28/include/VBox/asmdefs.mac
   637                                 
   638                                 %line 775+1 /home/se170/VirtualBox-4.3.28/include/VBox/asmdefs.mac
   639                                 
   640                                 %line 22+1 /home/se170/VirtualBox-4.3.28/src/VBox/VMM/VMMAll/VMMAllA.asm
   641                                 
   642                                 
   643                                 
   644                                 
   645                                 
   646                                 %line 44+1 /home/se170/VirtualBox-4.3.28/src/VBox/VMM/VMMAll/VMMAllA.asm
   647                                 
   648                                 [section .text]
   649                                 
   650                                 
   651                                 
   652                                 
   653                                 
   654                                 [global VMMTrashVolatileXMMRegs:function hidden]
   655                                 %line 51+0 /home/se170/VirtualBox-4.3.28/src/VBox/VMM/VMMAll/VMMAllA.asm
   656                                 VMMTrashVolatileXMMRegs:
   657                                 %line 53+1 /home/se170/VirtualBox-4.3.28/src/VBox/VMM/VMMAll/VMMAllA.asm
   658 00000000 55                      push rbp
   659 00000001 4889E5                  mov rbp, rsp
   660                                 
   661                                 
   662 00000004 4883E4F0                and rsp, ~15
   663 00000008 4881EC80000000          sub rsp, 80
   664                                 
   665 0000000F 660F6F0424              movdqa xmm0, [rsp + 0]
   666 00000014 660F6F4C2410            movdqa xmm1, [rsp + 010
   667 0000001A 660F6F542420            movdqa xmm2, [rsp + 020
   668 00000020 660F6F5C2430            movdqa xmm3, [rsp + 030
   669 00000026 660F6F642440            movdqa xmm4, [rsp + 040
   670 0000002C 660F6F6C2450            movdqa xmm5, [rsp + 050
   671                                 %line 67+1 /home/se170/VirtualBox-4.3.28/src/VBox/VMM/VMMAll/VMMAllA.asm
   672 00000032 660F6F742460            movdqa xmm6, [rsp + 060
   673 00000038 660F6F7C2470            movdqa xmm7, [rsp + 070
   674 0000003E 66440F6F0424            movdqa xmm8, [rsp + 000
   675 00000044 66440F6F4C2410          movdqa xmm9, [rsp + 010
   676 0000004B 66440F6F542420          movdqa xmm10,[rsp + 020
   677 00000052 66440F6F5C2430          movdqa xmm11,[rsp + 030
   678 00000059 66440F6F642440          movdqa xmm12,[rsp + 040
   679 00000060 66440F6F6C2450          movdqa xmm13,[rsp + 050
   680 00000067 66440F6F742460          movdqa xmm14,[rsp + 060
   681 0000006E 66440F6F7C2470          movdqa xmm15,[rsp + 070
   682                                 %line 78+1 /home/se170/VirtualBox-4.3.28/src/VBox/VMM/VMMAll/VMMAllA.asm
   683 00000075 C9                      leave
   684                                 %line 80+1 /home/se170/VirtualBox-4.3.28/src/VBox/VMM/VMMAll/VMMAllA.asm
   685 00000076 31C0                    xor eax, eax
   686 00000078 C3                      ret
   687                                 [global VMMTrashVolatileXMMRegs_EndProc:function hidden]
   688                                 %line 82+0 /home/se170/VirtualBox-4.3.28/src/VBox/VMM/VMMAll/VMMAllA.asm
   689                                 VMMTrashVolatileXMMRegs_EndProc:
   690                                 [size VMMTrashVolatileXMMRegs VMMTrashVolatileXMMRegs_EndProc - VMMTrashVolatileXMMRegs]
   691                                 [size VMMTrashVolatileXMMRegs_EndProc 0]
   692 00000079 CCCCCCCC                db 0xCC, 0xCC, 0xCC, 0xCC
   693                                 %line 83+1 /home/se170/VirtualBox-4.3.28/src/VBox/VMM/VMMAll/VMMAllA.asm
   694                                 
