     1                                 %line 1+1 /home/se170/VirtualBox-4.3.28/src/VBox/VMM/VMMSwitcher/AMD64Stub.asm
     2                                 
     3                                 
     4                                 
     5                                 
     6                                 
     7                                 
     8                                 
     9                                 
    10                                 
    11                                 
    12                                 
    13                                 
    14                                 
    15                                 
    16                                 
    17                                 
    18                                 
    19                                 
    20                                 
    21                                 
    22                                 %line 22+1 /home/se170/VirtualBox-4.3.28/src/VBox/VMM/VMMSwitcher/AMD64Stub.asm
    23                                 
    24                                 
    25                                 
    26                                 
    27                                 %line 1+1 /home/se170/VirtualBox-4.3.28/include/VBox/asmdefs.mac
    28                                 
    29                                 
    30                                 
    31                                 
    32                                 
    33                                 
    34                                 
    35                                 
    36                                 
    37                                 
    38                                 
    39                                 
    40                                 
    41                                 
    42                                 
    43                                 
    44                                 
    45                                 
    46                                 
    47                                 
    48                                 
    49                                 
    50                                 
    51                                 
    52                                 
    53                                 %line 28+1 /home/se170/VirtualBox-4.3.28/include/VBox/asmdefs.mac
    54                                 
    55                                 
    56                                 
    57                                 
    58                                 %line 37+1 /home/se170/VirtualBox-4.3.28/include/VBox/asmdefs.mac
    59                                 
    60                                 %line 1+1 /home/se170/VirtualBox-4.3.28/include/iprt/asmdefs.mac
    61                                 
    62                                 
    63                                 
    64                                 
    65                                 
    66                                 
    67                                 
    68                                 
    69                                 
    70                                 
    71                                 
    72                                 
    73                                 
    74                                 
    75                                 
    76                                 
    77                                 
    78                                 
    79                                 
    80                                 
    81                                 
    82                                 
    83                                 
    84                                 
    85                                 
    86                                 %line 28+1 /home/se170/VirtualBox-4.3.28/include/iprt/asmdefs.mac
    87                                 
    88                                 
    89                                 
    90                                 
    91                                 
    92                                 
    93                                 %line 35+1 /home/se170/VirtualBox-4.3.28/include/iprt/asmdefs.mac
    94                                 
    95                                 %line 37+1 /home/se170/VirtualBox-4.3.28/include/iprt/asmdefs.mac
    96                                 
    97                                 %line 39+1 /home/se170/VirtualBox-4.3.28/include/iprt/asmdefs.mac
    98                                 
    99                                 %line 41+1 /home/se170/VirtualBox-4.3.28/include/iprt/asmdefs.mac
   100                                 
   101                                 %line 43+1 /home/se170/VirtualBox-4.3.28/include/iprt/asmdefs.mac
   102                                 
   103                                 %line 45+1 /home/se170/VirtualBox-4.3.28/include/iprt/asmdefs.mac
   104                                 
   105                                 %line 47+1 /home/se170/VirtualBox-4.3.28/include/iprt/asmdefs.mac
   106                                 
   107                                 %line 49+1 /home/se170/VirtualBox-4.3.28/include/iprt/asmdefs.mac
   108                                 
   109                                 %line 51+1 /home/se170/VirtualBox-4.3.28/include/iprt/asmdefs.mac
   110                                 
   111                                 %line 53+1 /home/se170/VirtualBox-4.3.28/include/iprt/asmdefs.mac
   112                                 
   113                                 %line 55+1 /home/se170/VirtualBox-4.3.28/include/iprt/asmdefs.mac
   114                                 
   115                                 %line 57+1 /home/se170/VirtualBox-4.3.28/include/iprt/asmdefs.mac
   116                                 
   117                                 %line 59+1 /home/se170/VirtualBox-4.3.28/include/iprt/asmdefs.mac
   118                                 
   119                                 %line 61+1 /home/se170/VirtualBox-4.3.28/include/iprt/asmdefs.mac
   120                                 
   121                                 %line 63+1 /home/se170/VirtualBox-4.3.28/include/iprt/asmdefs.mac
   122                                 
   123                                 %line 65+1 /home/se170/VirtualBox-4.3.28/include/iprt/asmdefs.mac
   124                                 
   125                                 %line 67+1 /home/se170/VirtualBox-4.3.28/include/iprt/asmdefs.mac
   126                                 
   127                                 
   128                                 
   129                                 
   130                                 
   131                                 %line 73+1 /home/se170/VirtualBox-4.3.28/include/iprt/asmdefs.mac
   132                                 
   133                                 
   134                                 
   135                                 %line 77+1 /home/se170/VirtualBox-4.3.28/include/iprt/asmdefs.mac
   136                                 
   137                                 
   138                                 %line 84+1 /home/se170/VirtualBox-4.3.28/include/iprt/asmdefs.mac
   139                                 
   140                                 
   141                                 
   142                                 %line 92+1 /home/se170/VirtualBox-4.3.28/include/iprt/asmdefs.mac
   143                                 
   144                                 
   145                                 
   146                                 %line 100+1 /home/se170/VirtualBox-4.3.28/include/iprt/asmdefs.mac
   147                                 
   148                                 
   149                                 
   150                                 %line 108+1 /home/se170/VirtualBox-4.3.28/include/iprt/asmdefs.mac
   151                                 
   152                                 
   153                                 
   154                                 %line 116+1 /home/se170/VirtualBox-4.3.28/include/iprt/asmdefs.mac
   155                                 
   156                                 
   157                                 
   158                                 
   159                                 %line 121+1 /home/se170/VirtualBox-4.3.28/include/iprt/asmdefs.mac
   160                                 
   161                                 
   162                                 
   163                                 %line 125+1 /home/se170/VirtualBox-4.3.28/include/iprt/asmdefs.mac
   164                                 
   165                                 
   166                                 
   167                                 %line 129+1 /home/se170/VirtualBox-4.3.28/include/iprt/asmdefs.mac
   168                                 
   169                                 
   170                                 
   171                                 
   172                                 
   173                                 %line 137+1 /home/se170/VirtualBox-4.3.28/include/iprt/asmdefs.mac
   174                                 
   175                                 
   176                                 
   177                                 
   178                                 %line 157+1 /home/se170/VirtualBox-4.3.28/include/iprt/asmdefs.mac
   179                                 
   180                                 
   181                                 
   182                                 %line 165+1 /home/se170/VirtualBox-4.3.28/include/iprt/asmdefs.mac
   183                                 
   184                                 
   185                                 
   186                                 %line 177+1 /home/se170/VirtualBox-4.3.28/include/iprt/asmdefs.mac
   187                                 
   188                                 
   189                                 
   190                                 
   191                                 %line 188+1 /home/se170/VirtualBox-4.3.28/include/iprt/asmdefs.mac
   192                                 
   193                                 
   194                                 
   195                                 %line 211+1 /home/se170/VirtualBox-4.3.28/include/iprt/asmdefs.mac
   196                                 
   197                                 
   198                                 
   199                                 
   200                                 
   201                                 %line 222+1 /home/se170/VirtualBox-4.3.28/include/iprt/asmdefs.mac
   202                                 
   203                                 
   204                                 
   205                                 %line 236+1 /home/se170/VirtualBox-4.3.28/include/iprt/asmdefs.mac
   206                                 
   207                                 
   208                                 
   209                                 %line 249+1 /home/se170/VirtualBox-4.3.28/include/iprt/asmdefs.mac
   210                                 
   211                                 
   212                                 
   213                                 %line 263+1 /home/se170/VirtualBox-4.3.28/include/iprt/asmdefs.mac
   214                                 
   215                                 
   216                                 
   217                                 %line 274+1 /home/se170/VirtualBox-4.3.28/include/iprt/asmdefs.mac
   218                                 
   219                                 
   220                                 
   221                                 %line 288+1 /home/se170/VirtualBox-4.3.28/include/iprt/asmdefs.mac
   222                                 
   223                                 
   224                                 
   225                                 %line 302+1 /home/se170/VirtualBox-4.3.28/include/iprt/asmdefs.mac
   226                                 
   227                                 
   228                                 
   229                                 
   230                                 
   231                                 
   232                                 
   233                                 
   234                                 %line 356+1 /home/se170/VirtualBox-4.3.28/include/iprt/asmdefs.mac
   235                                 
   236                                 %line 363+1 /home/se170/VirtualBox-4.3.28/include/iprt/asmdefs.mac
   237                                 
   238                                 
   239                                 
   240                                 
   241                                 %line 376+1 /home/se170/VirtualBox-4.3.28/include/iprt/asmdefs.mac
   242                                 
   243                                 
   244                                 
   245                                 
   246                                 
   247                                 
   248                                 
   249                                 %line 396+1 /home/se170/VirtualBox-4.3.28/include/iprt/asmdefs.mac
   250                                 
   251                                 
   252                                 
   253                                 %line 408+1 /home/se170/VirtualBox-4.3.28/include/iprt/asmdefs.mac
   254                                 
   255                                 
   256                                 
   257                                 %line 420+1 /home/se170/VirtualBox-4.3.28/include/iprt/asmdefs.mac
   258                                 
   259                                 
   260                                 
   261                                 
   262                                 
   263                                 %line 432+1 /home/se170/VirtualBox-4.3.28/include/iprt/asmdefs.mac
   264                                 
   265                                 
   266                                 
   267                                 %line 442+1 /home/se170/VirtualBox-4.3.28/include/iprt/asmdefs.mac
   268                                 
   269                                 
   270                                 
   271                                 %line 452+1 /home/se170/VirtualBox-4.3.28/include/iprt/asmdefs.mac
   272                                 
   273                                 
   274                                 
   275                                 %line 462+1 /home/se170/VirtualBox-4.3.28/include/iprt/asmdefs.mac
   276                                 
   277                                 
   278                                 
   279                                 %line 472+1 /home/se170/VirtualBox-4.3.28/include/iprt/asmdefs.mac
   280                                 
   281                                 
   282                                 
   283                                 
   284                                 
   285                                 %line 482+1 /home/se170/VirtualBox-4.3.28/include/iprt/asmdefs.mac
   286                                 
   287                                 
   288                                 
   289                                 
   290                                 %line 491+1 /home/se170/VirtualBox-4.3.28/include/iprt/asmdefs.mac
   291                                 
   292                                 
   293                                 
   294                                 %line 499+1 /home/se170/VirtualBox-4.3.28/include/iprt/asmdefs.mac
   295                                 
   296                                 
   297                                 
   298                                 %line 507+1 /home/se170/VirtualBox-4.3.28/include/iprt/asmdefs.mac
   299                                 
   300                                 
   301                                 
   302                                 
   303                                 
   304                                 %line 517+1 /home/se170/VirtualBox-4.3.28/include/iprt/asmdefs.mac
   305                                 
   306                                 
   307                                 
   308                                 
   309                                 %line 526+1 /home/se170/VirtualBox-4.3.28/include/iprt/asmdefs.mac
   310                                 
   311                                 
   312                                 
   313                                 %line 534+1 /home/se170/VirtualBox-4.3.28/include/iprt/asmdefs.mac
   314                                 
   315                                 
   316                                 
   317                                 %line 542+1 /home/se170/VirtualBox-4.3.28/include/iprt/asmdefs.mac
   318                                 
   319                                 
   320                                 
   321                                 
   322                                 
   323                                 %line 552+1 /home/se170/VirtualBox-4.3.28/include/iprt/asmdefs.mac
   324                                 
   325                                 
   326                                 
   327                                 
   328                                 %line 561+1 /home/se170/VirtualBox-4.3.28/include/iprt/asmdefs.mac
   329                                 
   330                                 
   331                                 
   332                                 %line 569+1 /home/se170/VirtualBox-4.3.28/include/iprt/asmdefs.mac
   333                                 
   334                                 
   335                                 
   336                                 %line 577+1 /home/se170/VirtualBox-4.3.28/include/iprt/asmdefs.mac
   337                                 
   338                                 
   339                                 
   340                                 
   341                                 
   342                                 %line 587+1 /home/se170/VirtualBox-4.3.28/include/iprt/asmdefs.mac
   343                                 
   344                                 
   345                                 
   346                                 
   347                                 %line 596+1 /home/se170/VirtualBox-4.3.28/include/iprt/asmdefs.mac
   348                                 
   349                                 %line 599+1 /home/se170/VirtualBox-4.3.28/include/iprt/asmdefs.mac
   350                                 
   351                                 
   352                                 
   353                                 %line 607+1 /home/se170/VirtualBox-4.3.28/include/iprt/asmdefs.mac
   354                                 
   355                                 
   356                                 
   357                                 %line 615+1 /home/se170/VirtualBox-4.3.28/include/iprt/asmdefs.mac
   358                                 
   359                                 
   360                                 
   361                                 
   362                                 %line 620+1 /home/se170/VirtualBox-4.3.28/include/iprt/asmdefs.mac
   363                                 
   364                                 
   365                                 
   366                                 
   367                                 %line 625+1 /home/se170/VirtualBox-4.3.28/include/iprt/asmdefs.mac
   368                                 
   369                                 
   370                                 
   371                                 %line 629+1 /home/se170/VirtualBox-4.3.28/include/iprt/asmdefs.mac
   372                                 
   373                                 
   374                                 
   375                                 %line 633+1 /home/se170/VirtualBox-4.3.28/include/iprt/asmdefs.mac
   376                                 
   377                                 
   378                                 
   379                                 
   380                                 
   381                                 
   382                                 
   383                                 
   384                                 
   385                                 
   386                                 
   387                                 
   388                                 
   389                                 
   390                                 
   391                                 %line 666+1 /home/se170/VirtualBox-4.3.28/include/iprt/asmdefs.mac
   392                                 
   393                                 
   394                                 
   395                                 
   396                                 
   397                                 %line 672+1 /home/se170/VirtualBox-4.3.28/include/iprt/asmdefs.mac
   398                                 
   399                                 
   400                                 
   401                                 
   402                                 %line 677+1 /home/se170/VirtualBox-4.3.28/include/iprt/asmdefs.mac
   403                                 
   404                                 
   405                                 
   406                                 %line 681+1 /home/se170/VirtualBox-4.3.28/include/iprt/asmdefs.mac
   407                                 
   408                                 
   409                                 
   410                                 %line 685+1 /home/se170/VirtualBox-4.3.28/include/iprt/asmdefs.mac
   411                                 
   412                                 
   413                                 
   414                                 
   415                                 
   416                                 %line 691+1 /home/se170/VirtualBox-4.3.28/include/iprt/asmdefs.mac
   417                                 
   418                                 
   419                                 
   420                                 
   421                                 %line 696+1 /home/se170/VirtualBox-4.3.28/include/iprt/asmdefs.mac
   422                                 
   423                                 
   424                                 
   425                                 %line 700+1 /home/se170/VirtualBox-4.3.28/include/iprt/asmdefs.mac
   426                                 
   427                                 
   428                                 
   429                                 %line 704+1 /home/se170/VirtualBox-4.3.28/include/iprt/asmdefs.mac
   430                                 
   431                                 
   432                                 
   433                                 
   434                                 
   435                                 
   436                                 
   437                                 
   438                                 %line 721+1 /home/se170/VirtualBox-4.3.28/include/iprt/asmdefs.mac
   439                                 
   440                                 
   441                                 
   442                                 
   443                                 
   444                                 
   445                                 
   446                                 
   447                                 
   448                                 
   449                                 
   450                                 
   451                                 
   452                                 
   453                                 %line 738+1 /home/se170/VirtualBox-4.3.28/include/iprt/asmdefs.mac
   454                                 
   455                                 %line 752+1 /home/se170/VirtualBox-4.3.28/include/iprt/asmdefs.mac
   456                                 
   457                                 
   458                                 
   459                                 
   460                                 
   461                                 
   462                                 
   463                                 
   464                                 
   465                                 
   466                                 
   467                                 
   468                                 
   469                                 %line 770+1 /home/se170/VirtualBox-4.3.28/include/iprt/asmdefs.mac
   470                                 
   471                                 
   472                                 
   473                                 
   474                                 
   475                                 
   476                                 
   477                                 %line 791+1 /home/se170/VirtualBox-4.3.28/include/iprt/asmdefs.mac
   478                                 
   479                                 %line 797+1 /home/se170/VirtualBox-4.3.28/include/iprt/asmdefs.mac
   480                                 
   481                                 
   482                                 
   483                                 
   484                                 
   485                                 
   486                                 
   487                                 
   488                                 
   489                                 
   490                                 
   491                                 
   492                                 
   493                                 
   494                                 
   495                                 
   496                                 
   497                                 
   498                                 
   499                                 
   500                                 
   501                                 
   502                                 
   503                                 
   504                                 
   505                                 
   506                                 
   507                                 
   508                                 
   509                                 
   510                                 
   511                                 
   512                                 
   513                                 %line 853+1 /home/se170/VirtualBox-4.3.28/include/iprt/asmdefs.mac
   514                                 
   515                                 
   516                                 
   517                                 
   518                                 
   519                                 
   520                                 
   521                                 
   522                                 
   523                                 
   524                                 %line 873+1 /home/se170/VirtualBox-4.3.28/include/iprt/asmdefs.mac
   525                                 
   526                                 
   527                                 
   528                                 %line 886+1 /home/se170/VirtualBox-4.3.28/include/iprt/asmdefs.mac
   529                                 
   530                                 %line 39+1 /home/se170/VirtualBox-4.3.28/include/VBox/asmdefs.mac
   531                                 
   532                                 
   533                                 
   534                                 
   535                                 %line 51+1 /home/se170/VirtualBox-4.3.28/include/VBox/asmdefs.mac
   536                                 
   537                                 
   538                                 %line 66+1 /home/se170/VirtualBox-4.3.28/include/VBox/asmdefs.mac
   539                                 
   540                                 
   541                                 
   542                                 
   543                                 
   544                                 
   545                                 
   546                                 %line 116+1 /home/se170/VirtualBox-4.3.28/include/VBox/asmdefs.mac
   547                                 
   548                                 
   549                                 
   550                                 
   551                                 
   552                                 
   553                                 %line 159+1 /home/se170/VirtualBox-4.3.28/include/VBox/asmdefs.mac
   554                                 
   555                                 %line 195+1 /home/se170/VirtualBox-4.3.28/include/VBox/asmdefs.mac
   556                                 
   557                                 %line 203+1 /home/se170/VirtualBox-4.3.28/include/VBox/asmdefs.mac
   558                                 
   559                                 
   560                                 
   561                                 
   562                                 %line 232+1 /home/se170/VirtualBox-4.3.28/include/VBox/asmdefs.mac
   563                                 
   564                                 
   565                                 
   566                                 
   567                                 
   568                                 %line 260+1 /home/se170/VirtualBox-4.3.28/include/VBox/asmdefs.mac
   569                                 
   570                                 %line 284+1 /home/se170/VirtualBox-4.3.28/include/VBox/asmdefs.mac
   571                                 
   572                                 %line 292+1 /home/se170/VirtualBox-4.3.28/include/VBox/asmdefs.mac
   573                                 
   574                                 
   575                                 
   576                                 
   577                                 %line 331+1 /home/se170/VirtualBox-4.3.28/include/VBox/asmdefs.mac
   578                                 
   579                                 
   580                                 
   581                                 
   582                                 
   583                                 %line 369+1 /home/se170/VirtualBox-4.3.28/include/VBox/asmdefs.mac
   584                                 
   585                                 %line 403+1 /home/se170/VirtualBox-4.3.28/include/VBox/asmdefs.mac
   586                                 
   587                                 %line 411+1 /home/se170/VirtualBox-4.3.28/include/VBox/asmdefs.mac
   588                                 
   589                                 
   590                                 
   591                                 
   592                                 
   593                                 %line 453+1 /home/se170/VirtualBox-4.3.28/include/VBox/asmdefs.mac
   594                                 
   595                                 
   596                                 
   597                                 
   598                                 
   599                                 %line 494+1 /home/se170/VirtualBox-4.3.28/include/VBox/asmdefs.mac
   600                                 
   601                                 %line 531+1 /home/se170/VirtualBox-4.3.28/include/VBox/asmdefs.mac
   602                                 
   603                                 %line 539+1 /home/se170/VirtualBox-4.3.28/include/VBox/asmdefs.mac
   604                                 
   605                                 
   606                                 
   607                                 
   608                                 %line 579+1 /home/se170/VirtualBox-4.3.28/include/VBox/asmdefs.mac
   609                                 
   610                                 
   611                                 
   612                                 
   613                                 
   614                                 %line 621+1 /home/se170/VirtualBox-4.3.28/include/VBox/asmdefs.mac
   615                                 
   616                                 %line 659+1 /home/se170/VirtualBox-4.3.28/include/VBox/asmdefs.mac
   617                                 
   618                                 %line 667+1 /home/se170/VirtualBox-4.3.28/include/VBox/asmdefs.mac
   619                                 
   620                                 
   621                                 
   622                                 
   623                                 
   624                                 
   625                                 %line 701+1 /home/se170/VirtualBox-4.3.28/include/VBox/asmdefs.mac
   626                                 
   627                                 %line 730+1 /home/se170/VirtualBox-4.3.28/include/VBox/asmdefs.mac
   628                                 
   629                                 %line 738+1 /home/se170/VirtualBox-4.3.28/include/VBox/asmdefs.mac
   630                                 
   631                                 
   632                                 
   633                                 
   634                                 
   635                                 %line 756+1 /home/se170/VirtualBox-4.3.28/include/VBox/asmdefs.mac
   636                                 
   637                                 
   638                                 
   639                                 
   640                                 
   641                                 %line 773+1 /home/se170/VirtualBox-4.3.28/include/VBox/asmdefs.mac
   642                                 
   643                                 %line 775+1 /home/se170/VirtualBox-4.3.28/include/VBox/asmdefs.mac
   644                                 
   645                                 %line 1+1 /home/se170/VirtualBox-4.3.28/src/VBox/VMM/include/VMMSwitcher.mac
   646                                 
   647                                 
   648                                 
   649                                 
   650                                 
   651                                 
   652                                 
   653                                 
   654                                 
   655                                 
   656                                 
   657                                 
   658                                 
   659                                 
   660                                 
   661                                 
   662                                 
   663                                 %line 20+1 /home/se170/VirtualBox-4.3.28/src/VBox/VMM/include/VMMSwitcher.mac
   664                                 
   665                                 %line 1+1 /home/se170/VirtualBox-4.3.28/include/iprt/asmdefs.mac
   666                                 
   667                                 
   668                                 
   669                                 
   670                                 
   671                                 
   672                                 
   673                                 
   674                                 
   675                                 
   676                                 
   677                                 
   678                                 
   679                                 
   680                                 
   681                                 
   682                                 
   683                                 
   684                                 
   685                                 
   686                                 
   687                                 
   688                                 
   689                                 
   690                                 
   691                                 %line 22+1 /home/se170/VirtualBox-4.3.28/src/VBox/VMM/include/VMMSwitcher.mac
   692                                 
   693                                 
   694                                 %line 37+1 /home/se170/VirtualBox-4.3.28/src/VBox/VMM/include/VMMSwitcher.mac
   695                                 
   696                                 
   697                                 
   698                                 [absolute 0]
   699                                 %line 40+0 /home/se170/VirtualBox-4.3.28/src/VBox/VMM/include/VMMSwitcher.mac
   700                                 VMMSWITCHERDEF:
   701                                 %line 41+1 /home/se170/VirtualBox-4.3.28/src/VBox/VMM/include/VMMSwitcher.mac
   702                                  .pvCode: resq 1
   703                                  .pvFixups: resq 1
   704                                  .pszDesc: resq 1
   705                                  .pfnRelocate: resq 1
   706                                  .enmType: resd 1
   707                                  .cbCode: resd 1
   708                                  .offR0ToRawMode: resd 1
   709                                  .offRCToHost: resd 1
   710                                  .offRCCallTrampoline: resd 1
   711                                  .offRCToHostAsm: resd 1
   712                                  .offRCToHostAsmNoReturn: resd 1
   713                                 
   714                                  .offHCCode0: resd 1
   715                                  .cbHCCode0: resd 1
   716                                  .offHCCode1: resd 1
   717                                  .cbHCCode1: resd 1
   718                                  .offIDCode0: resd 1
   719                                  .cbIDCode0: resd 1
   720                                  .offIDCode1: resd 1
   721                                  .cbIDCode1: resd 1
   722                                  .offGCCode: resd 1
   723                                  .cbGCCode: resd 1
   724                                 VMMSWITCHERDEF_size:
   725                                 %line 63+0 /home/se170/VirtualBox-4.3.28/src/VBox/VMM/include/VMMSwitcher.mac
   726                                 [section .text]
   727                                 %line 64+1 /home/se170/VirtualBox-4.3.28/src/VBox/VMM/include/VMMSwitcher.mac
   728                                 
   729                                 
   730                                 
   731                                 
   732                                 
   733                                 %line 103+1 /home/se170/VirtualBox-4.3.28/src/VBox/VMM/include/VMMSwitcher.mac
   734                                 
   735                                 
   736                                 
   737                                 
   738                                 
   739                                 
   740                                 
   741                                 
   742                                 %line 124+1 /home/se170/VirtualBox-4.3.28/src/VBox/VMM/include/VMMSwitcher.mac
   743                                 
   744                                 
   745                                 
   746                                 
   747                                 
   748                                 %line 144+1 /home/se170/VirtualBox-4.3.28/src/VBox/VMM/include/VMMSwitcher.mac
   749                                 
   750                                 %line 146+1 /home/se170/VirtualBox-4.3.28/src/VBox/VMM/include/VMMSwitcher.mac
   751                                 
   752                                 %line 29+1 /home/se170/VirtualBox-4.3.28/src/VBox/VMM/VMMSwitcher/AMD64Stub.asm
   753                                 
   754                                 
   755                                 [section .text]
   756                                 [global vmmR3SwitcherAMD64Stub_Start]
   757                                 %line 32+0 /home/se170/VirtualBox-4.3.28/src/VBox/VMM/VMMSwitcher/AMD64Stub.asm
   758                                 vmmR3SwitcherAMD64Stub_Start:
   759                                 %line 33+1 /home/se170/VirtualBox-4.3.28/src/VBox/VMM/VMMSwitcher/AMD64Stub.asm
   760                                 
   761                                 %line 35+1 /home/se170/VirtualBox-4.3.28/src/VBox/VMM/VMMSwitcher/AMD64Stub.asm
   762                                 [bits 64]
   763                                 %line 39+1 /home/se170/VirtualBox-4.3.28/src/VBox/VMM/VMMSwitcher/AMD64Stub.asm
   764                                 [global vmmR3SwitcherAMD64Stub_vmmR0ToRawMode:function hidden]
   765                                 %line 39+0 /home/se170/VirtualBox-4.3.28/src/VBox/VMM/VMMSwitcher/AMD64Stub.asm
   766                                 vmmR3SwitcherAMD64Stub_vmmR0ToRawMode:
   767                                 %line 40+1 /home/se170/VirtualBox-4.3.28/src/VBox/VMM/VMMSwitcher/AMD64Stub.asm
   768 00000000 B865F5FFFF              mov eax, (-2715)
   769 00000005 C3                      ret
   770                                 [global vmmR3SwitcherAMD64Stub_vmmR0ToRawMode_EndProc:function hidden]
   771                                 %line 42+0 /home/se170/VirtualBox-4.3.28/src/VBox/VMM/VMMSwitcher/AMD64Stub.asm
   772                                 vmmR3SwitcherAMD64Stub_vmmR0ToRawMode_EndProc:
   773                                 [size vmmR3SwitcherAMD64Stub_vmmR0ToRawMode vmmR3SwitcherAMD64Stub_vmmR0ToRawMode_EndProc - vmmR3SwitcherAMD64Stub_vmmR0ToRawMode]
   774                                 [size vmmR3SwitcherAMD64Stub_vmmR0ToRawMode_EndProc 0]
   775 00000006 CCCCCCCC                db 0xCC, 0xCC, 0xCC, 0xCC
   776                                 %line 43+1 /home/se170/VirtualBox-4.3.28/src/VBox/VMM/VMMSwitcher/AMD64Stub.asm
   777                                 
   778                                 [bits 32]
   779                                 [global vmmR3SwitcherAMD64Stub_vmmRCCallTrampoline:function hidden]
   780                                 %line 45+0 /home/se170/VirtualBox-4.3.28/src/VBox/VMM/VMMSwitcher/AMD64Stub.asm
   781                                 vmmR3SwitcherAMD64Stub_vmmRCCallTrampoline:
   782                                 %line 46+1 /home/se170/VirtualBox-4.3.28/src/VBox/VMM/VMMSwitcher/AMD64Stub.asm
   783                                 .tight_loop:
   784 0000000A CC                      int3
   785 0000000B EBFB                    jmp .tight_loop
   786                                 [global vmmR3SwitcherAMD64Stub_vmmRCCallTrampoline_EndProc:function hidden]
   787                                 %line 49+0 /home/se170/VirtualBox-4.3.28/src/VBox/VMM/VMMSwitcher/AMD64Stub.asm
   788                                 vmmR3SwitcherAMD64Stub_vmmRCCallTrampoline_EndProc:
   789                                 [size vmmR3SwitcherAMD64Stub_vmmRCCallTrampoline vmmR3SwitcherAMD64Stub_vmmRCCallTrampoline_EndProc - vmmR3SwitcherAMD64Stub_vmmRCCallTrampoline]
   790                                 [size vmmR3SwitcherAMD64Stub_vmmRCCallTrampoline_EndProc 0]
   791 0000000D CCCCCCCC                db 0xCC, 0xCC, 0xCC, 0xCC
   792                                 %line 50+1 /home/se170/VirtualBox-4.3.28/src/VBox/VMM/VMMSwitcher/AMD64Stub.asm
   793                                 
   794                                 [global vmmR3SwitcherAMD64Stub_vmmRCToHost:function hidden]
   795                                 %line 51+0 /home/se170/VirtualBox-4.3.28/src/VBox/VMM/VMMSwitcher/AMD64Stub.asm
   796                                 vmmR3SwitcherAMD64Stub_vmmRCToHost:
   797                                 %line 52+1 /home/se170/VirtualBox-4.3.28/src/VBox/VMM/VMMSwitcher/AMD64Stub.asm
   798 00000011 B865F5FFFF              mov eax, (-2715)
   799 00000016 C3                      ret
   800                                 [global vmmR3SwitcherAMD64Stub_vmmRCToHost_EndProc:function hidden]
   801                                 %line 54+0 /home/se170/VirtualBox-4.3.28/src/VBox/VMM/VMMSwitcher/AMD64Stub.asm
   802                                 vmmR3SwitcherAMD64Stub_vmmRCToHost_EndProc:
   803                                 [size vmmR3SwitcherAMD64Stub_vmmRCToHost vmmR3SwitcherAMD64Stub_vmmRCToHost_EndProc - vmmR3SwitcherAMD64Stub_vmmRCToHost]
   804                                 [size vmmR3SwitcherAMD64Stub_vmmRCToHost_EndProc 0]
   805 00000017 CCCCCCCC                db 0xCC, 0xCC, 0xCC, 0xCC
   806                                 %line 55+1 /home/se170/VirtualBox-4.3.28/src/VBox/VMM/VMMSwitcher/AMD64Stub.asm
   807                                 
   808                                 [global vmmR3SwitcherAMD64Stub_vmmRCToHostAsmNoReturn:function hidden]
   809                                 %line 56+0 /home/se170/VirtualBox-4.3.28/src/VBox/VMM/VMMSwitcher/AMD64Stub.asm
   810                                 vmmR3SwitcherAMD64Stub_vmmRCToHostAsmNoReturn:
   811                                 %line 57+1 /home/se170/VirtualBox-4.3.28/src/VBox/VMM/VMMSwitcher/AMD64Stub.asm
   812 0000001B B865F5FFFF              mov eax, (-2715)
   813 00000020 C3                      ret
   814                                 [global vmmR3SwitcherAMD64Stub_vmmRCToHostAsmNoReturn_EndProc:function hidden]
   815                                 %line 59+0 /home/se170/VirtualBox-4.3.28/src/VBox/VMM/VMMSwitcher/AMD64Stub.asm
   816                                 vmmR3SwitcherAMD64Stub_vmmRCToHostAsmNoReturn_EndProc:
   817                                 [size vmmR3SwitcherAMD64Stub_vmmRCToHostAsmNoReturn vmmR3SwitcherAMD64Stub_vmmRCToHostAsmNoReturn_EndProc - vmmR3SwitcherAMD64Stub_vmmRCToHostAsmNoReturn]
   818                                 [size vmmR3SwitcherAMD64Stub_vmmRCToHostAsmNoReturn_EndProc 0]
   819 00000021 CCCCCCCC                db 0xCC, 0xCC, 0xCC, 0xCC
   820                                 %line 60+1 /home/se170/VirtualBox-4.3.28/src/VBox/VMM/VMMSwitcher/AMD64Stub.asm
   821                                 
   822                                 [global vmmR3SwitcherAMD64Stub_vmmRCToHostAsm:function hidden]
   823                                 %line 61+0 /home/se170/VirtualBox-4.3.28/src/VBox/VMM/VMMSwitcher/AMD64Stub.asm
   824                                 vmmR3SwitcherAMD64Stub_vmmRCToHostAsm:
   825                                 %line 62+1 /home/se170/VirtualBox-4.3.28/src/VBox/VMM/VMMSwitcher/AMD64Stub.asm
   826 00000025 B865F5FFFF              mov eax, (-2715)
   827 0000002A C3                      ret
   828                                 [global vmmR3SwitcherAMD64Stub_vmmRCToHostAsm_EndProc:function hidden]
   829                                 %line 64+0 /home/se170/VirtualBox-4.3.28/src/VBox/VMM/VMMSwitcher/AMD64Stub.asm
   830                                 vmmR3SwitcherAMD64Stub_vmmRCToHostAsm_EndProc:
   831                                 [size vmmR3SwitcherAMD64Stub_vmmRCToHostAsm vmmR3SwitcherAMD64Stub_vmmRCToHostAsm_EndProc - vmmR3SwitcherAMD64Stub_vmmRCToHostAsm]
   832                                 [size vmmR3SwitcherAMD64Stub_vmmRCToHostAsm_EndProc 0]
   833 0000002B CCCCCCCC                db 0xCC, 0xCC, 0xCC, 0xCC
   834                                 %line 65+1 /home/se170/VirtualBox-4.3.28/src/VBox/VMM/VMMSwitcher/AMD64Stub.asm
   835                                 
   836                                 [global vmmR3SwitcherAMD64Stub_End]
   837                                 %line 66+0 /home/se170/VirtualBox-4.3.28/src/VBox/VMM/VMMSwitcher/AMD64Stub.asm
   838                                 vmmR3SwitcherAMD64Stub_End:
   839                                 %line 67+1 /home/se170/VirtualBox-4.3.28/src/VBox/VMM/VMMSwitcher/AMD64Stub.asm
   840                                 
   841                                 
   842                                 
   843                                 
   844                                 vmmR3SwitcherAMD64Stub_Description:
   845 0000002F 414D44363420537475-     db "AMD64 Stub."
   846 0000002F 622E               
   847 0000003A 00                      db 0
   848                                 
   849                                 
   850                                 
   851                                 
   852                                 
   853                                 [section .data]
   854                                 [global vmmR3SwitcherAMD64Stub_Fixups]
   855                                 %line 80+0 /home/se170/VirtualBox-4.3.28/src/VBox/VMM/VMMSwitcher/AMD64Stub.asm
   856                                 vmmR3SwitcherAMD64Stub_Fixups:
   857                                 %line 81+1 /home/se170/VirtualBox-4.3.28/src/VBox/VMM/VMMSwitcher/AMD64Stub.asm
   858 00000000 FF                      db 255
   859                                 [global vmmR3SwitcherAMD64Stub_FixupsEnd]
   860                                 %line 82+0 /home/se170/VirtualBox-4.3.28/src/VBox/VMM/VMMSwitcher/AMD64Stub.asm
   861                                 vmmR3SwitcherAMD64Stub_FixupsEnd:
   862                                 %line 83+1 /home/se170/VirtualBox-4.3.28/src/VBox/VMM/VMMSwitcher/AMD64Stub.asm
   863                                 
   864                                 
   865                                 
   866                                 
   867 00000001 00<rept>               times ($$-$) & ((16)-1) db 0
   868                                 [global vmmR3SwitcherAMD64Stub_Def]
   869                                 %line 88+0 /home/se170/VirtualBox-4.3.28/src/VBox/VMM/VMMSwitcher/AMD64Stub.asm
   870                                 vmmR3SwitcherAMD64Stub_Def:
   871                                 %line 89+1 /home/se170/VirtualBox-4.3.28/src/VBox/VMM/VMMSwitcher/AMD64Stub.asm
   872                                 ..@61.strucstart:
   873                                 %line 90+0 /home/se170/VirtualBox-4.3.28/src/VBox/VMM/VMMSwitcher/AMD64Stub.asm
   874 00000010 [0000000000000000]     dq vmmR3SwitcherAMD64Stub_Start
   875                                 %line 91+1 /home/se170/VirtualBox-4.3.28/src/VBox/VMM/VMMSwitcher/AMD64Stub.asm
   876                                 %line 91+0 /home/se170/VirtualBox-4.3.28/src/VBox/VMM/VMMSwitcher/AMD64Stub.asm
   877 00000018 [0000000000000000]     dq vmmR3SwitcherAMD64Stub_Fixups
   878                                 %line 92+1 /home/se170/VirtualBox-4.3.28/src/VBox/VMM/VMMSwitcher/AMD64Stub.asm
   879                                 %line 92+0 /home/se170/VirtualBox-4.3.28/src/VBox/VMM/VMMSwitcher/AMD64Stub.asm
   880 00000020 [0000000000000000]     dq vmmR3SwitcherAMD64Stub_Description
   881                                 %line 93+1 /home/se170/VirtualBox-4.3.28/src/VBox/VMM/VMMSwitcher/AMD64Stub.asm
   882                                 %line 93+0 /home/se170/VirtualBox-4.3.28/src/VBox/VMM/VMMSwitcher/AMD64Stub.asm
   883 00000028 0000000000000000       dq 0
   884                                 %line 94+1 /home/se170/VirtualBox-4.3.28/src/VBox/VMM/VMMSwitcher/AMD64Stub.asm
   885                                 %line 94+0 /home/se170/VirtualBox-4.3.28/src/VBox/VMM/VMMSwitcher/AMD64Stub.asm
   886 00000030 0B000000               dd 11
   887                                 %line 95+1 /home/se170/VirtualBox-4.3.28/src/VBox/VMM/VMMSwitcher/AMD64Stub.asm
   888                                 %line 95+0 /home/se170/VirtualBox-4.3.28/src/VBox/VMM/VMMSwitcher/AMD64Stub.asm
   889 00000034 2F000000               dd vmmR3SwitcherAMD64Stub_End - vmmR3SwitcherAMD64Stub_Start
   890                                 %line 96+1 /home/se170/VirtualBox-4.3.28/src/VBox/VMM/VMMSwitcher/AMD64Stub.asm
   891                                 %line 96+0 /home/se170/VirtualBox-4.3.28/src/VBox/VMM/VMMSwitcher/AMD64Stub.asm
   892 00000038 00000000               dd vmmR3SwitcherAMD64Stub_vmmR0ToRawMode - vmmR3SwitcherAMD64Stub_Start
   893                                 %line 97+1 /home/se170/VirtualBox-4.3.28/src/VBox/VMM/VMMSwitcher/AMD64Stub.asm
   894                                 %line 97+0 /home/se170/VirtualBox-4.3.28/src/VBox/VMM/VMMSwitcher/AMD64Stub.asm
   895 0000003C 11000000               dd vmmR3SwitcherAMD64Stub_vmmRCToHost - vmmR3SwitcherAMD64Stub_Start
   896                                 %line 98+1 /home/se170/VirtualBox-4.3.28/src/VBox/VMM/VMMSwitcher/AMD64Stub.asm
   897                                 %line 98+0 /home/se170/VirtualBox-4.3.28/src/VBox/VMM/VMMSwitcher/AMD64Stub.asm
   898 00000040 0A000000               dd vmmR3SwitcherAMD64Stub_vmmRCCallTrampoline - vmmR3SwitcherAMD64Stub_Start
   899                                 %line 99+1 /home/se170/VirtualBox-4.3.28/src/VBox/VMM/VMMSwitcher/AMD64Stub.asm
   900                                 %line 99+0 /home/se170/VirtualBox-4.3.28/src/VBox/VMM/VMMSwitcher/AMD64Stub.asm
   901 00000044 25000000               dd vmmR3SwitcherAMD64Stub_vmmRCToHostAsm - vmmR3SwitcherAMD64Stub_Start
   902                                 %line 100+1 /home/se170/VirtualBox-4.3.28/src/VBox/VMM/VMMSwitcher/AMD64Stub.asm
   903                                 %line 100+0 /home/se170/VirtualBox-4.3.28/src/VBox/VMM/VMMSwitcher/AMD64Stub.asm
   904 00000048 1B000000               dd vmmR3SwitcherAMD64Stub_vmmRCToHostAsmNoReturn - vmmR3SwitcherAMD64Stub_Start
   905                                 %line 101+1 /home/se170/VirtualBox-4.3.28/src/VBox/VMM/VMMSwitcher/AMD64Stub.asm
   906                                 
   907                                 %line 102+0 /home/se170/VirtualBox-4.3.28/src/VBox/VMM/VMMSwitcher/AMD64Stub.asm
   908 0000004C 00000000               dd 0
   909                                 %line 103+1 /home/se170/VirtualBox-4.3.28/src/VBox/VMM/VMMSwitcher/AMD64Stub.asm
   910                                 %line 103+0 /home/se170/VirtualBox-4.3.28/src/VBox/VMM/VMMSwitcher/AMD64Stub.asm
   911 00000050 0A000000               dd vmmR3SwitcherAMD64Stub_vmmRCCallTrampoline - vmmR3SwitcherAMD64Stub_Start
   912                                 %line 104+1 /home/se170/VirtualBox-4.3.28/src/VBox/VMM/VMMSwitcher/AMD64Stub.asm
   913                                 %line 104+0 /home/se170/VirtualBox-4.3.28/src/VBox/VMM/VMMSwitcher/AMD64Stub.asm
   914 00000054 00000000               dd 0
   915                                 %line 105+1 /home/se170/VirtualBox-4.3.28/src/VBox/VMM/VMMSwitcher/AMD64Stub.asm
   916                                 %line 105+0 /home/se170/VirtualBox-4.3.28/src/VBox/VMM/VMMSwitcher/AMD64Stub.asm
   917 00000058 00000000               dd 0
   918                                 %line 106+1 /home/se170/VirtualBox-4.3.28/src/VBox/VMM/VMMSwitcher/AMD64Stub.asm
   919                                 %line 106+0 /home/se170/VirtualBox-4.3.28/src/VBox/VMM/VMMSwitcher/AMD64Stub.asm
   920 0000005C 00000000               dd 0
   921                                 %line 107+1 /home/se170/VirtualBox-4.3.28/src/VBox/VMM/VMMSwitcher/AMD64Stub.asm
   922                                 %line 107+0 /home/se170/VirtualBox-4.3.28/src/VBox/VMM/VMMSwitcher/AMD64Stub.asm
   923 00000060 00000000               dd 0
   924                                 %line 108+1 /home/se170/VirtualBox-4.3.28/src/VBox/VMM/VMMSwitcher/AMD64Stub.asm
   925                                 %line 108+0 /home/se170/VirtualBox-4.3.28/src/VBox/VMM/VMMSwitcher/AMD64Stub.asm
   926 00000064 00000000               dd 0
   927                                 %line 109+1 /home/se170/VirtualBox-4.3.28/src/VBox/VMM/VMMSwitcher/AMD64Stub.asm
   928                                 %line 109+0 /home/se170/VirtualBox-4.3.28/src/VBox/VMM/VMMSwitcher/AMD64Stub.asm
   929 00000068 00000000               dd 0
   930                                 %line 110+1 /home/se170/VirtualBox-4.3.28/src/VBox/VMM/VMMSwitcher/AMD64Stub.asm
   931                                 %line 110+0 /home/se170/VirtualBox-4.3.28/src/VBox/VMM/VMMSwitcher/AMD64Stub.asm
   932 0000006C 0A000000               dd vmmR3SwitcherAMD64Stub_vmmRCCallTrampoline - vmmR3SwitcherAMD64Stub_Start
   933                                 %line 111+1 /home/se170/VirtualBox-4.3.28/src/VBox/VMM/VMMSwitcher/AMD64Stub.asm
   934                                 %line 111+0 /home/se170/VirtualBox-4.3.28/src/VBox/VMM/VMMSwitcher/AMD64Stub.asm
   935 00000070 25000000               dd vmmR3SwitcherAMD64Stub_End - vmmR3SwitcherAMD64Stub_vmmRCCallTrampoline
   936                                 %line 112+1 /home/se170/VirtualBox-4.3.28/src/VBox/VMM/VMMSwitcher/AMD64Stub.asm
   937                                 
   938                                 
