     1                                 %line 1+1 /home/se170/VirtualBox-4.3.28/src/VBox/VMM/VMMRC/MMRamRCA.asm
     2                                 
     3                                 
     4                                 
     5                                 
     6                                 
     7                                 
     8                                 
     9                                 
    10                                 
    11                                 
    12                                 
    13                                 
    14                                 
    15                                 
    16                                 
    17                                 
    18                                 
    19                                 
    20                                 
    21                                 
    22                                 %line 1+1 /home/se170/VirtualBox-4.3.28/include/VBox/asmdefs.mac
    23                                 
    24                                 
    25                                 
    26                                 
    27                                 
    28                                 
    29                                 
    30                                 
    31                                 
    32                                 
    33                                 
    34                                 
    35                                 
    36                                 
    37                                 
    38                                 
    39                                 
    40                                 
    41                                 
    42                                 
    43                                 
    44                                 
    45                                 
    46                                 
    47                                 
    48                                 %line 28+1 /home/se170/VirtualBox-4.3.28/include/VBox/asmdefs.mac
    49                                 
    50                                 
    51                                 
    52                                 
    53                                 %line 37+1 /home/se170/VirtualBox-4.3.28/include/VBox/asmdefs.mac
    54                                 
    55                                 %line 1+1 /home/se170/VirtualBox-4.3.28/include/iprt/asmdefs.mac
    56                                 
    57                                 
    58                                 
    59                                 
    60                                 
    61                                 
    62                                 
    63                                 
    64                                 
    65                                 
    66                                 
    67                                 
    68                                 
    69                                 
    70                                 
    71                                 
    72                                 
    73                                 
    74                                 
    75                                 
    76                                 
    77                                 
    78                                 
    79                                 
    80                                 
    81                                 %line 28+1 /home/se170/VirtualBox-4.3.28/include/iprt/asmdefs.mac
    82                                 
    83                                 
    84                                 
    85                                 
    86                                 
    87                                 
    88                                 %line 35+1 /home/se170/VirtualBox-4.3.28/include/iprt/asmdefs.mac
    89                                 
    90                                 %line 37+1 /home/se170/VirtualBox-4.3.28/include/iprt/asmdefs.mac
    91                                 
    92                                 %line 39+1 /home/se170/VirtualBox-4.3.28/include/iprt/asmdefs.mac
    93                                 
    94                                 %line 41+1 /home/se170/VirtualBox-4.3.28/include/iprt/asmdefs.mac
    95                                 
    96                                 %line 43+1 /home/se170/VirtualBox-4.3.28/include/iprt/asmdefs.mac
    97                                 
    98                                 %line 45+1 /home/se170/VirtualBox-4.3.28/include/iprt/asmdefs.mac
    99                                 
   100                                 %line 47+1 /home/se170/VirtualBox-4.3.28/include/iprt/asmdefs.mac
   101                                 
   102                                 %line 49+1 /home/se170/VirtualBox-4.3.28/include/iprt/asmdefs.mac
   103                                 
   104                                 %line 51+1 /home/se170/VirtualBox-4.3.28/include/iprt/asmdefs.mac
   105                                 
   106                                 %line 53+1 /home/se170/VirtualBox-4.3.28/include/iprt/asmdefs.mac
   107                                 
   108                                 %line 55+1 /home/se170/VirtualBox-4.3.28/include/iprt/asmdefs.mac
   109                                 
   110                                 %line 57+1 /home/se170/VirtualBox-4.3.28/include/iprt/asmdefs.mac
   111                                 
   112                                 %line 59+1 /home/se170/VirtualBox-4.3.28/include/iprt/asmdefs.mac
   113                                 
   114                                 %line 61+1 /home/se170/VirtualBox-4.3.28/include/iprt/asmdefs.mac
   115                                 
   116                                 %line 63+1 /home/se170/VirtualBox-4.3.28/include/iprt/asmdefs.mac
   117                                 
   118                                 %line 65+1 /home/se170/VirtualBox-4.3.28/include/iprt/asmdefs.mac
   119                                 
   120                                 %line 67+1 /home/se170/VirtualBox-4.3.28/include/iprt/asmdefs.mac
   121                                 
   122                                 
   123                                 
   124                                 
   125                                 
   126                                 %line 73+1 /home/se170/VirtualBox-4.3.28/include/iprt/asmdefs.mac
   127                                 
   128                                 
   129                                 
   130                                 %line 77+1 /home/se170/VirtualBox-4.3.28/include/iprt/asmdefs.mac
   131                                 
   132                                 
   133                                 %line 84+1 /home/se170/VirtualBox-4.3.28/include/iprt/asmdefs.mac
   134                                 
   135                                 
   136                                 
   137                                 %line 92+1 /home/se170/VirtualBox-4.3.28/include/iprt/asmdefs.mac
   138                                 
   139                                 
   140                                 
   141                                 %line 100+1 /home/se170/VirtualBox-4.3.28/include/iprt/asmdefs.mac
   142                                 
   143                                 
   144                                 
   145                                 %line 108+1 /home/se170/VirtualBox-4.3.28/include/iprt/asmdefs.mac
   146                                 
   147                                 
   148                                 
   149                                 %line 116+1 /home/se170/VirtualBox-4.3.28/include/iprt/asmdefs.mac
   150                                 
   151                                 
   152                                 
   153                                 
   154                                 %line 121+1 /home/se170/VirtualBox-4.3.28/include/iprt/asmdefs.mac
   155                                 
   156                                 
   157                                 
   158                                 %line 125+1 /home/se170/VirtualBox-4.3.28/include/iprt/asmdefs.mac
   159                                 
   160                                 
   161                                 
   162                                 %line 129+1 /home/se170/VirtualBox-4.3.28/include/iprt/asmdefs.mac
   163                                 
   164                                 
   165                                 
   166                                 
   167                                 
   168                                 %line 137+1 /home/se170/VirtualBox-4.3.28/include/iprt/asmdefs.mac
   169                                 
   170                                 
   171                                 
   172                                 
   173                                 %line 157+1 /home/se170/VirtualBox-4.3.28/include/iprt/asmdefs.mac
   174                                 
   175                                 
   176                                 
   177                                 %line 165+1 /home/se170/VirtualBox-4.3.28/include/iprt/asmdefs.mac
   178                                 
   179                                 
   180                                 
   181                                 %line 177+1 /home/se170/VirtualBox-4.3.28/include/iprt/asmdefs.mac
   182                                 
   183                                 
   184                                 
   185                                 
   186                                 %line 188+1 /home/se170/VirtualBox-4.3.28/include/iprt/asmdefs.mac
   187                                 
   188                                 
   189                                 
   190                                 %line 211+1 /home/se170/VirtualBox-4.3.28/include/iprt/asmdefs.mac
   191                                 
   192                                 
   193                                 
   194                                 
   195                                 
   196                                 %line 222+1 /home/se170/VirtualBox-4.3.28/include/iprt/asmdefs.mac
   197                                 
   198                                 
   199                                 
   200                                 %line 236+1 /home/se170/VirtualBox-4.3.28/include/iprt/asmdefs.mac
   201                                 
   202                                 
   203                                 
   204                                 %line 249+1 /home/se170/VirtualBox-4.3.28/include/iprt/asmdefs.mac
   205                                 
   206                                 
   207                                 
   208                                 %line 263+1 /home/se170/VirtualBox-4.3.28/include/iprt/asmdefs.mac
   209                                 
   210                                 
   211                                 
   212                                 %line 274+1 /home/se170/VirtualBox-4.3.28/include/iprt/asmdefs.mac
   213                                 
   214                                 
   215                                 
   216                                 %line 288+1 /home/se170/VirtualBox-4.3.28/include/iprt/asmdefs.mac
   217                                 
   218                                 
   219                                 
   220                                 %line 302+1 /home/se170/VirtualBox-4.3.28/include/iprt/asmdefs.mac
   221                                 
   222                                 
   223                                 
   224                                 
   225                                 
   226                                 
   227                                 
   228                                 
   229                                 %line 356+1 /home/se170/VirtualBox-4.3.28/include/iprt/asmdefs.mac
   230                                 
   231                                 %line 363+1 /home/se170/VirtualBox-4.3.28/include/iprt/asmdefs.mac
   232                                 
   233                                 
   234                                 
   235                                 
   236                                 %line 376+1 /home/se170/VirtualBox-4.3.28/include/iprt/asmdefs.mac
   237                                 
   238                                 
   239                                 
   240                                 
   241                                 
   242                                 
   243                                 
   244                                 %line 396+1 /home/se170/VirtualBox-4.3.28/include/iprt/asmdefs.mac
   245                                 
   246                                 
   247                                 
   248                                 %line 408+1 /home/se170/VirtualBox-4.3.28/include/iprt/asmdefs.mac
   249                                 
   250                                 
   251                                 
   252                                 %line 420+1 /home/se170/VirtualBox-4.3.28/include/iprt/asmdefs.mac
   253                                 
   254                                 
   255                                 
   256                                 
   257                                 
   258                                 %line 432+1 /home/se170/VirtualBox-4.3.28/include/iprt/asmdefs.mac
   259                                 
   260                                 
   261                                 
   262                                 %line 442+1 /home/se170/VirtualBox-4.3.28/include/iprt/asmdefs.mac
   263                                 
   264                                 
   265                                 
   266                                 %line 452+1 /home/se170/VirtualBox-4.3.28/include/iprt/asmdefs.mac
   267                                 
   268                                 
   269                                 
   270                                 %line 462+1 /home/se170/VirtualBox-4.3.28/include/iprt/asmdefs.mac
   271                                 
   272                                 
   273                                 
   274                                 %line 472+1 /home/se170/VirtualBox-4.3.28/include/iprt/asmdefs.mac
   275                                 
   276                                 
   277                                 
   278                                 
   279                                 
   280                                 %line 482+1 /home/se170/VirtualBox-4.3.28/include/iprt/asmdefs.mac
   281                                 
   282                                 
   283                                 
   284                                 
   285                                 %line 491+1 /home/se170/VirtualBox-4.3.28/include/iprt/asmdefs.mac
   286                                 
   287                                 
   288                                 
   289                                 %line 499+1 /home/se170/VirtualBox-4.3.28/include/iprt/asmdefs.mac
   290                                 
   291                                 
   292                                 
   293                                 %line 507+1 /home/se170/VirtualBox-4.3.28/include/iprt/asmdefs.mac
   294                                 
   295                                 
   296                                 
   297                                 
   298                                 
   299                                 %line 517+1 /home/se170/VirtualBox-4.3.28/include/iprt/asmdefs.mac
   300                                 
   301                                 
   302                                 
   303                                 
   304                                 %line 526+1 /home/se170/VirtualBox-4.3.28/include/iprt/asmdefs.mac
   305                                 
   306                                 
   307                                 
   308                                 %line 534+1 /home/se170/VirtualBox-4.3.28/include/iprt/asmdefs.mac
   309                                 
   310                                 
   311                                 
   312                                 %line 542+1 /home/se170/VirtualBox-4.3.28/include/iprt/asmdefs.mac
   313                                 
   314                                 
   315                                 
   316                                 
   317                                 
   318                                 %line 552+1 /home/se170/VirtualBox-4.3.28/include/iprt/asmdefs.mac
   319                                 
   320                                 
   321                                 
   322                                 
   323                                 %line 561+1 /home/se170/VirtualBox-4.3.28/include/iprt/asmdefs.mac
   324                                 
   325                                 
   326                                 
   327                                 %line 569+1 /home/se170/VirtualBox-4.3.28/include/iprt/asmdefs.mac
   328                                 
   329                                 
   330                                 
   331                                 %line 577+1 /home/se170/VirtualBox-4.3.28/include/iprt/asmdefs.mac
   332                                 
   333                                 
   334                                 
   335                                 
   336                                 
   337                                 %line 587+1 /home/se170/VirtualBox-4.3.28/include/iprt/asmdefs.mac
   338                                 
   339                                 
   340                                 
   341                                 
   342                                 %line 596+1 /home/se170/VirtualBox-4.3.28/include/iprt/asmdefs.mac
   343                                 
   344                                 %line 599+1 /home/se170/VirtualBox-4.3.28/include/iprt/asmdefs.mac
   345                                 
   346                                 
   347                                 
   348                                 %line 607+1 /home/se170/VirtualBox-4.3.28/include/iprt/asmdefs.mac
   349                                 
   350                                 
   351                                 
   352                                 %line 615+1 /home/se170/VirtualBox-4.3.28/include/iprt/asmdefs.mac
   353                                 
   354                                 
   355                                 
   356                                 
   357                                 %line 620+1 /home/se170/VirtualBox-4.3.28/include/iprt/asmdefs.mac
   358                                 
   359                                 
   360                                 
   361                                 
   362                                 %line 625+1 /home/se170/VirtualBox-4.3.28/include/iprt/asmdefs.mac
   363                                 
   364                                 
   365                                 
   366                                 %line 629+1 /home/se170/VirtualBox-4.3.28/include/iprt/asmdefs.mac
   367                                 
   368                                 
   369                                 
   370                                 %line 633+1 /home/se170/VirtualBox-4.3.28/include/iprt/asmdefs.mac
   371                                 
   372                                 
   373                                 
   374                                 
   375                                 
   376                                 
   377                                 
   378                                 
   379                                 
   380                                 
   381                                 
   382                                 
   383                                 
   384                                 
   385                                 
   386                                 %line 666+1 /home/se170/VirtualBox-4.3.28/include/iprt/asmdefs.mac
   387                                 
   388                                 
   389                                 
   390                                 
   391                                 
   392                                 %line 672+1 /home/se170/VirtualBox-4.3.28/include/iprt/asmdefs.mac
   393                                 
   394                                 
   395                                 
   396                                 
   397                                 %line 677+1 /home/se170/VirtualBox-4.3.28/include/iprt/asmdefs.mac
   398                                 
   399                                 
   400                                 
   401                                 %line 681+1 /home/se170/VirtualBox-4.3.28/include/iprt/asmdefs.mac
   402                                 
   403                                 
   404                                 
   405                                 %line 685+1 /home/se170/VirtualBox-4.3.28/include/iprt/asmdefs.mac
   406                                 
   407                                 
   408                                 
   409                                 
   410                                 
   411                                 %line 691+1 /home/se170/VirtualBox-4.3.28/include/iprt/asmdefs.mac
   412                                 
   413                                 
   414                                 
   415                                 
   416                                 %line 696+1 /home/se170/VirtualBox-4.3.28/include/iprt/asmdefs.mac
   417                                 
   418                                 
   419                                 
   420                                 %line 700+1 /home/se170/VirtualBox-4.3.28/include/iprt/asmdefs.mac
   421                                 
   422                                 
   423                                 
   424                                 %line 704+1 /home/se170/VirtualBox-4.3.28/include/iprt/asmdefs.mac
   425                                 
   426                                 
   427                                 
   428                                 
   429                                 
   430                                 
   431                                 
   432                                 
   433                                 %line 721+1 /home/se170/VirtualBox-4.3.28/include/iprt/asmdefs.mac
   434                                 
   435                                 
   436                                 
   437                                 
   438                                 
   439                                 
   440                                 
   441                                 
   442                                 
   443                                 
   444                                 
   445                                 
   446                                 
   447                                 
   448                                 %line 752+1 /home/se170/VirtualBox-4.3.28/include/iprt/asmdefs.mac
   449                                 
   450                                 
   451                                 
   452                                 
   453                                 
   454                                 
   455                                 
   456                                 
   457                                 
   458                                 
   459                                 
   460                                 
   461                                 
   462                                 %line 770+1 /home/se170/VirtualBox-4.3.28/include/iprt/asmdefs.mac
   463                                 
   464                                 
   465                                 
   466                                 
   467                                 
   468                                 
   469                                 
   470                                 %line 791+1 /home/se170/VirtualBox-4.3.28/include/iprt/asmdefs.mac
   471                                 
   472                                 %line 797+1 /home/se170/VirtualBox-4.3.28/include/iprt/asmdefs.mac
   473                                 
   474                                 
   475                                 
   476                                 
   477                                 
   478                                 
   479                                 
   480                                 
   481                                 
   482                                 
   483                                 
   484                                 
   485                                 
   486                                 
   487                                 
   488                                 
   489                                 
   490                                 
   491                                 
   492                                 
   493                                 
   494                                 
   495                                 
   496                                 
   497                                 
   498                                 
   499                                 
   500                                 
   501                                 
   502                                 
   503                                 
   504                                 
   505                                 
   506                                 %line 853+1 /home/se170/VirtualBox-4.3.28/include/iprt/asmdefs.mac
   507                                 
   508                                 
   509                                 
   510                                 
   511                                 
   512                                 
   513                                 
   514                                 
   515                                 
   516                                 
   517                                 %line 873+1 /home/se170/VirtualBox-4.3.28/include/iprt/asmdefs.mac
   518                                 
   519                                 
   520                                 
   521                                 %line 886+1 /home/se170/VirtualBox-4.3.28/include/iprt/asmdefs.mac
   522                                 
   523                                 %line 39+1 /home/se170/VirtualBox-4.3.28/include/VBox/asmdefs.mac
   524                                 
   525                                 
   526                                 
   527                                 
   528                                 %line 51+1 /home/se170/VirtualBox-4.3.28/include/VBox/asmdefs.mac
   529                                 
   530                                 
   531                                 %line 66+1 /home/se170/VirtualBox-4.3.28/include/VBox/asmdefs.mac
   532                                 
   533                                 
   534                                 
   535                                 
   536                                 
   537                                 
   538                                 
   539                                 %line 116+1 /home/se170/VirtualBox-4.3.28/include/VBox/asmdefs.mac
   540                                 
   541                                 
   542                                 
   543                                 
   544                                 
   545                                 
   546                                 %line 159+1 /home/se170/VirtualBox-4.3.28/include/VBox/asmdefs.mac
   547                                 
   548                                 %line 195+1 /home/se170/VirtualBox-4.3.28/include/VBox/asmdefs.mac
   549                                 
   550                                 %line 203+1 /home/se170/VirtualBox-4.3.28/include/VBox/asmdefs.mac
   551                                 
   552                                 
   553                                 
   554                                 
   555                                 %line 232+1 /home/se170/VirtualBox-4.3.28/include/VBox/asmdefs.mac
   556                                 
   557                                 
   558                                 
   559                                 
   560                                 
   561                                 %line 260+1 /home/se170/VirtualBox-4.3.28/include/VBox/asmdefs.mac
   562                                 
   563                                 %line 284+1 /home/se170/VirtualBox-4.3.28/include/VBox/asmdefs.mac
   564                                 
   565                                 %line 292+1 /home/se170/VirtualBox-4.3.28/include/VBox/asmdefs.mac
   566                                 
   567                                 
   568                                 
   569                                 
   570                                 %line 331+1 /home/se170/VirtualBox-4.3.28/include/VBox/asmdefs.mac
   571                                 
   572                                 
   573                                 
   574                                 
   575                                 
   576                                 %line 369+1 /home/se170/VirtualBox-4.3.28/include/VBox/asmdefs.mac
   577                                 
   578                                 %line 403+1 /home/se170/VirtualBox-4.3.28/include/VBox/asmdefs.mac
   579                                 
   580                                 %line 411+1 /home/se170/VirtualBox-4.3.28/include/VBox/asmdefs.mac
   581                                 
   582                                 
   583                                 
   584                                 
   585                                 
   586                                 %line 453+1 /home/se170/VirtualBox-4.3.28/include/VBox/asmdefs.mac
   587                                 
   588                                 
   589                                 
   590                                 
   591                                 
   592                                 %line 494+1 /home/se170/VirtualBox-4.3.28/include/VBox/asmdefs.mac
   593                                 
   594                                 %line 531+1 /home/se170/VirtualBox-4.3.28/include/VBox/asmdefs.mac
   595                                 
   596                                 %line 539+1 /home/se170/VirtualBox-4.3.28/include/VBox/asmdefs.mac
   597                                 
   598                                 
   599                                 
   600                                 
   601                                 %line 579+1 /home/se170/VirtualBox-4.3.28/include/VBox/asmdefs.mac
   602                                 
   603                                 
   604                                 
   605                                 
   606                                 
   607                                 %line 621+1 /home/se170/VirtualBox-4.3.28/include/VBox/asmdefs.mac
   608                                 
   609                                 %line 659+1 /home/se170/VirtualBox-4.3.28/include/VBox/asmdefs.mac
   610                                 
   611                                 %line 667+1 /home/se170/VirtualBox-4.3.28/include/VBox/asmdefs.mac
   612                                 
   613                                 
   614                                 
   615                                 
   616                                 
   617                                 
   618                                 %line 701+1 /home/se170/VirtualBox-4.3.28/include/VBox/asmdefs.mac
   619                                 
   620                                 %line 730+1 /home/se170/VirtualBox-4.3.28/include/VBox/asmdefs.mac
   621                                 
   622                                 %line 738+1 /home/se170/VirtualBox-4.3.28/include/VBox/asmdefs.mac
   623                                 
   624                                 
   625                                 
   626                                 
   627                                 
   628                                 %line 756+1 /home/se170/VirtualBox-4.3.28/include/VBox/asmdefs.mac
   629                                 
   630                                 
   631                                 
   632                                 
   633                                 
   634                                 %line 773+1 /home/se170/VirtualBox-4.3.28/include/VBox/asmdefs.mac
   635                                 
   636                                 %line 775+1 /home/se170/VirtualBox-4.3.28/include/VBox/asmdefs.mac
   637                                 
   638                                 %line 1+1 /home/se170/VirtualBox-4.3.28/include/iprt/x86extra.mac
   639                                 
   640                                 
   641                                 
   642                                 
   643                                 
   644                                 
   645                                 
   646                                 
   647                                 
   648                                 
   649                                 
   650                                 
   651                                 
   652                                 
   653                                 
   654                                 
   655                                 
   656                                 
   657                                 
   658                                 
   659                                 
   660                                 
   661                                 
   662                                 
   663                                 
   664                                 
   665                                 %line 29+1 /home/se170/VirtualBox-4.3.28/include/iprt/x86extra.mac
   666                                 
   667                                 
   668                                 %line 52+1 /home/se170/VirtualBox-4.3.28/include/iprt/x86extra.mac
   669                                 
   670                                 %line 54+1 /home/se170/VirtualBox-4.3.28/include/iprt/x86extra.mac
   671                                 
   672                                 
   673                                 
   674                                 
   675                                 
   676                                 [absolute 0]
   677                                 %line 59+0 /home/se170/VirtualBox-4.3.28/include/iprt/x86extra.mac
   678                                 X86FSTENV32P:
   679                                 %line 60+1 /home/se170/VirtualBox-4.3.28/include/iprt/x86extra.mac
   680                                  .FCW resw 1
   681                                  .padding1 resw 1
   682                                  .FSW resw 1
   683                                  .padding2 resw 1
   684                                  .FTW resw 1
   685                                  .padding3 resw 1
   686                                  .FPUIP resd 1
   687                                  .FPUCS resw 1
   688                                  .FOP resw 1
   689                                  .FPUDP resd 1
   690                                  .FPUDS resw 1
   691                                  .padding4 resw 1
   692                                 X86FSTENV32P_size:
   693                                 %line 72+0 /home/se170/VirtualBox-4.3.28/include/iprt/x86extra.mac
   694                                 [section .text]
   695                                 %line 73+1 /home/se170/VirtualBox-4.3.28/include/iprt/x86extra.mac
   696                                 
   697                                 
   698                                 
   699                                 
   700                                 
   701                                 [absolute 0]
   702                                 %line 78+0 /home/se170/VirtualBox-4.3.28/include/iprt/x86extra.mac
   703                                 X86FXSTATE:
   704                                 %line 79+1 /home/se170/VirtualBox-4.3.28/include/iprt/x86extra.mac
   705                                  .FCW resw 1
   706                                  .FSW resw 1
   707                                  .FTW resw 1
   708                                  .FOP resw 1
   709                                  .FPUIP resd 1
   710                                  .FPUCS resw 1
   711                                  .Rsrvd1 resw 1
   712                                  .FPUDP resd 1
   713                                  .FPUDS resw 1
   714                                  .Rsrvd2 resw 1
   715                                  .MXCSR resd 1
   716                                  .MXCSR_MASK resd 1
   717                                  .st0 resd 4
   718                                  .st1 resd 4
   719                                  .st2 resd 4
   720                                  .st3 resd 4
   721                                  .st4 resd 4
   722                                  .st5 resd 4
   723                                  .st6 resd 4
   724                                  .st7 resd 4
   725                                  .xmm0 resd 4
   726                                  .xmm1 resd 4
   727                                  .xmm2 resd 4
   728                                  .xmm3 resd 4
   729                                  .xmm4 resd 4
   730                                  .xmm5 resd 4
   731                                  .xmm6 resd 4
   732                                  .xmm7 resd 4
   733                                  .xmm8 resd 4
   734                                  .xmm9 resd 4
   735                                  .xmm10 resd 4
   736                                  .xmm11 resd 4
   737                                  .xmm12 resd 4
   738                                  .xmm13 resd 4
   739                                  .xmm14 resd 4
   740                                  .xmm15 resd 4
   741                                  .au32RsrvdRest resd 24
   742                                 X86FXSTATE_size:
   743                                 %line 116+0 /home/se170/VirtualBox-4.3.28/include/iprt/x86extra.mac
   744                                 [section .text]
   745                                 %line 117+1 /home/se170/VirtualBox-4.3.28/include/iprt/x86extra.mac
   746                                 
   747                                 
   748                                 [absolute 0]
   749                                 %line 119+0 /home/se170/VirtualBox-4.3.28/include/iprt/x86extra.mac
   750                                 X86TSS16:
   751                                 %line 120+1 /home/se170/VirtualBox-4.3.28/include/iprt/x86extra.mac
   752                                  .selPrev resw 1
   753                                  .sp0 resw 1
   754                                  .ss0 resw 1
   755                                  .sp1 resw 1
   756                                  .ss1 resw 1
   757                                  .sp2 resw 1
   758                                  .ss2 resw 1
   759                                  .ip resw 1
   760                                  .flags resw 1
   761                                  .ax resw 1
   762                                  .cx resw 1
   763                                  .dx resw 1
   764                                  .bx resw 1
   765                                  .sp resw 1
   766                                  .bp resw 1
   767                                  .si resw 1
   768                                  .di resw 1
   769                                  .es resw 1
   770                                  .cs resw 1
   771                                  .ss resw 1
   772                                  .ds resw 1
   773                                  .selLdt resw 1
   774                                 X86TSS16_size:
   775                                 %line 142+0 /home/se170/VirtualBox-4.3.28/include/iprt/x86extra.mac
   776                                 [section .text]
   777                                 %line 144+1 /home/se170/VirtualBox-4.3.28/include/iprt/x86extra.mac
   778                                 
   779                                 
   780                                 [absolute 0]
   781                                 %line 146+0 /home/se170/VirtualBox-4.3.28/include/iprt/x86extra.mac
   782                                 X86TSS32:
   783                                 %line 147+1 /home/se170/VirtualBox-4.3.28/include/iprt/x86extra.mac
   784                                  .selPrev resw 1
   785                                  .padding1 resw 1
   786                                  .esp0 resd 1
   787                                  .ss0 resw 1
   788                                  .padding_ss0 resw 1
   789                                  .esp1 resd 1
   790                                  .ss1 resw 1
   791                                  .padding_ss1 resw 1
   792                                  .esp2 resd 1
   793                                  .ss2 resw 1
   794                                  .padding_ss2 resw 1
   795                                  .cr3 resd 1
   796                                  .eip resd 1
   797                                  .eflags resd 1
   798                                  .eax resd 1
   799                                  .ecx resd 1
   800                                  .edx resd 1
   801                                  .ebx resd 1
   802                                  .esp resd 1
   803                                  .ebp resd 1
   804                                  .esi resd 1
   805                                  .edi resd 1
   806                                  .es resw 1
   807                                  .padding_es resw 1
   808                                  .cs resw 1
   809                                  .padding_cs resw 1
   810                                  .ss resw 1
   811                                  .padding_ss resw 1
   812                                  .ds resw 1
   813                                  .padding_ds resw 1
   814                                  .fs resw 1
   815                                  .padding_fs resw 1
   816                                  .gs resw 1
   817                                  .padding_gs resw 1
   818                                  .selLdt resw 1
   819                                  .padding_ldt resw 1
   820                                  .fDebugTrap resw 1
   821                                  .offIoBitmap resw 1
   822                                  .IntRedirBitmap resb 32
   823                                 X86TSS32_size:
   824                                 %line 186+0 /home/se170/VirtualBox-4.3.28/include/iprt/x86extra.mac
   825                                 [section .text]
   826                                 %line 187+1 /home/se170/VirtualBox-4.3.28/include/iprt/x86extra.mac
   827                                 
   828                                 
   829                                 [absolute 0]
   830                                 %line 189+0 /home/se170/VirtualBox-4.3.28/include/iprt/x86extra.mac
   831                                 X86TSS64:
   832                                 %line 190+1 /home/se170/VirtualBox-4.3.28/include/iprt/x86extra.mac
   833                                  .u32Reserved resd 1
   834                                  .rsp0 resq 1
   835                                  .rsp1 resq 1
   836                                  .rsp2 resq 1
   837                                  .u32Reserved2 resd 2
   838                                  .ist1 resq 1
   839                                  .ist2 resq 1
   840                                  .ist3 resq 1
   841                                  .ist4 resq 1
   842                                  .ist5 resq 1
   843                                  .ist6 resq 1
   844                                  .ist7 resq 1
   845                                  .u16Reserved resw 5
   846                                  .offIoBitmap resw 1
   847                                  .IntRedirBitmap resb 32
   848                                 X86TSS64_size:
   849                                 %line 205+0 /home/se170/VirtualBox-4.3.28/include/iprt/x86extra.mac
   850                                 [section .text]
   851                                 %line 207+1 /home/se170/VirtualBox-4.3.28/include/iprt/x86extra.mac
   852                                 
   853                                 %line 209+1 /home/se170/VirtualBox-4.3.28/include/iprt/x86extra.mac
   854                                 
   855                                 %line 25+1 /home/se170/VirtualBox-4.3.28/src/VBox/VMM/VMMRC/MMRamRCA.asm
   856                                 
   857                                 
   858                                 [section .text]
   859                                 
   860                                 
   861                                 
   862                                 
   863                                 
   864                                 
   865                                 
   866                                 
   867                                 
   868                                 
   869                                 
   870                                 
   871                                 
   872                                 
   873                                 
   874                                 [align 16]
   875                                 [global MMGCRamReadNoTrapHandler:function hidden]
   876                                 %line 44+0 /home/se170/VirtualBox-4.3.28/src/VBox/VMM/VMMRC/MMRamRCA.asm
   877                                 MMGCRamReadNoTrapHandler:
   878                                 %line 45+1 /home/se170/VirtualBox-4.3.28/src/VBox/VMM/VMMRC/MMRamRCA.asm
   879 00000000 8B44240C                mov eax, [esp + 0c
   880 00000004 83F808                  cmp eax, byte 8
   881 00000007 7737                    ja ramread_InvalidSize
   882 00000009 8B542404                mov edx, [esp + 04
   883 0000000D 8B4C2408                mov ecx, [esp + 08
   884 00000011 FF2485[00000000]        jmp [ramread_table + eax*4]
   885                                 
   886                                 ramread_byte:
   887 00000018 31C0                    xor eax, eax
   888 0000001A 8A09                    mov cl, [ecx]
   889 0000001C 880A                    mov [edx], cl
   890 0000001E C3                      ret
   891                                 
   892                                 ramread_word:
   893 0000001F 31C0                    xor eax, eax
   894 00000021 668B09                  mov cx, [ecx]
   895 00000024 66890A                  mov [edx], cx
   896 00000027 C3                      ret
   897                                 
   898                                 ramread_dword:
   899 00000028 31C0                    xor eax, eax
   900 0000002A 8B09                    mov ecx, [ecx]
   901 0000002C 890A                    mov [edx], ecx
   902 0000002E C3                      ret
   903                                 
   904                                 ramread_qword:
   905 0000002F 8B01                    mov eax, [ecx]
   906 00000031 8902                    mov [edx], eax
   907 00000033 8B4104                  mov eax, [ecx+4]
   908 00000036 894204                  mov [edx+4], eax
   909 00000039 31C0                    xor eax, eax
   910 0000003B C3                      ret
   911                                 
   912                                 
   913                                 [global MMGCRamRead_Error]
   914                                 %line 79+0 /home/se170/VirtualBox-4.3.28/src/VBox/VMM/VMMRC/MMRamRCA.asm
   915                                 MMGCRamRead_Error:
   916                                 %line 80+1 /home/se170/VirtualBox-4.3.28/src/VBox/VMM/VMMRC/MMRamRCA.asm
   917 0000003C B8DAFFFFFF              mov eax, (-38)
   918 00000041 C3                      ret
   919                                 
   920                                 
   921                                 ramread_InvalidSize:
   922 00000042 B8FEFFFFFF              mov eax, (-2)
   923 00000047 C3                      ret
   924                                 
   925                                 
   926                                 ramread_table:
   927 00000048 [00000000]              DD ramread_InvalidSize
   928 0000004C [00000000]              DD ramread_byte
   929 00000050 [00000000]              DD ramread_word
   930 00000054 [00000000]              DD ramread_InvalidSize
   931 00000058 [00000000]              DD ramread_dword
   932 0000005C [00000000]              DD ramread_InvalidSize
   933 00000060 [00000000]              DD ramread_InvalidSize
   934 00000064 [00000000]              DD ramread_InvalidSize
   935 00000068 [00000000]              DD ramread_qword
   936                                 [global MMGCRamReadNoTrapHandler_EndProc:function hidden]
   937                                 %line 99+0 /home/se170/VirtualBox-4.3.28/src/VBox/VMM/VMMRC/MMRamRCA.asm
   938                                 MMGCRamReadNoTrapHandler_EndProc:
   939                                 [size MMGCRamReadNoTrapHandler MMGCRamReadNoTrapHandler_EndProc - MMGCRamReadNoTrapHandler]
   940                                 [size MMGCRamReadNoTrapHandler_EndProc 0]
   941 0000006C CCCCCCCC                db 0xCC, 0xCC, 0xCC, 0xCC
   942                                 %line 100+1 /home/se170/VirtualBox-4.3.28/src/VBox/VMM/VMMRC/MMRamRCA.asm
   943                                 
   944                                 
   945                                 
   946                                 
   947                                 
   948                                 
   949                                 
   950                                 
   951                                 
   952                                 
   953                                 
   954                                 
   955                                 [align 16]
   956                                 [global MMGCRamWriteNoTrapHandler:function hidden]
   957                                 %line 113+0 /home/se170/VirtualBox-4.3.28/src/VBox/VMM/VMMRC/MMRamRCA.asm
   958                                 MMGCRamWriteNoTrapHandler:
   959                                 %line 114+1 /home/se170/VirtualBox-4.3.28/src/VBox/VMM/VMMRC/MMRamRCA.asm
   960 00000070 8B44240C                mov eax, [esp + 0c
   961 00000074 83F804                  cmp eax, byte 4
   962 00000077 772A                    ja ramwrite_InvalidSize
   963 00000079 8B542404                mov edx, [esp + 04
   964 0000007D 8B4C2408                mov ecx, [esp + 08
   965 00000081 FF2485[00000000]        jmp [ramwrite_table + eax*4]
   966                                 
   967                                 ramwrite_byte:
   968 00000088 31C0                    xor eax, eax
   969 0000008A 8A09                    mov cl, [ecx]
   970 0000008C 880A                    mov [edx], cl
   971 0000008E C3                      ret
   972                                 
   973                                 ramwrite_word:
   974 0000008F 31C0                    xor eax, eax
   975 00000091 668B09                  mov cx, [ecx]
   976 00000094 66890A                  mov [edx], cx
   977 00000097 C3                      ret
   978                                 
   979                                 ramwrite_dword:
   980 00000098 31C0                    xor eax, eax
   981 0000009A 8B09                    mov ecx, [ecx]
   982 0000009C 890A                    mov [edx], ecx
   983 0000009E C3                      ret
   984                                 
   985                                 
   986                                 [global MMGCRamWrite_Error]
   987                                 %line 140+0 /home/se170/VirtualBox-4.3.28/src/VBox/VMM/VMMRC/MMRamRCA.asm
   988                                 MMGCRamWrite_Error:
   989                                 %line 141+1 /home/se170/VirtualBox-4.3.28/src/VBox/VMM/VMMRC/MMRamRCA.asm
   990 0000009F B8DAFFFFFF              mov eax, (-38)
   991 000000A4 C3                      ret
   992                                 
   993                                 
   994                                 ramwrite_InvalidSize:
   995 000000A5 B8FEFFFFFF              mov eax, (-2)
   996 000000AA C3                      ret
   997                                 
   998                                 
   999                                 ramwrite_table:
  1000 000000AB [00000000]              DD ramwrite_InvalidSize
  1001 000000AF [00000000]              DD ramwrite_byte
  1002 000000B3 [00000000]              DD ramwrite_word
  1003 000000B7 [00000000]              DD ramwrite_InvalidSize
  1004 000000BB [00000000]              DD ramwrite_dword
  1005                                 [global MMGCRamWriteNoTrapHandler_EndProc:function hidden]
  1006                                 %line 156+0 /home/se170/VirtualBox-4.3.28/src/VBox/VMM/VMMRC/MMRamRCA.asm
  1007                                 MMGCRamWriteNoTrapHandler_EndProc:
  1008                                 [size MMGCRamWriteNoTrapHandler MMGCRamWriteNoTrapHandler_EndProc - MMGCRamWriteNoTrapHandler]
  1009                                 [size MMGCRamWriteNoTrapHandler_EndProc 0]
  1010 000000BF CCCCCCCC                db 0xCC, 0xCC, 0xCC, 0xCC
  1011                                 %line 157+1 /home/se170/VirtualBox-4.3.28/src/VBox/VMM/VMMRC/MMRamRCA.asm
  1012                                 
