     1                                 %line 1+1 /home/se170/VirtualBox-4.3.28/src/VBox/VMM/VMMRC/VMMRC0.asm
     2                                 
     3                                 
     4                                 
     5                                 
     6                                 
     7                                 
     8                                 
     9                                 
    10                                 
    11                                 
    12                                 
    13                                 
    14                                 
    15                                 
    16                                 
    17                                 
    18                                 
    19                                 %line 1+1 /home/se170/VirtualBox-4.3.28/src/VBox/VMM/VMMRC/VMMRC.mac
    20                                 
    21                                 
    22                                 
    23                                 
    24                                 
    25                                 
    26                                 
    27                                 
    28                                 
    29                                 
    30                                 
    31                                 
    32                                 
    33                                 
    34                                 
    35                                 
    36                                 
    37                                 %line 20+1 /home/se170/VirtualBox-4.3.28/src/VBox/VMM/VMMRC/VMMRC.mac
    38                                 
    39                                 %line 1+1 /home/se170/VirtualBox-4.3.28/include/VBox/asmdefs.mac
    40                                 
    41                                 
    42                                 
    43                                 
    44                                 
    45                                 
    46                                 
    47                                 
    48                                 
    49                                 
    50                                 
    51                                 
    52                                 
    53                                 
    54                                 
    55                                 
    56                                 
    57                                 
    58                                 
    59                                 
    60                                 
    61                                 
    62                                 
    63                                 
    64                                 
    65                                 %line 28+1 /home/se170/VirtualBox-4.3.28/include/VBox/asmdefs.mac
    66                                 
    67                                 
    68                                 
    69                                 
    70                                 %line 37+1 /home/se170/VirtualBox-4.3.28/include/VBox/asmdefs.mac
    71                                 
    72                                 %line 1+1 /home/se170/VirtualBox-4.3.28/include/iprt/asmdefs.mac
    73                                 
    74                                 
    75                                 
    76                                 
    77                                 
    78                                 
    79                                 
    80                                 
    81                                 
    82                                 
    83                                 
    84                                 
    85                                 
    86                                 
    87                                 
    88                                 
    89                                 
    90                                 
    91                                 
    92                                 
    93                                 
    94                                 
    95                                 
    96                                 
    97                                 
    98                                 %line 28+1 /home/se170/VirtualBox-4.3.28/include/iprt/asmdefs.mac
    99                                 
   100                                 
   101                                 
   102                                 
   103                                 
   104                                 
   105                                 %line 35+1 /home/se170/VirtualBox-4.3.28/include/iprt/asmdefs.mac
   106                                 
   107                                 %line 37+1 /home/se170/VirtualBox-4.3.28/include/iprt/asmdefs.mac
   108                                 
   109                                 %line 39+1 /home/se170/VirtualBox-4.3.28/include/iprt/asmdefs.mac
   110                                 
   111                                 %line 41+1 /home/se170/VirtualBox-4.3.28/include/iprt/asmdefs.mac
   112                                 
   113                                 %line 43+1 /home/se170/VirtualBox-4.3.28/include/iprt/asmdefs.mac
   114                                 
   115                                 %line 45+1 /home/se170/VirtualBox-4.3.28/include/iprt/asmdefs.mac
   116                                 
   117                                 %line 47+1 /home/se170/VirtualBox-4.3.28/include/iprt/asmdefs.mac
   118                                 
   119                                 %line 49+1 /home/se170/VirtualBox-4.3.28/include/iprt/asmdefs.mac
   120                                 
   121                                 %line 51+1 /home/se170/VirtualBox-4.3.28/include/iprt/asmdefs.mac
   122                                 
   123                                 %line 53+1 /home/se170/VirtualBox-4.3.28/include/iprt/asmdefs.mac
   124                                 
   125                                 %line 55+1 /home/se170/VirtualBox-4.3.28/include/iprt/asmdefs.mac
   126                                 
   127                                 %line 57+1 /home/se170/VirtualBox-4.3.28/include/iprt/asmdefs.mac
   128                                 
   129                                 %line 59+1 /home/se170/VirtualBox-4.3.28/include/iprt/asmdefs.mac
   130                                 
   131                                 %line 61+1 /home/se170/VirtualBox-4.3.28/include/iprt/asmdefs.mac
   132                                 
   133                                 %line 63+1 /home/se170/VirtualBox-4.3.28/include/iprt/asmdefs.mac
   134                                 
   135                                 %line 65+1 /home/se170/VirtualBox-4.3.28/include/iprt/asmdefs.mac
   136                                 
   137                                 %line 67+1 /home/se170/VirtualBox-4.3.28/include/iprt/asmdefs.mac
   138                                 
   139                                 
   140                                 
   141                                 
   142                                 
   143                                 %line 73+1 /home/se170/VirtualBox-4.3.28/include/iprt/asmdefs.mac
   144                                 
   145                                 
   146                                 
   147                                 %line 77+1 /home/se170/VirtualBox-4.3.28/include/iprt/asmdefs.mac
   148                                 
   149                                 
   150                                 %line 84+1 /home/se170/VirtualBox-4.3.28/include/iprt/asmdefs.mac
   151                                 
   152                                 
   153                                 
   154                                 %line 92+1 /home/se170/VirtualBox-4.3.28/include/iprt/asmdefs.mac
   155                                 
   156                                 
   157                                 
   158                                 %line 100+1 /home/se170/VirtualBox-4.3.28/include/iprt/asmdefs.mac
   159                                 
   160                                 
   161                                 
   162                                 %line 108+1 /home/se170/VirtualBox-4.3.28/include/iprt/asmdefs.mac
   163                                 
   164                                 
   165                                 
   166                                 %line 116+1 /home/se170/VirtualBox-4.3.28/include/iprt/asmdefs.mac
   167                                 
   168                                 
   169                                 
   170                                 
   171                                 %line 121+1 /home/se170/VirtualBox-4.3.28/include/iprt/asmdefs.mac
   172                                 
   173                                 
   174                                 
   175                                 %line 125+1 /home/se170/VirtualBox-4.3.28/include/iprt/asmdefs.mac
   176                                 
   177                                 
   178                                 
   179                                 %line 129+1 /home/se170/VirtualBox-4.3.28/include/iprt/asmdefs.mac
   180                                 
   181                                 
   182                                 
   183                                 
   184                                 
   185                                 %line 137+1 /home/se170/VirtualBox-4.3.28/include/iprt/asmdefs.mac
   186                                 
   187                                 
   188                                 
   189                                 
   190                                 %line 157+1 /home/se170/VirtualBox-4.3.28/include/iprt/asmdefs.mac
   191                                 
   192                                 
   193                                 
   194                                 %line 165+1 /home/se170/VirtualBox-4.3.28/include/iprt/asmdefs.mac
   195                                 
   196                                 
   197                                 
   198                                 %line 177+1 /home/se170/VirtualBox-4.3.28/include/iprt/asmdefs.mac
   199                                 
   200                                 
   201                                 
   202                                 
   203                                 %line 188+1 /home/se170/VirtualBox-4.3.28/include/iprt/asmdefs.mac
   204                                 
   205                                 
   206                                 
   207                                 %line 211+1 /home/se170/VirtualBox-4.3.28/include/iprt/asmdefs.mac
   208                                 
   209                                 
   210                                 
   211                                 
   212                                 
   213                                 %line 222+1 /home/se170/VirtualBox-4.3.28/include/iprt/asmdefs.mac
   214                                 
   215                                 
   216                                 
   217                                 %line 236+1 /home/se170/VirtualBox-4.3.28/include/iprt/asmdefs.mac
   218                                 
   219                                 
   220                                 
   221                                 %line 249+1 /home/se170/VirtualBox-4.3.28/include/iprt/asmdefs.mac
   222                                 
   223                                 
   224                                 
   225                                 %line 263+1 /home/se170/VirtualBox-4.3.28/include/iprt/asmdefs.mac
   226                                 
   227                                 
   228                                 
   229                                 %line 274+1 /home/se170/VirtualBox-4.3.28/include/iprt/asmdefs.mac
   230                                 
   231                                 
   232                                 
   233                                 %line 288+1 /home/se170/VirtualBox-4.3.28/include/iprt/asmdefs.mac
   234                                 
   235                                 
   236                                 
   237                                 %line 302+1 /home/se170/VirtualBox-4.3.28/include/iprt/asmdefs.mac
   238                                 
   239                                 
   240                                 
   241                                 
   242                                 
   243                                 
   244                                 
   245                                 
   246                                 %line 356+1 /home/se170/VirtualBox-4.3.28/include/iprt/asmdefs.mac
   247                                 
   248                                 %line 363+1 /home/se170/VirtualBox-4.3.28/include/iprt/asmdefs.mac
   249                                 
   250                                 
   251                                 
   252                                 
   253                                 %line 376+1 /home/se170/VirtualBox-4.3.28/include/iprt/asmdefs.mac
   254                                 
   255                                 
   256                                 
   257                                 
   258                                 
   259                                 
   260                                 
   261                                 %line 396+1 /home/se170/VirtualBox-4.3.28/include/iprt/asmdefs.mac
   262                                 
   263                                 
   264                                 
   265                                 %line 408+1 /home/se170/VirtualBox-4.3.28/include/iprt/asmdefs.mac
   266                                 
   267                                 
   268                                 
   269                                 %line 420+1 /home/se170/VirtualBox-4.3.28/include/iprt/asmdefs.mac
   270                                 
   271                                 
   272                                 
   273                                 
   274                                 
   275                                 %line 432+1 /home/se170/VirtualBox-4.3.28/include/iprt/asmdefs.mac
   276                                 
   277                                 
   278                                 
   279                                 %line 442+1 /home/se170/VirtualBox-4.3.28/include/iprt/asmdefs.mac
   280                                 
   281                                 
   282                                 
   283                                 %line 452+1 /home/se170/VirtualBox-4.3.28/include/iprt/asmdefs.mac
   284                                 
   285                                 
   286                                 
   287                                 %line 462+1 /home/se170/VirtualBox-4.3.28/include/iprt/asmdefs.mac
   288                                 
   289                                 
   290                                 
   291                                 %line 472+1 /home/se170/VirtualBox-4.3.28/include/iprt/asmdefs.mac
   292                                 
   293                                 
   294                                 
   295                                 
   296                                 
   297                                 %line 482+1 /home/se170/VirtualBox-4.3.28/include/iprt/asmdefs.mac
   298                                 
   299                                 
   300                                 
   301                                 
   302                                 %line 491+1 /home/se170/VirtualBox-4.3.28/include/iprt/asmdefs.mac
   303                                 
   304                                 
   305                                 
   306                                 %line 499+1 /home/se170/VirtualBox-4.3.28/include/iprt/asmdefs.mac
   307                                 
   308                                 
   309                                 
   310                                 %line 507+1 /home/se170/VirtualBox-4.3.28/include/iprt/asmdefs.mac
   311                                 
   312                                 
   313                                 
   314                                 
   315                                 
   316                                 %line 517+1 /home/se170/VirtualBox-4.3.28/include/iprt/asmdefs.mac
   317                                 
   318                                 
   319                                 
   320                                 
   321                                 %line 526+1 /home/se170/VirtualBox-4.3.28/include/iprt/asmdefs.mac
   322                                 
   323                                 
   324                                 
   325                                 %line 534+1 /home/se170/VirtualBox-4.3.28/include/iprt/asmdefs.mac
   326                                 
   327                                 
   328                                 
   329                                 %line 542+1 /home/se170/VirtualBox-4.3.28/include/iprt/asmdefs.mac
   330                                 
   331                                 
   332                                 
   333                                 
   334                                 
   335                                 %line 552+1 /home/se170/VirtualBox-4.3.28/include/iprt/asmdefs.mac
   336                                 
   337                                 
   338                                 
   339                                 
   340                                 %line 561+1 /home/se170/VirtualBox-4.3.28/include/iprt/asmdefs.mac
   341                                 
   342                                 
   343                                 
   344                                 %line 569+1 /home/se170/VirtualBox-4.3.28/include/iprt/asmdefs.mac
   345                                 
   346                                 
   347                                 
   348                                 %line 577+1 /home/se170/VirtualBox-4.3.28/include/iprt/asmdefs.mac
   349                                 
   350                                 
   351                                 
   352                                 
   353                                 
   354                                 %line 587+1 /home/se170/VirtualBox-4.3.28/include/iprt/asmdefs.mac
   355                                 
   356                                 
   357                                 
   358                                 
   359                                 %line 596+1 /home/se170/VirtualBox-4.3.28/include/iprt/asmdefs.mac
   360                                 
   361                                 %line 599+1 /home/se170/VirtualBox-4.3.28/include/iprt/asmdefs.mac
   362                                 
   363                                 
   364                                 
   365                                 %line 607+1 /home/se170/VirtualBox-4.3.28/include/iprt/asmdefs.mac
   366                                 
   367                                 
   368                                 
   369                                 %line 615+1 /home/se170/VirtualBox-4.3.28/include/iprt/asmdefs.mac
   370                                 
   371                                 
   372                                 
   373                                 
   374                                 %line 620+1 /home/se170/VirtualBox-4.3.28/include/iprt/asmdefs.mac
   375                                 
   376                                 
   377                                 
   378                                 
   379                                 %line 625+1 /home/se170/VirtualBox-4.3.28/include/iprt/asmdefs.mac
   380                                 
   381                                 
   382                                 
   383                                 %line 629+1 /home/se170/VirtualBox-4.3.28/include/iprt/asmdefs.mac
   384                                 
   385                                 
   386                                 
   387                                 %line 633+1 /home/se170/VirtualBox-4.3.28/include/iprt/asmdefs.mac
   388                                 
   389                                 
   390                                 
   391                                 
   392                                 
   393                                 
   394                                 
   395                                 
   396                                 
   397                                 
   398                                 
   399                                 
   400                                 
   401                                 
   402                                 
   403                                 %line 666+1 /home/se170/VirtualBox-4.3.28/include/iprt/asmdefs.mac
   404                                 
   405                                 
   406                                 
   407                                 
   408                                 
   409                                 %line 672+1 /home/se170/VirtualBox-4.3.28/include/iprt/asmdefs.mac
   410                                 
   411                                 
   412                                 
   413                                 
   414                                 %line 677+1 /home/se170/VirtualBox-4.3.28/include/iprt/asmdefs.mac
   415                                 
   416                                 
   417                                 
   418                                 %line 681+1 /home/se170/VirtualBox-4.3.28/include/iprt/asmdefs.mac
   419                                 
   420                                 
   421                                 
   422                                 %line 685+1 /home/se170/VirtualBox-4.3.28/include/iprt/asmdefs.mac
   423                                 
   424                                 
   425                                 
   426                                 
   427                                 
   428                                 %line 691+1 /home/se170/VirtualBox-4.3.28/include/iprt/asmdefs.mac
   429                                 
   430                                 
   431                                 
   432                                 
   433                                 %line 696+1 /home/se170/VirtualBox-4.3.28/include/iprt/asmdefs.mac
   434                                 
   435                                 
   436                                 
   437                                 %line 700+1 /home/se170/VirtualBox-4.3.28/include/iprt/asmdefs.mac
   438                                 
   439                                 
   440                                 
   441                                 %line 704+1 /home/se170/VirtualBox-4.3.28/include/iprt/asmdefs.mac
   442                                 
   443                                 
   444                                 
   445                                 
   446                                 
   447                                 
   448                                 
   449                                 
   450                                 %line 721+1 /home/se170/VirtualBox-4.3.28/include/iprt/asmdefs.mac
   451                                 
   452                                 
   453                                 
   454                                 
   455                                 
   456                                 
   457                                 
   458                                 
   459                                 
   460                                 
   461                                 
   462                                 
   463                                 
   464                                 
   465                                 %line 752+1 /home/se170/VirtualBox-4.3.28/include/iprt/asmdefs.mac
   466                                 
   467                                 
   468                                 
   469                                 
   470                                 
   471                                 
   472                                 
   473                                 
   474                                 
   475                                 
   476                                 
   477                                 
   478                                 
   479                                 %line 770+1 /home/se170/VirtualBox-4.3.28/include/iprt/asmdefs.mac
   480                                 
   481                                 
   482                                 
   483                                 
   484                                 
   485                                 
   486                                 
   487                                 %line 791+1 /home/se170/VirtualBox-4.3.28/include/iprt/asmdefs.mac
   488                                 
   489                                 %line 797+1 /home/se170/VirtualBox-4.3.28/include/iprt/asmdefs.mac
   490                                 
   491                                 
   492                                 
   493                                 
   494                                 
   495                                 
   496                                 
   497                                 
   498                                 
   499                                 
   500                                 
   501                                 
   502                                 
   503                                 
   504                                 
   505                                 
   506                                 
   507                                 
   508                                 
   509                                 
   510                                 
   511                                 
   512                                 
   513                                 
   514                                 
   515                                 
   516                                 
   517                                 
   518                                 
   519                                 
   520                                 
   521                                 
   522                                 
   523                                 %line 853+1 /home/se170/VirtualBox-4.3.28/include/iprt/asmdefs.mac
   524                                 
   525                                 
   526                                 
   527                                 
   528                                 
   529                                 
   530                                 
   531                                 
   532                                 
   533                                 
   534                                 %line 873+1 /home/se170/VirtualBox-4.3.28/include/iprt/asmdefs.mac
   535                                 
   536                                 
   537                                 
   538                                 %line 886+1 /home/se170/VirtualBox-4.3.28/include/iprt/asmdefs.mac
   539                                 
   540                                 %line 39+1 /home/se170/VirtualBox-4.3.28/include/VBox/asmdefs.mac
   541                                 
   542                                 
   543                                 
   544                                 
   545                                 %line 51+1 /home/se170/VirtualBox-4.3.28/include/VBox/asmdefs.mac
   546                                 
   547                                 
   548                                 %line 66+1 /home/se170/VirtualBox-4.3.28/include/VBox/asmdefs.mac
   549                                 
   550                                 
   551                                 
   552                                 
   553                                 
   554                                 
   555                                 
   556                                 %line 116+1 /home/se170/VirtualBox-4.3.28/include/VBox/asmdefs.mac
   557                                 
   558                                 
   559                                 
   560                                 
   561                                 
   562                                 
   563                                 %line 159+1 /home/se170/VirtualBox-4.3.28/include/VBox/asmdefs.mac
   564                                 
   565                                 %line 195+1 /home/se170/VirtualBox-4.3.28/include/VBox/asmdefs.mac
   566                                 
   567                                 %line 203+1 /home/se170/VirtualBox-4.3.28/include/VBox/asmdefs.mac
   568                                 
   569                                 
   570                                 
   571                                 
   572                                 %line 232+1 /home/se170/VirtualBox-4.3.28/include/VBox/asmdefs.mac
   573                                 
   574                                 
   575                                 
   576                                 
   577                                 
   578                                 %line 260+1 /home/se170/VirtualBox-4.3.28/include/VBox/asmdefs.mac
   579                                 
   580                                 %line 284+1 /home/se170/VirtualBox-4.3.28/include/VBox/asmdefs.mac
   581                                 
   582                                 %line 292+1 /home/se170/VirtualBox-4.3.28/include/VBox/asmdefs.mac
   583                                 
   584                                 
   585                                 
   586                                 
   587                                 %line 331+1 /home/se170/VirtualBox-4.3.28/include/VBox/asmdefs.mac
   588                                 
   589                                 
   590                                 
   591                                 
   592                                 
   593                                 %line 369+1 /home/se170/VirtualBox-4.3.28/include/VBox/asmdefs.mac
   594                                 
   595                                 %line 403+1 /home/se170/VirtualBox-4.3.28/include/VBox/asmdefs.mac
   596                                 
   597                                 %line 411+1 /home/se170/VirtualBox-4.3.28/include/VBox/asmdefs.mac
   598                                 
   599                                 
   600                                 
   601                                 
   602                                 
   603                                 %line 453+1 /home/se170/VirtualBox-4.3.28/include/VBox/asmdefs.mac
   604                                 
   605                                 
   606                                 
   607                                 
   608                                 
   609                                 %line 494+1 /home/se170/VirtualBox-4.3.28/include/VBox/asmdefs.mac
   610                                 
   611                                 %line 531+1 /home/se170/VirtualBox-4.3.28/include/VBox/asmdefs.mac
   612                                 
   613                                 %line 539+1 /home/se170/VirtualBox-4.3.28/include/VBox/asmdefs.mac
   614                                 
   615                                 
   616                                 
   617                                 
   618                                 %line 579+1 /home/se170/VirtualBox-4.3.28/include/VBox/asmdefs.mac
   619                                 
   620                                 
   621                                 
   622                                 
   623                                 
   624                                 %line 621+1 /home/se170/VirtualBox-4.3.28/include/VBox/asmdefs.mac
   625                                 
   626                                 %line 659+1 /home/se170/VirtualBox-4.3.28/include/VBox/asmdefs.mac
   627                                 
   628                                 %line 667+1 /home/se170/VirtualBox-4.3.28/include/VBox/asmdefs.mac
   629                                 
   630                                 
   631                                 
   632                                 
   633                                 
   634                                 
   635                                 %line 701+1 /home/se170/VirtualBox-4.3.28/include/VBox/asmdefs.mac
   636                                 
   637                                 %line 730+1 /home/se170/VirtualBox-4.3.28/include/VBox/asmdefs.mac
   638                                 
   639                                 %line 738+1 /home/se170/VirtualBox-4.3.28/include/VBox/asmdefs.mac
   640                                 
   641                                 
   642                                 
   643                                 
   644                                 
   645                                 %line 756+1 /home/se170/VirtualBox-4.3.28/include/VBox/asmdefs.mac
   646                                 
   647                                 
   648                                 
   649                                 
   650                                 
   651                                 %line 773+1 /home/se170/VirtualBox-4.3.28/include/VBox/asmdefs.mac
   652                                 
   653                                 %line 775+1 /home/se170/VirtualBox-4.3.28/include/VBox/asmdefs.mac
   654                                 
   655                                 %line 22+1 /home/se170/VirtualBox-4.3.28/src/VBox/VMM/VMMRC/VMMRC.mac
   656                                 
   657                                 
   658                                 
   659                                 
   660                                 
   661                                 
   662                                 %line 34+1 /home/se170/VirtualBox-4.3.28/src/VBox/VMM/VMMRC/VMMRC.mac
   663                                 
   664                                 %line 46+1 /home/se170/VirtualBox-4.3.28/src/VBox/VMM/VMMRC/VMMRC.mac
   665                                 
   666                                 %line 64+1 /home/se170/VirtualBox-4.3.28/src/VBox/VMM/VMMRC/VMMRC.mac
   667                                 
   668                                 %line 71+1 /home/se170/VirtualBox-4.3.28/src/VBox/VMM/VMMRC/VMMRC.mac
   669                                 
   670                                 %line 75+1 /home/se170/VirtualBox-4.3.28/src/VBox/VMM/VMMRC/VMMRC.mac
   671                                 
   672                                 
   673                                 
   674                                 
   675                                 
   676                                 
   677                                 
   678                                 
   679                                 
   680                                 %line 97+1 /home/se170/VirtualBox-4.3.28/src/VBox/VMM/VMMRC/VMMRC.mac
   681                                 
   682                                 
   683                                 
   684                                 
   685                                 
   686                                 
   687                                 %line 106+1 /home/se170/VirtualBox-4.3.28/src/VBox/VMM/VMMRC/VMMRC.mac
   688                                 
   689                                 
   690                                 
   691                                 
   692                                 
   693                                 
   694                                 
   695                                 %line 116+1 /home/se170/VirtualBox-4.3.28/src/VBox/VMM/VMMRC/VMMRC.mac
   696                                 
   697                                 
   698                                 
   699                                 
   700                                 
   701                                 
   702                                 
   703                                 %line 126+1 /home/se170/VirtualBox-4.3.28/src/VBox/VMM/VMMRC/VMMRC.mac
   704                                 
   705                                 
   706                                 
   707                                 
   708                                 
   709                                 
   710                                 
   711                                 
   712                                 %line 138+1 /home/se170/VirtualBox-4.3.28/src/VBox/VMM/VMMRC/VMMRC.mac
   713                                 
   714                                 
   715                                 %line 19+1 /home/se170/VirtualBox-4.3.28/src/VBox/VMM/VMMRC/VMMRC0.asm
   716                                 
   717                                 
   718                                 
   719                                 
   720                                  [section .VMMR0.Trap0b progbits alloc noexec nowrite align=1 ]
   721                                 [global g_aTrap0bHandlers]
   722                                 %line 24+0 /home/se170/VirtualBox-4.3.28/src/VBox/VMM/VMMRC/VMMRC0.asm
   723                                 g_aTrap0bHandlers:
   724                                 %line 25+1 /home/se170/VirtualBox-4.3.28/src/VBox/VMM/VMMRC/VMMRC0.asm
   725                                 
   726                                 
   727                                 
   728                                  [section .VMMR0.Trap0d progbits alloc noexec nowrite align=1 ]
   729                                 [global g_aTrap0dHandlers]
   730                                 %line 29+0 /home/se170/VirtualBox-4.3.28/src/VBox/VMM/VMMRC/VMMRC0.asm
   731                                 g_aTrap0dHandlers:
   732                                 %line 30+1 /home/se170/VirtualBox-4.3.28/src/VBox/VMM/VMMRC/VMMRC0.asm
   733                                 
   734                                 
   735                                 
   736                                  [section .VMMR0.Trap0e progbits alloc noexec nowrite align=1 ]
   737                                 [global g_aTrap0eHandlers]
   738                                 %line 34+0 /home/se170/VirtualBox-4.3.28/src/VBox/VMM/VMMRC/VMMRC0.asm
   739                                 g_aTrap0eHandlers:
   740                                 %line 35+1 /home/se170/VirtualBox-4.3.28/src/VBox/VMM/VMMRC/VMMRC0.asm
   741                                 
   742                                 
