     1                                 %line 1+1 /home/se170/VirtualBox-4.3.28/src/VBox/VMM/VMMRC/VMMRC99.asm
     2                                 
     3                                 
     4                                 
     5                                 
     6                                 
     7                                 
     8                                 
     9                                 
    10                                 
    11                                 
    12                                 
    13                                 
    14                                 
    15                                 
    16                                 
    17                                 
    18                                 %line 1+1 /home/se170/VirtualBox-4.3.28/src/VBox/VMM/VMMRC/VMMRC.mac
    19                                 
    20                                 
    21                                 
    22                                 
    23                                 
    24                                 
    25                                 
    26                                 
    27                                 
    28                                 
    29                                 
    30                                 
    31                                 
    32                                 
    33                                 
    34                                 
    35                                 
    36                                 %line 20+1 /home/se170/VirtualBox-4.3.28/src/VBox/VMM/VMMRC/VMMRC.mac
    37                                 
    38                                 %line 1+1 /home/se170/VirtualBox-4.3.28/include/VBox/asmdefs.mac
    39                                 
    40                                 
    41                                 
    42                                 
    43                                 
    44                                 
    45                                 
    46                                 
    47                                 
    48                                 
    49                                 
    50                                 
    51                                 
    52                                 
    53                                 
    54                                 
    55                                 
    56                                 
    57                                 
    58                                 
    59                                 
    60                                 
    61                                 
    62                                 
    63                                 
    64                                 %line 28+1 /home/se170/VirtualBox-4.3.28/include/VBox/asmdefs.mac
    65                                 
    66                                 
    67                                 
    68                                 
    69                                 %line 37+1 /home/se170/VirtualBox-4.3.28/include/VBox/asmdefs.mac
    70                                 
    71                                 %line 1+1 /home/se170/VirtualBox-4.3.28/include/iprt/asmdefs.mac
    72                                 
    73                                 
    74                                 
    75                                 
    76                                 
    77                                 
    78                                 
    79                                 
    80                                 
    81                                 
    82                                 
    83                                 
    84                                 
    85                                 
    86                                 
    87                                 
    88                                 
    89                                 
    90                                 
    91                                 
    92                                 
    93                                 
    94                                 
    95                                 
    96                                 
    97                                 %line 28+1 /home/se170/VirtualBox-4.3.28/include/iprt/asmdefs.mac
    98                                 
    99                                 
   100                                 
   101                                 
   102                                 
   103                                 
   104                                 %line 35+1 /home/se170/VirtualBox-4.3.28/include/iprt/asmdefs.mac
   105                                 
   106                                 %line 37+1 /home/se170/VirtualBox-4.3.28/include/iprt/asmdefs.mac
   107                                 
   108                                 %line 39+1 /home/se170/VirtualBox-4.3.28/include/iprt/asmdefs.mac
   109                                 
   110                                 %line 41+1 /home/se170/VirtualBox-4.3.28/include/iprt/asmdefs.mac
   111                                 
   112                                 %line 43+1 /home/se170/VirtualBox-4.3.28/include/iprt/asmdefs.mac
   113                                 
   114                                 %line 45+1 /home/se170/VirtualBox-4.3.28/include/iprt/asmdefs.mac
   115                                 
   116                                 %line 47+1 /home/se170/VirtualBox-4.3.28/include/iprt/asmdefs.mac
   117                                 
   118                                 %line 49+1 /home/se170/VirtualBox-4.3.28/include/iprt/asmdefs.mac
   119                                 
   120                                 %line 51+1 /home/se170/VirtualBox-4.3.28/include/iprt/asmdefs.mac
   121                                 
   122                                 %line 53+1 /home/se170/VirtualBox-4.3.28/include/iprt/asmdefs.mac
   123                                 
   124                                 %line 55+1 /home/se170/VirtualBox-4.3.28/include/iprt/asmdefs.mac
   125                                 
   126                                 %line 57+1 /home/se170/VirtualBox-4.3.28/include/iprt/asmdefs.mac
   127                                 
   128                                 %line 59+1 /home/se170/VirtualBox-4.3.28/include/iprt/asmdefs.mac
   129                                 
   130                                 %line 61+1 /home/se170/VirtualBox-4.3.28/include/iprt/asmdefs.mac
   131                                 
   132                                 %line 63+1 /home/se170/VirtualBox-4.3.28/include/iprt/asmdefs.mac
   133                                 
   134                                 %line 65+1 /home/se170/VirtualBox-4.3.28/include/iprt/asmdefs.mac
   135                                 
   136                                 %line 67+1 /home/se170/VirtualBox-4.3.28/include/iprt/asmdefs.mac
   137                                 
   138                                 
   139                                 
   140                                 
   141                                 
   142                                 %line 73+1 /home/se170/VirtualBox-4.3.28/include/iprt/asmdefs.mac
   143                                 
   144                                 
   145                                 
   146                                 %line 77+1 /home/se170/VirtualBox-4.3.28/include/iprt/asmdefs.mac
   147                                 
   148                                 
   149                                 %line 84+1 /home/se170/VirtualBox-4.3.28/include/iprt/asmdefs.mac
   150                                 
   151                                 
   152                                 
   153                                 %line 92+1 /home/se170/VirtualBox-4.3.28/include/iprt/asmdefs.mac
   154                                 
   155                                 
   156                                 
   157                                 %line 100+1 /home/se170/VirtualBox-4.3.28/include/iprt/asmdefs.mac
   158                                 
   159                                 
   160                                 
   161                                 %line 108+1 /home/se170/VirtualBox-4.3.28/include/iprt/asmdefs.mac
   162                                 
   163                                 
   164                                 
   165                                 %line 116+1 /home/se170/VirtualBox-4.3.28/include/iprt/asmdefs.mac
   166                                 
   167                                 
   168                                 
   169                                 
   170                                 %line 121+1 /home/se170/VirtualBox-4.3.28/include/iprt/asmdefs.mac
   171                                 
   172                                 
   173                                 
   174                                 %line 125+1 /home/se170/VirtualBox-4.3.28/include/iprt/asmdefs.mac
   175                                 
   176                                 
   177                                 
   178                                 %line 129+1 /home/se170/VirtualBox-4.3.28/include/iprt/asmdefs.mac
   179                                 
   180                                 
   181                                 
   182                                 
   183                                 
   184                                 %line 137+1 /home/se170/VirtualBox-4.3.28/include/iprt/asmdefs.mac
   185                                 
   186                                 
   187                                 
   188                                 
   189                                 %line 157+1 /home/se170/VirtualBox-4.3.28/include/iprt/asmdefs.mac
   190                                 
   191                                 
   192                                 
   193                                 %line 165+1 /home/se170/VirtualBox-4.3.28/include/iprt/asmdefs.mac
   194                                 
   195                                 
   196                                 
   197                                 %line 177+1 /home/se170/VirtualBox-4.3.28/include/iprt/asmdefs.mac
   198                                 
   199                                 
   200                                 
   201                                 
   202                                 %line 188+1 /home/se170/VirtualBox-4.3.28/include/iprt/asmdefs.mac
   203                                 
   204                                 
   205                                 
   206                                 %line 211+1 /home/se170/VirtualBox-4.3.28/include/iprt/asmdefs.mac
   207                                 
   208                                 
   209                                 
   210                                 
   211                                 
   212                                 %line 222+1 /home/se170/VirtualBox-4.3.28/include/iprt/asmdefs.mac
   213                                 
   214                                 
   215                                 
   216                                 %line 236+1 /home/se170/VirtualBox-4.3.28/include/iprt/asmdefs.mac
   217                                 
   218                                 
   219                                 
   220                                 %line 249+1 /home/se170/VirtualBox-4.3.28/include/iprt/asmdefs.mac
   221                                 
   222                                 
   223                                 
   224                                 %line 263+1 /home/se170/VirtualBox-4.3.28/include/iprt/asmdefs.mac
   225                                 
   226                                 
   227                                 
   228                                 %line 274+1 /home/se170/VirtualBox-4.3.28/include/iprt/asmdefs.mac
   229                                 
   230                                 
   231                                 
   232                                 %line 288+1 /home/se170/VirtualBox-4.3.28/include/iprt/asmdefs.mac
   233                                 
   234                                 
   235                                 
   236                                 %line 302+1 /home/se170/VirtualBox-4.3.28/include/iprt/asmdefs.mac
   237                                 
   238                                 
   239                                 
   240                                 
   241                                 
   242                                 
   243                                 
   244                                 
   245                                 %line 356+1 /home/se170/VirtualBox-4.3.28/include/iprt/asmdefs.mac
   246                                 
   247                                 %line 363+1 /home/se170/VirtualBox-4.3.28/include/iprt/asmdefs.mac
   248                                 
   249                                 
   250                                 
   251                                 
   252                                 %line 376+1 /home/se170/VirtualBox-4.3.28/include/iprt/asmdefs.mac
   253                                 
   254                                 
   255                                 
   256                                 
   257                                 
   258                                 
   259                                 
   260                                 %line 396+1 /home/se170/VirtualBox-4.3.28/include/iprt/asmdefs.mac
   261                                 
   262                                 
   263                                 
   264                                 %line 408+1 /home/se170/VirtualBox-4.3.28/include/iprt/asmdefs.mac
   265                                 
   266                                 
   267                                 
   268                                 %line 420+1 /home/se170/VirtualBox-4.3.28/include/iprt/asmdefs.mac
   269                                 
   270                                 
   271                                 
   272                                 
   273                                 
   274                                 %line 432+1 /home/se170/VirtualBox-4.3.28/include/iprt/asmdefs.mac
   275                                 
   276                                 
   277                                 
   278                                 %line 442+1 /home/se170/VirtualBox-4.3.28/include/iprt/asmdefs.mac
   279                                 
   280                                 
   281                                 
   282                                 %line 452+1 /home/se170/VirtualBox-4.3.28/include/iprt/asmdefs.mac
   283                                 
   284                                 
   285                                 
   286                                 %line 462+1 /home/se170/VirtualBox-4.3.28/include/iprt/asmdefs.mac
   287                                 
   288                                 
   289                                 
   290                                 %line 472+1 /home/se170/VirtualBox-4.3.28/include/iprt/asmdefs.mac
   291                                 
   292                                 
   293                                 
   294                                 
   295                                 
   296                                 %line 482+1 /home/se170/VirtualBox-4.3.28/include/iprt/asmdefs.mac
   297                                 
   298                                 
   299                                 
   300                                 
   301                                 %line 491+1 /home/se170/VirtualBox-4.3.28/include/iprt/asmdefs.mac
   302                                 
   303                                 
   304                                 
   305                                 %line 499+1 /home/se170/VirtualBox-4.3.28/include/iprt/asmdefs.mac
   306                                 
   307                                 
   308                                 
   309                                 %line 507+1 /home/se170/VirtualBox-4.3.28/include/iprt/asmdefs.mac
   310                                 
   311                                 
   312                                 
   313                                 
   314                                 
   315                                 %line 517+1 /home/se170/VirtualBox-4.3.28/include/iprt/asmdefs.mac
   316                                 
   317                                 
   318                                 
   319                                 
   320                                 %line 526+1 /home/se170/VirtualBox-4.3.28/include/iprt/asmdefs.mac
   321                                 
   322                                 
   323                                 
   324                                 %line 534+1 /home/se170/VirtualBox-4.3.28/include/iprt/asmdefs.mac
   325                                 
   326                                 
   327                                 
   328                                 %line 542+1 /home/se170/VirtualBox-4.3.28/include/iprt/asmdefs.mac
   329                                 
   330                                 
   331                                 
   332                                 
   333                                 
   334                                 %line 552+1 /home/se170/VirtualBox-4.3.28/include/iprt/asmdefs.mac
   335                                 
   336                                 
   337                                 
   338                                 
   339                                 %line 561+1 /home/se170/VirtualBox-4.3.28/include/iprt/asmdefs.mac
   340                                 
   341                                 
   342                                 
   343                                 %line 569+1 /home/se170/VirtualBox-4.3.28/include/iprt/asmdefs.mac
   344                                 
   345                                 
   346                                 
   347                                 %line 577+1 /home/se170/VirtualBox-4.3.28/include/iprt/asmdefs.mac
   348                                 
   349                                 
   350                                 
   351                                 
   352                                 
   353                                 %line 587+1 /home/se170/VirtualBox-4.3.28/include/iprt/asmdefs.mac
   354                                 
   355                                 
   356                                 
   357                                 
   358                                 %line 596+1 /home/se170/VirtualBox-4.3.28/include/iprt/asmdefs.mac
   359                                 
   360                                 %line 599+1 /home/se170/VirtualBox-4.3.28/include/iprt/asmdefs.mac
   361                                 
   362                                 
   363                                 
   364                                 %line 607+1 /home/se170/VirtualBox-4.3.28/include/iprt/asmdefs.mac
   365                                 
   366                                 
   367                                 
   368                                 %line 615+1 /home/se170/VirtualBox-4.3.28/include/iprt/asmdefs.mac
   369                                 
   370                                 
   371                                 
   372                                 
   373                                 %line 620+1 /home/se170/VirtualBox-4.3.28/include/iprt/asmdefs.mac
   374                                 
   375                                 
   376                                 
   377                                 
   378                                 %line 625+1 /home/se170/VirtualBox-4.3.28/include/iprt/asmdefs.mac
   379                                 
   380                                 
   381                                 
   382                                 %line 629+1 /home/se170/VirtualBox-4.3.28/include/iprt/asmdefs.mac
   383                                 
   384                                 
   385                                 
   386                                 %line 633+1 /home/se170/VirtualBox-4.3.28/include/iprt/asmdefs.mac
   387                                 
   388                                 
   389                                 
   390                                 
   391                                 
   392                                 
   393                                 
   394                                 
   395                                 
   396                                 
   397                                 
   398                                 
   399                                 
   400                                 
   401                                 
   402                                 %line 666+1 /home/se170/VirtualBox-4.3.28/include/iprt/asmdefs.mac
   403                                 
   404                                 
   405                                 
   406                                 
   407                                 
   408                                 %line 672+1 /home/se170/VirtualBox-4.3.28/include/iprt/asmdefs.mac
   409                                 
   410                                 
   411                                 
   412                                 
   413                                 %line 677+1 /home/se170/VirtualBox-4.3.28/include/iprt/asmdefs.mac
   414                                 
   415                                 
   416                                 
   417                                 %line 681+1 /home/se170/VirtualBox-4.3.28/include/iprt/asmdefs.mac
   418                                 
   419                                 
   420                                 
   421                                 %line 685+1 /home/se170/VirtualBox-4.3.28/include/iprt/asmdefs.mac
   422                                 
   423                                 
   424                                 
   425                                 
   426                                 
   427                                 %line 691+1 /home/se170/VirtualBox-4.3.28/include/iprt/asmdefs.mac
   428                                 
   429                                 
   430                                 
   431                                 
   432                                 %line 696+1 /home/se170/VirtualBox-4.3.28/include/iprt/asmdefs.mac
   433                                 
   434                                 
   435                                 
   436                                 %line 700+1 /home/se170/VirtualBox-4.3.28/include/iprt/asmdefs.mac
   437                                 
   438                                 
   439                                 
   440                                 %line 704+1 /home/se170/VirtualBox-4.3.28/include/iprt/asmdefs.mac
   441                                 
   442                                 
   443                                 
   444                                 
   445                                 
   446                                 
   447                                 
   448                                 
   449                                 %line 721+1 /home/se170/VirtualBox-4.3.28/include/iprt/asmdefs.mac
   450                                 
   451                                 
   452                                 
   453                                 
   454                                 
   455                                 
   456                                 
   457                                 
   458                                 
   459                                 
   460                                 
   461                                 
   462                                 
   463                                 
   464                                 %line 752+1 /home/se170/VirtualBox-4.3.28/include/iprt/asmdefs.mac
   465                                 
   466                                 
   467                                 
   468                                 
   469                                 
   470                                 
   471                                 
   472                                 
   473                                 
   474                                 
   475                                 
   476                                 
   477                                 
   478                                 %line 770+1 /home/se170/VirtualBox-4.3.28/include/iprt/asmdefs.mac
   479                                 
   480                                 
   481                                 
   482                                 
   483                                 
   484                                 
   485                                 
   486                                 %line 791+1 /home/se170/VirtualBox-4.3.28/include/iprt/asmdefs.mac
   487                                 
   488                                 %line 797+1 /home/se170/VirtualBox-4.3.28/include/iprt/asmdefs.mac
   489                                 
   490                                 
   491                                 
   492                                 
   493                                 
   494                                 
   495                                 
   496                                 
   497                                 
   498                                 
   499                                 
   500                                 
   501                                 
   502                                 
   503                                 
   504                                 
   505                                 
   506                                 
   507                                 
   508                                 
   509                                 
   510                                 
   511                                 
   512                                 
   513                                 
   514                                 
   515                                 
   516                                 
   517                                 
   518                                 
   519                                 
   520                                 
   521                                 
   522                                 %line 853+1 /home/se170/VirtualBox-4.3.28/include/iprt/asmdefs.mac
   523                                 
   524                                 
   525                                 
   526                                 
   527                                 
   528                                 
   529                                 
   530                                 
   531                                 
   532                                 
   533                                 %line 873+1 /home/se170/VirtualBox-4.3.28/include/iprt/asmdefs.mac
   534                                 
   535                                 
   536                                 
   537                                 %line 886+1 /home/se170/VirtualBox-4.3.28/include/iprt/asmdefs.mac
   538                                 
   539                                 %line 39+1 /home/se170/VirtualBox-4.3.28/include/VBox/asmdefs.mac
   540                                 
   541                                 
   542                                 
   543                                 
   544                                 %line 51+1 /home/se170/VirtualBox-4.3.28/include/VBox/asmdefs.mac
   545                                 
   546                                 
   547                                 %line 66+1 /home/se170/VirtualBox-4.3.28/include/VBox/asmdefs.mac
   548                                 
   549                                 
   550                                 
   551                                 
   552                                 
   553                                 
   554                                 
   555                                 %line 116+1 /home/se170/VirtualBox-4.3.28/include/VBox/asmdefs.mac
   556                                 
   557                                 
   558                                 
   559                                 
   560                                 
   561                                 
   562                                 %line 159+1 /home/se170/VirtualBox-4.3.28/include/VBox/asmdefs.mac
   563                                 
   564                                 %line 195+1 /home/se170/VirtualBox-4.3.28/include/VBox/asmdefs.mac
   565                                 
   566                                 %line 203+1 /home/se170/VirtualBox-4.3.28/include/VBox/asmdefs.mac
   567                                 
   568                                 
   569                                 
   570                                 
   571                                 %line 232+1 /home/se170/VirtualBox-4.3.28/include/VBox/asmdefs.mac
   572                                 
   573                                 
   574                                 
   575                                 
   576                                 
   577                                 %line 260+1 /home/se170/VirtualBox-4.3.28/include/VBox/asmdefs.mac
   578                                 
   579                                 %line 284+1 /home/se170/VirtualBox-4.3.28/include/VBox/asmdefs.mac
   580                                 
   581                                 %line 292+1 /home/se170/VirtualBox-4.3.28/include/VBox/asmdefs.mac
   582                                 
   583                                 
   584                                 
   585                                 
   586                                 %line 331+1 /home/se170/VirtualBox-4.3.28/include/VBox/asmdefs.mac
   587                                 
   588                                 
   589                                 
   590                                 
   591                                 
   592                                 %line 369+1 /home/se170/VirtualBox-4.3.28/include/VBox/asmdefs.mac
   593                                 
   594                                 %line 403+1 /home/se170/VirtualBox-4.3.28/include/VBox/asmdefs.mac
   595                                 
   596                                 %line 411+1 /home/se170/VirtualBox-4.3.28/include/VBox/asmdefs.mac
   597                                 
   598                                 
   599                                 
   600                                 
   601                                 
   602                                 %line 453+1 /home/se170/VirtualBox-4.3.28/include/VBox/asmdefs.mac
   603                                 
   604                                 
   605                                 
   606                                 
   607                                 
   608                                 %line 494+1 /home/se170/VirtualBox-4.3.28/include/VBox/asmdefs.mac
   609                                 
   610                                 %line 531+1 /home/se170/VirtualBox-4.3.28/include/VBox/asmdefs.mac
   611                                 
   612                                 %line 539+1 /home/se170/VirtualBox-4.3.28/include/VBox/asmdefs.mac
   613                                 
   614                                 
   615                                 
   616                                 
   617                                 %line 579+1 /home/se170/VirtualBox-4.3.28/include/VBox/asmdefs.mac
   618                                 
   619                                 
   620                                 
   621                                 
   622                                 
   623                                 %line 621+1 /home/se170/VirtualBox-4.3.28/include/VBox/asmdefs.mac
   624                                 
   625                                 %line 659+1 /home/se170/VirtualBox-4.3.28/include/VBox/asmdefs.mac
   626                                 
   627                                 %line 667+1 /home/se170/VirtualBox-4.3.28/include/VBox/asmdefs.mac
   628                                 
   629                                 
   630                                 
   631                                 
   632                                 
   633                                 
   634                                 %line 701+1 /home/se170/VirtualBox-4.3.28/include/VBox/asmdefs.mac
   635                                 
   636                                 %line 730+1 /home/se170/VirtualBox-4.3.28/include/VBox/asmdefs.mac
   637                                 
   638                                 %line 738+1 /home/se170/VirtualBox-4.3.28/include/VBox/asmdefs.mac
   639                                 
   640                                 
   641                                 
   642                                 
   643                                 
   644                                 %line 756+1 /home/se170/VirtualBox-4.3.28/include/VBox/asmdefs.mac
   645                                 
   646                                 
   647                                 
   648                                 
   649                                 
   650                                 %line 773+1 /home/se170/VirtualBox-4.3.28/include/VBox/asmdefs.mac
   651                                 
   652                                 %line 775+1 /home/se170/VirtualBox-4.3.28/include/VBox/asmdefs.mac
   653                                 
   654                                 %line 22+1 /home/se170/VirtualBox-4.3.28/src/VBox/VMM/VMMRC/VMMRC.mac
   655                                 
   656                                 
   657                                 
   658                                 
   659                                 
   660                                 
   661                                 %line 34+1 /home/se170/VirtualBox-4.3.28/src/VBox/VMM/VMMRC/VMMRC.mac
   662                                 
   663                                 %line 46+1 /home/se170/VirtualBox-4.3.28/src/VBox/VMM/VMMRC/VMMRC.mac
   664                                 
   665                                 %line 64+1 /home/se170/VirtualBox-4.3.28/src/VBox/VMM/VMMRC/VMMRC.mac
   666                                 
   667                                 %line 71+1 /home/se170/VirtualBox-4.3.28/src/VBox/VMM/VMMRC/VMMRC.mac
   668                                 
   669                                 %line 75+1 /home/se170/VirtualBox-4.3.28/src/VBox/VMM/VMMRC/VMMRC.mac
   670                                 
   671                                 
   672                                 
   673                                 
   674                                 
   675                                 
   676                                 
   677                                 
   678                                 
   679                                 %line 97+1 /home/se170/VirtualBox-4.3.28/src/VBox/VMM/VMMRC/VMMRC.mac
   680                                 
   681                                 
   682                                 
   683                                 
   684                                 
   685                                 
   686                                 %line 106+1 /home/se170/VirtualBox-4.3.28/src/VBox/VMM/VMMRC/VMMRC.mac
   687                                 
   688                                 
   689                                 
   690                                 
   691                                 
   692                                 
   693                                 
   694                                 %line 116+1 /home/se170/VirtualBox-4.3.28/src/VBox/VMM/VMMRC/VMMRC.mac
   695                                 
   696                                 
   697                                 
   698                                 
   699                                 
   700                                 
   701                                 
   702                                 %line 126+1 /home/se170/VirtualBox-4.3.28/src/VBox/VMM/VMMRC/VMMRC.mac
   703                                 
   704                                 
   705                                 
   706                                 
   707                                 
   708                                 
   709                                 
   710                                 
   711                                 %line 138+1 /home/se170/VirtualBox-4.3.28/src/VBox/VMM/VMMRC/VMMRC.mac
   712                                 
   713                                 
   714                                 %line 18+1 /home/se170/VirtualBox-4.3.28/src/VBox/VMM/VMMRC/VMMRC99.asm
   715                                 
   716                                 
   717                                 
   718                                 
   719                                  [section .VMMR0.Trap0b progbits alloc noexec nowrite align=1 ]
   720                                 [global g_aTrap0bHandlersEnd]
   721                                 %line 23+0 /home/se170/VirtualBox-4.3.28/src/VBox/VMM/VMMRC/VMMRC99.asm
   722                                 g_aTrap0bHandlersEnd:
   723                                 %line 24+1 /home/se170/VirtualBox-4.3.28/src/VBox/VMM/VMMRC/VMMRC99.asm
   724 00000000 000000000000000000-     dd 0, 0, 0, 0, 0, 0, 0, 0, 0, 0, 0, 0, 0, 0, 0, 0
   725 00000000 000000000000000000-
   726 00000000 000000000000000000-
   727 00000000 000000000000000000-
   728 00000000 000000000000000000-
   729 00000000 000000000000000000-
   730 00000000 000000000000000000-
   731 00000000 00                 
   732                                 
   733                                 
   734                                 
   735                                 
   736                                  [section .VMMR0.Trap0d progbits alloc noexec nowrite align=1 ]
   737                                 [global g_aTrap0dHandlersEnd]
   738                                 %line 30+0 /home/se170/VirtualBox-4.3.28/src/VBox/VMM/VMMRC/VMMRC99.asm
   739                                 g_aTrap0dHandlersEnd:
   740                                 %line 31+1 /home/se170/VirtualBox-4.3.28/src/VBox/VMM/VMMRC/VMMRC99.asm
   741 00000000 000000000000000000-     dd 0, 0, 0, 0, 0, 0, 0, 0, 0, 0, 0, 0, 0, 0, 0, 0
   742 00000000 000000000000000000-
   743 00000000 000000000000000000-
   744 00000000 000000000000000000-
   745 00000000 000000000000000000-
   746 00000000 000000000000000000-
   747 00000000 000000000000000000-
   748 00000000 00                 
   749                                 
   750                                 
   751                                 
   752                                 
   753                                  [section .VMMR0.Trap0e progbits alloc noexec nowrite align=1 ]
   754                                 [global g_aTrap0eHandlersEnd]
   755                                 %line 37+0 /home/se170/VirtualBox-4.3.28/src/VBox/VMM/VMMRC/VMMRC99.asm
   756                                 g_aTrap0eHandlersEnd:
   757                                 %line 38+1 /home/se170/VirtualBox-4.3.28/src/VBox/VMM/VMMRC/VMMRC99.asm
   758 00000000 000000000000000000-     dd 0, 0, 0, 0, 0, 0, 0, 0, 0, 0, 0, 0, 0, 0, 0, 0
   759 00000000 000000000000000000-
   760 00000000 000000000000000000-
   761 00000000 000000000000000000-
   762 00000000 000000000000000000-
   763 00000000 000000000000000000-
   764 00000000 000000000000000000-
   765 00000000 00                 
   766                                 
